Log file open, 09/24/18 16:22:16
LogWindows: Failed to load 'aqProf.dll' (GetLastError=126)
LogWindows: File 'aqProf.dll' does not exist
LogWindows: Failed to load 'VSPerf140.dll' (GetLastError=126)
LogWindows: File 'VSPerf140.dll' does not exist
LogWindows: Failed to load 'VtuneApi.dll' (GetLastError=126)
LogWindows: File 'VtuneApi.dll' does not exist
LogWindows: Failed to load 'VtuneApi32e.dll' (GetLastError=126)
LogWindows: File 'VtuneApi32e.dll' does not exist
LogInit: Display: Running engine for game: GrimShooter
LogPlatformFile: Not using cached read wrapper
LogTaskGraph: Started task graph with 5 named threads and 11 total threads with 3 sets of task threads.
LogStats: Stats thread started at 0.504258
LogD3D11RHI: Loaded GFSDK_Aftermath_Lib.x64.dll
LogICUInternationalization: Display: ICU TimeZone Detection - Raw Offset: -5:00, Platform Override: ''
LogPluginManager: Mounting plugin Paper2D
LogPluginManager: Mounting plugin AISupport
LogPluginManager: Mounting plugin LightPropagationVolume
LogPluginManager: Mounting plugin CLionSourceCodeAccess
LogPluginManager: Mounting plugin CodeLiteSourceCodeAccess
LogPluginManager: Mounting plugin GitSourceControl
LogPluginManager: Mounting plugin KDevelopSourceCodeAccess
LogPluginManager: Mounting plugin NullSourceCodeAccess
LogPluginManager: Mounting plugin PerforceSourceControl
LogPluginManager: Mounting plugin SubversionSourceControl
LogPluginManager: Mounting plugin UObjectPlugin
LogPluginManager: Mounting plugin VisualStudioCodeSourceCodeAccess
LogPluginManager: Mounting plugin VisualStudioSourceCodeAccess
LogPluginManager: Mounting plugin XCodeSourceCodeAccess
LogPluginManager: Mounting plugin AssetManagerEditor
LogPluginManager: Mounting plugin CryptoKeys
LogPluginManager: Mounting plugin DataValidation
LogPluginManager: Mounting plugin FacialAnimation
LogPluginManager: Mounting plugin GameplayTagsEditor
LogPluginManager: Mounting plugin MacGraphicsSwitching
LogPluginManager: Mounting plugin MeshEditor
LogPluginManager: Mounting plugin MobileLauncherProfileWizard
LogPluginManager: Mounting plugin PluginBrowser
LogPluginManager: Mounting plugin SpeedTreeImporter
LogPluginManager: Mounting plugin DatasmithContent
LogPluginManager: Mounting plugin AlembicImporter
LogPluginManager: Mounting plugin AppleImageUtils
LogPluginManager: Mounting plugin AppleVision
LogPluginManager: Mounting plugin BackChannel
LogPluginManager: Mounting plugin CharacterAI
LogPluginManager: Mounting plugin GeometryCache
LogPluginManager: Mounting plugin HTML5Networking
LogPluginManager: Mounting plugin ProxyLODPlugin
LogPluginManager: Mounting plugin MagicLeap
LogPluginManager: Mounting plugin MagicLeapEmulator
LogPluginManager: Mounting plugin MagicLeapMedia
LogPluginManager: Mounting plugin AndroidMedia
LogPluginManager: Mounting plugin AvfMedia
LogPluginManager: Mounting plugin ImgMedia
LogPluginManager: Mounting plugin LinearTimecode
LogPluginManager: Mounting plugin MediaCompositing
LogPluginManager: Mounting plugin MediaPlayerEditor
LogPluginManager: Mounting plugin WmfMedia
LogPluginManager: Mounting plugin TcpMessaging
LogPluginManager: Mounting plugin UdpMessaging
LogPluginManager: Mounting plugin ActorSequence
LogPluginManager: Mounting plugin LevelSequenceEditor
LogPluginManager: Mounting plugin MatineeToLevelSequence
LogPluginManager: Mounting plugin NetcodeUnitTest
LogPluginManager: Mounting plugin NUTUnrealEngine4
LogPluginManager: Mounting plugin OnlineSubsystemGooglePlay
LogPluginManager: Mounting plugin OnlineSubsystemIOS
LogPluginManager: Mounting plugin OnlineSubsystem
LogPluginManager: Mounting plugin OnlineSubsystemNull
LogPluginManager: Mounting plugin OnlineSubsystemUtils
LogPluginManager: Mounting plugin LauncherChunkInstaller
LogPluginManager: Mounting plugin AndroidDeviceProfileSelector
LogPluginManager: Mounting plugin AndroidMoviePlayer
LogPluginManager: Mounting plugin AndroidPermission
LogPluginManager: Mounting plugin AppleMoviePlayer
LogPluginManager: Mounting plugin ArchVisCharacter
LogPluginManager: Mounting plugin AudioCapture
LogPluginManager: Mounting plugin CableComponent
LogPluginManager: Mounting plugin CustomMeshComponent
LogPluginManager: Mounting plugin EditableMesh
LogPluginManager: Mounting plugin ExampleDeviceProfileSelector
LogPluginManager: Mounting plugin GoogleCloudMessaging
LogPluginManager: Mounting plugin ImmediatePhysics
LogPluginManager: Mounting plugin IOSDeviceProfileSelector
LogPluginManager: Mounting plugin LinuxDeviceProfileSelector
LogPluginManager: Mounting plugin LocationServicesBPLibrary
LogPluginManager: Mounting plugin MobilePatchingUtils
LogPluginManager: Mounting plugin OculusVR
LogPluginManager: Plugin shader directory ../../../Engine/Plugins/Runtime/Oculus/OculusVR/Shaders found
LogPluginManager: Mapping shader source directory ../../../Engine/Plugins/Runtime/Oculus/OculusVR/Shaders to virtual directory /Plugin/OculusVR
LogPluginManager: Mounting plugin PhysXVehicles
LogPluginManager: Mounting plugin ProceduralMeshComponent
LogPluginManager: Mounting plugin RuntimePhysXCooking
LogPluginManager: Mounting plugin SteamVR
LogPluginManager: Mounting plugin WindowsMoviePlayer
LogStreaming: Display: Took  1.081s to configure plugins.
LogInit: Using libcurl 7.55.1-DEV
LogInit:  - built for x86_64-pc-win32
LogInit:  - supports SSL with OpenSSL/1.0.2h
LogInit:  - supports HTTP deflate (compression) using libz 1.2.8
LogInit:  - other features:
LogInit:      CURL_VERSION_SSL
LogInit:      CURL_VERSION_LIBZ
LogInit:      CURL_VERSION_IPV6
LogInit:      CURL_VERSION_ASYNCHDNS
LogInit:      CURL_VERSION_LARGEFILE
LogInit:      CURL_VERSION_IDN
LogInit:  CurlRequestOptions (configurable via config and command line):
LogInit:  - bVerifyPeer = false  - Libcurl will NOT verify peer certificate
LogInit:  - bUseHttpProxy = false  - Libcurl will NOT use HTTP proxy
LogInit:  - bDontReuseConnections = false  - Libcurl will reuse connections
LogInit:  - CertBundlePath = nullptr  - Libcurl will use whatever was configured at build time.
LogInit:  - MaxHostConnections = 16  - Libcurl will limit the number of connections to a host
LogInit:  - LocalHostAddr = Default
LogInit:  - BufferSize = 65536
LogInit: WinSock: version 1.1 (2.2), MaxSocks=32767, MaxUdp=65467
LogInit: Build: ++UE4+Release-4.20-CL-4302132
LogInit: Engine Version: 4.20.2-4302132+++UE4+Release-4.20
LogInit: Compatible Engine Version: 4.20.0-4212847+++UE4+Release-4.20
LogInit: Net CL: 4212847
LogInit: OS: Windows 10 (), CPU: Intel(R) Core(TM) i5-5200U CPU @ 2.20GHz, GPU: Intel(R) HD Graphics 5500
LogInit: Compiled (64-bit): Aug 21 2018 02:06:06
LogInit: Compiled with Visual C++: 19.13.26129.00
LogInit: Build Configuration: Development
LogInit: Branch Name: ++UE4+Release-4.20
LogInit: Command Line:  
LogInit: Base Directory: C:/Program Files/Epic Games/UE_4.20/Engine/Binaries/Win64/
LogInit: Installed Engine Build: 1
LogDevObjectVersion: Number of dev versions registered: 20
LogDevObjectVersion:   Dev-Blueprints (B0D832E4-1F89-4F0D-ACCF-7EB736FD4AA2): 10
LogDevObjectVersion:   Dev-Build (E1C64328-A22C-4D53-A36C-8E866417BD8C): 0
LogDevObjectVersion:   Dev-Core (375EC13C-06E4-48FB-B500-84F0262A717E): 2
LogDevObjectVersion:   Dev-Editor (E4B068ED-F494-42E9-A231-DA0B2E46BB41): 24
LogDevObjectVersion:   Dev-Framework (CFFC743F-43B0-4480-9391-14DF171D2073): 34
LogDevObjectVersion:   Dev-Mobile (B02B49B5-BB20-44E9-A304-32B752E40360): 2
LogDevObjectVersion:   Dev-Networking (A4E4105C-59A1-49B5-A7C5-40C4547EDFEE): 0
LogDevObjectVersion:   Dev-Online (39C831C9-5AE6-47DC-9A44-9C173E1C8E7C): 0
LogDevObjectVersion:   Dev-Physics (78F01B33-EBEA-4F98-B9B4-84EACCB95AA2): 0
LogDevObjectVersion:   Dev-Platform (6631380F-2D4D-43E0-8009-CF276956A95A): 0
LogDevObjectVersion:   Dev-Rendering (12F88B9F-8875-4AFC-A67C-D90C383ABD29): 26
LogDevObjectVersion:   Dev-Sequencer (7B5AE74C-D270-4C10-A958-57980B212A5A): 9
LogDevObjectVersion:   Dev-VR (D7296918-1DD6-4BDD-9DE2-64A83CC13884): 2
LogDevObjectVersion:   Dev-LoadTimes (C2A15278-BFE7-4AFE-6C17-90FF531DF755): 1
LogDevObjectVersion:   Private-Geometry (6EACA3D4-40EC-4CC1-B786-8BED09428FC5): 3
LogDevObjectVersion:   Dev-AnimPhys (29E575DD-E0A3-4627-9D10-D276232CDCEA): 17
LogDevObjectVersion:   Dev-ReflectionCapture (6B266CEC-1EC7-4B8F-A30B-E4D90942FC07): 1
LogDevObjectVersion:   Dev-Automation (0DF73D61-A23F-47EA-B727-89E90C41499A): 1
LogDevObjectVersion:   FortniteMain (601D1886-AC64-4F84-AA16-D3DE0DEAC7D6): 12
LogDevObjectVersion:   Dev-Enterprise (9DFFBCD6-494F-0158-E221-12823C92A888): 1
LogStreaming: Display: Took  0.001s to delete old logs.
LogInit: Presizing for max 8388607 objects, including 0 objects not considered by GC, pre-allocating 0 bytes for permanent pool.
LogInit: Object subsystem initialized
[2018.09.24-20.22.17:918][  0]LogInit: Selected Device Profile: [Windows]
[2018.09.24-20.22.17:918][  0]LogInit: Applying CVar settings loaded from the selected device profile: [Windows]
[2018.09.24-20.22.17:970][  0]LogHAL: Display: Platform has ~ 8 GB [8500101120 / 8589934592 / 8], which maps to Default [LargestMinGB=32, LargerMinGB=12, DefaultMinGB=8, SmallerMinGB=6, SmallestMinGB=0)
[2018.09.24-20.22.17:970][  0]LogInit: Setting Device Profile CVar: [[r.Vulkan.UseRealUBs:1]]
[2018.09.24-20.22.17:970][  0]LogInit: Going up to parent DeviceProfile []
[2018.09.24-20.22.17:971][  0]LogInit: Computer: KRAKPC
[2018.09.24-20.22.17:971][  0]LogInit: User: krakp000
[2018.09.24-20.22.17:971][  0]LogInit: CPU Page size=4096, Cores=2
[2018.09.24-20.22.17:971][  0]LogInit: High frequency timer resolution =2.143476 MHz
[2018.09.24-20.22.17:971][  0]LogMemory: Memory total: Physical=7.9GB (8GB approx)
[2018.09.24-20.22.17:971][  0]LogMemory: Platform Memory Stats for Windows
[2018.09.24-20.22.17:971][  0]LogMemory: Process Physical Memory: 100.14 MB used, 100.14 MB peak
[2018.09.24-20.22.17:971][  0]LogMemory: Process Virtual Memory: 84.21 MB used, 84.21 MB peak
[2018.09.24-20.22.17:971][  0]LogMemory: Physical Memory: 5370.84 MB used,  2735.48 MB free, 8106.33 MB total
[2018.09.24-20.22.17:971][  0]LogMemory: Virtual Memory: 4606.95 MB used,  2735.48 MB free, 134217728.00 MB total
[2018.09.24-20.22.18:045][  0]LogInit: Overriding locale with editor locale configuration option (fr).
[2018.09.24-20.22.18:045][  0]LogInit: Overriding language with editor culture configuration option ().
[2018.09.24-20.22.18:045][  0]LogInit: Using OS detected language (fr-FR).
[2018.09.24-20.22.18:050][  0]LogTextLocalizationManager: No specific localization for 'fr-FR' exists, so the 'fr' localization will be used.
[2018.09.24-20.22.18:058][  0]LogStreaming: Display: Took  0.013s to InitEngineTextLocalization.
[2018.09.24-20.22.18:058][  0]LogInit: Setting process to per monitor DPI aware
[2018.09.24-20.22.18:156][  0]LogSlate: New Slate User Created.  User Index 0, Is Virtual User: 0
[2018.09.24-20.22.18:156][  0]LogSlate: Slate User Registered.  User Index 0, Is Virtual User: 0
[2018.09.24-20.22.18:967][  0]LogHMD: Failed to initialize OpenVR with code 110
[2018.09.24-20.22.18:967][  0]LogD3D11RHI: D3D11 adapters:
[2018.09.24-20.22.19:123][  0]LogD3D11RHI:    0. 'NVIDIA GeForce 840M' (Feature Level 11_0)
[2018.09.24-20.22.19:123][  0]LogD3D11RHI:       2010/0/4053 MB DedicatedVideo/DedicatedSystem/SharedSystem, Outputs:2, VendorId:0x10de
[2018.09.24-20.22.19:140][  0]LogD3D11RHI:    1. 'Intel(R) HD Graphics 5500' (Feature Level 11_0)
[2018.09.24-20.22.19:140][  0]LogD3D11RHI:       128/0/4053 MB DedicatedVideo/DedicatedSystem/SharedSystem, Outputs:0, VendorId:0x8086
[2018.09.24-20.22.19:147][  0]LogD3D11RHI:    2. 'Microsoft Basic Render Driver' (Feature Level 11_0)
[2018.09.24-20.22.19:147][  0]LogD3D11RHI:       0/0/4053 MB DedicatedVideo/DedicatedSystem/SharedSystem, Outputs:0, VendorId:0x1414
[2018.09.24-20.22.19:147][  0]LogD3D11RHI: Chosen D3D11 Adapter: 0
[2018.09.24-20.22.19:218][  0]LogD3D11RHI: Creating new Direct3DDevice
[2018.09.24-20.22.19:218][  0]LogD3D11RHI:     GPU DeviceId: 0x1341 (for the marketing name, search the web for "GPU Device Id")
[2018.09.24-20.22.19:218][  0]LogWindows: EnumDisplayDevices:
[2018.09.24-20.22.19:218][  0]LogWindows:    0. 'Intel(R) HD Graphics 5500' (P:1 D:1)
[2018.09.24-20.22.19:220][  0]LogWindows:    1. 'Intel(R) HD Graphics 5500' (P:0 D:1)
[2018.09.24-20.22.19:221][  0]LogWindows:    2. 'Intel(R) HD Graphics 5500' (P:0 D:0)
[2018.09.24-20.22.19:222][  0]LogWindows: DebugString: PrimaryIsNotTheChoosenAdapter PrimaryIsNotTheChoosenAdapter PrimaryIsNotTheChoosenAdapter FoundDriverCount:0 
[2018.09.24-20.22.19:222][  0]LogD3D11RHI:     Adapter Name: NVIDIA GeForce 840M
[2018.09.24-20.22.19:222][  0]LogD3D11RHI:   Driver Version: Unknown (internal:Unknown, unified:Unknown)
[2018.09.24-20.22.19:222][  0]LogD3D11RHI:      Driver Date: Unknown
[2018.09.24-20.22.19:222][  0]LogRHI: Texture pool is 1407 MB (70% of 2010 MB)
[2018.09.24-20.22.19:327][  0]LogD3D11RHI: Async texture creation enabled
[2018.09.24-20.22.19:353][  0]LogD3D11RHI: GPU Timing Frequency: 1000.000000 (Debug: 2 2)
[2018.09.24-20.22.19:356][  0]LogShaderCompilers: Guid format shader working directory is -28 characters bigger than the processId version (../../../../../../Users/krakp_000/OneDrive/Bureau/Unreal Projects/GrimShooter/Intermediate/Shaders/WorkingDirectory/11116/).
[2018.09.24-20.22.19:357][  0]LogShaderCompilers: Cleaned the shader compiler working directory 'C:/Users/krakp_000/AppData/Local/Temp/UnrealShaderWorkingDir/FC46FE2F427D69E1FFCE51BAD780AF4C/'.
[2018.09.24-20.22.21:029][  0]LogTemp: Display: Loaded TP AllDesktopTargetPlatform
[2018.09.24-20.22.21:083][  0]LogTemp: Display: Loaded TP MacClientTargetPlatform
[2018.09.24-20.22.21:132][  0]LogTemp: Display: Loaded TP MacNoEditorTargetPlatform
[2018.09.24-20.22.21:175][  0]LogTemp: Display: Loaded TP MacServerTargetPlatform
[2018.09.24-20.22.21:224][  0]LogTemp: Display: Loaded TP MacTargetPlatform
[2018.09.24-20.22.21:274][  0]LogTemp: Display: Loaded TP WindowsClientTargetPlatform
[2018.09.24-20.22.21:320][  0]LogTemp: Display: Loaded TP WindowsNoEditorTargetPlatform
[2018.09.24-20.22.21:361][  0]LogTemp: Display: Loaded TP WindowsServerTargetPlatform
[2018.09.24-20.22.21:390][  0]LogTemp: Display: Loaded TP WindowsTargetPlatform
[2018.09.24-20.22.21:644][  0]LogTemp: Display: Loaded TP AndroidTargetPlatform
[2018.09.24-20.22.21:644][  0]LogTemp: Display: Loaded TP AndroidTargetPlatform
[2018.09.24-20.22.21:645][  0]LogTemp: Display: Loaded TP AndroidTargetPlatform
[2018.09.24-20.22.21:645][  0]LogTemp: Display: Loaded TP AndroidTargetPlatform
[2018.09.24-20.22.21:645][  0]LogTemp: Display: Loaded TP AndroidTargetPlatform
[2018.09.24-20.22.21:645][  0]LogTemp: Display: Loaded TP AndroidTargetPlatform
[2018.09.24-20.22.21:645][  0]LogTemp: Display: Loaded TP AndroidTargetPlatform
[2018.09.24-20.22.21:645][  0]LogTemp: Display: Loaded TP AndroidTargetPlatform
[2018.09.24-20.22.21:645][  0]LogTemp: Display: Loaded TP AndroidTargetPlatform
[2018.09.24-20.22.21:645][  0]LogTemp: Display: Loaded TP AndroidTargetPlatform
[2018.09.24-20.22.21:645][  0]LogTemp: Display: Loaded TP AndroidTargetPlatform
[2018.09.24-20.22.21:645][  0]LogTemp: Display: Loaded TP AndroidTargetPlatform
[2018.09.24-20.22.21:645][  0]LogTemp: Display: Loaded TP AndroidTargetPlatform
[2018.09.24-20.22.21:646][  0]LogTemp: Display: Loaded TP AndroidTargetPlatform
[2018.09.24-20.22.21:646][  0]LogTemp: Display: Loaded TP AndroidTargetPlatform
[2018.09.24-20.22.21:646][  0]LogTemp: Display: Loaded TP AndroidTargetPlatform
[2018.09.24-20.22.21:646][  0]LogTemp: Display: Loaded TP AndroidTargetPlatform
[2018.09.24-20.22.21:646][  0]LogTemp: Display: Loaded TP AndroidTargetPlatform
[2018.09.24-20.22.21:652][  0]LogTemp: Display: Loaded TP HTML5TargetPlatform
[2018.09.24-20.22.21:772][  0]LogTemp: Display: Loaded TP IOSTargetPlatform
[2018.09.24-20.22.21:772][  0]LogTemp: Display: Loaded TP IOSTargetPlatform
[2018.09.24-20.22.21:848][  0]LogTemp: Display: Loaded TP TVOSTargetPlatform
[2018.09.24-20.22.21:848][  0]LogTemp: Display: Loaded TP TVOSTargetPlatform
[2018.09.24-20.22.21:884][  0]LogTemp: Display: Loaded TP LinuxClientTargetPlatform
[2018.09.24-20.22.21:922][  0]LogTemp: Display: Loaded TP LinuxNoEditorTargetPlatform
[2018.09.24-20.22.21:968][  0]LogTemp: Display: Loaded TP LinuxServerTargetPlatform
[2018.09.24-20.22.22:017][  0]LogTemp: Display: Loaded TP LinuxTargetPlatform
[2018.09.24-20.22.22:045][  0]LogTemp: Display: Loaded TP LuminTargetPlatform
[2018.09.24-20.22.22:045][  0]LogTargetPlatformManager: Display: Building Assets For Windows
[2018.09.24-20.22.22:329][  0]LogXGEController: Cleaning working directory: C:/Users/krakp_000/AppData/Local/Temp/UnrealXGEWorkingDir/
[2018.09.24-20.22.22:330][  0]LogXGEController: Cannot use XGE Controller as Incredibuild is not installed on this machine.
[2018.09.24-20.22.22:330][  0]LogShaderCompilers: Cannot use XGE Shader Compiler as Incredibuild is not installed on this machine.
[2018.09.24-20.22.22:330][  0]LogShaderCompilers: Display: Using Local Shader Compiler.
[2018.09.24-20.22.24:759][  0]LogDerivedDataCache: Display: Max Cache Size: 512 MB
[2018.09.24-20.22.24:941][  0]LogDerivedDataCache: Loaded boot cache 0.18s 79MB C:/Users/krakp_000/AppData/Local/UnrealEngine/4.20/DerivedDataCache/Boot.ddc.
[2018.09.24-20.22.24:943][  0]LogDerivedDataCache: Display: Loaded Boot cache: C:/Users/krakp_000/AppData/Local/UnrealEngine/4.20/DerivedDataCache/Boot.ddc
[2018.09.24-20.22.24:943][  0]LogDerivedDataCache: FDerivedDataBackendGraph:  Pak pak cache file ../../../../../../Users/krakp_000/OneDrive/Bureau/Unreal Projects/GrimShooter/DerivedDataCache/DDC.ddp not found, will not use a pak cache.
[2018.09.24-20.22.24:943][  0]LogDerivedDataCache: Unable to find inner node Pak for hierarchical cache Hierarchy.
[2018.09.24-20.22.24:943][  0]LogDerivedDataCache: FDerivedDataBackendGraph:  CompressedPak pak cache file ../../../../../../Users/krakp_000/OneDrive/Bureau/Unreal Projects/GrimShooter/DerivedDataCache/Compressed.ddp not found, will not use a pak cache.
[2018.09.24-20.22.24:943][  0]LogDerivedDataCache: Unable to find inner node CompressedPak for hierarchical cache Hierarchy.
[2018.09.24-20.22.24:968][  0]LogDerivedDataCache: Display: Pak cache opened for reading ../../../Engine/DerivedDataCache/Compressed.ddp.
[2018.09.24-20.22.24:983][  0]LogDerivedDataCache: Using Local data cache path C:/Users/krakp_000/AppData/Local/UnrealEngine/Common/DerivedDataCache: Writable
[2018.09.24-20.22.24:983][  0]LogDerivedDataCache: Shared data cache path not found in *engine.ini, will not use an Shared cache.
[2018.09.24-20.22.24:983][  0]LogDerivedDataCache: Unable to find inner node Shared for hierarchical cache Hierarchy.
[2018.09.24-20.22.25:018][  0]LogMaterial: Verifying Global Shaders for PCD3D_SM5
[2018.09.24-20.22.25:020][  0]LogSlate: Using FreeType 2.6.0
[2018.09.24-20.22.25:022][  0]LogSlate: SlateFontServices - WITH_FREETYPE: 1, WITH_HARFBUZZ: 1
[2018.09.24-20.22.25:211][  0]LogAssetRegistry: FAssetRegistry took 0.0304 seconds to start up
[2018.09.24-20.22.26:384][  0]LogInit: Selected Device Profile: [Windows]
[2018.09.24-20.22.26:801][  0]LogSimplygon: Simplygon DLL not present - disabling.
[2018.09.24-20.22.26:820][  0]LogMeshReduction: Using SimplygonSwarm for distributed automatic mesh merging
[2018.09.24-20.22.26:820][  0]LogMeshReduction: Using ProxyLODMeshReduction for automatic mesh merging
[2018.09.24-20.22.26:820][  0]LogMeshReduction: Using QuadricMeshReduction for automatic static mesh reduction
[2018.09.24-20.22.26:820][  0]LogMeshReduction: No automatic skeletal mesh reduction module available
[2018.09.24-20.22.26:871][  0]LogNetVersion: GrimShooter 1.0.0, NetCL: 4212847, EngineNetVer: 5, GameNetVer: 0 (Checksum: 682848799)
[2018.09.24-20.22.28:635][  0]LogPackageLocalizationCache: Processed 11 localized package path(s) for 2 prioritized culture(s) in 0.480732 seconds
[2018.09.24-20.22.28:654][  0]LogUObjectArray: 38425 objects as part of root set at end of initial load.
[2018.09.24-20.22.28:654][  0]LogUObjectAllocator: 6690872 out of 0 bytes used by permanent object pool.
[2018.09.24-20.22.28:655][  0]LogUObjectArray: CloseDisregardForGC: 0/0 objects in disregard for GC pool
[2018.09.24-20.22.32:050][  0]LogTcpMessaging: Initializing TcpMessaging bridge
[2018.09.24-20.22.32:073][  0]LogUdpMessaging: Initializing bridge on interface 0.0.0.0:0 to multicast group 230.0.0.1:6666.
[2018.09.24-20.22.32:487][  0]SourceControl: Source control is disabled
[2018.09.24-20.22.32:488][  0]SourceControl: Source control is disabled
[2018.09.24-20.22.32:494][  0]SourceControl: Source control is disabled
[2018.09.24-20.22.32:499][  0]SourceControl: Source control is disabled
[2018.09.24-20.22.32:935][  0]LogAndroidPermission: UAndroidPermissionCallbackProxy::GetInstance
[2018.09.24-20.22.33:156][  0]LogOcInput: OculusInput pre-init called
[2018.09.24-20.22.33:318][  0]LogEngine: Initializing Engine...
[2018.09.24-20.22.33:322][  0]LogHMD: Failed to initialize OpenVR with code 110
[2018.09.24-20.22.33:325][  0]LogStats: UGameplayTagsManager::ConstructGameplayTagTree: ImportINI prefixes -  0.000 s
[2018.09.24-20.22.33:325][  0]LogStats: UGameplayTagsManager::ConstructGameplayTagTree: Construct from data asset -  0.000 s
[2018.09.24-20.22.33:326][  0]LogStats: UGameplayTagsManager::ConstructGameplayTagTree: ImportINI -  0.000 s
[2018.09.24-20.22.33:326][  0]LogStats: UGameplayTagsManager::ConstructGameplayTagTree: GameplayTagTreeChangedEvent.Broadcast -  0.000 s
[2018.09.24-20.22.33:959][  0]LogInit: Initializing FReadOnlyCVARCache
[2018.09.24-20.22.34:552][  0]LogAIModule: Creating AISystem for world Untitled
[2018.09.24-20.22.34:629][  0]LogInit: XAudio2 using 'Haut-parleurs (Realtek High Definition Audio)' : 2 channels at 48 kHz using 32 bits per sample (channel mask 0x3)
[2018.09.24-20.22.34:719][  0]LogInit: FAudioDevice initialized.
[2018.09.24-20.22.34:720][  0]LogNetVersion: Set ProjectVersion to 1.0.0.0. Version Checksum will be recalculated on next use.
[2018.09.24-20.22.35:263][  0]LogDerivedDataCache: Saved boot cache 0.54s 71MB C:/Users/krakp_000/AppData/Local/UnrealEngine/4.20/DerivedDataCache/Boot.ddc.
[2018.09.24-20.22.35:288][  0]LogInit: Texture streaming: Enabled
[2018.09.24-20.22.36:703][  0]LogInit: Transaction tracking system initialized
[2018.09.24-20.22.37:151][  0]BlueprintLog: New page: Editor Load
[2018.09.24-20.22.38:508][  0]LocalizationService: Localization service is disabled
[2018.09.24-20.22.41:179][  0]LogCook: Display: Max memory allowance for cook 16384mb min free memory 0mb
[2018.09.24-20.22.41:180][  0]LogCook: Display: Mobile HDR setting 1
[2018.09.24-20.22.41:180][  0]LogGameplayTags: Display: UGameplayTagsManager::DoneAddingNativeTags. DelegateIsBound: 0
[2018.09.24-20.22.41:180][  0]LogStats: UGameplayTagsManager::ConstructGameplayTagTree: ImportINI prefixes -  0.000 s
[2018.09.24-20.22.41:180][  0]LogStats: UGameplayTagsManager::ConstructGameplayTagTree: Construct from data asset -  0.000 s
[2018.09.24-20.22.41:180][  0]LogStats: UGameplayTagsManager::ConstructGameplayTagTree: ImportINI -  0.000 s
[2018.09.24-20.22.41:180][  0]LogStats: UGameplayTagsManager::ConstructGameplayTagTree: GameplayTagTreeChangedEvent.Broadcast -  0.000 s
[2018.09.24-20.22.41:349][  0]LogFileCache: Scanning file cache for directory 'C:/Users/krakp_000/OneDrive/Bureau/Unreal Projects/GrimShooter/Content/' took 0.06s
[2018.09.24-20.22.44:872][  0]SourceControl: Source control is disabled
[2018.09.24-20.22.44:873][  0]Cmd: MAP LOAD FILE="../../../../../../Users/krakp_000/OneDrive/Bureau/Unreal Projects/GrimShooter/Content/TwinStickBP/Maps/TwinStickExampleMap.umap" TEMPLATE=0 SHOWPROGRESS=1 FEATURELEVEL=3
[2018.09.24-20.22.44:874][  0]LightingResults: New page: Lighting Build
[2018.09.24-20.22.44:886][  0]MapCheck: New page: Map Check
[2018.09.24-20.22.44:886][  0]LightingResults: New page: Lighting Build
[2018.09.24-20.22.47:811][  0]LogAIModule: Creating AISystem for world TwinStickExampleMap
[2018.09.24-20.22.47:834][  0]LogEditorServer: Finished looking for orphan Actors (0.000 secs)
[2018.09.24-20.22.47:887][  0]Cmd: MAP CHECKDEP NOCLEARLOG
[2018.09.24-20.22.48:242][  0]MapCheck: Map check complete: 0 Error(s), 0 Warning(s), took 354,57ms to complete.
[2018.09.24-20.22.48:242][  0]LogFileHelpers: Loading map 'TwinStickExampleMap' took 3.370
[2018.09.24-20.22.48:432][  0]LogSlate: Updating window title bar state: overlay mode, drag disabled, window buttons hidden, title bar hidden
[2018.09.24-20.22.48:445][  0]LogSlate: Updating window title bar state: overlay mode, drag disabled, window buttons hidden, title bar hidden
[2018.09.24-20.22.48:465][  0]LogSlate: Updating window title bar state: overlay mode, drag disabled, window buttons hidden, title bar hidden
[2018.09.24-20.22.48:487][  0]LogSlate: Updating window title bar state: overlay mode, drag disabled, window buttons hidden, title bar hidden
[2018.09.24-20.22.48:516][  0]LogCollectionManager: Loaded 0 collections in 0.008980 seconds
[2018.09.24-20.22.48:591][  0]LogFileCache: Scanning file cache for directory 'C:/Users/krakp_000/OneDrive/Bureau/Unreal Projects/GrimShooter/Saved/Collections/' took 0.01s
[2018.09.24-20.22.48:591][  0]LogFileCache: Scanning file cache for directory 'C:/Users/krakp_000/OneDrive/Bureau/Unreal Projects/GrimShooter/Content/Developers/krakp000/Collections/' took 0.01s
[2018.09.24-20.22.48:591][  0]LogFileCache: Scanning file cache for directory 'C:/Users/krakp_000/OneDrive/Bureau/Unreal Projects/GrimShooter/Content/Collections/' took 0.01s
[2018.09.24-20.22.48:591][  0]LogCollectionManager: Rebuilt the GUID cache for 0 collections in 0.000000 seconds
[2018.09.24-20.22.48:609][  0]LogContentBrowser: Native class hierarchy populated in 0.0182 seconds. Added 2572 classes and 603 folders.
[2018.09.24-20.22.48:636][  0]LogContentBrowser: Native class hierarchy updated for 'WidgetCarousel' in 0.0009 seconds. Added 0 classes and 0 folders.
[2018.09.24-20.22.48:845][  0]LogContentBrowser: Native class hierarchy updated for 'AddContentDialog' in 0.0005 seconds. Added 0 classes and 0 folders.
[2018.09.24-20.22.48:860][  0]LogContentBrowser: Native class hierarchy updated for 'SceneOutliner' in 0.0004 seconds. Added 1 classes and 2 folders.
[2018.09.24-20.22.48:893][  0]LogSlate: Took 0.000565 seconds to synchronously load lazily loaded font '../../../Engine/Content/Slate/Fonts/Roboto-Regular.ttf' (155K)
[2018.09.24-20.22.48:901][  0]LogSlate: Took 0.000765 seconds to synchronously load lazily loaded font '../../../Engine/Content/Slate/Fonts/Roboto-Bold.ttf' (160K)
[2018.09.24-20.22.48:921][  0]LogSlate: Took 0.000673 seconds to synchronously load lazily loaded font '../../../Engine/Content/Editor/Slate/Fonts/FontAwesome.ttf' (139K)
[2018.09.24-20.22.49:105][  0]LogRenderer: Reallocating scene render targets to support 856x372 Format 10 NumSamples 1 (Frame:1).
[2018.09.24-20.22.49:410][  0]LogContentBrowser: Native class hierarchy updated for 'HierarchicalLODOutliner' in 0.0003 seconds. Added 0 classes and 0 folders.
[2018.09.24-20.22.49:410][  0]LogLoad: (Engine Initialization) Total time: 39.69 seconds
[2018.09.24-20.22.49:410][  0]LogLoad: (Engine Initialization) Total Blueprint compile time: 0.00 seconds
[2018.09.24-20.22.49:460][  0]LogContentStreaming: Texture pool size now 1000 MB
[2018.09.24-20.22.49:490][  0]LogSlate: Took 0.000433 seconds to synchronously load lazily loaded font '../../../Engine/Content/Slate/Fonts/Roboto-Light.ttf' (167K)
[2018.09.24-20.22.50:034][  3]LogAssetRegistry: Asset discovery search completed in 24.8446 seconds
[2018.09.24-20.22.50:036][  3]LogCollectionManager: Rebuilt the object cache for 0 collections in 0.000000 seconds (found 0 objects)
[2018.09.24-20.22.50:036][  3]LogCollectionManager: Fixed up redirectors for 0 collections in 0.000093 seconds (updated 0 objects)
[2018.09.24-20.27.44:162][953]LogRenderer: Reallocating scene render targets to support 1004x456 Format 10 NumSamples 1 (Frame:89).
[2018.09.24-20.27.45:838][ 28]LogSlate: FSceneViewport::OnFocusLost() reason 0
[2018.09.24-20.51.15:225][663]LogEditorViewport: Clicking on Actor (LMB): TwinStickPawn_C (TwinStickPawn)
[2018.09.24-20.58.45:582][346]LogSlate: Took 0.030267 seconds to synchronously load lazily loaded font '../../../Engine/Content/Slate/Fonts/Roboto-Italic.ttf' (157K)
[2018.09.24-20.58.47:759][353]LogSlate: FSceneViewport::OnFocusLost() reason 0
[2018.09.24-20.58.56:129][638]LogSlate: Window 'Reset UI Layout' being destroyed
[2018.09.24-21.01.34:392][445]LogSlate: FSceneViewport::OnFocusLost() reason 0
[2018.09.24-21.03.02:181][389]LogSlate: Took 0.000659 seconds to synchronously load lazily loaded font '../../../Engine/Content/Slate/Fonts/Roboto-Light.ttf' (167K)
[2018.09.24-21.03.02:262][389]LogFactory: FactoryCreateFile: PaperSpriteSheet with PaperSpriteSheetReimportFactory (0 1 C:\Users\krakp_000\OneDrive\Bureau\Main Character Sprite Sheet.paper2dsprites)
[2018.09.24-21.03.02:263][389]LogPaperSpriteSheetImporter: Warning: Unexpected 'app' named 'https://www.codeandweb.com/texturepacker' while parsing sprite descriptor file 'Main_Character_Sprite_Sheet'.  Parsing will continue but the format may not be fully supported
[2018.09.24-21.03.02:272][389]LogFactory: FactoryCreateFile: Texture with ReimportTextureFactory (0 0 C:\Users\krakp_000\OneDrive\Bureau/Main Character Sprite Sheet.png)
[2018.09.24-21.03.02:300][389]LogTexture: Display: Building textures: Main_Character_Sprite_Sheet (AutoDXT, 48X48)
[2018.09.24-21.03.02:331][389]LogTexture: Display: Building textures: Main_Character_Sprite_Sheet (BGRA8, 48X48)
[2018.09.24-21.03.32:366][960]LogSlate: FSceneViewport::OnFocusLost() reason 0
[2018.09.24-21.03.49:667][901]LogSlate: FSceneViewport::OnFocusLost() reason 0
[2018.09.24-21.04.07:866][874]LogSlate: FSceneViewport::OnFocusLost() reason 0
[2018.09.24-21.04.22:643][647]LogEditorViewport: Clicking on Component (context menu): StaticMeshComponent (ShipMeshComponent)
[2018.09.24-21.04.22:829][647]LogSlate: FSceneViewport::OnFocusLost() reason 2
[2018.09.24-21.04.26:431][824]LogEditorViewport: Clicking on Component (LMB): StaticMeshComponent (ShipMeshComponent)
[2018.09.24-21.04.28:010][901]LogSlate: FSceneViewport::OnFocusLost() reason 0
[2018.09.24-21.05.37:643][772]Cmd: TRANSACTION UNDO
[2018.09.24-21.05.37:643][772]LogEditorTransaction: Undo Set Scale
[2018.09.24-21.05.41:176][913]LogSlate: FSceneViewport::OnFocusLost() reason 0
[2018.09.24-21.07.51:369][297]Cmd: TRANSACTION UNDO
[2018.09.24-21.07.51:369][297]LogEditorTransaction: Undo Clicking on Component (tree view)
[2018.09.24-21.07.53:751][393]Cmd: TRANSACTION UNDO
[2018.09.24-21.07.53:751][393]LogEditorTransaction: Undo Clicking on Component (tree view)
[2018.09.24-21.07.54:507][422]Cmd: TRANSACTION UNDO
[2018.09.24-21.07.54:507][422]LogEditorTransaction: Undo Attach Component
[2018.09.24-21.08.10:757][173]Cmd: TRANSACTION UNDO
[2018.09.24-21.08.10:758][173]LogEditorTransaction: Undo Paste Component(s)
[2018.09.24-21.08.10:766][173]LogSceneComponent: Error: Component 'StaticMeshComponent /Game/TwinStickBP/Maps/TwinStickExampleMap.TwinStickExampleMap:PersistentLevel.TwinStickPawn_317.ShipMeshComponent' has 'CameraComponent /Engine/Transient.CameraComponent' in its AttachChildren array, however, 'CameraComponent /Engine/Transient.CameraComponent' believes it is not attached to anything
[2018.09.24-21.10.03:754][674]LogAssetEditorManager: Opening Asset editor for Blueprint /Game/TwinStickBP/Blueprints/TwinStickPawn.TwinStickPawn
[2018.09.24-21.10.06:069][674]LogContentBrowser: Native class hierarchy updated for 'BlueprintGraph' in 0.0035 seconds. Added 116 classes and 0 folders.
[2018.09.24-21.10.08:629][674]LogSlate: Took 0.045555 seconds to synchronously load lazily loaded font '../../../Engine/Content/Slate/Fonts/Roboto-BoldCondensed.ttf' (158K)
[2018.09.24-21.11.05:674][623]LogRenderer: Reallocating scene render targets to support 1004x568 Format 10 NumSamples 1 (Frame:1).
[2018.09.24-21.11.07:250][681]LogSlate: Window 'TwinStickPawn' being destroyed
[2018.09.24-21.11.07:262][681]LogSlate: Window 'TwinStickPawn' being destroyed
[2018.09.24-21.11.33:341][569]LogPhysics: Warning: Initialising Body : Scale3D is (nearly) zero: Component: '/Game/TwinStickBP/Maps/TwinStickExampleMap.TwinStickExampleMap:PersistentLevel.TwinStickPawn_317.ShipMeshComponent' 
[2018.09.24-21.11.33:343][569]LogPhysics: Warning: Initialising Body : Scale3D is (nearly) zero: Component: '/Game/TwinStickBP/Maps/TwinStickExampleMap.TwinStickExampleMap:PersistentLevel.TwinStickPawn_317.ShipMeshComponent' 
[2018.09.24-21.11.33:344][569]LogPhysics: Warning: Initialising Body : Scale3D is (nearly) zero: Component: '/Game/TwinStickBP/Maps/TwinStickExampleMap.TwinStickExampleMap:PersistentLevel.TwinStickPawn_317.ShipMeshComponent' 
[2018.09.24-21.11.33:379][569]LogPhysics: Warning: Initialising Body : Scale3D is (nearly) zero: Component: '/Game/TwinStickBP/Maps/TwinStickExampleMap.TwinStickExampleMap:PersistentLevel.TwinStickPawn_317.ShipMeshComponent' 
[2018.09.24-21.11.33:380][569]LogPhysics: Warning: Initialising Body : Scale3D is (nearly) zero: Component: '/Game/TwinStickBP/Maps/TwinStickExampleMap.TwinStickExampleMap:PersistentLevel.TwinStickPawn_317.ShipMeshComponent' 
[2018.09.24-21.11.33:416][569]LogPhysics: Warning: Initialising Body : Scale3D is (nearly) zero: Component: '/Game/TwinStickBP/Maps/TwinStickExampleMap.TwinStickExampleMap:PersistentLevel.TwinStickPawn_317.ShipMeshComponent' 
[2018.09.24-21.11.33:417][569]LogPhysics: Warning: Initialising Body : Scale3D is (nearly) zero: Component: '/Game/TwinStickBP/Maps/TwinStickExampleMap.TwinStickExampleMap:PersistentLevel.TwinStickPawn_317.Main_Sprite_South_png' 
[2018.09.24-21.11.40:968][916]Cmd: TRANSACTION UNDO
[2018.09.24-21.11.40:968][916]LogEditorTransaction: Undo Set Scale
[2018.09.24-21.11.40:970][916]LogPhysics: Warning: Initialising Body : Scale3D is (nearly) zero: Component: '/Game/TwinStickBP/Maps/TwinStickExampleMap.TwinStickExampleMap:PersistentLevel.TwinStickPawn_317.Main_Sprite_South_png' 
[2018.09.24-21.11.40:970][916]LogPhysics: Warning: Initialising Body : Scale3D is (nearly) zero: Component: '/Game/TwinStickBP/Maps/TwinStickExampleMap.TwinStickExampleMap:PersistentLevel.TwinStickPawn_317.ShipMeshComponent' 
[2018.09.24-21.11.40:971][916]LogPhysics: Warning: Initialising Body : Scale3D is (nearly) zero: Component: '/Game/TwinStickBP/Maps/TwinStickExampleMap.TwinStickExampleMap:PersistentLevel.TwinStickPawn_317.ShipMeshComponent' 
[2018.09.24-21.11.41:633][937]Cmd: TRANSACTION UNDO
[2018.09.24-21.11.41:633][937]LogEditorTransaction: Undo Set Scale
[2018.09.24-21.11.42:093][950]Cmd: TRANSACTION UNDO
[2018.09.24-21.11.42:093][950]LogEditorTransaction: Undo Set Scale
[2018.09.24-21.11.44:255][ 39]LogSlate: FSceneViewport::OnFocusLost() reason 0
[2018.09.24-21.13.01:959][677]LogSavePackage: Moving '../../../../../../Users/krakp_000/OneDrive/Bureau/Unreal Projects/GrimShooter/Saved/TwinStickExampleMap_Auto1EEC285AC4ED9A8AE39466EB6F41AF2B2.tmp' to '../../../../../../Users/krakp_000/OneDrive/Bureau/Unreal Projects/GrimShooter/Saved/Autosaves/Game/TwinStickBP/Maps/TwinStickExampleMap_Auto1.umap'
[2018.09.24-21.13.01:998][677]LogFileHelpers: Editor autosave (incl. sublevels) for '/Game/TwinStickBP/Maps/TwinStickExampleMap' took 0.768
[2018.09.24-21.13.01:998][677]LogFileHelpers: Editor autosave (incl. sublevels) for all levels took 0.768
[2018.09.24-21.13.02:017][677]OBJ SavePackage: Generating thumbnails for [0] asset(s) in package [/Game/TwinStickBP/2D/Main_Character_Sprite_Sheet] ([1] browsable assets)...
[2018.09.24-21.13.02:017][677]OBJ SavePackage: Finished generating thumbnails for package [/Game/TwinStickBP/2D/Main_Character_Sprite_Sheet]
[2018.09.24-21.13.02:060][677]LogSavePackage: Moving '../../../../../../Users/krakp_000/OneDrive/Bureau/Unreal Projects/GrimShooter/Saved/Main_Character_Sprite_Sheet_Auto1F3C52304346A9C8E172A3A105BA1A75.tmp' to '../../../../../../Users/krakp_000/OneDrive/Bureau/Unreal Projects/GrimShooter/Saved/Autosaves/Game/TwinStickBP/2D/Main_Character_Sprite_Sheet_Auto1.uasset'
[2018.09.24-21.13.02:087][677]OBJ SavePackage: Generating thumbnails for [1] asset(s) in package [/Game/TwinStickBP/2D/Textures/Main_Character_Sprite_Sheet] ([1] browsable assets)...
[2018.09.24-21.13.02:090][677]OBJ SavePackage:     Rendered thumbnail for [Texture2D /Game/TwinStickBP/2D/Textures/Main_Character_Sprite_Sheet.Main_Character_Sprite_Sheet]
[2018.09.24-21.13.02:090][677]OBJ SavePackage: Finished generating thumbnails for package [/Game/TwinStickBP/2D/Textures/Main_Character_Sprite_Sheet]
[2018.09.24-21.13.02:109][677]LogSavePackage: Moving '../../../../../../Users/krakp_000/OneDrive/Bureau/Unreal Projects/GrimShooter/Saved/Main_Character_Sprite_Sheet_AutoFD408D9D49B2319BAB5A00BFE0A32B0D.tmp' to '../../../../../../Users/krakp_000/OneDrive/Bureau/Unreal Projects/GrimShooter/Saved/Autosaves/Game/TwinStickBP/2D/Textures/Main_Character_Sprite_Sheet_Auto1.uasset'
[2018.09.24-21.13.02:132][677]OBJ SavePackage: Generating thumbnails for [1] asset(s) in package [/Game/TwinStickBP/2D/Frames/Main_Sprite_South_png] ([1] browsable assets)...
[2018.09.24-21.13.02:149][677]OBJ SavePackage:     Rendered thumbnail for [PaperSprite /Game/TwinStickBP/2D/Frames/Main_Sprite_South_png.Main_Sprite_South_png]
[2018.09.24-21.13.02:149][677]OBJ SavePackage: Finished generating thumbnails for package [/Game/TwinStickBP/2D/Frames/Main_Sprite_South_png]
[2018.09.24-21.13.02:172][677]LogSavePackage: Moving '../../../../../../Users/krakp_000/OneDrive/Bureau/Unreal Projects/GrimShooter/Saved/Main_Sprite_South_png_Auto1DBEE4EDD4EC2B4118CA717887989C8EE.tmp' to '../../../../../../Users/krakp_000/OneDrive/Bureau/Unreal Projects/GrimShooter/Saved/Autosaves/Game/TwinStickBP/2D/Frames/Main_Sprite_South_png_Auto1.uasset'
[2018.09.24-21.13.02:187][677]LogFileHelpers: Auto-saving content packages took 0.185
[2018.09.24-21.18.44:969][213]LogSlate: FSceneViewport::OnFocusLost() reason 0
[2018.09.24-21.19.17:572][463]LogSlate: FSceneViewport::OnFocusLost() reason 0
[2018.09.24-21.19.17:689][470]LogTemp: Repeating last play command: Selected Viewport
[2018.09.24-21.19.17:724][470]LogBlueprintUserMessages: Early PlayInEditor Detection: Level '/Game/TwinStickBP/Maps/TwinStickExampleMap.TwinStickExampleMap:PersistentLevel' has LevelScriptBlueprint '/Game/TwinStickBP/Maps/TwinStickExampleMap.TwinStickExampleMap:PersistentLevel.TwinStickExampleMap' with GeneratedClass '/Game/TwinStickBP/Maps/TwinStickExampleMap.TwinStickExampleMap_C' with ClassGeneratedBy '/Game/TwinStickBP/Maps/TwinStickExampleMap.TwinStickExampleMap:PersistentLevel.TwinStickExampleMap'
[2018.09.24-21.19.17:736][470]LogPlayLevel: PlayLevel: No blueprints needed recompiling
[2018.09.24-21.19.17:847][470]PIE: New page: PIE session: TwinStickExampleMap (24 sept. 2018 13:19:17)
[2018.09.24-21.19.17:847][470]LogPlayLevel: Creating play world package: /Game/TwinStickBP/Maps/UEDPIE_0_TwinStickExampleMap
[2018.09.24-21.19.17:862][470]LogPlayLevel: PIE: StaticDuplicateObject took: (0.014925s)
[2018.09.24-21.19.17:863][470]LogAIModule: Creating AISystem for world TwinStickExampleMap
[2018.09.24-21.19.17:864][470]LogPlayLevel: PIE: World Init took: (0.001970s)
[2018.09.24-21.19.17:864][470]LogPlayLevel: PIE: Created PIE world by copying editor world from /Game/TwinStickBP/Maps/TwinStickExampleMap.TwinStickExampleMap to /Game/TwinStickBP/Maps/UEDPIE_0_TwinStickExampleMap.TwinStickExampleMap (0.017350s)
[2018.09.24-21.19.17:973][470]LogInit: XAudio2 using 'Haut-parleurs (Realtek High Definition Audio)' : 2 channels at 48 kHz using 32 bits per sample (channel mask 0x3)
[2018.09.24-21.19.18:027][470]LogInit: FAudioDevice initialized.
[2018.09.24-21.19.18:074][470]LogLoad: Game class is 'TwinStickGameMode_C'
[2018.09.24-21.19.18:081][470]LogWorld: Bringing World /Game/TwinStickBP/Maps/UEDPIE_0_TwinStickExampleMap.TwinStickExampleMap up for play (max tick rate 60) at 2018.09.24-17.19.18
[2018.09.24-21.19.18:106][470]LogWorld: Bringing up level for play took: 0.028563
[2018.09.24-21.19.18:152][470]LogContentBrowser: Native class hierarchy updated for 'MovieSceneCapture' in 0.0015 seconds. Added 10 classes and 0 folders.
[2018.09.24-21.19.18:154][470]PIE: Play in editor start time for /Game/TwinStickBP/Maps/UEDPIE_0_TwinStickExampleMap -0,069
[2018.09.24-21.19.18:154][470]LogBlueprintUserMessages: Late PlayInEditor Detection: Level '/Game/TwinStickBP/Maps/TwinStickExampleMap.TwinStickExampleMap:PersistentLevel' has LevelScriptBlueprint '/Game/TwinStickBP/Maps/TwinStickExampleMap.TwinStickExampleMap:PersistentLevel.TwinStickExampleMap' with GeneratedClass '/Game/TwinStickBP/Maps/TwinStickExampleMap.TwinStickExampleMap_C' with ClassGeneratedBy '/Game/TwinStickBP/Maps/TwinStickExampleMap.TwinStickExampleMap:PersistentLevel.TwinStickExampleMap'
[2018.09.24-21.19.51:188][275]LogBlueprintUserMessages: Early EndPlayMap Detection: Level '/Game/TwinStickBP/Maps/TwinStickExampleMap.TwinStickExampleMap:PersistentLevel' has LevelScriptBlueprint '/Game/TwinStickBP/Maps/TwinStickExampleMap.TwinStickExampleMap:PersistentLevel.TwinStickExampleMap' with GeneratedClass '/Game/TwinStickBP/Maps/TwinStickExampleMap.TwinStickExampleMap_C' with ClassGeneratedBy '/Game/TwinStickBP/Maps/TwinStickExampleMap.TwinStickExampleMap:PersistentLevel.TwinStickExampleMap'
[2018.09.24-21.19.51:188][275]LogSlate: Updating window title bar state: overlay mode, drag disabled, window buttons hidden, title bar hidden
[2018.09.24-21.19.51:250][275]LogPlayLevel: Display: Shutting down PIE online subsystems
[2018.09.24-21.19.51:250][275]LogBlueprintUserMessages: Late EndPlayMap Detection: Level '/Game/TwinStickBP/Maps/TwinStickExampleMap.TwinStickExampleMap:PersistentLevel' has LevelScriptBlueprint '/Game/TwinStickBP/Maps/TwinStickExampleMap.TwinStickExampleMap:PersistentLevel.TwinStickExampleMap' with GeneratedClass '/Game/TwinStickBP/Maps/TwinStickExampleMap.TwinStickExampleMap_C' with ClassGeneratedBy '/Game/TwinStickBP/Maps/TwinStickExampleMap.TwinStickExampleMap:PersistentLevel.TwinStickExampleMap'
[2018.09.24-21.19.51:298][275]LogSlate: Updating window title bar state: overlay mode, drag disabled, window buttons hidden, title bar hidden
[2018.09.24-21.19.51:340][276]LogPlayLevel: Display: Destroying online subsystem :Context_6
[2018.09.24-21.19.55:219][498]LogEditorViewport: Clicking on Actor (LMB): TwinStickPawn_C (TwinStickPawn)
[2018.09.24-21.20.04:511][691]LogSlate: FSceneViewport::OnFocusLost() reason 0
[2018.09.24-21.20.31:715][938]LogEditorViewport: Clicking on Actor (LMB): StaticMeshActor (Floor)
[2018.09.24-21.20.32:516][966]LogSlate: FSceneViewport::OnFocusLost() reason 0
[2018.09.24-21.20.32:669][973]LogTemp: Repeating last play command: Selected Viewport
[2018.09.24-21.20.32:708][973]LogBlueprintUserMessages: Early PlayInEditor Detection: Level '/Game/TwinStickBP/Maps/TwinStickExampleMap.TwinStickExampleMap:PersistentLevel' has LevelScriptBlueprint '/Game/TwinStickBP/Maps/TwinStickExampleMap.TwinStickExampleMap:PersistentLevel.TwinStickExampleMap' with GeneratedClass '/Game/TwinStickBP/Maps/TwinStickExampleMap.TwinStickExampleMap_C' with ClassGeneratedBy '/Game/TwinStickBP/Maps/TwinStickExampleMap.TwinStickExampleMap:PersistentLevel.TwinStickExampleMap'
[2018.09.24-21.20.32:708][973]LogPlayLevel: PlayLevel: No blueprints needed recompiling
[2018.09.24-21.20.32:708][973]PIE: New page: PIE session: TwinStickExampleMap (24 sept. 2018 13:20:32)
[2018.09.24-21.20.32:708][973]LogPlayLevel: Creating play world package: /Game/TwinStickBP/Maps/UEDPIE_0_TwinStickExampleMap
[2018.09.24-21.20.32:721][973]LogPlayLevel: PIE: StaticDuplicateObject took: (0.011959s)
[2018.09.24-21.20.32:723][973]LogAIModule: Creating AISystem for world TwinStickExampleMap
[2018.09.24-21.20.32:724][973]LogPlayLevel: PIE: World Init took: (0.003011s)
[2018.09.24-21.20.32:724][973]LogPlayLevel: PIE: Created PIE world by copying editor world from /Game/TwinStickBP/Maps/TwinStickExampleMap.TwinStickExampleMap to /Game/TwinStickBP/Maps/UEDPIE_0_TwinStickExampleMap.TwinStickExampleMap (0.015399s)
[2018.09.24-21.20.32:812][973]LogInit: XAudio2 using 'Haut-parleurs (Realtek High Definition Audio)' : 2 channels at 48 kHz using 32 bits per sample (channel mask 0x3)
[2018.09.24-21.20.32:869][973]LogInit: FAudioDevice initialized.
[2018.09.24-21.20.32:904][973]LogLoad: Game class is 'TwinStickGameMode_C'
[2018.09.24-21.20.32:909][973]LogWorld: Bringing World /Game/TwinStickBP/Maps/UEDPIE_0_TwinStickExampleMap.TwinStickExampleMap up for play (max tick rate 60) at 2018.09.24-17.20.32
[2018.09.24-21.20.32:909][973]LogWorld: Bringing up level for play took: 0.004337
[2018.09.24-21.20.32:923][973]PIE: Play in editor start time for /Game/TwinStickBP/Maps/UEDPIE_0_TwinStickExampleMap 0,701
[2018.09.24-21.20.32:923][973]LogBlueprintUserMessages: Late PlayInEditor Detection: Level '/Game/TwinStickBP/Maps/TwinStickExampleMap.TwinStickExampleMap:PersistentLevel' has LevelScriptBlueprint '/Game/TwinStickBP/Maps/TwinStickExampleMap.TwinStickExampleMap:PersistentLevel.TwinStickExampleMap' with GeneratedClass '/Game/TwinStickBP/Maps/TwinStickExampleMap.TwinStickExampleMap_C' with ClassGeneratedBy '/Game/TwinStickBP/Maps/TwinStickExampleMap.TwinStickExampleMap:PersistentLevel.TwinStickExampleMap'
[2018.09.24-21.20.43:454][544]LogBlueprintUserMessages: Early EndPlayMap Detection: Level '/Game/TwinStickBP/Maps/TwinStickExampleMap.TwinStickExampleMap:PersistentLevel' has LevelScriptBlueprint '/Game/TwinStickBP/Maps/TwinStickExampleMap.TwinStickExampleMap:PersistentLevel.TwinStickExampleMap' with GeneratedClass '/Game/TwinStickBP/Maps/TwinStickExampleMap.TwinStickExampleMap_C' with ClassGeneratedBy '/Game/TwinStickBP/Maps/TwinStickExampleMap.TwinStickExampleMap:PersistentLevel.TwinStickExampleMap'
[2018.09.24-21.20.43:454][544]LogSlate: Updating window title bar state: overlay mode, drag disabled, window buttons hidden, title bar hidden
[2018.09.24-21.20.43:509][544]LogPlayLevel: Display: Shutting down PIE online subsystems
[2018.09.24-21.20.43:510][544]LogBlueprintUserMessages: Late EndPlayMap Detection: Level '/Game/TwinStickBP/Maps/TwinStickExampleMap.TwinStickExampleMap:PersistentLevel' has LevelScriptBlueprint '/Game/TwinStickBP/Maps/TwinStickExampleMap.TwinStickExampleMap:PersistentLevel.TwinStickExampleMap' with GeneratedClass '/Game/TwinStickBP/Maps/TwinStickExampleMap.TwinStickExampleMap_C' with ClassGeneratedBy '/Game/TwinStickBP/Maps/TwinStickExampleMap.TwinStickExampleMap:PersistentLevel.TwinStickExampleMap'
[2018.09.24-21.20.43:566][544]LogSlate: Updating window title bar state: overlay mode, drag disabled, window buttons hidden, title bar hidden
[2018.09.24-21.20.43:613][545]LogPlayLevel: Display: Destroying online subsystem :Context_7
[2018.09.24-21.20.51:421][965]LogEditorViewport: Clicking on Actor (LMB): TwinStickPawn_C (TwinStickPawn)
[2018.09.24-21.21.00:413][365]LogSlate: FSceneViewport::OnFocusLost() reason 0
[2018.09.24-21.21.05:553][601]LogTemp: Repeating last play command: Selected Viewport
[2018.09.24-21.21.05:587][601]LogBlueprintUserMessages: Early PlayInEditor Detection: Level '/Game/TwinStickBP/Maps/TwinStickExampleMap.TwinStickExampleMap:PersistentLevel' has LevelScriptBlueprint '/Game/TwinStickBP/Maps/TwinStickExampleMap.TwinStickExampleMap:PersistentLevel.TwinStickExampleMap' with GeneratedClass '/Game/TwinStickBP/Maps/TwinStickExampleMap.TwinStickExampleMap_C' with ClassGeneratedBy '/Game/TwinStickBP/Maps/TwinStickExampleMap.TwinStickExampleMap:PersistentLevel.TwinStickExampleMap'
[2018.09.24-21.21.05:587][601]LogPlayLevel: PlayLevel: No blueprints needed recompiling
[2018.09.24-21.21.05:587][601]PIE: New page: PIE session: TwinStickExampleMap (24 sept. 2018 13:21:05)
[2018.09.24-21.21.05:587][601]LogPlayLevel: Creating play world package: /Game/TwinStickBP/Maps/UEDPIE_0_TwinStickExampleMap
[2018.09.24-21.21.05:601][601]LogPlayLevel: PIE: StaticDuplicateObject took: (0.013123s)
[2018.09.24-21.21.05:602][601]LogAIModule: Creating AISystem for world TwinStickExampleMap
[2018.09.24-21.21.05:603][601]LogPlayLevel: PIE: World Init took: (0.001816s)
[2018.09.24-21.21.05:603][601]LogPlayLevel: PIE: Created PIE world by copying editor world from /Game/TwinStickBP/Maps/TwinStickExampleMap.TwinStickExampleMap to /Game/TwinStickBP/Maps/UEDPIE_0_TwinStickExampleMap.TwinStickExampleMap (0.015418s)
[2018.09.24-21.21.05:729][601]LogInit: XAudio2 using 'Haut-parleurs (Realtek High Definition Audio)' : 2 channels at 48 kHz using 32 bits per sample (channel mask 0x3)
[2018.09.24-21.21.05:807][601]LogInit: FAudioDevice initialized.
[2018.09.24-21.21.05:850][601]LogLoad: Game class is 'TwinStickGameMode_C'
[2018.09.24-21.21.05:854][601]LogWorld: Bringing World /Game/TwinStickBP/Maps/UEDPIE_0_TwinStickExampleMap.TwinStickExampleMap up for play (max tick rate 60) at 2018.09.24-17.21.05
[2018.09.24-21.21.05:854][601]LogWorld: Bringing up level for play took: 0.003647
[2018.09.24-21.21.05:869][601]PIE: Play in editor start time for /Game/TwinStickBP/Maps/UEDPIE_0_TwinStickExampleMap -0,354
[2018.09.24-21.21.05:869][601]LogBlueprintUserMessages: Late PlayInEditor Detection: Level '/Game/TwinStickBP/Maps/TwinStickExampleMap.TwinStickExampleMap:PersistentLevel' has LevelScriptBlueprint '/Game/TwinStickBP/Maps/TwinStickExampleMap.TwinStickExampleMap:PersistentLevel.TwinStickExampleMap' with GeneratedClass '/Game/TwinStickBP/Maps/TwinStickExampleMap.TwinStickExampleMap_C' with ClassGeneratedBy '/Game/TwinStickBP/Maps/TwinStickExampleMap.TwinStickExampleMap:PersistentLevel.TwinStickExampleMap'
[2018.09.24-21.21.24:969][629]LogBlueprintUserMessages: Early EndPlayMap Detection: Level '/Game/TwinStickBP/Maps/TwinStickExampleMap.TwinStickExampleMap:PersistentLevel' has LevelScriptBlueprint '/Game/TwinStickBP/Maps/TwinStickExampleMap.TwinStickExampleMap:PersistentLevel.TwinStickExampleMap' with GeneratedClass '/Game/TwinStickBP/Maps/TwinStickExampleMap.TwinStickExampleMap_C' with ClassGeneratedBy '/Game/TwinStickBP/Maps/TwinStickExampleMap.TwinStickExampleMap:PersistentLevel.TwinStickExampleMap'
[2018.09.24-21.21.24:969][629]LogSlate: Updating window title bar state: overlay mode, drag disabled, window buttons hidden, title bar hidden
[2018.09.24-21.21.25:023][629]LogPlayLevel: Display: Shutting down PIE online subsystems
[2018.09.24-21.21.25:023][629]LogBlueprintUserMessages: Late EndPlayMap Detection: Level '/Game/TwinStickBP/Maps/TwinStickExampleMap.TwinStickExampleMap:PersistentLevel' has LevelScriptBlueprint '/Game/TwinStickBP/Maps/TwinStickExampleMap.TwinStickExampleMap:PersistentLevel.TwinStickExampleMap' with GeneratedClass '/Game/TwinStickBP/Maps/TwinStickExampleMap.TwinStickExampleMap_C' with ClassGeneratedBy '/Game/TwinStickBP/Maps/TwinStickExampleMap.TwinStickExampleMap:PersistentLevel.TwinStickExampleMap'
[2018.09.24-21.21.25:080][629]LogSlate: Updating window title bar state: overlay mode, drag disabled, window buttons hidden, title bar hidden
[2018.09.24-21.21.25:130][630]LogPlayLevel: Display: Destroying online subsystem :Context_8
[2018.09.24-21.21.26:887][722]LogEditorViewport: Clicking on Actor (LMB): TwinStickPawn_C (TwinStickPawn)
[2018.09.24-21.21.28:234][780]LogSlate: FSceneViewport::OnFocusLost() reason 0
[2018.09.24-21.21.37:164][178]LogTemp: Repeating last play command: Selected Viewport
[2018.09.24-21.21.37:203][178]LogBlueprintUserMessages: Early PlayInEditor Detection: Level '/Game/TwinStickBP/Maps/TwinStickExampleMap.TwinStickExampleMap:PersistentLevel' has LevelScriptBlueprint '/Game/TwinStickBP/Maps/TwinStickExampleMap.TwinStickExampleMap:PersistentLevel.TwinStickExampleMap' with GeneratedClass '/Game/TwinStickBP/Maps/TwinStickExampleMap.TwinStickExampleMap_C' with ClassGeneratedBy '/Game/TwinStickBP/Maps/TwinStickExampleMap.TwinStickExampleMap:PersistentLevel.TwinStickExampleMap'
[2018.09.24-21.21.37:203][178]LogPlayLevel: PlayLevel: No blueprints needed recompiling
[2018.09.24-21.21.37:204][178]PIE: New page: PIE session: TwinStickExampleMap (24 sept. 2018 13:21:37)
[2018.09.24-21.21.37:204][178]LogPlayLevel: Creating play world package: /Game/TwinStickBP/Maps/UEDPIE_0_TwinStickExampleMap
[2018.09.24-21.21.37:216][178]LogPlayLevel: PIE: StaticDuplicateObject took: (0.012078s)
[2018.09.24-21.21.37:218][178]LogAIModule: Creating AISystem for world TwinStickExampleMap
[2018.09.24-21.21.37:218][178]LogPlayLevel: PIE: World Init took: (0.002218s)
[2018.09.24-21.21.37:219][178]LogPlayLevel: PIE: Created PIE world by copying editor world from /Game/TwinStickBP/Maps/TwinStickExampleMap.TwinStickExampleMap to /Game/TwinStickBP/Maps/UEDPIE_0_TwinStickExampleMap.TwinStickExampleMap (0.014808s)
[2018.09.24-21.21.37:382][178]LogInit: XAudio2 using 'Haut-parleurs (Realtek High Definition Audio)' : 2 channels at 48 kHz using 32 bits per sample (channel mask 0x3)
[2018.09.24-21.21.37:571][178]LogInit: FAudioDevice initialized.
[2018.09.24-21.21.37:614][178]LogLoad: Game class is 'TwinStickGameMode_C'
[2018.09.24-21.21.37:618][178]LogWorld: Bringing World /Game/TwinStickBP/Maps/UEDPIE_0_TwinStickExampleMap.TwinStickExampleMap up for play (max tick rate 60) at 2018.09.24-17.21.37
[2018.09.24-21.21.37:619][178]LogWorld: Bringing up level for play took: 0.004124
[2018.09.24-21.21.37:634][178]PIE: Play in editor start time for /Game/TwinStickBP/Maps/UEDPIE_0_TwinStickExampleMap 1,411
[2018.09.24-21.21.37:634][178]LogBlueprintUserMessages: Late PlayInEditor Detection: Level '/Game/TwinStickBP/Maps/TwinStickExampleMap.TwinStickExampleMap:PersistentLevel' has LevelScriptBlueprint '/Game/TwinStickBP/Maps/TwinStickExampleMap.TwinStickExampleMap:PersistentLevel.TwinStickExampleMap' with GeneratedClass '/Game/TwinStickBP/Maps/TwinStickExampleMap.TwinStickExampleMap_C' with ClassGeneratedBy '/Game/TwinStickBP/Maps/TwinStickExampleMap.TwinStickExampleMap:PersistentLevel.TwinStickExampleMap'
[2018.09.24-21.22.03:837][156]LogBlueprintUserMessages: Early EndPlayMap Detection: Level '/Game/TwinStickBP/Maps/TwinStickExampleMap.TwinStickExampleMap:PersistentLevel' has LevelScriptBlueprint '/Game/TwinStickBP/Maps/TwinStickExampleMap.TwinStickExampleMap:PersistentLevel.TwinStickExampleMap' with GeneratedClass '/Game/TwinStickBP/Maps/TwinStickExampleMap.TwinStickExampleMap_C' with ClassGeneratedBy '/Game/TwinStickBP/Maps/TwinStickExampleMap.TwinStickExampleMap:PersistentLevel.TwinStickExampleMap'
[2018.09.24-21.22.03:837][156]LogSlate: Updating window title bar state: overlay mode, drag disabled, window buttons hidden, title bar hidden
[2018.09.24-21.22.03:889][156]LogPlayLevel: Display: Shutting down PIE online subsystems
[2018.09.24-21.22.03:889][156]LogBlueprintUserMessages: Late EndPlayMap Detection: Level '/Game/TwinStickBP/Maps/TwinStickExampleMap.TwinStickExampleMap:PersistentLevel' has LevelScriptBlueprint '/Game/TwinStickBP/Maps/TwinStickExampleMap.TwinStickExampleMap:PersistentLevel.TwinStickExampleMap' with GeneratedClass '/Game/TwinStickBP/Maps/TwinStickExampleMap.TwinStickExampleMap_C' with ClassGeneratedBy '/Game/TwinStickBP/Maps/TwinStickExampleMap.TwinStickExampleMap:PersistentLevel.TwinStickExampleMap'
[2018.09.24-21.22.03:950][156]LogSlate: Updating window title bar state: overlay mode, drag disabled, window buttons hidden, title bar hidden
[2018.09.24-21.22.03:995][157]LogPlayLevel: Display: Destroying online subsystem :Context_9
[2018.09.24-21.22.22:951][170]LogEditorViewport: Clicking on Actor (LMB): TextRenderActor (TemplateLabel)
[2018.09.24-21.22.25:623][284]Cmd: DELETE
[2018.09.24-21.22.25:623][284]Cmd: ACTOR DELETE
[2018.09.24-21.22.25:730][284]LogEditorActor: Deleted Actor: TextRenderActor
[2018.09.24-21.22.25:786][284]LogEditorActor: Deleted 1 Actors (0.064 secs)
[2018.09.24-21.22.27:464][368]LogEditorViewport: Clicking on Actor (LMB): StaticMeshActor (Floor)
[2018.09.24-21.22.32:874][525]LogSlate: FSceneViewport::OnFocusLost() reason 2
[2018.09.24-21.22.48:813][ 46]LogSlate: FSceneViewport::OnFocusLost() reason 0
[2018.09.24-21.22.48:921][ 52]LogTemp: Repeating last play command: Selected Viewport
[2018.09.24-21.22.48:959][ 52]LogBlueprintUserMessages: Early PlayInEditor Detection: Level '/Game/TwinStickBP/Maps/TwinStickExampleMap.TwinStickExampleMap:PersistentLevel' has LevelScriptBlueprint '/Game/TwinStickBP/Maps/TwinStickExampleMap.TwinStickExampleMap:PersistentLevel.TwinStickExampleMap' with GeneratedClass '/Game/TwinStickBP/Maps/TwinStickExampleMap.TwinStickExampleMap_C' with ClassGeneratedBy '/Game/TwinStickBP/Maps/TwinStickExampleMap.TwinStickExampleMap:PersistentLevel.TwinStickExampleMap'
[2018.09.24-21.22.48:959][ 52]LogPlayLevel: PlayLevel: No blueprints needed recompiling
[2018.09.24-21.22.48:960][ 52]PIE: New page: PIE session: TwinStickExampleMap (24 sept. 2018 13:22:48)
[2018.09.24-21.22.48:960][ 52]LogPlayLevel: Creating play world package: /Game/TwinStickBP/Maps/UEDPIE_0_TwinStickExampleMap
[2018.09.24-21.22.48:977][ 52]LogPlayLevel: PIE: StaticDuplicateObject took: (0.016652s)
[2018.09.24-21.22.48:979][ 52]LogAIModule: Creating AISystem for world TwinStickExampleMap
[2018.09.24-21.22.48:980][ 52]LogPlayLevel: PIE: World Init took: (0.003148s)
[2018.09.24-21.22.48:980][ 52]LogPlayLevel: PIE: Created PIE world by copying editor world from /Game/TwinStickBP/Maps/TwinStickExampleMap.TwinStickExampleMap to /Game/TwinStickBP/Maps/UEDPIE_0_TwinStickExampleMap.TwinStickExampleMap (0.020484s)
[2018.09.24-21.22.49:099][ 52]LogInit: XAudio2 using 'Haut-parleurs (Realtek High Definition Audio)' : 2 channels at 48 kHz using 32 bits per sample (channel mask 0x3)
[2018.09.24-21.22.49:169][ 52]LogInit: FAudioDevice initialized.
[2018.09.24-21.22.49:210][ 52]LogLoad: Game class is 'TwinStickGameMode_C'
[2018.09.24-21.22.49:215][ 52]LogWorld: Bringing World /Game/TwinStickBP/Maps/UEDPIE_0_TwinStickExampleMap.TwinStickExampleMap up for play (max tick rate 60) at 2018.09.24-17.22.49
[2018.09.24-21.22.49:215][ 52]LogWorld: Bringing up level for play took: 0.003297
[2018.09.24-21.22.49:231][ 52]PIE: Play in editor start time for /Game/TwinStickBP/Maps/UEDPIE_0_TwinStickExampleMap 1,008
[2018.09.24-21.22.49:231][ 52]LogBlueprintUserMessages: Late PlayInEditor Detection: Level '/Game/TwinStickBP/Maps/TwinStickExampleMap.TwinStickExampleMap:PersistentLevel' has LevelScriptBlueprint '/Game/TwinStickBP/Maps/TwinStickExampleMap.TwinStickExampleMap:PersistentLevel.TwinStickExampleMap' with GeneratedClass '/Game/TwinStickBP/Maps/TwinStickExampleMap.TwinStickExampleMap_C' with ClassGeneratedBy '/Game/TwinStickBP/Maps/TwinStickExampleMap.TwinStickExampleMap:PersistentLevel.TwinStickExampleMap'
[2018.09.24-21.22.50:970][118]LogBlueprintUserMessages: Early EndPlayMap Detection: Level '/Game/TwinStickBP/Maps/TwinStickExampleMap.TwinStickExampleMap:PersistentLevel' has LevelScriptBlueprint '/Game/TwinStickBP/Maps/TwinStickExampleMap.TwinStickExampleMap:PersistentLevel.TwinStickExampleMap' with GeneratedClass '/Game/TwinStickBP/Maps/TwinStickExampleMap.TwinStickExampleMap_C' with ClassGeneratedBy '/Game/TwinStickBP/Maps/TwinStickExampleMap.TwinStickExampleMap:PersistentLevel.TwinStickExampleMap'
[2018.09.24-21.22.50:970][118]LogSlate: Updating window title bar state: overlay mode, drag disabled, window buttons hidden, title bar hidden
[2018.09.24-21.22.51:026][118]LogPlayLevel: Display: Shutting down PIE online subsystems
[2018.09.24-21.22.51:026][118]LogBlueprintUserMessages: Late EndPlayMap Detection: Level '/Game/TwinStickBP/Maps/TwinStickExampleMap.TwinStickExampleMap:PersistentLevel' has LevelScriptBlueprint '/Game/TwinStickBP/Maps/TwinStickExampleMap.TwinStickExampleMap:PersistentLevel.TwinStickExampleMap' with GeneratedClass '/Game/TwinStickBP/Maps/TwinStickExampleMap.TwinStickExampleMap_C' with ClassGeneratedBy '/Game/TwinStickBP/Maps/TwinStickExampleMap.TwinStickExampleMap:PersistentLevel.TwinStickExampleMap'
[2018.09.24-21.22.51:117][118]LogSlate: Updating window title bar state: overlay mode, drag disabled, window buttons hidden, title bar hidden
[2018.09.24-21.22.51:156][119]LogPlayLevel: Display: Destroying online subsystem :Context_10
[2018.09.24-21.22.59:680][523]LogSavePackage: Moving '../../../../../../Users/krakp_000/OneDrive/Bureau/Unreal Projects/GrimShooter/Saved/TwinStickExampleMap103C8F8E4578556462B675B3916180BF.tmp' to '../../../../../../Users/krakp_000/OneDrive/Bureau/Unreal Projects/GrimShooter/Content/TwinStickBP/Maps/TwinStickExampleMap.umap'
[2018.09.24-21.23.00:543][523]LogSavePackage: Moving '../../../../../../Users/krakp_000/OneDrive/Bureau/Unreal Projects/GrimShooter/Saved/TwinStickExampleMap_BuiltData2E9825C545B4C63C81FFB396FF3A6A6B.tmp' to '../../../../../../Users/krakp_000/OneDrive/Bureau/Unreal Projects/GrimShooter/Content/TwinStickBP/Maps/TwinStickExampleMap_BuiltData.uasset'
[2018.09.24-21.23.01:317][550]LogSlate: FSceneViewport::OnFocusLost() reason 0
[2018.09.24-21.23.04:121][552]LogSlate: Window 'Save Content' being destroyed
[2018.09.24-21.23.04:158][552]LogSlate: FSceneViewport::OnFocusLost() reason 2
[2018.09.24-21.23.04:223][552]LogSavePackage: Moving '../../../../../../Users/krakp_000/OneDrive/Bureau/Unreal Projects/GrimShooter/Saved/Main_Sprite_South_pngEB0309C840FEEFAAAADB2484AC978A9E.tmp' to '../../../../../../Users/krakp_000/OneDrive/Bureau/Unreal Projects/GrimShooter/Content/TwinStickBP/2D/Frames/Main_Sprite_South_png.uasset'
[2018.09.24-21.23.04:285][552]LogSavePackage: Moving '../../../../../../Users/krakp_000/OneDrive/Bureau/Unreal Projects/GrimShooter/Saved/Main_Character_Sprite_Sheet09917B2F4730A7454AE7BBB0419F48F5.tmp' to '../../../../../../Users/krakp_000/OneDrive/Bureau/Unreal Projects/GrimShooter/Content/TwinStickBP/2D/Main_Character_Sprite_Sheet.uasset'
[2018.09.24-21.23.04:352][552]LogSavePackage: Moving '../../../../../../Users/krakp_000/OneDrive/Bureau/Unreal Projects/GrimShooter/Saved/Main_Character_Sprite_SheetFF8542AC4021C45FBEB3BB8DB5F6BAF4.tmp' to '../../../../../../Users/krakp_000/OneDrive/Bureau/Unreal Projects/GrimShooter/Content/TwinStickBP/2D/Textures/Main_Character_Sprite_Sheet.uasset'
[2018.09.24-21.23.04:533][552]LogSlate: Window 'GrimShooter - Unreal Editor' being destroyed
[2018.09.24-21.23.05:129][553]Cmd: QUIT_EDITOR
[2018.09.24-21.23.05:580][553]LogWindowsTextInputMethodSystem: Display: IME system now deactivated.
[2018.09.24-21.23.05:611][553]LogExit: Preparing to exit.
[2018.09.24-21.23.07:046][553]LogExit: Editor shut down
[2018.09.24-21.23.07:048][553]LogExit: Transaction tracking system shut down
[2018.09.24-21.23.08:264][553]LogExit: Object subsystem successfully closed.
[2018.09.24-21.23.08:300][553]LogShaderCompilers: Display: Shaders left to compile 0
[2018.09.24-21.23.08:314][553]LogD3D11RHI: Shutdown
[2018.09.24-21.23.08:315][553]LogD3D11RHI: CleanupD3DDevice
[2018.09.24-21.23.08:322][553]LogD3D11RHI: ~FD3D11DynamicRHI
[2018.09.24-21.23.08:478][553]LogModuleManager: Shutting down and abandoning module MovieSceneCapture (616)
[2018.09.24-21.23.08:478][553]LogModuleManager: Shutting down and abandoning module Voice (614)
[2018.09.24-21.23.08:478][553]LogModuleManager: Shutting down and abandoning module HierarchicalLODUtilities (612)
[2018.09.24-21.23.08:479][553]LogModuleManager: Shutting down and abandoning module BlueprintGraph (610)
[2018.09.24-21.23.08:479][553]LogModuleManager: Shutting down and abandoning module HierarchicalLODOutliner (608)
[2018.09.24-21.23.08:479][553]LogModuleManager: Shutting down and abandoning module SceneOutliner (606)
[2018.09.24-21.23.08:479][553]LogModuleManager: Shutting down and abandoning module AddContentDialog (604)
[2018.09.24-21.23.08:510][553]LogModuleManager: Shutting down and abandoning module WidgetCarousel (603)
[2018.09.24-21.23.08:510][553]LogModuleManager: Shutting down and abandoning module EditorWidgets (600)
[2018.09.24-21.23.08:510][553]LogModuleManager: Shutting down and abandoning module CollectionManager (598)
[2018.09.24-21.23.08:512][553]LogModuleManager: Shutting down and abandoning module LauncherPlatform (596)
[2018.09.24-21.23.08:512][553]LogModuleManager: Shutting down and abandoning module StatsViewer (594)
[2018.09.24-21.23.08:512][553]LogModuleManager: Shutting down and abandoning module FoliageEdit (592)
[2018.09.24-21.23.08:512][553]LogModuleManager: Shutting down and abandoning module LandscapeEditor (590)
[2018.09.24-21.23.08:513][553]LogModuleManager: Shutting down and abandoning module MeshPaintMode (588)
[2018.09.24-21.23.08:513][553]LogModuleManager: Shutting down and abandoning module SceneDepthPickerMode (586)
[2018.09.24-21.23.08:513][553]LogModuleManager: Shutting down and abandoning module ActorPickerMode (584)
[2018.09.24-21.23.08:513][553]LogModuleManager: Shutting down and abandoning module GeometryMode (582)
[2018.09.24-21.23.08:513][553]LogModuleManager: Shutting down and abandoning module TextureAlignMode (580)
[2018.09.24-21.23.08:513][553]LogModuleManager: Shutting down and abandoning module BspMode (578)
[2018.09.24-21.23.08:513][553]LogModuleManager: Shutting down and abandoning module PIEPreviewDeviceProfileSelector (576)
[2018.09.24-21.23.08:515][553]LogModuleManager: Shutting down and abandoning module SequenceRecorderSections (574)
[2018.09.24-21.23.08:515][553]LogModuleManager: Shutting down and abandoning module AutomationWorker (572)
[2018.09.24-21.23.08:515][553]LogModuleManager: Shutting down and abandoning module AudioCaptureEditor (570)
[2018.09.24-21.23.08:515][553]LogModuleManager: Shutting down and abandoning module SequenceRecorder (569)
[2018.09.24-21.23.08:515][553]LogModuleManager: Shutting down and abandoning module MatineeToLevelSequence (566)
[2018.09.24-21.23.08:515][553]LogModuleManager: Shutting down and abandoning module LevelSequenceEditor (564)
[2018.09.24-21.23.08:516][553]LogModuleManager: Shutting down and abandoning module PlacementMode (563)
[2018.09.24-21.23.08:516][553]LogModuleManager: Shutting down and abandoning module MaterialEditor (562)
[2018.09.24-21.23.08:516][553]LogModuleManager: Shutting down and abandoning module WmfMediaFactory (558)
[2018.09.24-21.23.08:516][553]LogModuleManager: Shutting down and abandoning module WmfMediaEditor (556)
[2018.09.24-21.23.08:516][553]LogModuleManager: Shutting down and abandoning module MediaPlayerEditor (554)
[2018.09.24-21.23.08:517][553]LogModuleManager: Shutting down and abandoning module OpenExrWrapper (552)
[2018.09.24-21.23.08:517][553]LogModuleManager: Shutting down and abandoning module ImgMediaFactory (550)
[2018.09.24-21.23.08:517][553]LogModuleManager: Shutting down and abandoning module ImgMediaEditor (548)
[2018.09.24-21.23.08:517][553]LogModuleManager: Shutting down and abandoning module AvfMediaFactory (546)
[2018.09.24-21.23.08:517][553]LogModuleManager: Shutting down and abandoning module AvfMediaEditor (544)
[2018.09.24-21.23.08:517][553]LogModuleManager: Shutting down and abandoning module AndroidMediaFactory (542)
[2018.09.24-21.23.08:517][553]LogModuleManager: Shutting down and abandoning module AndroidMediaEditor (540)
[2018.09.24-21.23.08:517][553]LogModuleManager: Shutting down and abandoning module MagicLeapCameraPreviewFactory (538)
[2018.09.24-21.23.08:517][553]LogModuleManager: Shutting down and abandoning module MagicLeapMediaFactory (536)
[2018.09.24-21.23.08:518][553]LogModuleManager: Shutting down and abandoning module MagicLeapMediaEditor (534)
[2018.09.24-21.23.08:518][553]LogModuleManager: Shutting down and abandoning module CharacterAI (532)
[2018.09.24-21.23.08:518][553]LogModuleManager: Shutting down and abandoning module SmartSnapping (530)
[2018.09.24-21.23.08:518][553]LogModuleManager: Shutting down and abandoning module SessionServices (528)
[2018.09.24-21.23.08:518][553]LogModuleManager: Shutting down and abandoning module ViewportSnapping (526)
[2018.09.24-21.23.08:518][553]LogModuleManager: Shutting down and abandoning module ViewportInteraction (524)
[2018.09.24-21.23.08:518][553]LogModuleManager: Shutting down and abandoning module ClothPainter (522)
[2018.09.24-21.23.08:518][553]LogModuleManager: Shutting down and abandoning module SkeletalMeshEditor (521)
[2018.09.24-21.23.08:518][553]LogModuleManager: Shutting down and abandoning module LogVisualizer (518)
[2018.09.24-21.23.08:519][553]LogModuleManager: Shutting down and abandoning module IntroTutorials (516)
[2018.09.24-21.23.08:519][553]LogModuleManager: Shutting down and abandoning module GameProjectGeneration (515)
[2018.09.24-21.23.08:519][553]LogModuleManager: Shutting down and abandoning module LuminPlatformEditor (512)
[2018.09.24-21.23.08:519][553]LogModuleManager: Shutting down and abandoning module IOSPlatformEditor (510)
[2018.09.24-21.23.08:520][553]LogModuleManager: Shutting down and abandoning module HTML5PlatformEditor (508)
[2018.09.24-21.23.08:520][553]LogModuleManager: Shutting down and abandoning module AndroidPlatformEditor (506)
[2018.09.24-21.23.08:520][553]LogModuleManager: Shutting down and abandoning module AndroidDeviceDetection (505)
[2018.09.24-21.23.08:932][553]LogModuleManager: Shutting down and abandoning module WindowsPlatformEditor (502)
[2018.09.24-21.23.08:932][553]LogModuleManager: Shutting down and abandoning module LuminRuntimeSettings (500)
[2018.09.24-21.23.08:932][553]LogModuleManager: Shutting down and abandoning module IOSRuntimeSettings (498)
[2018.09.24-21.23.08:932][553]LogModuleManager: Shutting down and abandoning module AndroidRuntimeSettings (496)
[2018.09.24-21.23.08:932][553]LogModuleManager: Shutting down and abandoning module InputBindingEditor (494)
[2018.09.24-21.23.08:932][553]LogModuleManager: Shutting down and abandoning module MergeActors (492)
[2018.09.24-21.23.08:932][553]LogModuleManager: Shutting down and abandoning module LocalizationDashboard (490)
[2018.09.24-21.23.08:932][553]LogModuleManager: Shutting down and abandoning module LocalizationService (489)
[2018.09.24-21.23.08:932][553]LogModuleManager: Shutting down and abandoning module HardwareTargeting (486)
[2018.09.24-21.23.08:932][553]LogModuleManager: Shutting down and abandoning module DeviceProfileEditor (484)
[2018.09.24-21.23.08:932][553]LogModuleManager: Shutting down and abandoning module UndoHistory (482)
[2018.09.24-21.23.08:932][553]LogModuleManager: Shutting down and abandoning module XmlParser (480)
[2018.09.24-21.23.08:933][553]LogModuleManager: Shutting down and abandoning module Blutility (478)
[2018.09.24-21.23.08:933][553]LogModuleManager: Shutting down and abandoning module ProjectSettingsViewer (476)
[2018.09.24-21.23.08:933][553]LogModuleManager: Shutting down and abandoning module ProjectTargetPlatformEditor (475)
[2018.09.24-21.23.08:933][553]LogModuleManager: Shutting down and abandoning module EditorSettingsViewer (472)
[2018.09.24-21.23.08:933][553]LogModuleManager: Shutting down and abandoning module SettingsEditor (470)
[2018.09.24-21.23.08:934][553]LogModuleManager: Shutting down and abandoning module ProjectLauncher (468)
[2018.09.24-21.23.08:934][553]LogModuleManager: Shutting down and abandoning module SessionFrontend (466)
[2018.09.24-21.23.08:934][553]LogModuleManager: Shutting down and abandoning module ProfilerClient (464)
[2018.09.24-21.23.08:934][553]LogModuleManager: Shutting down and abandoning module DeviceManager (462)
[2018.09.24-21.23.08:934][553]LogModuleManager: Shutting down and abandoning module TargetDeviceServices (461)
[2018.09.24-21.23.08:990][553]LogModuleManager: Shutting down and abandoning module AutomationController (458)
[2018.09.24-21.23.08:990][553]LogModuleManager: Shutting down and abandoning module AutomationWindow (456)
[2018.09.24-21.23.08:990][553]LogModuleManager: Shutting down and abandoning module Layers (454)
[2018.09.24-21.23.08:990][553]LogModuleManager: Shutting down and abandoning module ComponentVisualizers (452)
[2018.09.24-21.23.08:990][553]LogModuleManager: Shutting down and abandoning module DetailCustomizations (450)
[2018.09.24-21.23.08:991][553]LogModuleManager: Shutting down and abandoning module PackagesDialog (448)
[2018.09.24-21.23.08:991][553]LogModuleManager: Shutting down and abandoning module Persona (446)
[2018.09.24-21.23.08:991][553]LogModuleManager: Shutting down and abandoning module AdvancedPreviewScene (445)
[2018.09.24-21.23.08:992][553]LogModuleManager: Shutting down and abandoning module AnimGraph (443)
[2018.09.24-21.23.08:992][553]LogModuleManager: Shutting down and abandoning module Kismet (440)
[2018.09.24-21.23.09:000][553]LogModuleManager: Shutting down and abandoning module GraphEditor (438)
[2018.09.24-21.23.09:000][553]LogModuleManager: Shutting down and abandoning module ClassViewer (436)
[2018.09.24-21.23.09:000][553]LogModuleManager: Shutting down and abandoning module Toolbox (434)
[2018.09.24-21.23.09:000][553]LogModuleManager: Shutting down and abandoning module ModuleUI (432)
[2018.09.24-21.23.09:000][553]LogModuleManager: Shutting down and abandoning module MovieSceneTools (430)
[2018.09.24-21.23.09:000][553]LogModuleManager: Shutting down and abandoning module OutputLog (428)
[2018.09.24-21.23.09:000][553]LogModuleManager: Shutting down and abandoning module GammaUI (426)
[2018.09.24-21.23.09:000][553]LogModuleManager: Shutting down and abandoning module Documentation (424)
[2018.09.24-21.23.09:000][553]LogModuleManager: Shutting down and abandoning module MovieSceneTracks (422)
[2018.09.24-21.23.09:000][553]LogModuleManager: Shutting down and abandoning module MovieScene (420)
[2018.09.24-21.23.09:000][553]LogModuleManager: Shutting down and abandoning module StreamingPauseRendering (418)
[2018.09.24-21.23.09:000][553]LogModuleManager: Shutting down and abandoning module PortalServices (416)
[2018.09.24-21.23.09:001][553]LogModuleManager: Shutting down and abandoning module PortalRpc (414)
[2018.09.24-21.23.09:001][553]LogModuleManager: Shutting down and abandoning module MessagingRpc (412)
[2018.09.24-21.23.09:001][553]LogModuleManager: Shutting down and abandoning module AIModule (410)
[2018.09.24-21.23.09:001][553]LogModuleManager: Shutting down and abandoning module GameplayDebugger (409)
[2018.09.24-21.23.09:001][553]LogModuleManager: Shutting down and abandoning module AITestSuite (407)
[2018.09.24-21.23.09:001][553]LogModuleManager: Shutting down and abandoning module NavigationSystem (405)
[2018.09.24-21.23.09:001][553]LogModuleManager: Shutting down and abandoning module DesktopPlatform (402)
[2018.09.24-21.23.09:001][553]LogModuleManager: Shutting down and abandoning module ProfilerService (400)
[2018.09.24-21.23.09:198][553]LogModuleManager: Shutting down and abandoning module TaskGraph (398)
[2018.09.24-21.23.09:198][553]LogModuleManager: Shutting down and abandoning module SteamVRController (396)
[2018.09.24-21.23.09:198][553]LogModuleManager: Shutting down and abandoning module ProceduralMeshComponentEditor (394)
[2018.09.24-21.23.09:198][553]LogModuleManager: Shutting down and abandoning module ProceduralMeshComponent (392)
[2018.09.24-21.23.09:198][553]LogModuleManager: Shutting down and abandoning module OculusInput (390)
[2018.09.24-21.23.09:198][553]LogModuleManager: Shutting down and abandoning module MobilePatchingUtils (388)
[2018.09.24-21.23.09:198][553]LogModuleManager: Shutting down and abandoning module EditableMesh (386)
[2018.09.24-21.23.09:198][553]LogModuleManager: Shutting down and abandoning module CustomMeshComponent (384)
[2018.09.24-21.23.09:198][553]LogModuleManager: Shutting down and abandoning module CableComponent (382)
[2018.09.24-21.23.09:198][553]LogModuleManager: Shutting down and abandoning module AudioCapture (380)
[2018.09.24-21.23.09:198][553]LogModuleManager: Shutting down and abandoning module ArchVisCharacter (378)
[2018.09.24-21.23.09:199][553]LogModuleManager: Shutting down and abandoning module AndroidPermission (376)
[2018.09.24-21.23.09:199][553]LogModuleManager: Shutting down and abandoning module NUTUnrealEngine4 (374)
[2018.09.24-21.23.09:199][553]LogModuleManager: Shutting down and abandoning module NetcodeUnitTest (372)
[2018.09.24-21.23.09:199][553]LogModuleManager: Shutting down and abandoning module MediaCompositingEditor (370)
[2018.09.24-21.23.09:199][553]LogModuleManager: Shutting down and abandoning module MediaCompositing (368)
[2018.09.24-21.23.09:199][553]LogModuleManager: Shutting down and abandoning module LinearTimecode (366)
[2018.09.24-21.23.09:199][553]LogModuleManager: Shutting down and abandoning module ImgMedia (364)
[2018.09.24-21.23.09:208][553]LogModuleManager: Shutting down and abandoning module HTML5Networking (362)
[2018.09.24-21.23.09:208][553]LogModuleManager: Shutting down and abandoning module GeometryCacheTracks (360)
[2018.09.24-21.23.09:208][553]LogModuleManager: Shutting down and abandoning module GeometryCacheSequencer (358)
[2018.09.24-21.23.09:208][553]LogModuleManager: Shutting down and abandoning module BackChannel (356)
[2018.09.24-21.23.09:208][553]LogModuleManager: Shutting down and abandoning module AppleVision (354)
[2018.09.24-21.23.09:208][553]LogModuleManager: Shutting down and abandoning module AppleImageUtils (352)
[2018.09.24-21.23.09:208][553]LogModuleManager: Shutting down and abandoning module AlembicImporter (350)
[2018.09.24-21.23.09:208][553]LogModuleManager: Shutting down and abandoning module AlembicLibrary (349)
[2018.09.24-21.23.09:208][553]LogModuleManager: Shutting down and abandoning module GeometryCache (348)
[2018.09.24-21.23.09:208][553]LogModuleManager: Shutting down and abandoning module GeometryCacheEd (347)
[2018.09.24-21.23.09:209][553]LogModuleManager: Shutting down and abandoning module DatasmithContentEditor (342)
[2018.09.24-21.23.09:209][553]LogModuleManager: Shutting down and abandoning module DatasmithContent (340)
[2018.09.24-21.23.09:210][553]LogModuleManager: Shutting down and abandoning module SpeedTreeImporter (338)
[2018.09.24-21.23.09:210][553]LogModuleManager: Shutting down and abandoning module PluginBrowser (336)
[2018.09.24-21.23.09:210][553]LogModuleManager: Shutting down and abandoning module MobileLauncherProfileWizard (334)
[2018.09.24-21.23.09:210][553]LogModuleManager: Shutting down and abandoning module PolygonModeling (332)
[2018.09.24-21.23.09:211][553]LogModuleManager: Shutting down and abandoning module MeshEditor (330)
[2018.09.24-21.23.09:211][553]LogModuleManager: Shutting down and abandoning module CryptoKeysOpenSSL (328)
[2018.09.24-21.23.09:211][553]LogModuleManager: Shutting down and abandoning module CryptoKeys (326)
[2018.09.24-21.23.09:211][553]LogModuleManager: Shutting down and abandoning module VisualStudioSourceCodeAccess (324)
[2018.09.24-21.23.09:211][553]LogModuleManager: Shutting down and abandoning module VisualStudioCodeSourceCodeAccess (322)
[2018.09.24-21.23.09:211][553]LogModuleManager: Shutting down and abandoning module UObjectPlugin (320)
[2018.09.24-21.23.09:211][553]LogModuleManager: Shutting down and abandoning module SubversionSourceControl (318)
[2018.09.24-21.23.09:211][553]LogModuleManager: Shutting down and abandoning module PerforceSourceControl (316)
[2018.09.24-21.23.09:211][553]LogModuleManager: Shutting down and abandoning module GitSourceControl (314)
[2018.09.24-21.23.09:211][553]LogModuleManager: Shutting down and abandoning module SourceControl (313)
[2018.09.24-21.23.09:211][553]LogModuleManager: Shutting down and abandoning module CLionSourceCodeAccess (310)
[2018.09.24-21.23.09:211][553]LogModuleManager: Shutting down and abandoning module LightPropagationVolumeEditor (308)
[2018.09.24-21.23.09:211][553]LogModuleManager: Shutting down and abandoning module PaperTiledImporter (306)
[2018.09.24-21.23.09:211][553]LogModuleManager: Shutting down and abandoning module PaperSpriteSheetImporter (304)
[2018.09.24-21.23.09:211][553]LogModuleManager: Shutting down and abandoning module Paper2DEditor (302)
[2018.09.24-21.23.09:212][553]LogModuleManager: Shutting down and abandoning module MeshPaint (301)
[2018.09.24-21.23.09:212][553]LogModuleManager: Shutting down and abandoning module RuntimePhysXCooking (298)
[2018.09.24-21.23.09:212][553]LogModuleManager: Shutting down and abandoning module PhysXVehiclesEditor (296)
[2018.09.24-21.23.09:212][553]LogModuleManager: Shutting down and abandoning module PhysXVehicles (294)
[2018.09.24-21.23.09:212][553]LogModuleManager: Shutting down and abandoning module OculusEditor (292)
[2018.09.24-21.23.09:212][553]LogModuleManager: Shutting down and abandoning module LocationServicesBPLibrary (290)
[2018.09.24-21.23.09:212][553]LogModuleManager: Shutting down and abandoning module ImmediatePhysicsEditor (288)
[2018.09.24-21.23.09:212][553]LogModuleManager: Shutting down and abandoning module ImmediatePhysics (286)
[2018.09.24-21.23.09:212][553]LogModuleManager: Shutting down and abandoning module ActorSequence (284)
[2018.09.24-21.23.09:212][553]LogModuleManager: Shutting down and abandoning module UdpMessaging (282)
[2018.09.24-21.23.09:313][553]LogModuleManager: Shutting down and abandoning module TcpMessaging (280)
[2018.09.24-21.23.09:414][553]LogModuleManager: Shutting down and abandoning module MagicLeapAudio (278)
[2018.09.24-21.23.09:414][553]LogModuleManager: Shutting down and abandoning module GameplayTagsEditor (276)
[2018.09.24-21.23.09:414][553]LogModuleManager: Shutting down and abandoning module FacialAnimationEditor (274)
[2018.09.24-21.23.09:414][553]LogModuleManager: Shutting down and abandoning module FacialAnimation (272)
[2018.09.24-21.23.09:414][553]LogModuleManager: Shutting down and abandoning module DataValidation (270)
[2018.09.24-21.23.09:414][553]LogModuleManager: Shutting down and abandoning module AssetManagerEditor (268)
[2018.09.24-21.23.09:414][553]LogModuleManager: Shutting down and abandoning module LevelEditor (267)
[2018.09.24-21.23.09:421][553]LogModuleManager: Shutting down and abandoning module PixelInspectorModule (266)
[2018.09.24-21.23.09:421][553]LogModuleManager: Shutting down and abandoning module CommonMenuExtensions (264)
[2018.09.24-21.23.09:422][553]LogModuleManager: Shutting down and abandoning module MainFrame (262)
[2018.09.24-21.23.09:422][553]LogModuleManager: Shutting down and abandoning module HotReload (261)
[2018.09.24-21.23.09:423][553]LogModuleManager: Shutting down and abandoning module ContentBrowser (257)
[2018.09.24-21.23.09:437][553]LogModuleManager: Shutting down and abandoning module TreeMap (255)
[2018.09.24-21.23.09:437][553]LogModuleManager: Shutting down and abandoning module LightPropagationVolumeRuntime (252)
[2018.09.24-21.23.09:437][553]LogModuleManager: Shutting down and abandoning module AISupportModule (250)
[2018.09.24-21.23.09:437][553]LogModuleManager: Shutting down and abandoning module Paper2D (248)
[2018.09.24-21.23.09:437][553]LogModuleManager: Shutting down and abandoning module WindowsMoviePlayer (246)
[2018.09.24-21.23.09:438][553]LogModuleManager: Shutting down and abandoning module WmfMedia (244)
[2018.09.24-21.23.09:441][553]LogModuleManager: Shutting down and abandoning module Media (243)
[2018.09.24-21.23.09:448][553]LogModuleManager: Shutting down and abandoning module PacketHandler (240)
[2018.09.24-21.23.09:448][553]LogModuleManager: Shutting down and abandoning module ClothingSystemEditor (238)
[2018.09.24-21.23.09:448][553]LogModuleManager: Shutting down and abandoning module ClothingSystemRuntime (236)
[2018.09.24-21.23.09:448][553]LogModuleManager: Shutting down and abandoning module MediaAssets (234)
[2018.09.24-21.23.09:448][553]LogModuleManager: Shutting down and abandoning module Overlay (232)
[2018.09.24-21.23.09:448][553]LogModuleManager: Shutting down and abandoning module OverlayEditor (231)
[2018.09.24-21.23.09:448][553]LogModuleManager: Shutting down and abandoning module VREditor (228)
[2018.09.24-21.23.09:448][553]LogModuleManager: Shutting down and abandoning module StringTableEditor (226)
[2018.09.24-21.23.09:448][553]LogModuleManager: Shutting down and abandoning module GameplayTasksEditor (224)
[2018.09.24-21.23.09:448][553]LogModuleManager: Shutting down and abandoning module BehaviorTreeEditor (222)
[2018.09.24-21.23.09:448][553]LogModuleManager: Shutting down and abandoning module FunctionalTesting (220)
[2018.09.24-21.23.09:448][553]LogModuleManager: Shutting down and abandoning module CollisionAnalyzer (218)
[2018.09.24-21.23.09:449][553]LogModuleManager: Shutting down and abandoning module WorkspaceMenuStructure (217)
[2018.09.24-21.23.09:449][553]LogModuleManager: Shutting down and abandoning module UMG (214)
[2018.09.24-21.23.09:449][553]LogModuleManager: Shutting down and abandoning module UMGEditor (213)
[2018.09.24-21.23.09:449][553]LogModuleManager: Shutting down and abandoning module Sequencer (212)
[2018.09.24-21.23.09:449][553]LogModuleManager: Shutting down and abandoning module MessageLog (209)
[2018.09.24-21.23.09:450][553]LogModuleManager: Shutting down and abandoning module SlateReflector (204)
[2018.09.24-21.23.09:450][553]LogModuleManager: Shutting down and abandoning module Slate (202)
[2018.09.24-21.23.09:450][553]LogModuleManager: Shutting down and abandoning module EditorStyle (200)
[2018.09.24-21.23.09:454][553]LogModuleManager: Shutting down and abandoning module MRMesh (198)
[2018.09.24-21.23.09:454][553]LogModuleManager: Shutting down and abandoning module SourceCodeAccess (196)
[2018.09.24-21.23.09:454][553]LogModuleManager: Shutting down and abandoning module HeadMountedDisplay (194)
[2018.09.24-21.23.09:454][553]LogModuleManager: Shutting down and abandoning module XAudio2 (192)
[2018.09.24-21.23.09:454][553]LogModuleManager: Shutting down and abandoning module Networking (190)
[2018.09.24-21.23.09:455][553]LogModuleManager: Shutting down and abandoning module Core (188)
[2018.09.24-21.23.09:455][553]LogModuleManager: Shutting down and abandoning module LevelSequence (186)
[2018.09.24-21.23.09:455][553]LogModuleManager: Shutting down and abandoning module KismetCompiler (184)
[2018.09.24-21.23.09:455][553]LogModuleManager: Shutting down and abandoning module MeshUtilities (182)
[2018.09.24-21.23.09:455][553]LogModuleManager: Shutting down and abandoning module MeshMergeUtilities (181)
[2018.09.24-21.23.09:455][553]LogModuleManager: Shutting down and abandoning module MeshReductionInterface (180)
[2018.09.24-21.23.09:455][553]LogModuleManager: Shutting down and abandoning module SimplygonSwarm (179)
[2018.09.24-21.23.09:455][553]LogModuleManager: Shutting down and abandoning module ProxyLODMeshReduction (177)
[2018.09.24-21.23.09:455][553]LogModuleManager: Shutting down and abandoning module SimplygonMeshReduction (175)
[2018.09.24-21.23.09:455][553]LogModuleManager: Shutting down and abandoning module QuadricMeshReduction (173)
[2018.09.24-21.23.09:455][553]LogModuleManager: Shutting down and abandoning module MaterialBaking (169)
[2018.09.24-21.23.09:456][553]LogModuleManager: Shutting down and abandoning module DirectoryWatcher (165)
[2018.09.24-21.23.09:464][553]LogModuleManager: Shutting down and abandoning module DerivedDataCache (162)
[2018.09.24-21.23.09:509][553]LogDerivedDataCache: Shutdown
[2018.09.24-21.23.09:509][553]LogModuleManager: Shutting down and abandoning module XGEController (160)
[2018.09.24-21.23.09:509][553]LogXGEController: Cleaning working directory: C:/Users/krakp_000/AppData/Local/Temp/UnrealXGEWorkingDir/
[2018.09.24-21.23.09:510][553]LogModuleManager: Shutting down and abandoning module TargetPlatform (158)
[2018.09.24-21.23.09:510][553]LogModuleManager: Shutting down and abandoning module VulkanShaderFormat (157)
[2018.09.24-21.23.09:510][553]LogModuleManager: Shutting down and abandoning module ShaderFormatVectorVM (155)
[2018.09.24-21.23.09:511][553]LogModuleManager: Shutting down and abandoning module ShaderFormatOpenGL (153)
[2018.09.24-21.23.09:511][553]LogModuleManager: Shutting down and abandoning module ShaderFormatD3D (151)
[2018.09.24-21.23.09:511][553]LogModuleManager: Shutting down and abandoning module MetalShaderFormat (149)
[2018.09.24-21.23.09:511][553]LogModuleManager: Shutting down and abandoning module TextureFormatUncompressed (147)
[2018.09.24-21.23.09:511][553]LogModuleManager: Shutting down and abandoning module TextureFormatPVR (145)
[2018.09.24-21.23.09:511][553]LogModuleManager: Shutting down and abandoning module TextureFormatDXT (143)
[2018.09.24-21.23.09:511][553]LogModuleManager: Shutting down and abandoning module TextureFormatIntelISPCTexComp (141)
[2018.09.24-21.23.09:511][553]LogModuleManager: Shutting down and abandoning module TextureFormatASTC (139)
[2018.09.24-21.23.09:511][553]LogModuleManager: Shutting down and abandoning module ImageWrapper (138)
[2018.09.24-21.23.09:511][553]LogModuleManager: Shutting down and abandoning module TextureFormatAndroid (135)
[2018.09.24-21.23.09:511][553]LogModuleManager: Shutting down and abandoning module AudioFormatOpus (133)
[2018.09.24-21.23.09:512][553]LogModuleManager: Shutting down and abandoning module AudioFormatOgg (131)
[2018.09.24-21.23.09:512][553]LogModuleManager: Shutting down and abandoning module AudioFormatADPCM (129)
[2018.09.24-21.23.09:512][553]LogModuleManager: Shutting down and abandoning module LuminTargetPlatform (127)
[2018.09.24-21.23.09:512][553]LogModuleManager: Shutting down and abandoning module LinuxTargetPlatform (125)
[2018.09.24-21.23.09:513][553]LogModuleManager: Shutting down and abandoning module LinuxServerTargetPlatform (123)
[2018.09.24-21.23.09:513][553]LogModuleManager: Shutting down and abandoning module LinuxNoEditorTargetPlatform (121)
[2018.09.24-21.23.09:513][553]LogModuleManager: Shutting down and abandoning module LinuxClientTargetPlatform (119)
[2018.09.24-21.23.09:513][553]LogModuleManager: Shutting down and abandoning module TVOSTargetPlatform (117)
[2018.09.24-21.23.09:551][553]LogModuleManager: Shutting down and abandoning module Messaging (115)
[2018.09.24-21.23.09:551][553]LogModuleManager: Shutting down and abandoning module IOSTargetPlatform (113)
[2018.09.24-21.23.09:622][553]LogModuleManager: Shutting down and abandoning module HTML5TargetPlatform (111)
[2018.09.24-21.23.09:622][553]LogModuleManager: Shutting down and abandoning module AndroidTargetPlatform (109)
[2018.09.24-21.23.09:752][553]LogModuleManager: Shutting down and abandoning module WindowsTargetPlatform (107)
[2018.09.24-21.23.09:752][553]LogModuleManager: Shutting down and abandoning module WindowsServerTargetPlatform (105)
[2018.09.24-21.23.09:752][553]LogModuleManager: Shutting down and abandoning module WindowsNoEditorTargetPlatform (103)
[2018.09.24-21.23.09:752][553]LogModuleManager: Shutting down and abandoning module WindowsClientTargetPlatform (101)
[2018.09.24-21.23.09:752][553]LogModuleManager: Shutting down and abandoning module MacTargetPlatform (99)
[2018.09.24-21.23.09:753][553]LogModuleManager: Shutting down and abandoning module MacServerTargetPlatform (97)
[2018.09.24-21.23.09:753][553]LogModuleManager: Shutting down and abandoning module MacNoEditorTargetPlatform (95)
[2018.09.24-21.23.09:753][553]LogModuleManager: Shutting down and abandoning module MacClientTargetPlatform (93)
[2018.09.24-21.23.09:753][553]LogModuleManager: Shutting down and abandoning module AllDesktopTargetPlatform (91)
[2018.09.24-21.23.09:753][553]LogModuleManager: Shutting down and abandoning module InputCore (88)
[2018.09.24-21.23.09:753][553]LogModuleManager: Shutting down and abandoning module Settings (86)
[2018.09.24-21.23.09:753][553]LogModuleManager: Shutting down and abandoning module PhysXCooking (84)
[2018.09.24-21.23.09:753][553]LogModuleManager: Shutting down and abandoning module SteamVR (82)
[2018.09.24-21.23.09:753][553]LogModuleManager: Shutting down and abandoning module OculusHMD (80)
[2018.09.24-21.23.09:753][553]LogModuleManager: Shutting down and abandoning module ExampleDeviceProfileSelector (78)
[2018.09.24-21.23.09:753][553]LogModuleManager: Shutting down and abandoning module LauncherChunkInstaller (76)
[2018.09.24-21.23.09:753][553]LogModuleManager: Shutting down and abandoning module OnlineBlueprintSupport (74)
[2018.09.24-21.23.09:753][553]LogModuleManager: Shutting down and abandoning module OnlineSubsystem (70)
[2018.09.24-21.23.09:755][553]LogModuleManager: Shutting down and abandoning module XMPP (65)
[2018.09.24-21.23.09:756][553]LogModuleManager: Shutting down and abandoning module WebSockets (64)
[2018.09.24-21.23.09:785][553]LogModuleManager: Shutting down and abandoning module HTTP (61)
[2018.09.24-21.23.09:814][553]LogModuleManager: Shutting down and abandoning module SSL (60)
[2018.09.24-21.23.09:819][553]LogModuleManager: Shutting down and abandoning module MagicLeapEmulator (56)
[2018.09.24-21.23.09:819][553]LogModuleManager: Shutting down and abandoning module MagicLeapPrivileges (54)
[2018.09.24-21.23.09:819][553]LogModuleManager: Shutting down and abandoning module MagicLeapIdentity (52)
[2018.09.24-21.23.09:819][553]LogModuleManager: Shutting down and abandoning module MagicLeapHelperVulkan (50)
[2018.09.24-21.23.09:819][553]LogModuleManager: Shutting down and abandoning module MagicLeapHelperOpenGL (48)
[2018.09.24-21.23.09:819][553]LogModuleManager: Shutting down and abandoning module MagicLeapSecureStorage (46)
[2018.09.24-21.23.09:819][553]LogModuleManager: Shutting down and abandoning module MagicLeapGestures (44)
[2018.09.24-21.23.09:819][553]LogModuleManager: Shutting down and abandoning module MagicLeapEyeTracker (42)
[2018.09.24-21.23.09:819][553]LogModuleManager: Shutting down and abandoning module MagicLeapController (40)
[2018.09.24-21.23.09:821][553]LogSlate: Slate User Destroyed.  User Index 0, Is Virtual User: 0
[2018.09.24-21.23.09:821][553]LogModuleManager: Shutting down and abandoning module MagicLeap (38)
[2018.09.24-21.23.09:821][553]LogModuleManager: Shutting down and abandoning module AnimationModifiers (36)
[2018.09.24-21.23.09:821][553]LogModuleManager: Shutting down and abandoning module PropertyEditor (35)
[2018.09.24-21.23.09:821][553]LogModuleManager: Shutting down and abandoning module AudioEditor (32)
[2018.09.24-21.23.09:821][553]LogModuleManager: Shutting down and abandoning module TextureCompressor (30)
[2018.09.24-21.23.09:821][553]LogModuleManager: Shutting down and abandoning module ShaderCore (28)
[2018.09.24-21.23.09:821][553]LogModuleManager: Shutting down and abandoning module Landscape (26)
[2018.09.24-21.23.09:821][553]LogModuleManager: Shutting down and abandoning module SlateRHIRenderer (24)
[2018.09.24-21.23.09:824][553]LogModuleManager: Shutting down and abandoning module OpenGLDrv (22)
[2018.09.24-21.23.09:824][553]LogModuleManager: Shutting down and abandoning module D3D11RHI (20)
[2018.09.24-21.23.09:824][553]LogModuleManager: Shutting down and abandoning module AnimGraphRuntime (18)
[2018.09.24-21.23.09:824][553]LogModuleManager: Shutting down and abandoning module Renderer (16)
[2018.09.24-21.23.09:825][553]LogModuleManager: Shutting down and abandoning module Engine (14)
[2018.09.24-21.23.09:825][553]LogModuleManager: Shutting down and abandoning module CoreUObject (12)
[2018.09.24-21.23.09:825][553]LogModuleManager: Shutting down and abandoning module NetworkFile (10)
[2018.09.24-21.23.09:825][553]LogModuleManager: Shutting down and abandoning module CookedIterativeFile (8)
[2018.09.24-21.23.09:825][553]LogModuleManager: Shutting down and abandoning module StreamingFile (6)
[2018.09.24-21.23.09:825][553]LogModuleManager: Shutting down and abandoning module SandboxFile (4)
[2018.09.24-21.23.09:825][553]LogModuleManager: Shutting down and abandoning module PakFile (2)
[2018.09.24-21.23.09:832][553]LogExit: Exiting.
[2018.09.24-21.23.09:885][553]Log file closed, 09/24/18 17:23:09
