Log file open, 10/09/18 14:03:42
LogWindows: Failed to load 'aqProf.dll' (GetLastError=126)
LogWindows: File 'aqProf.dll' does not exist
LogWindows: Failed to load 'VSPerf140.dll' (GetLastError=126)
LogWindows: File 'VSPerf140.dll' does not exist
LogWindows: Failed to load 'VtuneApi.dll' (GetLastError=126)
LogWindows: File 'VtuneApi.dll' does not exist
LogWindows: Failed to load 'VtuneApi32e.dll' (GetLastError=126)
LogWindows: File 'VtuneApi32e.dll' does not exist
LogInit: Display: Running engine for game: GrimShooter
LogPlatformFile: Not using cached read wrapper
LogTaskGraph: Started task graph with 5 named threads and 11 total threads with 3 sets of task threads.
LogStats: Stats thread started at 0.361423
LogD3D11RHI: Loaded GFSDK_Aftermath_Lib.x64.dll
LogICUInternationalization: Display: ICU TimeZone Detection - Raw Offset: -5:00, Platform Override: ''
LogPluginManager: Mounting plugin Paper2D
LogPluginManager: Mounting plugin AISupport
LogPluginManager: Mounting plugin LightPropagationVolume
LogPluginManager: Mounting plugin CLionSourceCodeAccess
LogPluginManager: Mounting plugin CodeLiteSourceCodeAccess
LogPluginManager: Mounting plugin GitSourceControl
LogPluginManager: Mounting plugin KDevelopSourceCodeAccess
LogPluginManager: Mounting plugin NullSourceCodeAccess
LogPluginManager: Mounting plugin PerforceSourceControl
LogPluginManager: Mounting plugin SubversionSourceControl
LogPluginManager: Mounting plugin UObjectPlugin
LogPluginManager: Mounting plugin VisualStudioCodeSourceCodeAccess
LogPluginManager: Mounting plugin VisualStudioSourceCodeAccess
LogPluginManager: Mounting plugin XCodeSourceCodeAccess
LogPluginManager: Mounting plugin AssetManagerEditor
LogPluginManager: Mounting plugin CryptoKeys
LogPluginManager: Mounting plugin DataValidation
LogPluginManager: Mounting plugin FacialAnimation
LogPluginManager: Mounting plugin GameplayTagsEditor
LogPluginManager: Mounting plugin MacGraphicsSwitching
LogPluginManager: Mounting plugin MeshEditor
LogPluginManager: Mounting plugin MobileLauncherProfileWizard
LogPluginManager: Mounting plugin PluginBrowser
LogPluginManager: Mounting plugin SpeedTreeImporter
LogPluginManager: Mounting plugin DatasmithContent
LogPluginManager: Mounting plugin AlembicImporter
LogPluginManager: Mounting plugin AppleImageUtils
LogPluginManager: Mounting plugin AppleVision
LogPluginManager: Mounting plugin BackChannel
LogPluginManager: Mounting plugin CharacterAI
LogPluginManager: Mounting plugin GeometryCache
LogPluginManager: Mounting plugin HTML5Networking
LogPluginManager: Mounting plugin ProxyLODPlugin
LogPluginManager: Mounting plugin MagicLeap
LogPluginManager: Mounting plugin MagicLeapEmulator
LogPluginManager: Mounting plugin MagicLeapMedia
LogPluginManager: Mounting plugin AndroidMedia
LogPluginManager: Mounting plugin AvfMedia
LogPluginManager: Mounting plugin ImgMedia
LogPluginManager: Mounting plugin LinearTimecode
LogPluginManager: Mounting plugin MediaCompositing
LogPluginManager: Mounting plugin MediaPlayerEditor
LogPluginManager: Mounting plugin WmfMedia
LogPluginManager: Mounting plugin TcpMessaging
LogPluginManager: Mounting plugin UdpMessaging
LogPluginManager: Mounting plugin ActorSequence
LogPluginManager: Mounting plugin LevelSequenceEditor
LogPluginManager: Mounting plugin MatineeToLevelSequence
LogPluginManager: Mounting plugin NetcodeUnitTest
LogPluginManager: Mounting plugin NUTUnrealEngine4
LogPluginManager: Mounting plugin OnlineSubsystemGooglePlay
LogPluginManager: Mounting plugin OnlineSubsystemIOS
LogPluginManager: Mounting plugin OnlineSubsystem
LogPluginManager: Mounting plugin OnlineSubsystemNull
LogPluginManager: Mounting plugin OnlineSubsystemUtils
LogPluginManager: Mounting plugin LauncherChunkInstaller
LogPluginManager: Mounting plugin AndroidDeviceProfileSelector
LogPluginManager: Mounting plugin AndroidMoviePlayer
LogPluginManager: Mounting plugin AndroidPermission
LogPluginManager: Mounting plugin AppleMoviePlayer
LogPluginManager: Mounting plugin ArchVisCharacter
LogPluginManager: Mounting plugin AudioCapture
LogPluginManager: Mounting plugin CableComponent
LogPluginManager: Mounting plugin CustomMeshComponent
LogPluginManager: Mounting plugin EditableMesh
LogPluginManager: Mounting plugin ExampleDeviceProfileSelector
LogPluginManager: Mounting plugin GoogleCloudMessaging
LogPluginManager: Mounting plugin ImmediatePhysics
LogPluginManager: Mounting plugin IOSDeviceProfileSelector
LogPluginManager: Mounting plugin LinuxDeviceProfileSelector
LogPluginManager: Mounting plugin LocationServicesBPLibrary
LogPluginManager: Mounting plugin MobilePatchingUtils
LogPluginManager: Mounting plugin OculusVR
LogPluginManager: Plugin shader directory ../../../Engine/Plugins/Runtime/Oculus/OculusVR/Shaders found
LogPluginManager: Mapping shader source directory ../../../Engine/Plugins/Runtime/Oculus/OculusVR/Shaders to virtual directory /Plugin/OculusVR
LogPluginManager: Mounting plugin PhysXVehicles
LogPluginManager: Mounting plugin ProceduralMeshComponent
LogPluginManager: Mounting plugin RuntimePhysXCooking
LogPluginManager: Mounting plugin SteamVR
LogPluginManager: Mounting plugin WindowsMoviePlayer
LogStreaming: Display: Took  0.674s to configure plugins.
LogInit: Using libcurl 7.55.1-DEV
LogInit:  - built for x86_64-pc-win32
LogInit:  - supports SSL with OpenSSL/1.0.2h
LogInit:  - supports HTTP deflate (compression) using libz 1.2.8
LogInit:  - other features:
LogInit:      CURL_VERSION_SSL
LogInit:      CURL_VERSION_LIBZ
LogInit:      CURL_VERSION_IPV6
LogInit:      CURL_VERSION_ASYNCHDNS
LogInit:      CURL_VERSION_LARGEFILE
LogInit:      CURL_VERSION_IDN
LogInit:  CurlRequestOptions (configurable via config and command line):
LogInit:  - bVerifyPeer = false  - Libcurl will NOT verify peer certificate
LogInit:  - bUseHttpProxy = false  - Libcurl will NOT use HTTP proxy
LogInit:  - bDontReuseConnections = false  - Libcurl will reuse connections
LogInit:  - CertBundlePath = nullptr  - Libcurl will use whatever was configured at build time.
LogInit:  - MaxHostConnections = 16  - Libcurl will limit the number of connections to a host
LogInit:  - LocalHostAddr = Default
LogInit:  - BufferSize = 65536
LogInit: WinSock: version 1.1 (2.2), MaxSocks=32767, MaxUdp=65467
LogInit: Build: ++UE4+Release-4.20-CL-4302132
LogInit: Engine Version: 4.20.2-4302132+++UE4+Release-4.20
LogInit: Compatible Engine Version: 4.20.0-4212847+++UE4+Release-4.20
LogInit: Net CL: 4212847
LogInit: OS: Windows 10 (), CPU: Intel(R) Core(TM) i5-5200U CPU @ 2.20GHz, GPU: Intel(R) HD Graphics 5500
LogInit: Compiled (64-bit): Aug 21 2018 02:06:06
LogInit: Compiled with Visual C++: 19.13.26129.00
LogInit: Build Configuration: Development
LogInit: Branch Name: ++UE4+Release-4.20
LogInit: Command Line:  
LogInit: Base Directory: C:/Program Files/Epic Games/UE_4.20/Engine/Binaries/Win64/
LogInit: Installed Engine Build: 1
LogDevObjectVersion: Number of dev versions registered: 20
LogDevObjectVersion:   Dev-Blueprints (B0D832E4-1F89-4F0D-ACCF-7EB736FD4AA2): 10
LogDevObjectVersion:   Dev-Build (E1C64328-A22C-4D53-A36C-8E866417BD8C): 0
LogDevObjectVersion:   Dev-Core (375EC13C-06E4-48FB-B500-84F0262A717E): 2
LogDevObjectVersion:   Dev-Editor (E4B068ED-F494-42E9-A231-DA0B2E46BB41): 24
LogDevObjectVersion:   Dev-Framework (CFFC743F-43B0-4480-9391-14DF171D2073): 34
LogDevObjectVersion:   Dev-Mobile (B02B49B5-BB20-44E9-A304-32B752E40360): 2
LogDevObjectVersion:   Dev-Networking (A4E4105C-59A1-49B5-A7C5-40C4547EDFEE): 0
LogDevObjectVersion:   Dev-Online (39C831C9-5AE6-47DC-9A44-9C173E1C8E7C): 0
LogDevObjectVersion:   Dev-Physics (78F01B33-EBEA-4F98-B9B4-84EACCB95AA2): 0
LogDevObjectVersion:   Dev-Platform (6631380F-2D4D-43E0-8009-CF276956A95A): 0
LogDevObjectVersion:   Dev-Rendering (12F88B9F-8875-4AFC-A67C-D90C383ABD29): 26
LogDevObjectVersion:   Dev-Sequencer (7B5AE74C-D270-4C10-A958-57980B212A5A): 9
LogDevObjectVersion:   Dev-VR (D7296918-1DD6-4BDD-9DE2-64A83CC13884): 2
LogDevObjectVersion:   Dev-LoadTimes (C2A15278-BFE7-4AFE-6C17-90FF531DF755): 1
LogDevObjectVersion:   Private-Geometry (6EACA3D4-40EC-4CC1-B786-8BED09428FC5): 3
LogDevObjectVersion:   Dev-AnimPhys (29E575DD-E0A3-4627-9D10-D276232CDCEA): 17
LogDevObjectVersion:   Dev-ReflectionCapture (6B266CEC-1EC7-4B8F-A30B-E4D90942FC07): 1
LogDevObjectVersion:   Dev-Automation (0DF73D61-A23F-47EA-B727-89E90C41499A): 1
LogDevObjectVersion:   FortniteMain (601D1886-AC64-4F84-AA16-D3DE0DEAC7D6): 12
LogDevObjectVersion:   Dev-Enterprise (9DFFBCD6-494F-0158-E221-12823C92A888): 1
LogStreaming: Display: Took  0.016s to delete old logs.
LogInit: Presizing for max 8388607 objects, including 0 objects not considered by GC, pre-allocating 0 bytes for permanent pool.
LogInit: Object subsystem initialized
[2018.10.09-18.03.43:412][  0]LogInit: Selected Device Profile: [Windows]
[2018.10.09-18.03.43:412][  0]LogInit: Applying CVar settings loaded from the selected device profile: [Windows]
[2018.10.09-18.03.43:462][  0]LogHAL: Display: Platform has ~ 8 GB [8500101120 / 8589934592 / 8], which maps to Default [LargestMinGB=32, LargerMinGB=12, DefaultMinGB=8, SmallerMinGB=6, SmallestMinGB=0)
[2018.10.09-18.03.43:462][  0]LogInit: Setting Device Profile CVar: [[r.Vulkan.UseRealUBs:1]]
[2018.10.09-18.03.43:462][  0]LogInit: Going up to parent DeviceProfile []
[2018.10.09-18.03.43:464][  0]LogInit: Computer: KRAKPC
[2018.10.09-18.03.43:465][  0]LogInit: User: krakp000
[2018.10.09-18.03.43:465][  0]LogInit: CPU Page size=4096, Cores=2
[2018.10.09-18.03.43:465][  0]LogInit: High frequency timer resolution =2.143478 MHz
[2018.10.09-18.03.43:468][  0]LogMemory: Memory total: Physical=7.9GB (8GB approx)
[2018.10.09-18.03.43:469][  0]LogMemory: Platform Memory Stats for Windows
[2018.10.09-18.03.43:469][  0]LogMemory: Process Physical Memory: 100.55 MB used, 100.55 MB peak
[2018.10.09-18.03.43:469][  0]LogMemory: Process Virtual Memory: 84.54 MB used, 84.54 MB peak
[2018.10.09-18.03.43:469][  0]LogMemory: Physical Memory: 4920.16 MB used,  3186.17 MB free, 8106.33 MB total
[2018.10.09-18.03.43:469][  0]LogMemory: Virtual Memory: 4606.95 MB used,  3186.17 MB free, 134217728.00 MB total
[2018.10.09-18.03.43:807][  0]LogInit: Overriding locale with editor locale configuration option (fr).
[2018.10.09-18.03.43:807][  0]LogInit: Overriding language with editor culture configuration option ().
[2018.10.09-18.03.43:807][  0]LogInit: Using OS detected language (en-GB).
[2018.10.09-18.03.43:811][  0]LogTextLocalizationManager: No specific localization for 'en-GB' exists, so the 'en' localization will be used.
[2018.10.09-18.03.44:508][  0]LogStreaming: Display: Took  0.701s to InitEngineTextLocalization.
[2018.10.09-18.03.44:508][  0]LogInit: Setting process to per monitor DPI aware
[2018.10.09-18.03.44:593][  0]LogSlate: New Slate User Created.  User Index 0, Is Virtual User: 0
[2018.10.09-18.03.44:593][  0]LogSlate: Slate User Registered.  User Index 0, Is Virtual User: 0
[2018.10.09-18.03.45:311][  0]LogHMD: Failed to initialize OpenVR with code 110
[2018.10.09-18.03.45:311][  0]LogD3D11RHI: D3D11 adapters:
[2018.10.09-18.03.45:457][  0]LogD3D11RHI:    0. 'NVIDIA GeForce 840M' (Feature Level 11_0)
[2018.10.09-18.03.45:457][  0]LogD3D11RHI:       2010/0/4053 MB DedicatedVideo/DedicatedSystem/SharedSystem, Outputs:1, VendorId:0x10de
[2018.10.09-18.03.45:472][  0]LogD3D11RHI:    1. 'Intel(R) HD Graphics 5500' (Feature Level 11_0)
[2018.10.09-18.03.45:472][  0]LogD3D11RHI:       128/0/4053 MB DedicatedVideo/DedicatedSystem/SharedSystem, Outputs:0, VendorId:0x8086
[2018.10.09-18.03.45:477][  0]LogD3D11RHI:    2. 'Microsoft Basic Render Driver' (Feature Level 11_0)
[2018.10.09-18.03.45:477][  0]LogD3D11RHI:       0/0/4053 MB DedicatedVideo/DedicatedSystem/SharedSystem, Outputs:0, VendorId:0x1414
[2018.10.09-18.03.45:477][  0]LogD3D11RHI: Chosen D3D11 Adapter: 0
[2018.10.09-18.03.45:537][  0]LogD3D11RHI: Creating new Direct3DDevice
[2018.10.09-18.03.45:537][  0]LogD3D11RHI:     GPU DeviceId: 0x1341 (for the marketing name, search the web for "GPU Device Id")
[2018.10.09-18.03.45:537][  0]LogWindows: EnumDisplayDevices:
[2018.10.09-18.03.45:538][  0]LogWindows:    0. 'Intel(R) HD Graphics 5500' (P:1 D:1)
[2018.10.09-18.03.45:539][  0]LogWindows:    1. 'Intel(R) HD Graphics 5500' (P:0 D:0)
[2018.10.09-18.03.45:540][  0]LogWindows:    2. 'Intel(R) HD Graphics 5500' (P:0 D:0)
[2018.10.09-18.03.45:541][  0]LogWindows: DebugString: PrimaryIsNotTheChoosenAdapter PrimaryIsNotTheChoosenAdapter PrimaryIsNotTheChoosenAdapter FoundDriverCount:0 
[2018.10.09-18.03.45:541][  0]LogD3D11RHI:     Adapter Name: NVIDIA GeForce 840M
[2018.10.09-18.03.45:541][  0]LogD3D11RHI:   Driver Version: Unknown (internal:Unknown, unified:Unknown)
[2018.10.09-18.03.45:541][  0]LogD3D11RHI:      Driver Date: Unknown
[2018.10.09-18.03.45:541][  0]LogRHI: Texture pool is 1407 MB (70% of 2010 MB)
[2018.10.09-18.03.45:639][  0]LogD3D11RHI: Async texture creation enabled
[2018.10.09-18.03.45:666][  0]LogD3D11RHI: GPU Timing Frequency: 1000.000000 (Debug: 2 2)
[2018.10.09-18.03.45:668][  0]LogShaderCompilers: Guid format shader working directory is -28 characters bigger than the processId version (../../../../../../Users/krakp_000/OneDrive/Bureau/Unreal Projects/GrimShooter/Intermediate/Shaders/WorkingDirectory/13844/).
[2018.10.09-18.03.45:668][  0]LogShaderCompilers: Cleaned the shader compiler working directory 'C:/Users/krakp_000/AppData/Local/Temp/UnrealShaderWorkingDir/ABD773A14448A9AFE6A7C8A9A224BC0F/'.
[2018.10.09-18.03.46:597][  0]LogTemp: Display: Loaded TP AllDesktopTargetPlatform
[2018.10.09-18.03.46:625][  0]LogTemp: Display: Loaded TP MacClientTargetPlatform
[2018.10.09-18.03.46:650][  0]LogTemp: Display: Loaded TP MacNoEditorTargetPlatform
[2018.10.09-18.03.46:677][  0]LogTemp: Display: Loaded TP MacServerTargetPlatform
[2018.10.09-18.03.46:704][  0]LogTemp: Display: Loaded TP MacTargetPlatform
[2018.10.09-18.03.46:732][  0]LogTemp: Display: Loaded TP WindowsClientTargetPlatform
[2018.10.09-18.03.46:774][  0]LogTemp: Display: Loaded TP WindowsNoEditorTargetPlatform
[2018.10.09-18.03.46:817][  0]LogTemp: Display: Loaded TP WindowsServerTargetPlatform
[2018.10.09-18.03.46:848][  0]LogTemp: Display: Loaded TP WindowsTargetPlatform
[2018.10.09-18.03.47:103][  0]LogTemp: Display: Loaded TP AndroidTargetPlatform
[2018.10.09-18.03.47:103][  0]LogTemp: Display: Loaded TP AndroidTargetPlatform
[2018.10.09-18.03.47:103][  0]LogTemp: Display: Loaded TP AndroidTargetPlatform
[2018.10.09-18.03.47:103][  0]LogTemp: Display: Loaded TP AndroidTargetPlatform
[2018.10.09-18.03.47:103][  0]LogTemp: Display: Loaded TP AndroidTargetPlatform
[2018.10.09-18.03.47:103][  0]LogTemp: Display: Loaded TP AndroidTargetPlatform
[2018.10.09-18.03.47:103][  0]LogTemp: Display: Loaded TP AndroidTargetPlatform
[2018.10.09-18.03.47:103][  0]LogTemp: Display: Loaded TP AndroidTargetPlatform
[2018.10.09-18.03.47:103][  0]LogTemp: Display: Loaded TP AndroidTargetPlatform
[2018.10.09-18.03.47:103][  0]LogTemp: Display: Loaded TP AndroidTargetPlatform
[2018.10.09-18.03.47:103][  0]LogTemp: Display: Loaded TP AndroidTargetPlatform
[2018.10.09-18.03.47:103][  0]LogTemp: Display: Loaded TP AndroidTargetPlatform
[2018.10.09-18.03.47:104][  0]LogTemp: Display: Loaded TP AndroidTargetPlatform
[2018.10.09-18.03.47:104][  0]LogTemp: Display: Loaded TP AndroidTargetPlatform
[2018.10.09-18.03.47:104][  0]LogTemp: Display: Loaded TP AndroidTargetPlatform
[2018.10.09-18.03.47:104][  0]LogTemp: Display: Loaded TP AndroidTargetPlatform
[2018.10.09-18.03.47:104][  0]LogTemp: Display: Loaded TP AndroidTargetPlatform
[2018.10.09-18.03.47:104][  0]LogTemp: Display: Loaded TP AndroidTargetPlatform
[2018.10.09-18.03.47:108][  0]LogTemp: Display: Loaded TP HTML5TargetPlatform
[2018.10.09-18.03.47:236][  0]LogTemp: Display: Loaded TP IOSTargetPlatform
[2018.10.09-18.03.47:236][  0]LogTemp: Display: Loaded TP IOSTargetPlatform
[2018.10.09-18.03.47:310][  0]LogTemp: Display: Loaded TP TVOSTargetPlatform
[2018.10.09-18.03.47:310][  0]LogTemp: Display: Loaded TP TVOSTargetPlatform
[2018.10.09-18.03.47:337][  0]LogTemp: Display: Loaded TP LinuxClientTargetPlatform
[2018.10.09-18.03.47:373][  0]LogTemp: Display: Loaded TP LinuxNoEditorTargetPlatform
[2018.10.09-18.03.47:410][  0]LogTemp: Display: Loaded TP LinuxServerTargetPlatform
[2018.10.09-18.03.47:437][  0]LogTemp: Display: Loaded TP LinuxTargetPlatform
[2018.10.09-18.03.47:459][  0]LogTemp: Display: Loaded TP LuminTargetPlatform
[2018.10.09-18.03.47:459][  0]LogTargetPlatformManager: Display: Building Assets For Windows
[2018.10.09-18.03.47:681][  0]LogXGEController: Cleaning working directory: C:/Users/krakp_000/AppData/Local/Temp/UnrealXGEWorkingDir/
[2018.10.09-18.03.47:681][  0]LogXGEController: Cannot use XGE Controller as Incredibuild is not installed on this machine.
[2018.10.09-18.03.47:681][  0]LogShaderCompilers: Cannot use XGE Shader Compiler as Incredibuild is not installed on this machine.
[2018.10.09-18.03.47:681][  0]LogShaderCompilers: Display: Using Local Shader Compiler.
[2018.10.09-18.03.49:623][  0]LogDerivedDataCache: Display: Max Cache Size: 512 MB
[2018.10.09-18.03.49:772][  0]LogDerivedDataCache: Loaded boot cache 0.15s 71MB C:/Users/krakp_000/AppData/Local/UnrealEngine/4.20/DerivedDataCache/Boot.ddc.
[2018.10.09-18.03.49:773][  0]LogDerivedDataCache: Display: Loaded Boot cache: C:/Users/krakp_000/AppData/Local/UnrealEngine/4.20/DerivedDataCache/Boot.ddc
[2018.10.09-18.03.49:773][  0]LogDerivedDataCache: FDerivedDataBackendGraph:  Pak pak cache file ../../../../../../Users/krakp_000/OneDrive/Bureau/Unreal Projects/GrimShooter/DerivedDataCache/DDC.ddp not found, will not use a pak cache.
[2018.10.09-18.03.49:773][  0]LogDerivedDataCache: Unable to find inner node Pak for hierarchical cache Hierarchy.
[2018.10.09-18.03.49:773][  0]LogDerivedDataCache: FDerivedDataBackendGraph:  CompressedPak pak cache file ../../../../../../Users/krakp_000/OneDrive/Bureau/Unreal Projects/GrimShooter/DerivedDataCache/Compressed.ddp not found, will not use a pak cache.
[2018.10.09-18.03.49:773][  0]LogDerivedDataCache: Unable to find inner node CompressedPak for hierarchical cache Hierarchy.
[2018.10.09-18.03.49:803][  0]LogDerivedDataCache: Display: Pak cache opened for reading ../../../Engine/DerivedDataCache/Compressed.ddp.
[2018.10.09-18.03.49:819][  0]LogDerivedDataCache: Using Local data cache path C:/Users/krakp_000/AppData/Local/UnrealEngine/Common/DerivedDataCache: Writable
[2018.10.09-18.03.49:819][  0]LogDerivedDataCache: Shared data cache path not found in *engine.ini, will not use an Shared cache.
[2018.10.09-18.03.49:819][  0]LogDerivedDataCache: Unable to find inner node Shared for hierarchical cache Hierarchy.
[2018.10.09-18.03.49:862][  0]LogMaterial: Verifying Global Shaders for PCD3D_SM5
[2018.10.09-18.03.49:864][  0]LogSlate: Using FreeType 2.6.0
[2018.10.09-18.03.49:865][  0]LogSlate: SlateFontServices - WITH_FREETYPE: 1, WITH_HARFBUZZ: 1
[2018.10.09-18.03.50:044][  0]LogAssetRegistry: FAssetRegistry took 0.0312 seconds to start up
[2018.10.09-18.03.51:170][  0]LogInit: Selected Device Profile: [Windows]
[2018.10.09-18.03.51:595][  0]LogSimplygon: Simplygon DLL not present - disabling.
[2018.10.09-18.03.51:611][  0]LogMeshReduction: Using SimplygonSwarm for distributed automatic mesh merging
[2018.10.09-18.03.51:611][  0]LogMeshReduction: Using ProxyLODMeshReduction for automatic mesh merging
[2018.10.09-18.03.51:612][  0]LogMeshReduction: Using QuadricMeshReduction for automatic static mesh reduction
[2018.10.09-18.03.51:612][  0]LogMeshReduction: No automatic skeletal mesh reduction module available
[2018.10.09-18.03.51:648][  0]LogNetVersion: GrimShooter 1.0.0, NetCL: 4212847, EngineNetVer: 5, GameNetVer: 0 (Checksum: 682848799)
[2018.10.09-18.03.53:357][  0]LogPackageLocalizationCache: Processed 11 localized package path(s) for 2 prioritized culture(s) in 0.491696 seconds
[2018.10.09-18.03.53:375][  0]LogUObjectArray: 38425 objects as part of root set at end of initial load.
[2018.10.09-18.03.53:376][  0]LogUObjectAllocator: 6690864 out of 0 bytes used by permanent object pool.
[2018.10.09-18.03.53:376][  0]LogUObjectArray: CloseDisregardForGC: 0/0 objects in disregard for GC pool
[2018.10.09-18.03.56:426][  0]LogTcpMessaging: Initializing TcpMessaging bridge
[2018.10.09-18.03.56:442][  0]LogUdpMessaging: Initializing bridge on interface 0.0.0.0:0 to multicast group 230.0.0.1:6666.
[2018.10.09-18.03.56:760][  0]SourceControl: Source control is disabled
[2018.10.09-18.03.56:760][  0]SourceControl: Source control is disabled
[2018.10.09-18.03.56:765][  0]SourceControl: Source control is disabled
[2018.10.09-18.03.56:770][  0]SourceControl: Source control is disabled
[2018.10.09-18.03.57:197][  0]LogAndroidPermission: UAndroidPermissionCallbackProxy::GetInstance
[2018.10.09-18.03.57:353][  0]LogOcInput: OculusInput pre-init called
[2018.10.09-18.03.57:483][  0]LogEngine: Initializing Engine...
[2018.10.09-18.03.57:487][  0]LogHMD: Failed to initialize OpenVR with code 110
[2018.10.09-18.03.57:490][  0]LogStats: UGameplayTagsManager::ConstructGameplayTagTree: ImportINI prefixes -  0.000 s
[2018.10.09-18.03.57:490][  0]LogStats: UGameplayTagsManager::ConstructGameplayTagTree: Construct from data asset -  0.000 s
[2018.10.09-18.03.57:491][  0]LogStats: UGameplayTagsManager::ConstructGameplayTagTree: ImportINI -  0.000 s
[2018.10.09-18.03.57:491][  0]LogStats: UGameplayTagsManager::ConstructGameplayTagTree: GameplayTagTreeChangedEvent.Broadcast -  0.000 s
[2018.10.09-18.03.58:048][  0]LogInit: Initializing FReadOnlyCVARCache
[2018.10.09-18.03.58:106][  0]LogAIModule: Creating AISystem for world Untitled
[2018.10.09-18.03.58:166][  0]LogInit: XAudio2 using 'Haut-parleurs (Realtek High Definition Audio)' : 2 channels at 48 kHz using 32 bits per sample (channel mask 0x3)
[2018.10.09-18.03.58:243][  0]LogInit: FAudioDevice initialized.
[2018.10.09-18.03.58:244][  0]LogNetVersion: Set ProjectVersion to 1.0.0.0. Version Checksum will be recalculated on next use.
[2018.10.09-18.03.58:723][  0]LogDerivedDataCache: Saved boot cache 0.48s 71MB C:/Users/krakp_000/AppData/Local/UnrealEngine/4.20/DerivedDataCache/Boot.ddc.
[2018.10.09-18.03.58:732][  0]LogInit: Texture streaming: Enabled
[2018.10.09-18.03.58:848][  0]LogInit: Transaction tracking system initialized
[2018.10.09-18.03.58:979][  0]BlueprintLog: New page: Editor Load
[2018.10.09-18.03.59:335][  0]LocalizationService: Localization service is disabled
[2018.10.09-18.04.00:489][  0]LogCook: Display: Max memory allowance for cook 16384mb min free memory 0mb
[2018.10.09-18.04.00:490][  0]LogCook: Display: Mobile HDR setting 1
[2018.10.09-18.04.00:490][  0]LogGameplayTags: Display: UGameplayTagsManager::DoneAddingNativeTags. DelegateIsBound: 0
[2018.10.09-18.04.00:490][  0]LogStats: UGameplayTagsManager::ConstructGameplayTagTree: ImportINI prefixes -  0.000 s
[2018.10.09-18.04.00:490][  0]LogStats: UGameplayTagsManager::ConstructGameplayTagTree: Construct from data asset -  0.000 s
[2018.10.09-18.04.00:490][  0]LogStats: UGameplayTagsManager::ConstructGameplayTagTree: ImportINI -  0.000 s
[2018.10.09-18.04.00:490][  0]LogStats: UGameplayTagsManager::ConstructGameplayTagTree: GameplayTagTreeChangedEvent.Broadcast -  0.000 s
[2018.10.09-18.04.00:967][  0]LogFileCache: Scanning file cache for directory 'C:/Users/krakp_000/OneDrive/Bureau/Unreal Projects/GrimShooter/Content/' took 0.04s
[2018.10.09-18.04.00:967][  0]SourceControl: Source control is disabled
[2018.10.09-18.04.00:967][  0]Cmd: MAP LOAD FILE="../../../../../../Users/krakp_000/OneDrive/Bureau/Unreal Projects/GrimShooter/Content/TwinStickBP/Maps/TwinStickExampleMap.umap" TEMPLATE=0 SHOWPROGRESS=1 FEATURELEVEL=3
[2018.10.09-18.04.00:969][  0]LightingResults: New page: Lighting Build
[2018.10.09-18.04.00:981][  0]MapCheck: New page: Map Check
[2018.10.09-18.04.00:981][  0]LightingResults: New page: Lighting Build
[2018.10.09-18.04.02:239][  0]LogLinker: Warning: Can't find file '/Game/GTFreeMaterials/Materials/Cursor_4'
[2018.10.09-18.04.02:239][  0]LogLinker: Warning: Can't find file for asset '/Game/GTFreeMaterials/Materials/Cursor_4' while loading ../../../../../../Users/krakp_000/OneDrive/Bureau/Unreal Projects/GrimShooter/Content/Blueprints/HUD_Blueprints.uasset.
[2018.10.09-18.04.02:239][  0]LoadErrors: Error: /Game/Blueprints/HUD_Blueprints : Can't find file for asset. /Game/GTFreeMaterials/Materials/Cursor_4
[2018.10.09-18.04.02:241][  0]LogLinker: Warning: Can't find file '/Game/GTFreeMaterials/Materials/Cursor_4'
[2018.10.09-18.04.02:241][  0]LogLinker: Warning: Can't find file for asset '/Game/GTFreeMaterials/Materials/Cursor_4' while loading ../../../../../../Users/krakp_000/OneDrive/Bureau/Unreal Projects/GrimShooter/Content/Blueprints/HUD_Blueprints.uasset.
[2018.10.09-18.04.02:241][  0]LoadErrors: Error: /Game/Blueprints/HUD_Blueprints : Can't find file for asset. /Game/GTFreeMaterials/Materials/Cursor_4
[2018.10.09-18.04.02:244][  0]LogLinker: Warning: Can't find file '/Game/GTFreeMaterials/Materials/Cursor_4'
[2018.10.09-18.04.02:244][  0]LogLinker: Warning: Can't find file for asset '/Game/GTFreeMaterials/Materials/Cursor_4' while loading ../../../../../../Users/krakp_000/OneDrive/Bureau/Unreal Projects/GrimShooter/Content/TwinStickBP/Blueprints/TwinStickGameMode.uasset.
[2018.10.09-18.04.02:245][  0]LoadErrors: Error: /Game/TwinStickBP/Blueprints/TwinStickGameMode : Can't find file for asset. /Game/GTFreeMaterials/Materials/Cursor_4
[2018.10.09-18.04.02:245][  0]LogLinker: Warning: Can't find file '/Game/GTFreeMaterials/Materials/Cursor_4'
[2018.10.09-18.04.02:245][  0]LogLinker: Warning: Can't find file for asset '/Game/GTFreeMaterials/Materials/Cursor_4' while loading ../../../../../../Users/krakp_000/OneDrive/Bureau/Unreal Projects/GrimShooter/Content/TwinStickBP/Blueprints/TwinStickGameMode.uasset.
[2018.10.09-18.04.02:246][  0]LoadErrors: Error: /Game/TwinStickBP/Blueprints/TwinStickGameMode : Can't find file for asset. /Game/GTFreeMaterials/Materials/Cursor_4
[2018.10.09-18.04.02:253][  0]LogLinker: Warning: Can't find file '/Game/GTFreeMaterials/Materials/Cursor_4'
[2018.10.09-18.04.02:253][  0]LoadErrors: Failed to load /Game/GTFreeMaterials/Materials/Cursor_4.Cursor_4 Referenced by K2Node_CallFunction_16
[2018.10.09-18.04.02:254][  0]LogLinker: Warning: Can't find file for asset '/Game/GTFreeMaterials/Materials/Cursor_4' while loading ../../../../../../Users/krakp_000/OneDrive/Bureau/Unreal Projects/GrimShooter/Content/TwinStickBP/Blueprints/TwinStickGameMode.uasset.
[2018.10.09-18.04.02:254][  0]LoadErrors: Failed to load /Game/GTFreeMaterials/Materials/Cursor_4.Cursor_4 Referenced by K2Node_CallFunction_16
[2018.10.09-18.04.02:254][  0]LoadErrors: Error: /Game/TwinStickBP/Blueprints/TwinStickGameMode : Can't find file for asset. /Game/GTFreeMaterials/Materials/Cursor_4
[2018.10.09-18.04.03:132][  0]LogAIModule: Creating AISystem for world TwinStickExampleMap
[2018.10.09-18.04.03:152][  0]LogMaterial: Warning: Material /Engine/Tutorial/SubEditors/TutorialAssets/TutorialMaterial.TutorialMaterial needed to have new flag set bUsedWithStaticLighting !
[2018.10.09-18.04.03:162][  0]LogMaterial: Display: Missing cached shader map for material TutorialMaterial, compiling. 
[2018.10.09-18.04.03:332][  0]MapCheck: Warning: TutorialMaterial Material /Engine/Tutorial/SubEditors/TutorialAssets/TutorialMaterial.TutorialMaterial was missing the usage flag bUsedWithStaticLighting. If the material asset is not re-saved, it may not render correctly when run outside the editor. Fix
[2018.10.09-18.04.03:342][  0]LogShaderCompilers: Display: Shaders left to compile 31
[2018.10.09-18.04.03:342][  0]LogShaderCompilers: Display: Shaders left to compile 21
[2018.10.09-18.04.03:342][  0]LogShaderCompilers: Display: Shaders left to compile 11
[2018.10.09-18.04.03:342][  0]LogEditorServer: Finished looking for orphan Actors (0.000 secs)
[2018.10.09-18.04.03:448][  0]Cmd: MAP CHECKDEP NOCLEARLOG
[2018.10.09-18.04.04:021][  0]MapCheck: Map check complete: 0 Error(s), 1 Warning(s), took 572,388ms to complete.
[2018.10.09-18.04.04:054][  0]LogFileHelpers: Loading map 'TwinStickExampleMap' took 3.086
[2018.10.09-18.04.04:674][  0]LogSlate: Updating window title bar state: overlay mode, drag disabled, window buttons hidden, title bar hidden
[2018.10.09-18.04.04:717][  0]LogSlate: Updating window title bar state: overlay mode, drag disabled, window buttons hidden, title bar hidden
[2018.10.09-18.04.04:755][  0]LogSlate: Updating window title bar state: overlay mode, drag disabled, window buttons hidden, title bar hidden
[2018.10.09-18.04.04:792][  0]LogSlate: Updating window title bar state: overlay mode, drag disabled, window buttons hidden, title bar hidden
[2018.10.09-18.04.04:825][  0]LogCollectionManager: Loaded 0 collections in 0.011692 seconds
[2018.10.09-18.04.04:908][  0]LogFileCache: Scanning file cache for directory 'C:/Users/krakp_000/OneDrive/Bureau/Unreal Projects/GrimShooter/Saved/Collections/' took 0.01s
[2018.10.09-18.04.04:908][  0]LogFileCache: Scanning file cache for directory 'C:/Users/krakp_000/OneDrive/Bureau/Unreal Projects/GrimShooter/Content/Developers/krakp000/Collections/' took 0.02s
[2018.10.09-18.04.04:909][  0]LogFileCache: Scanning file cache for directory 'C:/Users/krakp_000/OneDrive/Bureau/Unreal Projects/GrimShooter/Content/Collections/' took 0.01s
[2018.10.09-18.04.04:909][  0]LogCollectionManager: Rebuilt the GUID cache for 0 collections in 0.000000 seconds
[2018.10.09-18.04.04:947][  0]LogContentBrowser: Native class hierarchy populated in 0.0380 seconds. Added 2572 classes and 603 folders.
[2018.10.09-18.04.04:985][  0]LogContentBrowser: Native class hierarchy updated for 'WidgetCarousel' in 0.0013 seconds. Added 0 classes and 0 folders.
[2018.10.09-18.04.05:253][  0]LogContentBrowser: Native class hierarchy updated for 'AddContentDialog' in 0.0014 seconds. Added 0 classes and 0 folders.
[2018.10.09-18.04.05:279][  0]LogContentBrowser: Native class hierarchy updated for 'SceneOutliner' in 0.0006 seconds. Added 1 classes and 2 folders.
[2018.10.09-18.04.05:342][  0]LogSlate: Took 0.000732 seconds to synchronously load lazily loaded font '../../../Engine/Content/Slate/Fonts/Roboto-Regular.ttf' (155K)
[2018.10.09-18.04.05:352][  0]LogSlate: Took 0.003001 seconds to synchronously load lazily loaded font '../../../Engine/Content/Slate/Fonts/Roboto-Bold.ttf' (160K)
[2018.10.09-18.04.05:375][  0]LogSlate: Took 0.000795 seconds to synchronously load lazily loaded font '../../../Engine/Content/Editor/Slate/Fonts/FontAwesome.ttf' (139K)
[2018.10.09-18.04.05:654][  0]LogRenderer: Reallocating scene render targets to support 808x340 Format 10 NumSamples 1 (Frame:1).
[2018.10.09-18.04.06:032][  0]LogContentBrowser: Native class hierarchy updated for 'HierarchicalLODOutliner' in 0.0009 seconds. Added 0 classes and 0 folders.
[2018.10.09-18.04.06:032][  0]LogLoad: (Engine Initialization) Total time: 29.02 seconds
[2018.10.09-18.04.06:032][  0]LogLoad: (Engine Initialization) Total Blueprint compile time: 0.00 seconds
[2018.10.09-18.04.06:091][  0]LogContentStreaming: Texture pool size now 1000 MB
[2018.10.09-18.04.06:108][  0]LogSlate: FSceneViewport::OnFocusLost() reason 2
[2018.10.09-18.04.08:858][  8]LogAssetRegistry: Asset discovery search completed in 18.8370 seconds
[2018.10.09-18.04.08:866][  8]LogCollectionManager: Rebuilt the object cache for 0 collections in 0.000000 seconds (found 0 objects)
[2018.10.09-18.04.08:866][  8]LogCollectionManager: Fixed up redirectors for 0 collections in 0.000335 seconds (updated 0 objects)
[2018.10.09-18.04.40:911][365]LogShaderCompilers: Display: Shaders left to compile 1
[2018.10.09-18.05.08:154][ 77]LogSlate: Window 'Message Log' being destroyed
[2018.10.09-18.05.08:161][ 77]LogSlate: Window 'Message Log' being destroyed
[2018.10.09-18.05.09:997][185]LogSlate: FSceneViewport::OnFocusLost() reason 0
[2018.10.09-18.05.10:113][192]LogTemp: Repeating last play command: Selected Viewport
[2018.10.09-18.05.10:141][192]LogBlueprintUserMessages: Early PlayInEditor Detection: Level '/Game/TwinStickBP/Maps/TwinStickExampleMap.TwinStickExampleMap:PersistentLevel' has LevelScriptBlueprint '/Game/TwinStickBP/Maps/TwinStickExampleMap.TwinStickExampleMap:PersistentLevel.TwinStickExampleMap' with GeneratedClass '/Game/TwinStickBP/Maps/TwinStickExampleMap.TwinStickExampleMap_C' with ClassGeneratedBy '/Game/TwinStickBP/Maps/TwinStickExampleMap.TwinStickExampleMap:PersistentLevel.TwinStickExampleMap'
[2018.10.09-18.05.10:142][192]LogPlayLevel: PlayLevel: No blueprints needed recompiling
[2018.10.09-18.05.10:156][192]PIE: New page: PIE session: TwinStickExampleMap (9 oct. 2018 10:05:10)
[2018.10.09-18.05.10:156][192]LogPlayLevel: Creating play world package: /Game/TwinStickBP/Maps/UEDPIE_0_TwinStickExampleMap
[2018.10.09-18.05.10:168][192]LogPlayLevel: PIE: StaticDuplicateObject took: (0.012401s)
[2018.10.09-18.05.10:169][192]LogAIModule: Creating AISystem for world TwinStickExampleMap
[2018.10.09-18.05.10:170][192]LogPlayLevel: PIE: World Init took: (0.001345s)
[2018.10.09-18.05.10:170][192]LogPlayLevel: PIE: Created PIE world by copying editor world from /Game/TwinStickBP/Maps/TwinStickExampleMap.TwinStickExampleMap to /Game/TwinStickBP/Maps/UEDPIE_0_TwinStickExampleMap.TwinStickExampleMap (0.014100s)
[2018.10.09-18.05.10:217][192]LogInit: XAudio2 using 'Haut-parleurs (Realtek High Definition Audio)' : 2 channels at 48 kHz using 32 bits per sample (channel mask 0x3)
[2018.10.09-18.05.10:262][192]LogInit: FAudioDevice initialized.
[2018.10.09-18.05.10:307][192]LogLoad: Game class is 'TwinStickGameMode_C'
[2018.10.09-18.05.10:312][192]LogWorld: Bringing World /Game/TwinStickBP/Maps/UEDPIE_0_TwinStickExampleMap.TwinStickExampleMap up for play (max tick rate 60) at 2018.10.09-14.05.10
[2018.10.09-18.05.10:313][192]LogWorld: Bringing up level for play took: 0.002504
[2018.10.09-18.05.10:345][192]LogContentBrowser: Native class hierarchy updated for 'MovieSceneCapture' in 0.0009 seconds. Added 10 classes and 0 folders.
[2018.10.09-18.05.10:346][192]PIE: Play in editor start time for /Game/TwinStickBP/Maps/UEDPIE_0_TwinStickExampleMap 1,204
[2018.10.09-18.05.10:346][192]LogBlueprintUserMessages: Late PlayInEditor Detection: Level '/Game/TwinStickBP/Maps/TwinStickExampleMap.TwinStickExampleMap:PersistentLevel' has LevelScriptBlueprint '/Game/TwinStickBP/Maps/TwinStickExampleMap.TwinStickExampleMap:PersistentLevel.TwinStickExampleMap' with GeneratedClass '/Game/TwinStickBP/Maps/TwinStickExampleMap.TwinStickExampleMap_C' with ClassGeneratedBy '/Game/TwinStickBP/Maps/TwinStickExampleMap.TwinStickExampleMap:PersistentLevel.TwinStickExampleMap'
[2018.10.09-18.05.12:181][298]LogBlueprintUserMessages: Early EndPlayMap Detection: Level '/Game/TwinStickBP/Maps/TwinStickExampleMap.TwinStickExampleMap:PersistentLevel' has LevelScriptBlueprint '/Game/TwinStickBP/Maps/TwinStickExampleMap.TwinStickExampleMap:PersistentLevel.TwinStickExampleMap' with GeneratedClass '/Game/TwinStickBP/Maps/TwinStickExampleMap.TwinStickExampleMap_C' with ClassGeneratedBy '/Game/TwinStickBP/Maps/TwinStickExampleMap.TwinStickExampleMap:PersistentLevel.TwinStickExampleMap'
[2018.10.09-18.05.12:181][298]LogSlate: Updating window title bar state: overlay mode, drag disabled, window buttons hidden, title bar hidden
[2018.10.09-18.05.12:226][298]LogPlayLevel: Display: Shutting down PIE online subsystems
[2018.10.09-18.05.12:226][298]LogBlueprintUserMessages: Late EndPlayMap Detection: Level '/Game/TwinStickBP/Maps/TwinStickExampleMap.TwinStickExampleMap:PersistentLevel' has LevelScriptBlueprint '/Game/TwinStickBP/Maps/TwinStickExampleMap.TwinStickExampleMap:PersistentLevel.TwinStickExampleMap' with GeneratedClass '/Game/TwinStickBP/Maps/TwinStickExampleMap.TwinStickExampleMap_C' with ClassGeneratedBy '/Game/TwinStickBP/Maps/TwinStickExampleMap.TwinStickExampleMap:PersistentLevel.TwinStickExampleMap'
[2018.10.09-18.05.12:268][298]LogSlate: Updating window title bar state: overlay mode, drag disabled, window buttons hidden, title bar hidden
[2018.10.09-18.05.12:297][299]LogPlayLevel: Display: Destroying online subsystem :Context_1
[2018.10.09-18.05.15:241][474]LogSlate: FSceneViewport::OnFocusLost() reason 0
[2018.10.09-18.05.15:360][481]LogLinker: Warning: Can't find file '/Game/GTFreeMaterials/Materials/Cursor_4'
[2018.10.09-18.05.15:361][481]LogLinker: Warning: Can't find file for asset '/Game/GTFreeMaterials/Materials/Cursor_4' while loading ../../../../../../Users/krakp_000/OneDrive/Bureau/Unreal Projects/GrimShooter/Content/GTFreeMaterials/Materials/Cursor_4_Mat.uasset.
[2018.10.09-18.05.15:361][481]LoadErrors: Error: /Game/GTFreeMaterials/Materials/Cursor_4_Mat : Can't find file for asset. /Game/GTFreeMaterials/Materials/Cursor_4
[2018.10.09-18.05.15:361][481]LogLinker: Warning: Can't find file '/Game/GTFreeMaterials/Materials/Cursor_4'
[2018.10.09-18.05.15:361][481]LogLinker: Warning: Can't find file for asset '/Game/GTFreeMaterials/Materials/Cursor_4' while loading ../../../../../../Users/krakp_000/OneDrive/Bureau/Unreal Projects/GrimShooter/Content/GTFreeMaterials/Materials/Cursor_4_Mat.uasset.
[2018.10.09-18.05.15:362][481]LogLinker: Warning: Can't find file '/Game/GTFreeMaterials/Materials/Cursor_4'
[2018.10.09-18.05.15:363][481]LoadErrors: Failed to load /Game/GTFreeMaterials/Materials/Cursor_4.Cursor_4 Referenced by MaterialExpressionTextureSample_0
[2018.10.09-18.05.15:364][481]LogLinker: Warning: Can't find file for asset '/Game/GTFreeMaterials/Materials/Cursor_4' while loading NULL.
[2018.10.09-18.05.15:368][481]LogMaterial: Display: Missing cached shader map for material Cursor_4_Mat, compiling. 
[2018.10.09-18.05.15:369][481]LogMaterial: Warning: C:\Users\krakp_000\OneDrive\Bureau\Unreal Projects\GrimShooter\Content\GTFreeMaterials\Materials\Cursor_4_Mat.uasset: Failed to compile Material for platform PCD3D_SM5, Default Material will be used in game.
[2018.10.09-18.05.15:369][481]LogMaterial: 	(Node TextureSample) Texture Sample> Missing input texture
[2018.10.09-18.05.25:314][925]LogSlate: Window 'Delete Assets' being destroyed
[2018.10.09-18.05.25:331][925]LogSlate: Took 0.000588 seconds to synchronously load lazily loaded font '../../../Engine/Content/Slate/Fonts/Roboto-Light.ttf' (167K)
[2018.10.09-18.05.51:828][461]LogMaterial: Display: Missing cached shader map for material Cursor_Mat, compiling. 
[2018.10.09-18.05.51:891][462]LogShaderCompilers: Display: Shaders left to compile 22
[2018.10.09-18.05.51:893][462]LogShaderCompilers: Display: Shaders left to compile 12
[2018.10.09-18.05.51:893][462]LogShaderCompilers: Display: Shaders left to compile 2
[2018.10.09-18.05.59:744][816]LogSavePackage: Moving '../../../../../../Users/krakp_000/OneDrive/Bureau/Unreal Projects/GrimShooter/Saved/CursorD3AC111C46574A97D34FB198D20763C9.tmp' to '../../../../../../Users/krakp_000/OneDrive/Bureau/Unreal Projects/GrimShooter/Content/TwinStickBP/2D/Textures/Cursor.uasset'
[2018.10.09-18.06.29:310][261]LogSlate: Window 'Delete Assets' being destroyed
[2018.10.09-18.06.35:630][572]LogMaterial: Display: Missing cached shader map for material Cursor_Mat, compiling. 
[2018.10.09-18.06.35:687][573]LogShaderCompilers: Display: Shaders left to compile 22
[2018.10.09-18.06.35:687][573]LogShaderCompilers: Display: Shaders left to compile 12
[2018.10.09-18.06.35:687][573]LogShaderCompilers: Display: Shaders left to compile 2
[2018.10.09-18.07.57:561][717]LogVSAccessor: Warning: Couldn't open file 'C:/Program Files/Epic Games/UE_4.20/Engine/Source/Runtime/Engine/Classes/Materials/Material.h'.
[2018.10.09-18.07.57:562][717]LogVSAccessor: Warning: Couldn't access Visual Studio
[2018.10.09-18.07.57:574][717]LogVSAccessor: Warning: Couldn't access module table
[2018.10.09-18.07.57:574][717]LogVSAccessor: Warning: Couldn't access module table
[2018.10.09-18.07.57:575][717]LogVSAccessor: Warning: Couldn't access module table
[2018.10.09-18.07.57:575][717]LogVSAccessor: Warning: Couldn't access module table
[2018.10.09-18.07.57:576][717]LogVSAccessor: Warning: Couldn't access module table
[2018.10.09-18.07.57:577][717]LogVSAccessor: Warning: Couldn't access module table
[2018.10.09-18.07.57:577][717]LogVSAccessor: Warning: Couldn't access module table
[2018.10.09-18.07.57:578][717]LogVSAccessor: Warning: Couldn't access module table
[2018.10.09-18.07.57:578][717]LogVSAccessor: Warning: Couldn't access module table
[2018.10.09-18.07.57:579][717]LogVSAccessor: Warning: Couldn't access module table
[2018.10.09-18.07.57:579][717]LogVSAccessor: Warning: Couldn't access module table
[2018.10.09-18.07.57:580][717]LogVSAccessor: Warning: Couldn't access module table
[2018.10.09-18.07.57:580][717]LogVSAccessor: Warning: Couldn't access module table
[2018.10.09-18.07.57:581][717]LogVSAccessor: Warning: Couldn't access module table
[2018.10.09-18.07.57:581][717]LogVSAccessor: Warning: Couldn't access module table
[2018.10.09-18.07.57:582][717]LogVSAccessor: Warning: Couldn't access module table
[2018.10.09-18.07.57:582][717]LogVSAccessor: Warning: Couldn't access module table
[2018.10.09-18.07.57:583][717]LogVSAccessor: Warning: Couldn't access module table
[2018.10.09-18.07.57:584][717]LogVSAccessor: Warning: Couldn't access module table
[2018.10.09-18.07.57:584][717]LogVSAccessor: Warning: Couldn't access module table
[2018.10.09-18.07.57:585][717]LogVSAccessor: Warning: Couldn't access module table
[2018.10.09-18.07.57:585][717]LogVSAccessor: Warning: Couldn't access module table
[2018.10.09-18.07.57:586][717]LogVSAccessor: Warning: Couldn't access module table
[2018.10.09-18.07.57:586][717]LogVSAccessor: Warning: Couldn't access module table
[2018.10.09-18.07.57:587][717]LogVSAccessor: Warning: Couldn't access module table
[2018.10.09-18.07.57:588][717]LogVSAccessor: Warning: Couldn't access module table
[2018.10.09-18.07.57:588][717]LogVSAccessor: Warning: Couldn't access module table
[2018.10.09-18.07.57:589][717]LogVSAccessor: Warning: Couldn't access module table
[2018.10.09-18.07.57:590][717]LogVSAccessor: Warning: Couldn't access module table
[2018.10.09-18.07.57:590][717]LogVSAccessor: Warning: Couldn't access module table
[2018.10.09-18.07.57:591][717]LogVSAccessor: Warning: Couldn't access module table
[2018.10.09-18.07.57:591][717]LogVSAccessor: Warning: Couldn't access module table
[2018.10.09-18.07.57:592][717]LogVSAccessor: Warning: Couldn't access module table
[2018.10.09-18.07.57:592][717]LogVSAccessor: Warning: Couldn't access module table
[2018.10.09-18.07.57:593][717]LogVSAccessor: Warning: Couldn't access module table
[2018.10.09-18.07.57:593][717]LogVSAccessor: Warning: Couldn't access module table
[2018.10.09-18.07.57:594][717]LogVSAccessor: Warning: Couldn't access module table
[2018.10.09-18.07.57:594][717]LogVSAccessor: Warning: Couldn't access module table
[2018.10.09-18.07.57:595][717]LogVSAccessor: Warning: Couldn't access module table
[2018.10.09-18.07.57:596][717]LogVSAccessor: Warning: Couldn't access module table
[2018.10.09-18.07.57:596][717]LogVSAccessor: Warning: Couldn't access module table
[2018.10.09-18.07.57:597][717]LogVSAccessor: Warning: Couldn't access module table
[2018.10.09-18.07.57:597][717]LogVSAccessor: Warning: Couldn't access module table
[2018.10.09-18.07.57:598][717]LogVSAccessor: Warning: Couldn't access module table
[2018.10.09-18.07.57:598][717]LogVSAccessor: Warning: Couldn't access module table
[2018.10.09-18.07.57:599][717]LogVSAccessor: Warning: Couldn't access module table
[2018.10.09-18.07.57:600][717]LogVSAccessor: Warning: Couldn't access module table
[2018.10.09-18.07.57:600][717]LogVSAccessor: Warning: Couldn't access module table
[2018.10.09-18.07.57:600][717]LogVSAccessor: Warning: Couldn't access module table
[2018.10.09-18.07.57:601][717]LogVSAccessor: Warning: Couldn't access module table
[2018.10.09-18.07.57:602][717]LogVSAccessor: Warning: Couldn't access module table
[2018.10.09-18.07.57:602][717]LogVSAccessor: Warning: Couldn't access module table
[2018.10.09-18.07.57:603][717]LogVSAccessor: Warning: Couldn't access module table
[2018.10.09-18.07.57:603][717]LogVSAccessor: Warning: Couldn't access module table
[2018.10.09-18.07.57:604][717]LogVSAccessor: Warning: Couldn't access module table
[2018.10.09-18.07.57:604][717]LogVSAccessor: Warning: Couldn't access module table
[2018.10.09-18.07.57:605][717]LogVSAccessor: Warning: Couldn't access module table
[2018.10.09-18.07.57:606][717]LogVSAccessor: Warning: Couldn't access module table
[2018.10.09-18.07.57:606][717]LogVSAccessor: Warning: Couldn't access module table
[2018.10.09-18.07.57:607][717]LogVSAccessor: Warning: Couldn't access module table
[2018.10.09-18.07.57:607][717]LogVSAccessor: Warning: Couldn't access module table
[2018.10.09-18.07.57:608][717]LogVSAccessor: Warning: Couldn't access module table
[2018.10.09-18.07.57:608][717]LogVSAccessor: Warning: Couldn't access module table
[2018.10.09-18.07.57:609][717]LogVSAccessor: Warning: Couldn't access module table
[2018.10.09-18.07.57:609][717]LogVSAccessor: Warning: Couldn't access module table
[2018.10.09-18.07.57:610][717]LogVSAccessor: Warning: Couldn't access module table
[2018.10.09-18.07.57:611][717]LogVSAccessor: Warning: Couldn't access module table
[2018.10.09-18.07.57:611][717]LogVSAccessor: Warning: Couldn't access module table
[2018.10.09-18.07.57:612][717]LogVSAccessor: Warning: Couldn't access module table
[2018.10.09-18.07.57:612][717]LogVSAccessor: Warning: Couldn't access module table
[2018.10.09-18.07.57:613][717]LogVSAccessor: Warning: Couldn't access module table
[2018.10.09-18.07.57:613][717]LogVSAccessor: Warning: Couldn't access module table
[2018.10.09-18.07.57:616][717]LogVSAccessor: Warning: Couldn't access module table
[2018.10.09-18.07.57:616][717]LogVSAccessor: Warning: Couldn't access module table
[2018.10.09-18.07.57:617][717]LogVSAccessor: Warning: Couldn't access module table
[2018.10.09-18.07.57:617][717]LogVSAccessor: Warning: Couldn't access module table
[2018.10.09-18.07.57:618][717]LogVSAccessor: Warning: Couldn't access module table
[2018.10.09-18.07.57:618][717]LogVSAccessor: Warning: Couldn't access module table
[2018.10.09-18.07.57:619][717]LogVSAccessor: Warning: Couldn't access module table
[2018.10.09-18.07.57:620][717]LogVSAccessor: Warning: Couldn't access module table
[2018.10.09-18.07.57:620][717]LogVSAccessor: Warning: Couldn't access module table
[2018.10.09-18.07.57:621][717]LogVSAccessor: Warning: Couldn't access module table
[2018.10.09-18.07.57:621][717]LogVSAccessor: Warning: Couldn't access module table
[2018.10.09-18.07.57:622][717]LogVSAccessor: Warning: Couldn't access module table
[2018.10.09-18.07.57:623][717]LogVSAccessor: Warning: Couldn't access module table
[2018.10.09-18.07.57:623][717]LogVSAccessor: Warning: Couldn't access module table
[2018.10.09-18.07.57:624][717]LogVSAccessor: Warning: Couldn't access module table
[2018.10.09-18.07.57:625][717]LogVSAccessor: Warning: Couldn't access module table
[2018.10.09-18.07.57:625][717]LogVSAccessor: Warning: Couldn't access module table
[2018.10.09-18.07.57:626][717]LogVSAccessor: Warning: Couldn't access module table
[2018.10.09-18.07.57:626][717]LogVSAccessor: Warning: Couldn't access module table
[2018.10.09-18.07.57:627][717]LogVSAccessor: Warning: Couldn't access module table
[2018.10.09-18.07.57:627][717]LogVSAccessor: Warning: Couldn't access module table
[2018.10.09-18.07.57:628][717]LogVSAccessor: Warning: Couldn't access module table
[2018.10.09-18.07.57:629][717]LogVSAccessor: Warning: Couldn't access module table
[2018.10.09-18.07.57:629][717]LogVSAccessor: Warning: Couldn't access module table
[2018.10.09-18.07.57:630][717]LogVSAccessor: Warning: Couldn't access module table
[2018.10.09-18.07.57:630][717]LogVSAccessor: Warning: Couldn't access module table
[2018.10.09-18.07.57:631][717]LogVSAccessor: Warning: Couldn't access module table
[2018.10.09-18.07.57:631][717]LogVSAccessor: Warning: Couldn't access module table
[2018.10.09-18.07.57:632][717]LogVSAccessor: Warning: Couldn't access module table
[2018.10.09-18.07.57:632][717]LogVSAccessor: Warning: Couldn't access module table
[2018.10.09-18.07.57:633][717]LogVSAccessor: Warning: Couldn't access module table
[2018.10.09-18.07.57:634][717]LogVSAccessor: Warning: Couldn't access module table
[2018.10.09-18.07.57:634][717]LogVSAccessor: Warning: Couldn't access module table
[2018.10.09-18.07.57:635][717]LogVSAccessor: Warning: Couldn't access module table
[2018.10.09-18.07.57:635][717]LogVSAccessor: Warning: Couldn't access module table
[2018.10.09-18.07.57:636][717]LogVSAccessor: Warning: Couldn't access module table
[2018.10.09-18.07.57:636][717]LogVSAccessor: Warning: Couldn't access module table
[2018.10.09-18.07.57:637][717]LogVSAccessor: Warning: Couldn't access module table
[2018.10.09-18.07.57:638][717]LogVSAccessor: Warning: Couldn't access module table
[2018.10.09-18.07.57:638][717]LogVSAccessor: Warning: Couldn't access module table
[2018.10.09-18.07.57:639][717]LogVSAccessor: Warning: Couldn't access module table
[2018.10.09-18.07.57:639][717]LogVSAccessor: Warning: Couldn't access module table
[2018.10.09-18.07.57:640][717]LogVSAccessor: Warning: Couldn't access module table
[2018.10.09-18.07.57:640][717]LogVSAccessor: Warning: Couldn't access module table
[2018.10.09-18.07.57:641][717]LogVSAccessor: Warning: Couldn't access module table
[2018.10.09-18.07.57:641][717]LogVSAccessor: Warning: Couldn't access module table
[2018.10.09-18.07.57:642][717]LogVSAccessor: Warning: Couldn't access module table
[2018.10.09-18.07.57:642][717]LogVSAccessor: Warning: Couldn't access module table
[2018.10.09-18.07.57:643][717]LogVSAccessor: Warning: Couldn't access module table
[2018.10.09-18.07.57:643][717]LogVSAccessor: Warning: Couldn't access module table
[2018.10.09-18.07.57:644][717]LogVSAccessor: Warning: Couldn't access module table
[2018.10.09-18.07.57:644][717]LogVSAccessor: Warning: Couldn't access module table
[2018.10.09-18.07.57:645][717]LogVSAccessor: Warning: Couldn't access module table
[2018.10.09-18.07.57:651][717]LogVSAccessor: Warning: Couldn't access module table
[2018.10.09-18.07.57:663][717]LogVSAccessor: Warning: Couldn't access module table
[2018.10.09-18.07.57:665][717]LogVSAccessor: Warning: Couldn't access module table
[2018.10.09-18.07.57:666][717]LogVSAccessor: Warning: Couldn't access module table
[2018.10.09-18.07.57:775][717]LogVSAccessor: Warning: Couldn't access module table
[2018.10.09-18.07.57:794][717]LogVSAccessor: Warning: Couldn't access module table
[2018.10.09-18.07.57:846][717]LogVSAccessor: Warning: Couldn't access module table
[2018.10.09-18.07.57:850][717]LogVSAccessor: Warning: Couldn't access module table
[2018.10.09-18.07.58:219][717]LogVSAccessor: Warning: Couldn't access module table
[2018.10.09-18.07.58:222][717]LogVSAccessor: Warning: Couldn't access module table
[2018.10.09-18.07.58:225][717]LogVSAccessor: Warning: Couldn't access module table
[2018.10.09-18.08.39:113][764]LogSlate: Window 'Save Content' being destroyed
[2018.10.09-18.09.57:051][553]LogSlate: Window 'Save Content' being destroyed
[2018.10.09-18.09.57:193][553]LogSavePackage: Moving '../../../../../../Users/krakp_000/OneDrive/Bureau/Unreal Projects/GrimShooter/Saved/Cursor_Mat9EBEF2974F4596A079EBE894CDE1D495.tmp' to '../../../../../../Users/krakp_000/OneDrive/Bureau/Unreal Projects/GrimShooter/Content/TwinStickBP/2D/Textures/Cursor_Mat.uasset'
[2018.10.09-18.09.57:362][553]LogSlate: Window 'GrimShooter - Unreal Editor' being destroyed
[2018.10.09-18.09.57:363][553]LogWindowsTextInputMethodSystem: Display: IME system now deactivated.
[2018.10.09-18.09.57:725][554]Cmd: QUIT_EDITOR
[2018.10.09-18.09.57:929][554]LogExit: Preparing to exit.
[2018.10.09-18.09.58:814][554]LogExit: Editor shut down
[2018.10.09-18.09.58:815][554]LogExit: Transaction tracking system shut down
[2018.10.09-18.09.59:541][554]LogExit: Object subsystem successfully closed.
[2018.10.09-18.09.59:571][554]LogShaderCompilers: Display: Shaders left to compile 0
[2018.10.09-18.09.59:579][554]LogD3D11RHI: Shutdown
[2018.10.09-18.09.59:579][554]LogD3D11RHI: CleanupD3DDevice
[2018.10.09-18.09.59:581][554]LogD3D11RHI: ~FD3D11DynamicRHI
[2018.10.09-18.09.59:701][554]LogModuleManager: Shutting down and abandoning module MovieSceneCapture (612)
[2018.10.09-18.09.59:701][554]LogModuleManager: Shutting down and abandoning module Voice (610)
[2018.10.09-18.09.59:701][554]LogModuleManager: Shutting down and abandoning module HierarchicalLODOutliner (608)
[2018.10.09-18.09.59:701][554]LogModuleManager: Shutting down and abandoning module SceneOutliner (606)
[2018.10.09-18.09.59:701][554]LogModuleManager: Shutting down and abandoning module AddContentDialog (604)
[2018.10.09-18.09.59:701][554]LogModuleManager: Shutting down and abandoning module WidgetCarousel (603)
[2018.10.09-18.09.59:702][554]LogModuleManager: Shutting down and abandoning module EditorWidgets (600)
[2018.10.09-18.09.59:702][554]LogModuleManager: Shutting down and abandoning module CollectionManager (598)
[2018.10.09-18.09.59:702][554]LogModuleManager: Shutting down and abandoning module LauncherPlatform (596)
[2018.10.09-18.09.59:702][554]LogModuleManager: Shutting down and abandoning module StatsViewer (594)
[2018.10.09-18.09.59:702][554]LogModuleManager: Shutting down and abandoning module FoliageEdit (592)
[2018.10.09-18.09.59:702][554]LogModuleManager: Shutting down and abandoning module LandscapeEditor (590)
[2018.10.09-18.09.59:702][554]LogModuleManager: Shutting down and abandoning module MeshPaintMode (588)
[2018.10.09-18.09.59:703][554]LogModuleManager: Shutting down and abandoning module SceneDepthPickerMode (586)
[2018.10.09-18.09.59:703][554]LogModuleManager: Shutting down and abandoning module ActorPickerMode (584)
[2018.10.09-18.09.59:703][554]LogModuleManager: Shutting down and abandoning module GeometryMode (582)
[2018.10.09-18.09.59:703][554]LogModuleManager: Shutting down and abandoning module TextureAlignMode (580)
[2018.10.09-18.09.59:703][554]LogModuleManager: Shutting down and abandoning module BspMode (578)
[2018.10.09-18.09.59:703][554]LogModuleManager: Shutting down and abandoning module PIEPreviewDeviceProfileSelector (576)
[2018.10.09-18.09.59:703][554]LogModuleManager: Shutting down and abandoning module SequenceRecorderSections (574)
[2018.10.09-18.09.59:703][554]LogModuleManager: Shutting down and abandoning module AutomationWorker (572)
[2018.10.09-18.09.59:703][554]LogModuleManager: Shutting down and abandoning module AudioCaptureEditor (570)
[2018.10.09-18.09.59:703][554]LogModuleManager: Shutting down and abandoning module SequenceRecorder (569)
[2018.10.09-18.09.59:703][554]LogModuleManager: Shutting down and abandoning module MatineeToLevelSequence (566)
[2018.10.09-18.09.59:703][554]LogModuleManager: Shutting down and abandoning module LevelSequenceEditor (564)
[2018.10.09-18.09.59:703][554]LogModuleManager: Shutting down and abandoning module PlacementMode (563)
[2018.10.09-18.09.59:703][554]LogModuleManager: Shutting down and abandoning module MaterialEditor (562)
[2018.10.09-18.09.59:704][554]LogModuleManager: Shutting down and abandoning module WmfMediaFactory (558)
[2018.10.09-18.09.59:704][554]LogModuleManager: Shutting down and abandoning module WmfMediaEditor (556)
[2018.10.09-18.09.59:704][554]LogModuleManager: Shutting down and abandoning module MediaPlayerEditor (554)
[2018.10.09-18.09.59:704][554]LogModuleManager: Shutting down and abandoning module OpenExrWrapper (552)
[2018.10.09-18.09.59:704][554]LogModuleManager: Shutting down and abandoning module ImgMediaFactory (550)
[2018.10.09-18.09.59:704][554]LogModuleManager: Shutting down and abandoning module ImgMediaEditor (548)
[2018.10.09-18.09.59:704][554]LogModuleManager: Shutting down and abandoning module AvfMediaFactory (546)
[2018.10.09-18.09.59:704][554]LogModuleManager: Shutting down and abandoning module AvfMediaEditor (544)
[2018.10.09-18.09.59:704][554]LogModuleManager: Shutting down and abandoning module AndroidMediaFactory (542)
[2018.10.09-18.09.59:704][554]LogModuleManager: Shutting down and abandoning module AndroidMediaEditor (540)
[2018.10.09-18.09.59:704][554]LogModuleManager: Shutting down and abandoning module MagicLeapCameraPreviewFactory (538)
[2018.10.09-18.09.59:704][554]LogModuleManager: Shutting down and abandoning module MagicLeapMediaFactory (536)
[2018.10.09-18.09.59:704][554]LogModuleManager: Shutting down and abandoning module MagicLeapMediaEditor (534)
[2018.10.09-18.09.59:704][554]LogModuleManager: Shutting down and abandoning module CharacterAI (532)
[2018.10.09-18.09.59:704][554]LogModuleManager: Shutting down and abandoning module SmartSnapping (530)
[2018.10.09-18.09.59:704][554]LogModuleManager: Shutting down and abandoning module SessionServices (528)
[2018.10.09-18.09.59:704][554]LogModuleManager: Shutting down and abandoning module ViewportSnapping (526)
[2018.10.09-18.09.59:705][554]LogModuleManager: Shutting down and abandoning module ViewportInteraction (524)
[2018.10.09-18.09.59:705][554]LogModuleManager: Shutting down and abandoning module ClothPainter (522)
[2018.10.09-18.09.59:705][554]LogModuleManager: Shutting down and abandoning module SkeletalMeshEditor (521)
[2018.10.09-18.09.59:705][554]LogModuleManager: Shutting down and abandoning module LogVisualizer (518)
[2018.10.09-18.09.59:705][554]LogModuleManager: Shutting down and abandoning module IntroTutorials (516)
[2018.10.09-18.09.59:705][554]LogModuleManager: Shutting down and abandoning module GameProjectGeneration (515)
[2018.10.09-18.09.59:705][554]LogModuleManager: Shutting down and abandoning module LuminPlatformEditor (512)
[2018.10.09-18.09.59:705][554]LogModuleManager: Shutting down and abandoning module IOSPlatformEditor (510)
[2018.10.09-18.09.59:705][554]LogModuleManager: Shutting down and abandoning module HTML5PlatformEditor (508)
[2018.10.09-18.09.59:705][554]LogModuleManager: Shutting down and abandoning module AndroidPlatformEditor (506)
[2018.10.09-18.09.59:705][554]LogModuleManager: Shutting down and abandoning module AndroidDeviceDetection (505)
[2018.10.09-18.10.00:797][554]LogModuleManager: Shutting down and abandoning module WindowsPlatformEditor (502)
[2018.10.09-18.10.00:801][554]LogModuleManager: Shutting down and abandoning module LuminRuntimeSettings (500)
[2018.10.09-18.10.00:801][554]LogModuleManager: Shutting down and abandoning module IOSRuntimeSettings (498)
[2018.10.09-18.10.00:802][554]LogModuleManager: Shutting down and abandoning module AndroidRuntimeSettings (496)
[2018.10.09-18.10.00:802][554]LogModuleManager: Shutting down and abandoning module InputBindingEditor (494)
[2018.10.09-18.10.00:802][554]LogModuleManager: Shutting down and abandoning module MergeActors (492)
[2018.10.09-18.10.00:802][554]LogModuleManager: Shutting down and abandoning module LocalizationDashboard (490)
[2018.10.09-18.10.00:802][554]LogModuleManager: Shutting down and abandoning module LocalizationService (489)
[2018.10.09-18.10.00:802][554]LogModuleManager: Shutting down and abandoning module HardwareTargeting (486)
[2018.10.09-18.10.00:802][554]LogModuleManager: Shutting down and abandoning module DeviceProfileEditor (484)
[2018.10.09-18.10.00:803][554]LogModuleManager: Shutting down and abandoning module UndoHistory (482)
[2018.10.09-18.10.00:803][554]LogModuleManager: Shutting down and abandoning module XmlParser (480)
[2018.10.09-18.10.00:803][554]LogModuleManager: Shutting down and abandoning module Blutility (478)
[2018.10.09-18.10.00:803][554]LogModuleManager: Shutting down and abandoning module ProjectSettingsViewer (476)
[2018.10.09-18.10.00:803][554]LogModuleManager: Shutting down and abandoning module ProjectTargetPlatformEditor (475)
[2018.10.09-18.10.00:803][554]LogModuleManager: Shutting down and abandoning module EditorSettingsViewer (472)
[2018.10.09-18.10.00:804][554]LogModuleManager: Shutting down and abandoning module SettingsEditor (470)
[2018.10.09-18.10.00:804][554]LogModuleManager: Shutting down and abandoning module ProjectLauncher (468)
[2018.10.09-18.10.00:804][554]LogModuleManager: Shutting down and abandoning module SessionFrontend (466)
[2018.10.09-18.10.00:804][554]LogModuleManager: Shutting down and abandoning module ProfilerClient (464)
[2018.10.09-18.10.00:804][554]LogModuleManager: Shutting down and abandoning module DeviceManager (462)
[2018.10.09-18.10.00:804][554]LogModuleManager: Shutting down and abandoning module TargetDeviceServices (461)
[2018.10.09-18.10.00:996][554]LogModuleManager: Shutting down and abandoning module AutomationController (458)
[2018.10.09-18.10.00:996][554]LogModuleManager: Shutting down and abandoning module AutomationWindow (456)
[2018.10.09-18.10.00:996][554]LogModuleManager: Shutting down and abandoning module Layers (454)
[2018.10.09-18.10.00:996][554]LogModuleManager: Shutting down and abandoning module ComponentVisualizers (452)
[2018.10.09-18.10.00:996][554]LogModuleManager: Shutting down and abandoning module DetailCustomizations (450)
[2018.10.09-18.10.00:996][554]LogModuleManager: Shutting down and abandoning module PackagesDialog (448)
[2018.10.09-18.10.00:997][554]LogModuleManager: Shutting down and abandoning module Persona (446)
[2018.10.09-18.10.00:997][554]LogModuleManager: Shutting down and abandoning module AdvancedPreviewScene (445)
[2018.10.09-18.10.00:997][554]LogModuleManager: Shutting down and abandoning module AnimGraph (443)
[2018.10.09-18.10.00:997][554]LogModuleManager: Shutting down and abandoning module Kismet (440)
[2018.10.09-18.10.00:997][554]LogModuleManager: Shutting down and abandoning module GraphEditor (438)
[2018.10.09-18.10.00:997][554]LogModuleManager: Shutting down and abandoning module ClassViewer (436)
[2018.10.09-18.10.00:997][554]LogModuleManager: Shutting down and abandoning module Toolbox (434)
[2018.10.09-18.10.00:997][554]LogModuleManager: Shutting down and abandoning module ModuleUI (432)
[2018.10.09-18.10.00:997][554]LogModuleManager: Shutting down and abandoning module MovieSceneTools (430)
[2018.10.09-18.10.00:997][554]LogModuleManager: Shutting down and abandoning module OutputLog (428)
[2018.10.09-18.10.00:997][554]LogModuleManager: Shutting down and abandoning module GammaUI (426)
[2018.10.09-18.10.00:998][554]LogModuleManager: Shutting down and abandoning module Documentation (424)
[2018.10.09-18.10.00:998][554]LogModuleManager: Shutting down and abandoning module MovieSceneTracks (422)
[2018.10.09-18.10.00:998][554]LogModuleManager: Shutting down and abandoning module MovieScene (420)
[2018.10.09-18.10.00:998][554]LogModuleManager: Shutting down and abandoning module StreamingPauseRendering (418)
[2018.10.09-18.10.00:998][554]LogModuleManager: Shutting down and abandoning module PortalServices (416)
[2018.10.09-18.10.00:998][554]LogModuleManager: Shutting down and abandoning module PortalRpc (414)
[2018.10.09-18.10.00:998][554]LogModuleManager: Shutting down and abandoning module MessagingRpc (412)
[2018.10.09-18.10.00:998][554]LogModuleManager: Shutting down and abandoning module AIModule (410)
[2018.10.09-18.10.00:998][554]LogModuleManager: Shutting down and abandoning module GameplayDebugger (409)
[2018.10.09-18.10.00:998][554]LogModuleManager: Shutting down and abandoning module AITestSuite (407)
[2018.10.09-18.10.00:998][554]LogModuleManager: Shutting down and abandoning module NavigationSystem (405)
[2018.10.09-18.10.00:998][554]LogModuleManager: Shutting down and abandoning module DesktopPlatform (402)
[2018.10.09-18.10.00:998][554]LogModuleManager: Shutting down and abandoning module ProfilerService (400)
[2018.10.09-18.10.01:017][554]LogModuleManager: Shutting down and abandoning module TaskGraph (398)
[2018.10.09-18.10.01:017][554]LogModuleManager: Shutting down and abandoning module SteamVRController (396)
[2018.10.09-18.10.01:017][554]LogModuleManager: Shutting down and abandoning module ProceduralMeshComponentEditor (394)
[2018.10.09-18.10.01:017][554]LogModuleManager: Shutting down and abandoning module ProceduralMeshComponent (392)
[2018.10.09-18.10.01:017][554]LogModuleManager: Shutting down and abandoning module OculusInput (390)
[2018.10.09-18.10.01:017][554]LogModuleManager: Shutting down and abandoning module MobilePatchingUtils (388)
[2018.10.09-18.10.01:017][554]LogModuleManager: Shutting down and abandoning module EditableMesh (386)
[2018.10.09-18.10.01:017][554]LogModuleManager: Shutting down and abandoning module CustomMeshComponent (384)
[2018.10.09-18.10.01:017][554]LogModuleManager: Shutting down and abandoning module CableComponent (382)
[2018.10.09-18.10.01:017][554]LogModuleManager: Shutting down and abandoning module AudioCapture (380)
[2018.10.09-18.10.01:017][554]LogModuleManager: Shutting down and abandoning module ArchVisCharacter (378)
[2018.10.09-18.10.01:017][554]LogModuleManager: Shutting down and abandoning module AndroidPermission (376)
[2018.10.09-18.10.01:017][554]LogModuleManager: Shutting down and abandoning module NUTUnrealEngine4 (374)
[2018.10.09-18.10.01:017][554]LogModuleManager: Shutting down and abandoning module NetcodeUnitTest (372)
[2018.10.09-18.10.01:017][554]LogModuleManager: Shutting down and abandoning module MediaCompositingEditor (370)
[2018.10.09-18.10.01:017][554]LogModuleManager: Shutting down and abandoning module MediaCompositing (368)
[2018.10.09-18.10.01:017][554]LogModuleManager: Shutting down and abandoning module LinearTimecode (366)
[2018.10.09-18.10.01:017][554]LogModuleManager: Shutting down and abandoning module ImgMedia (364)
[2018.10.09-18.10.01:029][554]LogModuleManager: Shutting down and abandoning module HTML5Networking (362)
[2018.10.09-18.10.01:029][554]LogModuleManager: Shutting down and abandoning module GeometryCacheTracks (360)
[2018.10.09-18.10.01:029][554]LogModuleManager: Shutting down and abandoning module GeometryCacheSequencer (358)
[2018.10.09-18.10.01:029][554]LogModuleManager: Shutting down and abandoning module BackChannel (356)
[2018.10.09-18.10.01:029][554]LogModuleManager: Shutting down and abandoning module AppleVision (354)
[2018.10.09-18.10.01:029][554]LogModuleManager: Shutting down and abandoning module AppleImageUtils (352)
[2018.10.09-18.10.01:029][554]LogModuleManager: Shutting down and abandoning module AlembicImporter (350)
[2018.10.09-18.10.01:029][554]LogModuleManager: Shutting down and abandoning module AlembicLibrary (349)
[2018.10.09-18.10.01:029][554]LogModuleManager: Shutting down and abandoning module GeometryCache (348)
[2018.10.09-18.10.01:029][554]LogModuleManager: Shutting down and abandoning module GeometryCacheEd (347)
[2018.10.09-18.10.01:029][554]LogModuleManager: Shutting down and abandoning module DatasmithContentEditor (342)
[2018.10.09-18.10.01:029][554]LogModuleManager: Shutting down and abandoning module DatasmithContent (340)
[2018.10.09-18.10.01:030][554]LogModuleManager: Shutting down and abandoning module SpeedTreeImporter (338)
[2018.10.09-18.10.01:030][554]LogModuleManager: Shutting down and abandoning module PluginBrowser (336)
[2018.10.09-18.10.01:030][554]LogModuleManager: Shutting down and abandoning module MobileLauncherProfileWizard (334)
[2018.10.09-18.10.01:031][554]LogModuleManager: Shutting down and abandoning module PolygonModeling (332)
[2018.10.09-18.10.01:031][554]LogModuleManager: Shutting down and abandoning module MeshEditor (330)
[2018.10.09-18.10.01:031][554]LogModuleManager: Shutting down and abandoning module CryptoKeysOpenSSL (328)
[2018.10.09-18.10.01:031][554]LogModuleManager: Shutting down and abandoning module CryptoKeys (326)
[2018.10.09-18.10.01:031][554]LogModuleManager: Shutting down and abandoning module VisualStudioSourceCodeAccess (324)
[2018.10.09-18.10.01:031][554]LogModuleManager: Shutting down and abandoning module VisualStudioCodeSourceCodeAccess (322)
[2018.10.09-18.10.01:031][554]LogModuleManager: Shutting down and abandoning module UObjectPlugin (320)
[2018.10.09-18.10.01:031][554]LogModuleManager: Shutting down and abandoning module SubversionSourceControl (318)
[2018.10.09-18.10.01:031][554]LogModuleManager: Shutting down and abandoning module PerforceSourceControl (316)
[2018.10.09-18.10.01:031][554]LogModuleManager: Shutting down and abandoning module GitSourceControl (314)
[2018.10.09-18.10.01:031][554]LogModuleManager: Shutting down and abandoning module SourceControl (313)
[2018.10.09-18.10.01:031][554]LogModuleManager: Shutting down and abandoning module CLionSourceCodeAccess (310)
[2018.10.09-18.10.01:031][554]LogModuleManager: Shutting down and abandoning module LightPropagationVolumeEditor (308)
[2018.10.09-18.10.01:031][554]LogModuleManager: Shutting down and abandoning module PaperTiledImporter (306)
[2018.10.09-18.10.01:031][554]LogModuleManager: Shutting down and abandoning module PaperSpriteSheetImporter (304)
[2018.10.09-18.10.01:031][554]LogModuleManager: Shutting down and abandoning module Paper2DEditor (302)
[2018.10.09-18.10.01:031][554]LogModuleManager: Shutting down and abandoning module MeshPaint (301)
[2018.10.09-18.10.01:031][554]LogModuleManager: Shutting down and abandoning module RuntimePhysXCooking (298)
[2018.10.09-18.10.01:031][554]LogModuleManager: Shutting down and abandoning module PhysXVehiclesEditor (296)
[2018.10.09-18.10.01:031][554]LogModuleManager: Shutting down and abandoning module PhysXVehicles (294)
[2018.10.09-18.10.01:031][554]LogModuleManager: Shutting down and abandoning module OculusEditor (292)
[2018.10.09-18.10.01:031][554]LogModuleManager: Shutting down and abandoning module LocationServicesBPLibrary (290)
[2018.10.09-18.10.01:031][554]LogModuleManager: Shutting down and abandoning module ImmediatePhysicsEditor (288)
[2018.10.09-18.10.01:031][554]LogModuleManager: Shutting down and abandoning module ImmediatePhysics (286)
[2018.10.09-18.10.01:031][554]LogModuleManager: Shutting down and abandoning module ActorSequence (284)
[2018.10.09-18.10.01:031][554]LogModuleManager: Shutting down and abandoning module UdpMessaging (282)
[2018.10.09-18.10.01:133][554]LogModuleManager: Shutting down and abandoning module TcpMessaging (280)
[2018.10.09-18.10.01:234][554]LogModuleManager: Shutting down and abandoning module MagicLeapAudio (278)
[2018.10.09-18.10.01:234][554]LogModuleManager: Shutting down and abandoning module GameplayTagsEditor (276)
[2018.10.09-18.10.01:234][554]LogModuleManager: Shutting down and abandoning module FacialAnimationEditor (274)
[2018.10.09-18.10.01:234][554]LogModuleManager: Shutting down and abandoning module FacialAnimation (272)
[2018.10.09-18.10.01:234][554]LogModuleManager: Shutting down and abandoning module DataValidation (270)
[2018.10.09-18.10.01:240][554]LogModuleManager: Shutting down and abandoning module AssetManagerEditor (268)
[2018.10.09-18.10.01:240][554]LogModuleManager: Shutting down and abandoning module LevelEditor (267)
[2018.10.09-18.10.01:243][554]LogModuleManager: Shutting down and abandoning module PixelInspectorModule (266)
[2018.10.09-18.10.01:243][554]LogModuleManager: Shutting down and abandoning module CommonMenuExtensions (264)
[2018.10.09-18.10.01:244][554]LogModuleManager: Shutting down and abandoning module MainFrame (262)
[2018.10.09-18.10.01:244][554]LogModuleManager: Shutting down and abandoning module HotReload (261)
[2018.10.09-18.10.01:246][554]LogModuleManager: Shutting down and abandoning module ContentBrowser (257)
[2018.10.09-18.10.01:250][554]LogModuleManager: Shutting down and abandoning module TreeMap (255)
[2018.10.09-18.10.01:250][554]LogModuleManager: Shutting down and abandoning module LightPropagationVolumeRuntime (252)
[2018.10.09-18.10.01:250][554]LogModuleManager: Shutting down and abandoning module AISupportModule (250)
[2018.10.09-18.10.01:250][554]LogModuleManager: Shutting down and abandoning module Paper2D (248)
[2018.10.09-18.10.01:250][554]LogModuleManager: Shutting down and abandoning module WindowsMoviePlayer (246)
[2018.10.09-18.10.01:250][554]LogModuleManager: Shutting down and abandoning module WmfMedia (244)
[2018.10.09-18.10.01:264][554]LogModuleManager: Shutting down and abandoning module Media (243)
[2018.10.09-18.10.01:271][554]LogModuleManager: Shutting down and abandoning module PacketHandler (240)
[2018.10.09-18.10.01:272][554]LogModuleManager: Shutting down and abandoning module ClothingSystemEditor (238)
[2018.10.09-18.10.01:272][554]LogModuleManager: Shutting down and abandoning module ClothingSystemRuntime (236)
[2018.10.09-18.10.01:272][554]LogModuleManager: Shutting down and abandoning module MediaAssets (234)
[2018.10.09-18.10.01:272][554]LogModuleManager: Shutting down and abandoning module Overlay (232)
[2018.10.09-18.10.01:272][554]LogModuleManager: Shutting down and abandoning module OverlayEditor (231)
[2018.10.09-18.10.01:272][554]LogModuleManager: Shutting down and abandoning module VREditor (228)
[2018.10.09-18.10.01:272][554]LogModuleManager: Shutting down and abandoning module StringTableEditor (226)
[2018.10.09-18.10.01:272][554]LogModuleManager: Shutting down and abandoning module GameplayTasksEditor (224)
[2018.10.09-18.10.01:272][554]LogModuleManager: Shutting down and abandoning module BehaviorTreeEditor (222)
[2018.10.09-18.10.01:272][554]LogModuleManager: Shutting down and abandoning module FunctionalTesting (220)
[2018.10.09-18.10.01:272][554]LogModuleManager: Shutting down and abandoning module CollisionAnalyzer (218)
[2018.10.09-18.10.01:272][554]LogModuleManager: Shutting down and abandoning module WorkspaceMenuStructure (217)
[2018.10.09-18.10.01:272][554]LogModuleManager: Shutting down and abandoning module UMG (214)
[2018.10.09-18.10.01:272][554]LogModuleManager: Shutting down and abandoning module UMGEditor (213)
[2018.10.09-18.10.01:272][554]LogModuleManager: Shutting down and abandoning module Sequencer (212)
[2018.10.09-18.10.01:273][554]LogModuleManager: Shutting down and abandoning module MessageLog (209)
[2018.10.09-18.10.01:273][554]LogModuleManager: Shutting down and abandoning module SlateReflector (204)
[2018.10.09-18.10.01:273][554]LogModuleManager: Shutting down and abandoning module Slate (202)
[2018.10.09-18.10.01:273][554]LogModuleManager: Shutting down and abandoning module EditorStyle (200)
[2018.10.09-18.10.01:276][554]LogModuleManager: Shutting down and abandoning module MRMesh (198)
[2018.10.09-18.10.01:276][554]LogModuleManager: Shutting down and abandoning module SourceCodeAccess (196)
[2018.10.09-18.10.01:276][554]LogModuleManager: Shutting down and abandoning module HeadMountedDisplay (194)
[2018.10.09-18.10.01:277][554]LogModuleManager: Shutting down and abandoning module XAudio2 (192)
[2018.10.09-18.10.01:277][554]LogModuleManager: Shutting down and abandoning module Networking (190)
[2018.10.09-18.10.01:277][554]LogModuleManager: Shutting down and abandoning module Core (188)
[2018.10.09-18.10.01:277][554]LogModuleManager: Shutting down and abandoning module LevelSequence (186)
[2018.10.09-18.10.01:277][554]LogModuleManager: Shutting down and abandoning module KismetCompiler (184)
[2018.10.09-18.10.01:277][554]LogModuleManager: Shutting down and abandoning module MeshUtilities (182)
[2018.10.09-18.10.01:277][554]LogModuleManager: Shutting down and abandoning module MeshMergeUtilities (181)
[2018.10.09-18.10.01:277][554]LogModuleManager: Shutting down and abandoning module MeshReductionInterface (180)
[2018.10.09-18.10.01:277][554]LogModuleManager: Shutting down and abandoning module SimplygonSwarm (179)
[2018.10.09-18.10.01:277][554]LogModuleManager: Shutting down and abandoning module ProxyLODMeshReduction (177)
[2018.10.09-18.10.01:277][554]LogModuleManager: Shutting down and abandoning module SimplygonMeshReduction (175)
[2018.10.09-18.10.01:277][554]LogModuleManager: Shutting down and abandoning module QuadricMeshReduction (173)
[2018.10.09-18.10.01:277][554]LogModuleManager: Shutting down and abandoning module MaterialBaking (169)
[2018.10.09-18.10.01:277][554]LogModuleManager: Shutting down and abandoning module DirectoryWatcher (165)
[2018.10.09-18.10.01:278][554]LogModuleManager: Shutting down and abandoning module DerivedDataCache (162)
[2018.10.09-18.10.01:379][554]LogDerivedDataCache: Shutdown
[2018.10.09-18.10.01:379][554]LogModuleManager: Shutting down and abandoning module XGEController (160)
[2018.10.09-18.10.01:379][554]LogXGEController: Cleaning working directory: C:/Users/krakp_000/AppData/Local/Temp/UnrealXGEWorkingDir/
[2018.10.09-18.10.01:379][554]LogModuleManager: Shutting down and abandoning module TargetPlatform (158)
[2018.10.09-18.10.01:379][554]LogModuleManager: Shutting down and abandoning module VulkanShaderFormat (157)
[2018.10.09-18.10.01:380][554]LogModuleManager: Shutting down and abandoning module ShaderFormatVectorVM (155)
[2018.10.09-18.10.01:380][554]LogModuleManager: Shutting down and abandoning module ShaderFormatOpenGL (153)
[2018.10.09-18.10.01:380][554]LogModuleManager: Shutting down and abandoning module ShaderFormatD3D (151)
[2018.10.09-18.10.01:380][554]LogModuleManager: Shutting down and abandoning module MetalShaderFormat (149)
[2018.10.09-18.10.01:380][554]LogModuleManager: Shutting down and abandoning module TextureFormatUncompressed (147)
[2018.10.09-18.10.01:380][554]LogModuleManager: Shutting down and abandoning module TextureFormatPVR (145)
[2018.10.09-18.10.01:380][554]LogModuleManager: Shutting down and abandoning module TextureFormatDXT (143)
[2018.10.09-18.10.01:380][554]LogModuleManager: Shutting down and abandoning module TextureFormatIntelISPCTexComp (141)
[2018.10.09-18.10.01:380][554]LogModuleManager: Shutting down and abandoning module TextureFormatASTC (139)
[2018.10.09-18.10.01:381][554]LogModuleManager: Shutting down and abandoning module ImageWrapper (138)
[2018.10.09-18.10.01:381][554]LogModuleManager: Shutting down and abandoning module TextureFormatAndroid (135)
[2018.10.09-18.10.01:381][554]LogModuleManager: Shutting down and abandoning module AudioFormatOpus (133)
[2018.10.09-18.10.01:381][554]LogModuleManager: Shutting down and abandoning module AudioFormatOgg (131)
[2018.10.09-18.10.01:381][554]LogModuleManager: Shutting down and abandoning module AudioFormatADPCM (129)
[2018.10.09-18.10.01:381][554]LogModuleManager: Shutting down and abandoning module LuminTargetPlatform (127)
[2018.10.09-18.10.01:381][554]LogModuleManager: Shutting down and abandoning module LinuxTargetPlatform (125)
[2018.10.09-18.10.01:381][554]LogModuleManager: Shutting down and abandoning module LinuxServerTargetPlatform (123)
[2018.10.09-18.10.01:381][554]LogModuleManager: Shutting down and abandoning module LinuxNoEditorTargetPlatform (121)
[2018.10.09-18.10.01:381][554]LogModuleManager: Shutting down and abandoning module LinuxClientTargetPlatform (119)
[2018.10.09-18.10.01:381][554]LogModuleManager: Shutting down and abandoning module TVOSTargetPlatform (117)
[2018.10.09-18.10.01:383][554]LogModuleManager: Shutting down and abandoning module Messaging (115)
[2018.10.09-18.10.01:383][554]LogModuleManager: Shutting down and abandoning module IOSTargetPlatform (113)
[2018.10.09-18.10.01:385][554]LogModuleManager: Shutting down and abandoning module HTML5TargetPlatform (111)
[2018.10.09-18.10.01:385][554]LogModuleManager: Shutting down and abandoning module AndroidTargetPlatform (109)
[2018.10.09-18.10.01:399][554]LogModuleManager: Shutting down and abandoning module WindowsTargetPlatform (107)
[2018.10.09-18.10.01:399][554]LogModuleManager: Shutting down and abandoning module WindowsServerTargetPlatform (105)
[2018.10.09-18.10.01:399][554]LogModuleManager: Shutting down and abandoning module WindowsNoEditorTargetPlatform (103)
[2018.10.09-18.10.01:399][554]LogModuleManager: Shutting down and abandoning module WindowsClientTargetPlatform (101)
[2018.10.09-18.10.01:399][554]LogModuleManager: Shutting down and abandoning module MacTargetPlatform (99)
[2018.10.09-18.10.01:399][554]LogModuleManager: Shutting down and abandoning module MacServerTargetPlatform (97)
[2018.10.09-18.10.01:399][554]LogModuleManager: Shutting down and abandoning module MacNoEditorTargetPlatform (95)
[2018.10.09-18.10.01:399][554]LogModuleManager: Shutting down and abandoning module MacClientTargetPlatform (93)
[2018.10.09-18.10.01:399][554]LogModuleManager: Shutting down and abandoning module AllDesktopTargetPlatform (91)
[2018.10.09-18.10.01:399][554]LogModuleManager: Shutting down and abandoning module InputCore (88)
[2018.10.09-18.10.01:399][554]LogModuleManager: Shutting down and abandoning module Settings (86)
[2018.10.09-18.10.01:399][554]LogModuleManager: Shutting down and abandoning module PhysXCooking (84)
[2018.10.09-18.10.01:399][554]LogModuleManager: Shutting down and abandoning module SteamVR (82)
[2018.10.09-18.10.01:399][554]LogModuleManager: Shutting down and abandoning module OculusHMD (80)
[2018.10.09-18.10.01:399][554]LogModuleManager: Shutting down and abandoning module ExampleDeviceProfileSelector (78)
[2018.10.09-18.10.01:399][554]LogModuleManager: Shutting down and abandoning module LauncherChunkInstaller (76)
[2018.10.09-18.10.01:399][554]LogModuleManager: Shutting down and abandoning module OnlineBlueprintSupport (74)
[2018.10.09-18.10.01:399][554]LogModuleManager: Shutting down and abandoning module OnlineSubsystem (70)
[2018.10.09-18.10.01:400][554]LogModuleManager: Shutting down and abandoning module XMPP (65)
[2018.10.09-18.10.01:400][554]LogModuleManager: Shutting down and abandoning module WebSockets (64)
[2018.10.09-18.10.01:418][554]LogModuleManager: Shutting down and abandoning module HTTP (61)
[2018.10.09-18.10.01:449][554]LogModuleManager: Shutting down and abandoning module SSL (60)
[2018.10.09-18.10.01:453][554]LogModuleManager: Shutting down and abandoning module MagicLeapEmulator (56)
[2018.10.09-18.10.01:453][554]LogModuleManager: Shutting down and abandoning module MagicLeapPrivileges (54)
[2018.10.09-18.10.01:453][554]LogModuleManager: Shutting down and abandoning module MagicLeapIdentity (52)
[2018.10.09-18.10.01:453][554]LogModuleManager: Shutting down and abandoning module MagicLeapHelperVulkan (50)
[2018.10.09-18.10.01:453][554]LogModuleManager: Shutting down and abandoning module MagicLeapHelperOpenGL (48)
[2018.10.09-18.10.01:453][554]LogModuleManager: Shutting down and abandoning module MagicLeapSecureStorage (46)
[2018.10.09-18.10.01:453][554]LogModuleManager: Shutting down and abandoning module MagicLeapGestures (44)
[2018.10.09-18.10.01:453][554]LogModuleManager: Shutting down and abandoning module MagicLeapEyeTracker (42)
[2018.10.09-18.10.01:453][554]LogModuleManager: Shutting down and abandoning module MagicLeapController (40)
[2018.10.09-18.10.01:454][554]LogSlate: Slate User Destroyed.  User Index 0, Is Virtual User: 0
[2018.10.09-18.10.01:454][554]LogModuleManager: Shutting down and abandoning module MagicLeap (38)
[2018.10.09-18.10.01:454][554]LogModuleManager: Shutting down and abandoning module AnimationModifiers (36)
[2018.10.09-18.10.01:454][554]LogModuleManager: Shutting down and abandoning module PropertyEditor (35)
[2018.10.09-18.10.01:454][554]LogModuleManager: Shutting down and abandoning module AudioEditor (32)
[2018.10.09-18.10.01:454][554]LogModuleManager: Shutting down and abandoning module TextureCompressor (30)
[2018.10.09-18.10.01:455][554]LogModuleManager: Shutting down and abandoning module ShaderCore (28)
[2018.10.09-18.10.01:455][554]LogModuleManager: Shutting down and abandoning module Landscape (26)
[2018.10.09-18.10.01:455][554]LogModuleManager: Shutting down and abandoning module SlateRHIRenderer (24)
[2018.10.09-18.10.01:455][554]LogModuleManager: Shutting down and abandoning module OpenGLDrv (22)
[2018.10.09-18.10.01:455][554]LogModuleManager: Shutting down and abandoning module D3D11RHI (20)
[2018.10.09-18.10.01:455][554]LogModuleManager: Shutting down and abandoning module AnimGraphRuntime (18)
[2018.10.09-18.10.01:456][554]LogModuleManager: Shutting down and abandoning module Renderer (16)
[2018.10.09-18.10.01:456][554]LogModuleManager: Shutting down and abandoning module Engine (14)
[2018.10.09-18.10.01:456][554]LogModuleManager: Shutting down and abandoning module CoreUObject (12)
[2018.10.09-18.10.01:456][554]LogModuleManager: Shutting down and abandoning module NetworkFile (10)
[2018.10.09-18.10.01:456][554]LogModuleManager: Shutting down and abandoning module CookedIterativeFile (8)
[2018.10.09-18.10.01:456][554]LogModuleManager: Shutting down and abandoning module StreamingFile (6)
[2018.10.09-18.10.01:456][554]LogModuleManager: Shutting down and abandoning module SandboxFile (4)
[2018.10.09-18.10.01:456][554]LogModuleManager: Shutting down and abandoning module PakFile (2)
[2018.10.09-18.10.01:464][554]LogExit: Exiting.
[2018.10.09-18.10.01:497][554]Log file closed, 10/09/18 14:10:01
