Log file open, 09/26/18 18:36:20
LogWindows: Failed to load 'aqProf.dll' (GetLastError=126)
LogWindows: File 'aqProf.dll' does not exist
LogWindows: Failed to load 'VSPerf140.dll' (GetLastError=126)
LogWindows: File 'VSPerf140.dll' does not exist
LogWindows: Failed to load 'VtuneApi.dll' (GetLastError=126)
LogWindows: File 'VtuneApi.dll' does not exist
LogWindows: Failed to load 'VtuneApi32e.dll' (GetLastError=126)
LogWindows: File 'VtuneApi32e.dll' does not exist
LogInit: Display: Running engine for game: GrimShooter
LogPlatformFile: Not using cached read wrapper
LogTaskGraph: Started task graph with 5 named threads and 11 total threads with 3 sets of task threads.
LogStats: Stats thread started at 0.473459
LogD3D11RHI: Loaded GFSDK_Aftermath_Lib.x64.dll
LogICUInternationalization: Display: ICU TimeZone Detection - Raw Offset: -5:00, Platform Override: ''
LogPluginManager: Mounting plugin Paper2D
LogPluginManager: Mounting plugin AISupport
LogPluginManager: Mounting plugin LightPropagationVolume
LogPluginManager: Mounting plugin CLionSourceCodeAccess
LogPluginManager: Mounting plugin CodeLiteSourceCodeAccess
LogPluginManager: Mounting plugin GitSourceControl
LogPluginManager: Mounting plugin KDevelopSourceCodeAccess
LogPluginManager: Mounting plugin NullSourceCodeAccess
LogPluginManager: Mounting plugin PerforceSourceControl
LogPluginManager: Mounting plugin SubversionSourceControl
LogPluginManager: Mounting plugin UObjectPlugin
LogPluginManager: Mounting plugin VisualStudioCodeSourceCodeAccess
LogPluginManager: Mounting plugin VisualStudioSourceCodeAccess
LogPluginManager: Mounting plugin XCodeSourceCodeAccess
LogPluginManager: Mounting plugin AssetManagerEditor
LogPluginManager: Mounting plugin CryptoKeys
LogPluginManager: Mounting plugin DataValidation
LogPluginManager: Mounting plugin FacialAnimation
LogPluginManager: Mounting plugin GameplayTagsEditor
LogPluginManager: Mounting plugin MacGraphicsSwitching
LogPluginManager: Mounting plugin MeshEditor
LogPluginManager: Mounting plugin MobileLauncherProfileWizard
LogPluginManager: Mounting plugin PluginBrowser
LogPluginManager: Mounting plugin SpeedTreeImporter
LogPluginManager: Mounting plugin DatasmithContent
LogPluginManager: Mounting plugin AlembicImporter
LogPluginManager: Mounting plugin AppleImageUtils
LogPluginManager: Mounting plugin AppleVision
LogPluginManager: Mounting plugin BackChannel
LogPluginManager: Mounting plugin CharacterAI
LogPluginManager: Mounting plugin GeometryCache
LogPluginManager: Mounting plugin HTML5Networking
LogPluginManager: Mounting plugin ProxyLODPlugin
LogPluginManager: Mounting plugin MagicLeap
LogPluginManager: Mounting plugin MagicLeapEmulator
LogPluginManager: Mounting plugin MagicLeapMedia
LogPluginManager: Mounting plugin AndroidMedia
LogPluginManager: Mounting plugin AvfMedia
LogPluginManager: Mounting plugin ImgMedia
LogPluginManager: Mounting plugin LinearTimecode
LogPluginManager: Mounting plugin MediaCompositing
LogPluginManager: Mounting plugin MediaPlayerEditor
LogPluginManager: Mounting plugin WmfMedia
LogPluginManager: Mounting plugin TcpMessaging
LogPluginManager: Mounting plugin UdpMessaging
LogPluginManager: Mounting plugin ActorSequence
LogPluginManager: Mounting plugin LevelSequenceEditor
LogPluginManager: Mounting plugin MatineeToLevelSequence
LogPluginManager: Mounting plugin NetcodeUnitTest
LogPluginManager: Mounting plugin NUTUnrealEngine4
LogPluginManager: Mounting plugin OnlineSubsystemGooglePlay
LogPluginManager: Mounting plugin OnlineSubsystemIOS
LogPluginManager: Mounting plugin OnlineSubsystem
LogPluginManager: Mounting plugin OnlineSubsystemNull
LogPluginManager: Mounting plugin OnlineSubsystemUtils
LogPluginManager: Mounting plugin LauncherChunkInstaller
LogPluginManager: Mounting plugin AndroidDeviceProfileSelector
LogPluginManager: Mounting plugin AndroidMoviePlayer
LogPluginManager: Mounting plugin AndroidPermission
LogPluginManager: Mounting plugin AppleMoviePlayer
LogPluginManager: Mounting plugin ArchVisCharacter
LogPluginManager: Mounting plugin AudioCapture
LogPluginManager: Mounting plugin CableComponent
LogPluginManager: Mounting plugin CustomMeshComponent
LogPluginManager: Mounting plugin EditableMesh
LogPluginManager: Mounting plugin ExampleDeviceProfileSelector
LogPluginManager: Mounting plugin GoogleCloudMessaging
LogPluginManager: Mounting plugin ImmediatePhysics
LogPluginManager: Mounting plugin IOSDeviceProfileSelector
LogPluginManager: Mounting plugin LinuxDeviceProfileSelector
LogPluginManager: Mounting plugin LocationServicesBPLibrary
LogPluginManager: Mounting plugin MobilePatchingUtils
LogPluginManager: Mounting plugin OculusVR
LogPluginManager: Plugin shader directory ../../../Engine/Plugins/Runtime/Oculus/OculusVR/Shaders found
LogPluginManager: Mapping shader source directory ../../../Engine/Plugins/Runtime/Oculus/OculusVR/Shaders to virtual directory /Plugin/OculusVR
LogPluginManager: Mounting plugin PhysXVehicles
LogPluginManager: Mounting plugin ProceduralMeshComponent
LogPluginManager: Mounting plugin RuntimePhysXCooking
LogPluginManager: Mounting plugin SteamVR
LogPluginManager: Mounting plugin WindowsMoviePlayer
LogStreaming: Display: Took  0.880s to configure plugins.
LogInit: Using libcurl 7.55.1-DEV
LogInit:  - built for x86_64-pc-win32
LogInit:  - supports SSL with OpenSSL/1.0.2h
LogInit:  - supports HTTP deflate (compression) using libz 1.2.8
LogInit:  - other features:
LogInit:      CURL_VERSION_SSL
LogInit:      CURL_VERSION_LIBZ
LogInit:      CURL_VERSION_IPV6
LogInit:      CURL_VERSION_ASYNCHDNS
LogInit:      CURL_VERSION_LARGEFILE
LogInit:      CURL_VERSION_IDN
LogInit:  CurlRequestOptions (configurable via config and command line):
LogInit:  - bVerifyPeer = false  - Libcurl will NOT verify peer certificate
LogInit:  - bUseHttpProxy = false  - Libcurl will NOT use HTTP proxy
LogInit:  - bDontReuseConnections = false  - Libcurl will reuse connections
LogInit:  - CertBundlePath = nullptr  - Libcurl will use whatever was configured at build time.
LogInit:  - MaxHostConnections = 16  - Libcurl will limit the number of connections to a host
LogInit:  - LocalHostAddr = Default
LogInit:  - BufferSize = 65536
LogInit: WinSock: version 1.1 (2.2), MaxSocks=32767, MaxUdp=65467
LogInit: Build: ++UE4+Release-4.20-CL-4302132
LogInit: Engine Version: 4.20.2-4302132+++UE4+Release-4.20
LogInit: Compatible Engine Version: 4.20.0-4212847+++UE4+Release-4.20
LogInit: Net CL: 4212847
LogInit: OS: Windows 10 (), CPU: Intel(R) Core(TM) i5-5200U CPU @ 2.20GHz, GPU: Intel(R) HD Graphics 5500
LogInit: Compiled (64-bit): Aug 21 2018 02:06:06
LogInit: Compiled with Visual C++: 19.13.26129.00
LogInit: Build Configuration: Development
LogInit: Branch Name: ++UE4+Release-4.20
LogInit: Command Line:  
LogInit: Base Directory: C:/Program Files/Epic Games/UE_4.20/Engine/Binaries/Win64/
LogInit: Installed Engine Build: 1
LogDevObjectVersion: Number of dev versions registered: 20
LogDevObjectVersion:   Dev-Blueprints (B0D832E4-1F89-4F0D-ACCF-7EB736FD4AA2): 10
LogDevObjectVersion:   Dev-Build (E1C64328-A22C-4D53-A36C-8E866417BD8C): 0
LogDevObjectVersion:   Dev-Core (375EC13C-06E4-48FB-B500-84F0262A717E): 2
LogDevObjectVersion:   Dev-Editor (E4B068ED-F494-42E9-A231-DA0B2E46BB41): 24
LogDevObjectVersion:   Dev-Framework (CFFC743F-43B0-4480-9391-14DF171D2073): 34
LogDevObjectVersion:   Dev-Mobile (B02B49B5-BB20-44E9-A304-32B752E40360): 2
LogDevObjectVersion:   Dev-Networking (A4E4105C-59A1-49B5-A7C5-40C4547EDFEE): 0
LogDevObjectVersion:   Dev-Online (39C831C9-5AE6-47DC-9A44-9C173E1C8E7C): 0
LogDevObjectVersion:   Dev-Physics (78F01B33-EBEA-4F98-B9B4-84EACCB95AA2): 0
LogDevObjectVersion:   Dev-Platform (6631380F-2D4D-43E0-8009-CF276956A95A): 0
LogDevObjectVersion:   Dev-Rendering (12F88B9F-8875-4AFC-A67C-D90C383ABD29): 26
LogDevObjectVersion:   Dev-Sequencer (7B5AE74C-D270-4C10-A958-57980B212A5A): 9
LogDevObjectVersion:   Dev-VR (D7296918-1DD6-4BDD-9DE2-64A83CC13884): 2
LogDevObjectVersion:   Dev-LoadTimes (C2A15278-BFE7-4AFE-6C17-90FF531DF755): 1
LogDevObjectVersion:   Private-Geometry (6EACA3D4-40EC-4CC1-B786-8BED09428FC5): 3
LogDevObjectVersion:   Dev-AnimPhys (29E575DD-E0A3-4627-9D10-D276232CDCEA): 17
LogDevObjectVersion:   Dev-ReflectionCapture (6B266CEC-1EC7-4B8F-A30B-E4D90942FC07): 1
LogDevObjectVersion:   Dev-Automation (0DF73D61-A23F-47EA-B727-89E90C41499A): 1
LogDevObjectVersion:   FortniteMain (601D1886-AC64-4F84-AA16-D3DE0DEAC7D6): 12
LogDevObjectVersion:   Dev-Enterprise (9DFFBCD6-494F-0158-E221-12823C92A888): 1
LogStreaming: Display: Took  0.021s to delete old logs.
LogInit: Presizing for max 8388607 objects, including 0 objects not considered by GC, pre-allocating 0 bytes for permanent pool.
LogInit: Object subsystem initialized
[2018.09.26-22.36.21:820][  0]LogInit: Selected Device Profile: [Windows]
[2018.09.26-22.36.21:820][  0]LogInit: Applying CVar settings loaded from the selected device profile: [Windows]
[2018.09.26-22.36.21:866][  0]LogHAL: Display: Platform has ~ 8 GB [8500101120 / 8589934592 / 8], which maps to Default [LargestMinGB=32, LargerMinGB=12, DefaultMinGB=8, SmallerMinGB=6, SmallestMinGB=0)
[2018.09.26-22.36.21:866][  0]LogInit: Setting Device Profile CVar: [[r.Vulkan.UseRealUBs:1]]
[2018.09.26-22.36.21:866][  0]LogInit: Going up to parent DeviceProfile []
[2018.09.26-22.36.21:868][  0]LogInit: Computer: KRAKPC
[2018.09.26-22.36.21:868][  0]LogInit: User: krakp000
[2018.09.26-22.36.21:868][  0]LogInit: CPU Page size=4096, Cores=2
[2018.09.26-22.36.21:868][  0]LogInit: High frequency timer resolution =2.143476 MHz
[2018.09.26-22.36.21:869][  0]LogMemory: Memory total: Physical=7.9GB (8GB approx)
[2018.09.26-22.36.21:869][  0]LogMemory: Platform Memory Stats for Windows
[2018.09.26-22.36.21:869][  0]LogMemory: Process Physical Memory: 100.48 MB used, 100.48 MB peak
[2018.09.26-22.36.21:869][  0]LogMemory: Process Virtual Memory: 84.50 MB used, 84.50 MB peak
[2018.09.26-22.36.21:869][  0]LogMemory: Physical Memory: 5216.32 MB used,  2890.01 MB free, 8106.33 MB total
[2018.09.26-22.36.21:869][  0]LogMemory: Virtual Memory: 4606.95 MB used,  2890.01 MB free, 134217728.00 MB total
[2018.09.26-22.36.22:043][  0]LogInit: Overriding locale with editor locale configuration option (fr).
[2018.09.26-22.36.22:043][  0]LogInit: Overriding language with editor culture configuration option ().
[2018.09.26-22.36.22:043][  0]LogInit: Using OS detected language (en-GB).
[2018.09.26-22.36.22:047][  0]LogTextLocalizationManager: No specific localization for 'en-GB' exists, so the 'en' localization will be used.
[2018.09.26-22.36.22:936][  0]LogStreaming: Display: Took  0.894s to InitEngineTextLocalization.
[2018.09.26-22.36.22:936][  0]LogInit: Setting process to per monitor DPI aware
[2018.09.26-22.36.23:074][  0]LogSlate: New Slate User Created.  User Index 0, Is Virtual User: 0
[2018.09.26-22.36.23:074][  0]LogSlate: Slate User Registered.  User Index 0, Is Virtual User: 0
[2018.09.26-22.36.23:931][  0]LogHMD: Failed to initialize OpenVR with code 110
[2018.09.26-22.36.23:931][  0]LogD3D11RHI: D3D11 adapters:
[2018.09.26-22.36.24:115][  0]LogD3D11RHI:    0. 'NVIDIA GeForce 840M' (Feature Level 11_0)
[2018.09.26-22.36.24:115][  0]LogD3D11RHI:       2010/0/4053 MB DedicatedVideo/DedicatedSystem/SharedSystem, Outputs:2, VendorId:0x10de
[2018.09.26-22.36.24:135][  0]LogD3D11RHI:    1. 'Intel(R) HD Graphics 5500' (Feature Level 11_0)
[2018.09.26-22.36.24:135][  0]LogD3D11RHI:       128/0/4053 MB DedicatedVideo/DedicatedSystem/SharedSystem, Outputs:0, VendorId:0x8086
[2018.09.26-22.36.24:141][  0]LogD3D11RHI:    2. 'Microsoft Basic Render Driver' (Feature Level 11_0)
[2018.09.26-22.36.24:141][  0]LogD3D11RHI:       0/0/4053 MB DedicatedVideo/DedicatedSystem/SharedSystem, Outputs:0, VendorId:0x1414
[2018.09.26-22.36.24:141][  0]LogD3D11RHI: Chosen D3D11 Adapter: 0
[2018.09.26-22.36.24:220][  0]LogD3D11RHI: Creating new Direct3DDevice
[2018.09.26-22.36.24:221][  0]LogD3D11RHI:     GPU DeviceId: 0x1341 (for the marketing name, search the web for "GPU Device Id")
[2018.09.26-22.36.24:221][  0]LogWindows: EnumDisplayDevices:
[2018.09.26-22.36.24:221][  0]LogWindows:    0. 'Intel(R) HD Graphics 5500' (P:1 D:1)
[2018.09.26-22.36.24:222][  0]LogWindows:    1. 'Intel(R) HD Graphics 5500' (P:0 D:1)
[2018.09.26-22.36.24:224][  0]LogWindows:    2. 'Intel(R) HD Graphics 5500' (P:0 D:0)
[2018.09.26-22.36.24:225][  0]LogWindows: DebugString: PrimaryIsNotTheChoosenAdapter PrimaryIsNotTheChoosenAdapter PrimaryIsNotTheChoosenAdapter FoundDriverCount:0 
[2018.09.26-22.36.24:225][  0]LogD3D11RHI:     Adapter Name: NVIDIA GeForce 840M
[2018.09.26-22.36.24:225][  0]LogD3D11RHI:   Driver Version: Unknown (internal:Unknown, unified:Unknown)
[2018.09.26-22.36.24:225][  0]LogD3D11RHI:      Driver Date: Unknown
[2018.09.26-22.36.24:225][  0]LogRHI: Texture pool is 1407 MB (70% of 2010 MB)
[2018.09.26-22.36.24:350][  0]LogD3D11RHI: Async texture creation enabled
[2018.09.26-22.36.24:379][  0]LogD3D11RHI: GPU Timing Frequency: 1000.000000 (Debug: 2 2)
[2018.09.26-22.36.24:383][  0]LogShaderCompilers: Guid format shader working directory is -27 characters bigger than the processId version (../../../../../../Users/krakp_000/OneDrive/Bureau/Unreal Projects/GrimShooter/Intermediate/Shaders/WorkingDirectory/6212/).
[2018.09.26-22.36.24:384][  0]LogShaderCompilers: Cleaned the shader compiler working directory 'C:/Users/krakp_000/AppData/Local/Temp/UnrealShaderWorkingDir/7D753CDD4BDC1FB234DF7FAC3E7E738B/'.
[2018.09.26-22.36.25:727][  0]LogTemp: Display: Loaded TP AllDesktopTargetPlatform
[2018.09.26-22.36.25:772][  0]LogTemp: Display: Loaded TP MacClientTargetPlatform
[2018.09.26-22.36.25:808][  0]LogTemp: Display: Loaded TP MacNoEditorTargetPlatform
[2018.09.26-22.36.25:848][  0]LogTemp: Display: Loaded TP MacServerTargetPlatform
[2018.09.26-22.36.25:891][  0]LogTemp: Display: Loaded TP MacTargetPlatform
[2018.09.26-22.36.25:954][  0]LogTemp: Display: Loaded TP WindowsClientTargetPlatform
[2018.09.26-22.36.26:013][  0]LogTemp: Display: Loaded TP WindowsNoEditorTargetPlatform
[2018.09.26-22.36.26:066][  0]LogTemp: Display: Loaded TP WindowsServerTargetPlatform
[2018.09.26-22.36.26:091][  0]LogTemp: Display: Loaded TP WindowsTargetPlatform
[2018.09.26-22.36.26:378][  0]LogTemp: Display: Loaded TP AndroidTargetPlatform
[2018.09.26-22.36.26:378][  0]LogTemp: Display: Loaded TP AndroidTargetPlatform
[2018.09.26-22.36.26:378][  0]LogTemp: Display: Loaded TP AndroidTargetPlatform
[2018.09.26-22.36.26:378][  0]LogTemp: Display: Loaded TP AndroidTargetPlatform
[2018.09.26-22.36.26:378][  0]LogTemp: Display: Loaded TP AndroidTargetPlatform
[2018.09.26-22.36.26:378][  0]LogTemp: Display: Loaded TP AndroidTargetPlatform
[2018.09.26-22.36.26:378][  0]LogTemp: Display: Loaded TP AndroidTargetPlatform
[2018.09.26-22.36.26:378][  0]LogTemp: Display: Loaded TP AndroidTargetPlatform
[2018.09.26-22.36.26:378][  0]LogTemp: Display: Loaded TP AndroidTargetPlatform
[2018.09.26-22.36.26:378][  0]LogTemp: Display: Loaded TP AndroidTargetPlatform
[2018.09.26-22.36.26:378][  0]LogTemp: Display: Loaded TP AndroidTargetPlatform
[2018.09.26-22.36.26:378][  0]LogTemp: Display: Loaded TP AndroidTargetPlatform
[2018.09.26-22.36.26:378][  0]LogTemp: Display: Loaded TP AndroidTargetPlatform
[2018.09.26-22.36.26:378][  0]LogTemp: Display: Loaded TP AndroidTargetPlatform
[2018.09.26-22.36.26:378][  0]LogTemp: Display: Loaded TP AndroidTargetPlatform
[2018.09.26-22.36.26:378][  0]LogTemp: Display: Loaded TP AndroidTargetPlatform
[2018.09.26-22.36.26:378][  0]LogTemp: Display: Loaded TP AndroidTargetPlatform
[2018.09.26-22.36.26:378][  0]LogTemp: Display: Loaded TP AndroidTargetPlatform
[2018.09.26-22.36.26:383][  0]LogTemp: Display: Loaded TP HTML5TargetPlatform
[2018.09.26-22.36.26:506][  0]LogTemp: Display: Loaded TP IOSTargetPlatform
[2018.09.26-22.36.26:506][  0]LogTemp: Display: Loaded TP IOSTargetPlatform
[2018.09.26-22.36.26:598][  0]LogTemp: Display: Loaded TP TVOSTargetPlatform
[2018.09.26-22.36.26:598][  0]LogTemp: Display: Loaded TP TVOSTargetPlatform
[2018.09.26-22.36.26:647][  0]LogTemp: Display: Loaded TP LinuxClientTargetPlatform
[2018.09.26-22.36.26:686][  0]LogTemp: Display: Loaded TP LinuxNoEditorTargetPlatform
[2018.09.26-22.36.26:730][  0]LogTemp: Display: Loaded TP LinuxServerTargetPlatform
[2018.09.26-22.36.26:772][  0]LogTemp: Display: Loaded TP LinuxTargetPlatform
[2018.09.26-22.36.26:797][  0]LogTemp: Display: Loaded TP LuminTargetPlatform
[2018.09.26-22.36.26:797][  0]LogTargetPlatformManager: Display: Building Assets For Windows
[2018.09.26-22.36.27:108][  0]LogXGEController: Cleaning working directory: C:/Users/krakp_000/AppData/Local/Temp/UnrealXGEWorkingDir/
[2018.09.26-22.36.27:109][  0]LogXGEController: Cannot use XGE Controller as Incredibuild is not installed on this machine.
[2018.09.26-22.36.27:109][  0]LogShaderCompilers: Cannot use XGE Shader Compiler as Incredibuild is not installed on this machine.
[2018.09.26-22.36.27:109][  0]LogShaderCompilers: Display: Using Local Shader Compiler.
[2018.09.26-22.36.29:581][  0]LogDerivedDataCache: Display: Max Cache Size: 512 MB
[2018.09.26-22.36.29:770][  0]LogDerivedDataCache: Loaded boot cache 0.19s 71MB C:/Users/krakp_000/AppData/Local/UnrealEngine/4.20/DerivedDataCache/Boot.ddc.
[2018.09.26-22.36.29:771][  0]LogDerivedDataCache: Display: Loaded Boot cache: C:/Users/krakp_000/AppData/Local/UnrealEngine/4.20/DerivedDataCache/Boot.ddc
[2018.09.26-22.36.29:772][  0]LogDerivedDataCache: FDerivedDataBackendGraph:  Pak pak cache file ../../../../../../Users/krakp_000/OneDrive/Bureau/Unreal Projects/GrimShooter/DerivedDataCache/DDC.ddp not found, will not use a pak cache.
[2018.09.26-22.36.29:772][  0]LogDerivedDataCache: Unable to find inner node Pak for hierarchical cache Hierarchy.
[2018.09.26-22.36.29:772][  0]LogDerivedDataCache: FDerivedDataBackendGraph:  CompressedPak pak cache file ../../../../../../Users/krakp_000/OneDrive/Bureau/Unreal Projects/GrimShooter/DerivedDataCache/Compressed.ddp not found, will not use a pak cache.
[2018.09.26-22.36.29:772][  0]LogDerivedDataCache: Unable to find inner node CompressedPak for hierarchical cache Hierarchy.
[2018.09.26-22.36.29:813][  0]LogDerivedDataCache: Display: Pak cache opened for reading ../../../Engine/DerivedDataCache/Compressed.ddp.
[2018.09.26-22.36.29:831][  0]LogDerivedDataCache: Using Local data cache path C:/Users/krakp_000/AppData/Local/UnrealEngine/Common/DerivedDataCache: Writable
[2018.09.26-22.36.29:831][  0]LogDerivedDataCache: Shared data cache path not found in *engine.ini, will not use an Shared cache.
[2018.09.26-22.36.29:831][  0]LogDerivedDataCache: Unable to find inner node Shared for hierarchical cache Hierarchy.
[2018.09.26-22.36.29:904][  0]LogMaterial: Verifying Global Shaders for PCD3D_SM5
[2018.09.26-22.36.29:909][  0]LogSlate: Using FreeType 2.6.0
[2018.09.26-22.36.29:911][  0]LogSlate: SlateFontServices - WITH_FREETYPE: 1, WITH_HARFBUZZ: 1
[2018.09.26-22.36.30:128][  0]LogAssetRegistry: FAssetRegistry took 0.0377 seconds to start up
[2018.09.26-22.36.31:344][  0]LogInit: Selected Device Profile: [Windows]
[2018.09.26-22.36.31:756][  0]LogSimplygon: Simplygon DLL not present - disabling.
[2018.09.26-22.36.31:777][  0]LogMeshReduction: Using SimplygonSwarm for distributed automatic mesh merging
[2018.09.26-22.36.31:778][  0]LogMeshReduction: Using ProxyLODMeshReduction for automatic mesh merging
[2018.09.26-22.36.31:778][  0]LogMeshReduction: Using QuadricMeshReduction for automatic static mesh reduction
[2018.09.26-22.36.31:778][  0]LogMeshReduction: No automatic skeletal mesh reduction module available
[2018.09.26-22.36.31:843][  0]LogNetVersion: GrimShooter 1.0.0, NetCL: 4212847, EngineNetVer: 5, GameNetVer: 0 (Checksum: 682848799)
[2018.09.26-22.36.33:699][  0]LogPackageLocalizationCache: Processed 11 localized package path(s) for 2 prioritized culture(s) in 0.574633 seconds
[2018.09.26-22.36.33:716][  0]LogUObjectArray: 38425 objects as part of root set at end of initial load.
[2018.09.26-22.36.33:716][  0]LogUObjectAllocator: 6690872 out of 0 bytes used by permanent object pool.
[2018.09.26-22.36.33:716][  0]LogUObjectArray: CloseDisregardForGC: 0/0 objects in disregard for GC pool
[2018.09.26-22.36.36:829][  0]LogTcpMessaging: Initializing TcpMessaging bridge
[2018.09.26-22.36.36:854][  0]LogUdpMessaging: Initializing bridge on interface 0.0.0.0:0 to multicast group 230.0.0.1:6666.
[2018.09.26-22.36.37:197][  0]SourceControl: Source control is disabled
[2018.09.26-22.36.37:198][  0]SourceControl: Source control is disabled
[2018.09.26-22.36.37:205][  0]SourceControl: Source control is disabled
[2018.09.26-22.36.37:208][  0]SourceControl: Source control is disabled
[2018.09.26-22.36.37:635][  0]LogAndroidPermission: UAndroidPermissionCallbackProxy::GetInstance
[2018.09.26-22.36.37:881][  0]LogOcInput: OculusInput pre-init called
[2018.09.26-22.36.38:047][  0]LogEngine: Initializing Engine...
[2018.09.26-22.36.38:051][  0]LogHMD: Failed to initialize OpenVR with code 110
[2018.09.26-22.36.38:054][  0]LogStats: UGameplayTagsManager::ConstructGameplayTagTree: ImportINI prefixes -  0.000 s
[2018.09.26-22.36.38:054][  0]LogStats: UGameplayTagsManager::ConstructGameplayTagTree: Construct from data asset -  0.000 s
[2018.09.26-22.36.38:054][  0]LogStats: UGameplayTagsManager::ConstructGameplayTagTree: ImportINI -  0.000 s
[2018.09.26-22.36.38:054][  0]LogStats: UGameplayTagsManager::ConstructGameplayTagTree: GameplayTagTreeChangedEvent.Broadcast -  0.000 s
[2018.09.26-22.36.38:629][  0]LogInit: Initializing FReadOnlyCVARCache
[2018.09.26-22.36.38:689][  0]LogAIModule: Creating AISystem for world Untitled
[2018.09.26-22.36.38:741][  0]LogInit: XAudio2 using 'Haut-parleurs (Realtek High Definition Audio)' : 2 channels at 48 kHz using 32 bits per sample (channel mask 0x3)
[2018.09.26-22.36.38:838][  0]LogInit: FAudioDevice initialized.
[2018.09.26-22.36.38:838][  0]LogNetVersion: Set ProjectVersion to 1.0.0.0. Version Checksum will be recalculated on next use.
[2018.09.26-22.36.39:148][  0]LogDerivedDataCache: Saved boot cache 0.31s 71MB C:/Users/krakp_000/AppData/Local/UnrealEngine/4.20/DerivedDataCache/Boot.ddc.
[2018.09.26-22.36.39:165][  0]LogInit: Texture streaming: Enabled
[2018.09.26-22.36.39:260][  0]LogInit: Transaction tracking system initialized
[2018.09.26-22.36.39:377][  0]BlueprintLog: New page: Editor Load
[2018.09.26-22.36.39:738][  0]LocalizationService: Localization service is disabled
[2018.09.26-22.36.40:825][  0]LogCook: Display: Max memory allowance for cook 16384mb min free memory 0mb
[2018.09.26-22.36.40:826][  0]LogCook: Display: Mobile HDR setting 1
[2018.09.26-22.36.40:826][  0]LogGameplayTags: Display: UGameplayTagsManager::DoneAddingNativeTags. DelegateIsBound: 0
[2018.09.26-22.36.40:826][  0]LogStats: UGameplayTagsManager::ConstructGameplayTagTree: ImportINI prefixes -  0.000 s
[2018.09.26-22.36.40:826][  0]LogStats: UGameplayTagsManager::ConstructGameplayTagTree: Construct from data asset -  0.000 s
[2018.09.26-22.36.40:827][  0]LogStats: UGameplayTagsManager::ConstructGameplayTagTree: ImportINI -  0.000 s
[2018.09.26-22.36.40:827][  0]LogStats: UGameplayTagsManager::ConstructGameplayTagTree: GameplayTagTreeChangedEvent.Broadcast -  0.000 s
[2018.09.26-22.36.41:316][  0]LogFileCache: Scanning file cache for directory 'C:/Users/krakp_000/OneDrive/Bureau/Unreal Projects/GrimShooter/Content/' took 0.02s
[2018.09.26-22.36.41:316][  0]SourceControl: Source control is disabled
[2018.09.26-22.36.41:534][  0]LogWindowsTextInputMethodSystem: Display: IME system now deactivated.
[2018.09.26-22.36.41:537][  0]LogSlate: Took 0.000560 seconds to synchronously load lazily loaded font '../../../Engine/Content/Slate/Fonts/Roboto-Regular.ttf' (155K)
[2018.09.26-22.36.50:459][  0]LogSlate: Window 'Restore Packages' being destroyed
[2018.09.26-22.36.50:460][  0]LogWindowsTextInputMethodSystem: Display: IME system now deactivated.
[2018.09.26-22.36.50:464][  0]LogWindowsTextInputMethodSystem: Display: IME system now deactivated.
[2018.09.26-22.40.16:360][  0]LogSlate: Window 'Unable to Check Out From Source Control!' being destroyed
[2018.09.26-22.40.16:361][  0]LogWindowsTextInputMethodSystem: Display: IME system now deactivated.
[2018.09.26-22.40.16:364][  0]LogWindowsTextInputMethodSystem: Display: IME system now deactivated.
[2018.09.26-22.40.16:566][  0]LoadErrors: New page: Loading package: /Paper2D/MaskedUnlitSpriteMaterial
[2018.09.26-22.40.16:587][  0]Cmd: MAP LOAD FILE="../../../../../../Users/krakp_000/OneDrive/Bureau/Unreal Projects/GrimShooter/Content/TwinStickBP/Maps/TwinStickExampleMap.umap" TEMPLATE=0 SHOWPROGRESS=1 FEATURELEVEL=3
[2018.09.26-22.40.16:589][  0]LightingResults: New page: Lighting Build
[2018.09.26-22.40.16:602][  0]MapCheck: New page: Map Check
[2018.09.26-22.40.16:602][  0]LightingResults: New page: Lighting Build
[2018.09.26-22.40.17:873][  0]LogAIModule: Creating AISystem for world TwinStickExampleMap
[2018.09.26-22.40.17:899][  0]LogEditorServer: Finished looking for orphan Actors (0.000 secs)
[2018.09.26-22.40.17:991][  0]Cmd: MAP CHECKDEP NOCLEARLOG
[2018.09.26-22.40.18:413][  0]MapCheck: Map check complete: 0 Error(s), 0 Warning(s), took 422,011ms to complete.
[2018.09.26-22.40.18:414][  0]LogFileHelpers: Loading map 'TwinStickExampleMap' took 1.827
[2018.09.26-22.40.18:565][  0]LogSlate: Updating window title bar state: overlay mode, drag disabled, window buttons hidden, title bar hidden
[2018.09.26-22.40.18:589][  0]LogSlate: Updating window title bar state: overlay mode, drag disabled, window buttons hidden, title bar hidden
[2018.09.26-22.40.18:611][  0]LogSlate: Updating window title bar state: overlay mode, drag disabled, window buttons hidden, title bar hidden
[2018.09.26-22.40.18:630][  0]LogSlate: Updating window title bar state: overlay mode, drag disabled, window buttons hidden, title bar hidden
[2018.09.26-22.40.18:657][  0]LogCollectionManager: Loaded 0 collections in 0.009561 seconds
[2018.09.26-22.40.18:738][  0]LogFileCache: Scanning file cache for directory 'C:/Users/krakp_000/OneDrive/Bureau/Unreal Projects/GrimShooter/Saved/Collections/' took 0.01s
[2018.09.26-22.40.18:738][  0]LogFileCache: Scanning file cache for directory 'C:/Users/krakp_000/OneDrive/Bureau/Unreal Projects/GrimShooter/Content/Developers/krakp000/Collections/' took 0.01s
[2018.09.26-22.40.18:738][  0]LogFileCache: Scanning file cache for directory 'C:/Users/krakp_000/OneDrive/Bureau/Unreal Projects/GrimShooter/Content/Collections/' took 0.01s
[2018.09.26-22.40.18:738][  0]LogCollectionManager: Rebuilt the GUID cache for 0 collections in 0.000000 seconds
[2018.09.26-22.40.18:763][  0]LogContentBrowser: Native class hierarchy populated in 0.0242 seconds. Added 2572 classes and 603 folders.
[2018.09.26-22.40.18:789][  0]LogContentBrowser: Native class hierarchy updated for 'WidgetCarousel' in 0.0003 seconds. Added 0 classes and 0 folders.
[2018.09.26-22.40.19:020][  0]LogContentBrowser: Native class hierarchy updated for 'AddContentDialog' in 0.0007 seconds. Added 0 classes and 0 folders.
[2018.09.26-22.40.19:036][  0]LogContentBrowser: Native class hierarchy updated for 'SceneOutliner' in 0.0006 seconds. Added 1 classes and 2 folders.
[2018.09.26-22.40.19:066][  0]LogSlate: Took 0.000564 seconds to synchronously load lazily loaded font '../../../Engine/Content/Slate/Fonts/Roboto-Bold.ttf' (160K)
[2018.09.26-22.40.19:082][  0]LogSlate: Took 0.001015 seconds to synchronously load lazily loaded font '../../../Engine/Content/Editor/Slate/Fonts/FontAwesome.ttf' (139K)
[2018.09.26-22.40.19:228][  0]LogRenderer: Reallocating scene render targets to support 996x456 Format 10 NumSamples 1 (Frame:1).
[2018.09.26-22.40.19:618][  0]LogContentBrowser: Native class hierarchy updated for 'HierarchicalLODOutliner' in 0.0006 seconds. Added 0 classes and 0 folders.
[2018.09.26-22.40.19:618][  0]LogLoad: (Engine Initialization) Total time: 245.35 seconds
[2018.09.26-22.40.19:618][  0]LogLoad: (Engine Initialization) Total Blueprint compile time: 0.00 seconds
[2018.09.26-22.40.19:680][  0]LogContentStreaming: Texture pool size now 1000 MB
[2018.09.26-22.40.20:295][  4]LogAssetRegistry: Asset discovery search completed in 230.1905 seconds
[2018.09.26-22.40.20:305][  4]LogCollectionManager: Rebuilt the object cache for 0 collections in 0.000000 seconds (found 0 objects)
[2018.09.26-22.40.20:305][  4]LogCollectionManager: Fixed up redirectors for 0 collections in 0.000119 seconds (updated 0 objects)
[2018.09.26-22.40.21:592][  8]LogMaterial: Display: Missing cached shader map for material Material_0, compiling. 
[2018.09.26-22.40.21:679][  8]LogShaderCompilers: Display: Shaders left to compile 5
[2018.09.26-22.40.21:976][ 13]LogMaterial: Display: Missing cached shader map for material Material_1, compiling. 
[2018.09.26-22.40.21:990][ 13]LogShaderCompilers: Display: Shaders left to compile 5
[2018.09.26-22.40.22:046][ 14]LogMaterial: Display: Missing cached shader map for material Material_2, compiling. 
[2018.09.26-22.40.22:136][ 15]LogShaderCompilers: Display: Shaders left to compile 5
[2018.09.26-22.40.22:196][ 16]LogMaterial: Display: Missing cached shader map for material Material_3, compiling. 
[2018.09.26-22.41.50:785][920]LogShaderCompilers: Display: Shaders left to compile 5
[2018.09.26-23.21.49:028][796]LogEditorViewport: Clicking on Actor (LMB): TwinStickPawn_C (TwinStickPawn)
[2018.09.26-23.22.00:293][301]LogSlate: Took 0.008954 seconds to synchronously load lazily loaded font '../../../Engine/Content/Slate/Fonts/Roboto-Italic.ttf' (157K)
[2018.09.26-23.22.01:180][343]LogSlate: FSceneViewport::OnFocusLost() reason 0
[2018.09.27-00.24.20:173][270]LogSlate: FSceneViewport::OnFocusLost() reason 2
[2018.09.27-00.24.29:648][733]LogSlate: FSceneViewport::OnFocusLost() reason 2
[2018.09.27-00.24.39:813][227]LogSlate: FSceneViewport::OnFocusLost() reason 2
[2018.09.27-00.24.45:153][459]LogSlate: FSceneViewport::OnFocusLost() reason 2
[2018.09.27-00.24.50:498][717]LogSlate: FSceneViewport::OnFocusLost() reason 2
[2018.09.27-00.25.00:383][184]LogSlate: FSceneViewport::OnFocusLost() reason 2
[2018.09.27-00.25.13:438][646]LogSlate: FSceneViewport::OnFocusLost() reason 2
[2018.09.27-00.25.17:638][847]LogSlate: FSceneViewport::OnFocusLost() reason 2
[2018.09.27-00.25.43:922][ 67]LogEditorViewport: Clicking on Actor (LMB): StaticMeshActor (Floor)
[2018.09.27-00.25.45:950][143]LogEditorViewport: Clicking on Actor (LMB): StaticMeshActor (Floor)
[2018.09.27-00.25.49:427][308]LogSlate: FSceneViewport::OnFocusLost() reason 0
[2018.09.27-00.25.55:203][486]LogSlate: Took 0.000709 seconds to synchronously load lazily loaded font '../../../Engine/Content/Slate/Fonts/Roboto-Light.ttf' (167K)
[2018.09.27-00.26.01:827][632]LogTemp: Repeating last play command: Selected Viewport
[2018.09.27-00.26.01:906][632]LogBlueprintUserMessages: Early PlayInEditor Detection: Level '/Game/TwinStickBP/Maps/TwinStickExampleMap.TwinStickExampleMap:PersistentLevel' has LevelScriptBlueprint '/Game/TwinStickBP/Maps/TwinStickExampleMap.TwinStickExampleMap:PersistentLevel.TwinStickExampleMap' with GeneratedClass '/Game/TwinStickBP/Maps/TwinStickExampleMap.TwinStickExampleMap_C' with ClassGeneratedBy '/Game/TwinStickBP/Maps/TwinStickExampleMap.TwinStickExampleMap:PersistentLevel.TwinStickExampleMap'
[2018.09.27-00.26.01:907][632]LogPlayLevel: PlayLevel: No blueprints needed recompiling
[2018.09.27-00.26.01:933][632]PIE: New page: PIE session: TwinStickExampleMap (26 sept. 2018 16:26:01)
[2018.09.27-00.26.01:933][632]LogPlayLevel: Creating play world package: /Game/TwinStickBP/Maps/UEDPIE_0_TwinStickExampleMap
[2018.09.27-00.26.01:967][632]LogPlayLevel: PIE: StaticDuplicateObject took: (0.033460s)
[2018.09.27-00.26.01:970][632]LogAIModule: Creating AISystem for world TwinStickExampleMap
[2018.09.27-00.26.01:972][632]LogPlayLevel: PIE: World Init took: (0.004859s)
[2018.09.27-00.26.01:972][632]LogPlayLevel: PIE: Created PIE world by copying editor world from /Game/TwinStickBP/Maps/TwinStickExampleMap.TwinStickExampleMap to /Game/TwinStickBP/Maps/UEDPIE_0_TwinStickExampleMap.TwinStickExampleMap (0.038833s)
[2018.09.27-00.26.02:175][632]LogInit: XAudio2 using 'Haut-parleurs (Realtek High Definition Audio)' : 2 channels at 48 kHz using 32 bits per sample (channel mask 0x3)
[2018.09.27-00.26.02:240][632]LogInit: FAudioDevice initialized.
[2018.09.27-00.26.02:297][632]LogLoad: Game class is 'TwinStickGameMode_C'
[2018.09.27-00.26.02:305][632]LogWorld: Bringing World /Game/TwinStickBP/Maps/UEDPIE_0_TwinStickExampleMap.TwinStickExampleMap up for play (max tick rate 60) at 2018.09.26-20.26.02
[2018.09.27-00.26.02:307][632]LogWorld: Bringing up level for play took: 0.004733
[2018.09.27-00.26.02:349][632]LogContentBrowser: Native class hierarchy updated for 'MovieSceneCapture' in 0.0021 seconds. Added 10 classes and 0 folders.
[2018.09.27-00.26.02:351][632]PIE: Play in editor start time for /Game/TwinStickBP/Maps/UEDPIE_0_TwinStickExampleMap 1,284
[2018.09.27-00.26.02:351][632]LogBlueprintUserMessages: Late PlayInEditor Detection: Level '/Game/TwinStickBP/Maps/TwinStickExampleMap.TwinStickExampleMap:PersistentLevel' has LevelScriptBlueprint '/Game/TwinStickBP/Maps/TwinStickExampleMap.TwinStickExampleMap:PersistentLevel.TwinStickExampleMap' with GeneratedClass '/Game/TwinStickBP/Maps/TwinStickExampleMap.TwinStickExampleMap_C' with ClassGeneratedBy '/Game/TwinStickBP/Maps/TwinStickExampleMap.TwinStickExampleMap:PersistentLevel.TwinStickExampleMap'
[2018.09.27-00.26.05:617][776]LogBlueprintUserMessages: Early EndPlayMap Detection: Level '/Game/TwinStickBP/Maps/TwinStickExampleMap.TwinStickExampleMap:PersistentLevel' has LevelScriptBlueprint '/Game/TwinStickBP/Maps/TwinStickExampleMap.TwinStickExampleMap:PersistentLevel.TwinStickExampleMap' with GeneratedClass '/Game/TwinStickBP/Maps/TwinStickExampleMap.TwinStickExampleMap_C' with ClassGeneratedBy '/Game/TwinStickBP/Maps/TwinStickExampleMap.TwinStickExampleMap:PersistentLevel.TwinStickExampleMap'
[2018.09.27-00.26.05:617][776]LogSlate: Updating window title bar state: overlay mode, drag disabled, window buttons hidden, title bar hidden
[2018.09.27-00.26.05:668][776]LogPlayLevel: Display: Shutting down PIE online subsystems
[2018.09.27-00.26.05:668][776]LogBlueprintUserMessages: Late EndPlayMap Detection: Level '/Game/TwinStickBP/Maps/TwinStickExampleMap.TwinStickExampleMap:PersistentLevel' has LevelScriptBlueprint '/Game/TwinStickBP/Maps/TwinStickExampleMap.TwinStickExampleMap:PersistentLevel.TwinStickExampleMap' with GeneratedClass '/Game/TwinStickBP/Maps/TwinStickExampleMap.TwinStickExampleMap_C' with ClassGeneratedBy '/Game/TwinStickBP/Maps/TwinStickExampleMap.TwinStickExampleMap:PersistentLevel.TwinStickExampleMap'
[2018.09.27-00.26.05:715][776]LogSlate: Updating window title bar state: overlay mode, drag disabled, window buttons hidden, title bar hidden
[2018.09.27-00.26.05:759][777]LogPlayLevel: Display: Destroying online subsystem :Context_4
[2018.09.27-00.26.08:092][891]LogEditorViewport: Clicking on Actor (LMB): StaticMeshActor (Floor)
[2018.09.27-00.26.09:094][924]LogSlate: FSceneViewport::OnFocusLost() reason 0
[2018.09.27-00.27.50:402][541]LogSavePackage: Moving '../../../../../../Users/krakp_000/OneDrive/Bureau/Unreal Projects/GrimShooter/Saved/TwinStickExampleMap_Auto13DFDEB7C4851D13A4C92C098D2B105E1.tmp' to '../../../../../../Users/krakp_000/OneDrive/Bureau/Unreal Projects/GrimShooter/Saved/Autosaves/Game/TwinStickBP/Maps/TwinStickExampleMap_Auto1.umap'
[2018.09.27-00.27.50:427][541]LogFileHelpers: Editor autosave (incl. sublevels) for '/Game/TwinStickBP/Maps/TwinStickExampleMap' took 0.631
[2018.09.27-00.27.50:427][541]LogFileHelpers: Editor autosave (incl. sublevels) for all levels took 0.631
[2018.09.27-00.28.30:833][185]LogTemp: Repeating last play command: Selected Viewport
[2018.09.27-00.28.30:897][185]LogBlueprintUserMessages: Early PlayInEditor Detection: Level '/Game/TwinStickBP/Maps/TwinStickExampleMap.TwinStickExampleMap:PersistentLevel' has LevelScriptBlueprint '/Game/TwinStickBP/Maps/TwinStickExampleMap.TwinStickExampleMap:PersistentLevel.TwinStickExampleMap' with GeneratedClass '/Game/TwinStickBP/Maps/TwinStickExampleMap.TwinStickExampleMap_C' with ClassGeneratedBy '/Game/TwinStickBP/Maps/TwinStickExampleMap.TwinStickExampleMap:PersistentLevel.TwinStickExampleMap'
[2018.09.27-00.28.30:898][185]LogPlayLevel: PlayLevel: No blueprints needed recompiling
[2018.09.27-00.28.30:898][185]PIE: New page: PIE session: TwinStickExampleMap (26 sept. 2018 16:28:30)
[2018.09.27-00.28.30:899][185]LogPlayLevel: Creating play world package: /Game/TwinStickBP/Maps/UEDPIE_0_TwinStickExampleMap
[2018.09.27-00.28.30:913][185]LogPlayLevel: PIE: StaticDuplicateObject took: (0.014181s)
[2018.09.27-00.28.30:915][185]LogAIModule: Creating AISystem for world TwinStickExampleMap
[2018.09.27-00.28.30:915][185]LogPlayLevel: PIE: World Init took: (0.002377s)
[2018.09.27-00.28.30:916][185]LogPlayLevel: PIE: Created PIE world by copying editor world from /Game/TwinStickBP/Maps/TwinStickExampleMap.TwinStickExampleMap to /Game/TwinStickBP/Maps/UEDPIE_0_TwinStickExampleMap.TwinStickExampleMap (0.016999s)
[2018.09.27-00.28.30:987][185]LogInit: XAudio2 using 'Haut-parleurs (Realtek High Definition Audio)' : 2 channels at 48 kHz using 32 bits per sample (channel mask 0x3)
[2018.09.27-00.28.31:057][185]LogInit: FAudioDevice initialized.
[2018.09.27-00.28.31:103][185]LogLoad: Game class is 'TwinStickGameMode_C'
[2018.09.27-00.28.31:107][185]LogWorld: Bringing World /Game/TwinStickBP/Maps/UEDPIE_0_TwinStickExampleMap.TwinStickExampleMap up for play (max tick rate 60) at 2018.09.26-20.28.31
[2018.09.27-00.28.31:108][185]LogWorld: Bringing up level for play took: 0.003436
[2018.09.27-00.28.31:123][185]PIE: Play in editor start time for /Game/TwinStickBP/Maps/UEDPIE_0_TwinStickExampleMap 0,057
[2018.09.27-00.28.31:123][185]LogBlueprintUserMessages: Late PlayInEditor Detection: Level '/Game/TwinStickBP/Maps/TwinStickExampleMap.TwinStickExampleMap:PersistentLevel' has LevelScriptBlueprint '/Game/TwinStickBP/Maps/TwinStickExampleMap.TwinStickExampleMap:PersistentLevel.TwinStickExampleMap' with GeneratedClass '/Game/TwinStickBP/Maps/TwinStickExampleMap.TwinStickExampleMap_C' with ClassGeneratedBy '/Game/TwinStickBP/Maps/TwinStickExampleMap.TwinStickExampleMap:PersistentLevel.TwinStickExampleMap'
[2018.09.27-00.28.33:167][281]LogBlueprintUserMessages: Early EndPlayMap Detection: Level '/Game/TwinStickBP/Maps/TwinStickExampleMap.TwinStickExampleMap:PersistentLevel' has LevelScriptBlueprint '/Game/TwinStickBP/Maps/TwinStickExampleMap.TwinStickExampleMap:PersistentLevel.TwinStickExampleMap' with GeneratedClass '/Game/TwinStickBP/Maps/TwinStickExampleMap.TwinStickExampleMap_C' with ClassGeneratedBy '/Game/TwinStickBP/Maps/TwinStickExampleMap.TwinStickExampleMap:PersistentLevel.TwinStickExampleMap'
[2018.09.27-00.28.33:167][281]LogSlate: Updating window title bar state: overlay mode, drag disabled, window buttons hidden, title bar hidden
[2018.09.27-00.28.33:219][281]LogPlayLevel: Display: Shutting down PIE online subsystems
[2018.09.27-00.28.33:220][281]LogBlueprintUserMessages: Late EndPlayMap Detection: Level '/Game/TwinStickBP/Maps/TwinStickExampleMap.TwinStickExampleMap:PersistentLevel' has LevelScriptBlueprint '/Game/TwinStickBP/Maps/TwinStickExampleMap.TwinStickExampleMap:PersistentLevel.TwinStickExampleMap' with GeneratedClass '/Game/TwinStickBP/Maps/TwinStickExampleMap.TwinStickExampleMap_C' with ClassGeneratedBy '/Game/TwinStickBP/Maps/TwinStickExampleMap.TwinStickExampleMap:PersistentLevel.TwinStickExampleMap'
[2018.09.27-00.28.33:267][281]LogSlate: Updating window title bar state: overlay mode, drag disabled, window buttons hidden, title bar hidden
[2018.09.27-00.28.33:312][282]LogPlayLevel: Display: Destroying online subsystem :Context_5
[2018.09.27-00.28.34:502][338]LogEditorViewport: Clicking on Actor (LMB): StaticMeshActor (Floor)
[2018.09.27-00.28.35:794][388]LogSlate: FSceneViewport::OnFocusLost() reason 0
[2018.09.27-00.35.45:089][369]LogTemp: Repeating last play command: Selected Viewport
[2018.09.27-00.35.45:132][369]LogBlueprintUserMessages: Early PlayInEditor Detection: Level '/Game/TwinStickBP/Maps/TwinStickExampleMap.TwinStickExampleMap:PersistentLevel' has LevelScriptBlueprint '/Game/TwinStickBP/Maps/TwinStickExampleMap.TwinStickExampleMap:PersistentLevel.TwinStickExampleMap' with GeneratedClass '/Game/TwinStickBP/Maps/TwinStickExampleMap.TwinStickExampleMap_C' with ClassGeneratedBy '/Game/TwinStickBP/Maps/TwinStickExampleMap.TwinStickExampleMap:PersistentLevel.TwinStickExampleMap'
[2018.09.27-00.35.45:133][369]LogPlayLevel: PlayLevel: No blueprints needed recompiling
[2018.09.27-00.35.45:133][369]PIE: New page: PIE session: TwinStickExampleMap (26 sept. 2018 16:35:45)
[2018.09.27-00.35.45:133][369]LogPlayLevel: Creating play world package: /Game/TwinStickBP/Maps/UEDPIE_0_TwinStickExampleMap
[2018.09.27-00.35.45:146][369]LogPlayLevel: PIE: StaticDuplicateObject took: (0.012473s)
[2018.09.27-00.35.45:148][369]LogAIModule: Creating AISystem for world TwinStickExampleMap
[2018.09.27-00.35.45:149][369]LogPlayLevel: PIE: World Init took: (0.002913s)
[2018.09.27-00.35.45:149][369]LogPlayLevel: PIE: Created PIE world by copying editor world from /Game/TwinStickBP/Maps/TwinStickExampleMap.TwinStickExampleMap to /Game/TwinStickBP/Maps/UEDPIE_0_TwinStickExampleMap.TwinStickExampleMap (0.015958s)
[2018.09.27-00.35.45:213][369]LogInit: XAudio2 using 'Haut-parleurs (Realtek High Definition Audio)' : 2 channels at 48 kHz using 32 bits per sample (channel mask 0x3)
[2018.09.27-00.35.45:276][369]LogInit: FAudioDevice initialized.
[2018.09.27-00.35.45:315][369]LogLoad: Game class is 'TwinStickGameMode_C'
[2018.09.27-00.35.45:319][369]LogWorld: Bringing World /Game/TwinStickBP/Maps/UEDPIE_0_TwinStickExampleMap.TwinStickExampleMap up for play (max tick rate 60) at 2018.09.26-20.35.45
[2018.09.27-00.35.45:319][369]LogWorld: Bringing up level for play took: 0.003420
[2018.09.27-00.35.45:334][369]PIE: Play in editor start time for /Game/TwinStickBP/Maps/UEDPIE_0_TwinStickExampleMap 0,268
[2018.09.27-00.35.45:334][369]LogBlueprintUserMessages: Late PlayInEditor Detection: Level '/Game/TwinStickBP/Maps/TwinStickExampleMap.TwinStickExampleMap:PersistentLevel' has LevelScriptBlueprint '/Game/TwinStickBP/Maps/TwinStickExampleMap.TwinStickExampleMap:PersistentLevel.TwinStickExampleMap' with GeneratedClass '/Game/TwinStickBP/Maps/TwinStickExampleMap.TwinStickExampleMap_C' with ClassGeneratedBy '/Game/TwinStickBP/Maps/TwinStickExampleMap.TwinStickExampleMap:PersistentLevel.TwinStickExampleMap'
[2018.09.27-00.35.48:445][513]LogBlueprintUserMessages: Early EndPlayMap Detection: Level '/Game/TwinStickBP/Maps/TwinStickExampleMap.TwinStickExampleMap:PersistentLevel' has LevelScriptBlueprint '/Game/TwinStickBP/Maps/TwinStickExampleMap.TwinStickExampleMap:PersistentLevel.TwinStickExampleMap' with GeneratedClass '/Game/TwinStickBP/Maps/TwinStickExampleMap.TwinStickExampleMap_C' with ClassGeneratedBy '/Game/TwinStickBP/Maps/TwinStickExampleMap.TwinStickExampleMap:PersistentLevel.TwinStickExampleMap'
[2018.09.27-00.35.48:445][513]LogSlate: Updating window title bar state: overlay mode, drag disabled, window buttons hidden, title bar hidden
[2018.09.27-00.35.48:492][513]LogPlayLevel: Display: Shutting down PIE online subsystems
[2018.09.27-00.35.48:492][513]LogBlueprintUserMessages: Late EndPlayMap Detection: Level '/Game/TwinStickBP/Maps/TwinStickExampleMap.TwinStickExampleMap:PersistentLevel' has LevelScriptBlueprint '/Game/TwinStickBP/Maps/TwinStickExampleMap.TwinStickExampleMap:PersistentLevel.TwinStickExampleMap' with GeneratedClass '/Game/TwinStickBP/Maps/TwinStickExampleMap.TwinStickExampleMap_C' with ClassGeneratedBy '/Game/TwinStickBP/Maps/TwinStickExampleMap.TwinStickExampleMap:PersistentLevel.TwinStickExampleMap'
[2018.09.27-00.35.48:536][513]LogSlate: Updating window title bar state: overlay mode, drag disabled, window buttons hidden, title bar hidden
[2018.09.27-00.35.48:581][514]LogPlayLevel: Display: Destroying online subsystem :Context_6
[2018.09.27-00.35.51:096][626]LogEditorViewport: Clicking on Actor (LMB): StaticMeshActor (Floor)
[2018.09.27-00.35.52:068][663]LogEditorViewport: Clicking on Actor (LMB): TwinStickPawn_C (TwinStickPawn)
[2018.09.27-00.35.52:993][699]LogEditorViewport: Clicking on Actor (LMB): StaticMeshActor (Floor)
[2018.09.27-00.35.54:632][764]LogSlate: FSceneViewport::OnFocusLost() reason 0
[2018.09.27-00.36.37:534][592]LogTemp: Repeating last play command: Selected Viewport
[2018.09.27-00.36.37:583][592]LogBlueprintUserMessages: Early PlayInEditor Detection: Level '/Game/TwinStickBP/Maps/TwinStickExampleMap.TwinStickExampleMap:PersistentLevel' has LevelScriptBlueprint '/Game/TwinStickBP/Maps/TwinStickExampleMap.TwinStickExampleMap:PersistentLevel.TwinStickExampleMap' with GeneratedClass '/Game/TwinStickBP/Maps/TwinStickExampleMap.TwinStickExampleMap_C' with ClassGeneratedBy '/Game/TwinStickBP/Maps/TwinStickExampleMap.TwinStickExampleMap:PersistentLevel.TwinStickExampleMap'
[2018.09.27-00.36.37:583][592]LogPlayLevel: PlayLevel: No blueprints needed recompiling
[2018.09.27-00.36.37:583][592]PIE: New page: PIE session: TwinStickExampleMap (26 sept. 2018 16:36:37)
[2018.09.27-00.36.37:584][592]LogPlayLevel: Creating play world package: /Game/TwinStickBP/Maps/UEDPIE_0_TwinStickExampleMap
[2018.09.27-00.36.37:598][592]LogPlayLevel: PIE: StaticDuplicateObject took: (0.014747s)
[2018.09.27-00.36.37:601][592]LogAIModule: Creating AISystem for world TwinStickExampleMap
[2018.09.27-00.36.37:602][592]LogPlayLevel: PIE: World Init took: (0.003145s)
[2018.09.27-00.36.37:602][592]LogPlayLevel: PIE: Created PIE world by copying editor world from /Game/TwinStickBP/Maps/TwinStickExampleMap.TwinStickExampleMap to /Game/TwinStickBP/Maps/UEDPIE_0_TwinStickExampleMap.TwinStickExampleMap (0.018296s)
[2018.09.27-00.36.37:671][592]LogInit: XAudio2 using 'Haut-parleurs (Realtek High Definition Audio)' : 2 channels at 48 kHz using 32 bits per sample (channel mask 0x3)
[2018.09.27-00.36.37:730][592]LogInit: FAudioDevice initialized.
[2018.09.27-00.36.37:767][592]LogLoad: Game class is 'TwinStickGameMode_C'
[2018.09.27-00.36.37:770][592]LogWorld: Bringing World /Game/TwinStickBP/Maps/UEDPIE_0_TwinStickExampleMap.TwinStickExampleMap up for play (max tick rate 60) at 2018.09.26-20.36.37
[2018.09.27-00.36.37:771][592]LogWorld: Bringing up level for play took: 0.003496
[2018.09.27-00.36.37:786][592]PIE: Play in editor start time for /Game/TwinStickBP/Maps/UEDPIE_0_TwinStickExampleMap 0,719
[2018.09.27-00.36.37:787][592]LogBlueprintUserMessages: Late PlayInEditor Detection: Level '/Game/TwinStickBP/Maps/TwinStickExampleMap.TwinStickExampleMap:PersistentLevel' has LevelScriptBlueprint '/Game/TwinStickBP/Maps/TwinStickExampleMap.TwinStickExampleMap:PersistentLevel.TwinStickExampleMap' with GeneratedClass '/Game/TwinStickBP/Maps/TwinStickExampleMap.TwinStickExampleMap_C' with ClassGeneratedBy '/Game/TwinStickBP/Maps/TwinStickExampleMap.TwinStickExampleMap:PersistentLevel.TwinStickExampleMap'
[2018.09.27-00.36.41:983][783]LogBlueprintUserMessages: Early EndPlayMap Detection: Level '/Game/TwinStickBP/Maps/TwinStickExampleMap.TwinStickExampleMap:PersistentLevel' has LevelScriptBlueprint '/Game/TwinStickBP/Maps/TwinStickExampleMap.TwinStickExampleMap:PersistentLevel.TwinStickExampleMap' with GeneratedClass '/Game/TwinStickBP/Maps/TwinStickExampleMap.TwinStickExampleMap_C' with ClassGeneratedBy '/Game/TwinStickBP/Maps/TwinStickExampleMap.TwinStickExampleMap:PersistentLevel.TwinStickExampleMap'
[2018.09.27-00.36.41:984][783]LogSlate: Updating window title bar state: overlay mode, drag disabled, window buttons hidden, title bar hidden
[2018.09.27-00.36.42:035][783]LogPlayLevel: Display: Shutting down PIE online subsystems
[2018.09.27-00.36.42:035][783]LogBlueprintUserMessages: Late EndPlayMap Detection: Level '/Game/TwinStickBP/Maps/TwinStickExampleMap.TwinStickExampleMap:PersistentLevel' has LevelScriptBlueprint '/Game/TwinStickBP/Maps/TwinStickExampleMap.TwinStickExampleMap:PersistentLevel.TwinStickExampleMap' with GeneratedClass '/Game/TwinStickBP/Maps/TwinStickExampleMap.TwinStickExampleMap_C' with ClassGeneratedBy '/Game/TwinStickBP/Maps/TwinStickExampleMap.TwinStickExampleMap:PersistentLevel.TwinStickExampleMap'
[2018.09.27-00.36.42:082][783]LogSlate: Updating window title bar state: overlay mode, drag disabled, window buttons hidden, title bar hidden
[2018.09.27-00.36.42:124][784]LogPlayLevel: Display: Destroying online subsystem :Context_7
[2018.09.27-00.36.43:887][866]LogEditorViewport: Clicking on Actor (LMB): StaticMeshActor (Floor)
[2018.09.27-00.36.46:743][991]LogSlate: FSceneViewport::OnFocusLost() reason 0
[2018.09.27-00.38.01:235][933]LogSavePackage: Moving '../../../../../../Users/krakp_000/OneDrive/Bureau/Unreal Projects/GrimShooter/Saved/TwinStickExampleMap_Auto2237DA2774F2E708B1F3F8FA5DD71F96F.tmp' to '../../../../../../Users/krakp_000/OneDrive/Bureau/Unreal Projects/GrimShooter/Saved/Autosaves/Game/TwinStickBP/Maps/TwinStickExampleMap_Auto2.umap'
[2018.09.27-00.38.01:259][933]LogFileHelpers: Editor autosave (incl. sublevels) for '/Game/TwinStickBP/Maps/TwinStickExampleMap' took 0.480
[2018.09.27-00.38.01:259][933]LogFileHelpers: Editor autosave (incl. sublevels) for all levels took 0.480
[2018.09.27-00.59.22:813][928]LogTemp: Repeating last play command: Selected Viewport
[2018.09.27-00.59.22:853][928]LogBlueprintUserMessages: Early PlayInEditor Detection: Level '/Game/TwinStickBP/Maps/TwinStickExampleMap.TwinStickExampleMap:PersistentLevel' has LevelScriptBlueprint '/Game/TwinStickBP/Maps/TwinStickExampleMap.TwinStickExampleMap:PersistentLevel.TwinStickExampleMap' with GeneratedClass '/Game/TwinStickBP/Maps/TwinStickExampleMap.TwinStickExampleMap_C' with ClassGeneratedBy '/Game/TwinStickBP/Maps/TwinStickExampleMap.TwinStickExampleMap:PersistentLevel.TwinStickExampleMap'
[2018.09.27-00.59.22:853][928]LogPlayLevel: PlayLevel: No blueprints needed recompiling
[2018.09.27-00.59.22:854][928]PIE: New page: PIE session: TwinStickExampleMap (26 sept. 2018 16:59:22)
[2018.09.27-00.59.22:854][928]LogPlayLevel: Creating play world package: /Game/TwinStickBP/Maps/UEDPIE_0_TwinStickExampleMap
[2018.09.27-00.59.22:875][928]LogPlayLevel: PIE: StaticDuplicateObject took: (0.021061s)
[2018.09.27-00.59.22:877][928]LogAIModule: Creating AISystem for world TwinStickExampleMap
[2018.09.27-00.59.22:878][928]LogPlayLevel: PIE: World Init took: (0.002834s)
[2018.09.27-00.59.22:878][928]LogPlayLevel: PIE: Created PIE world by copying editor world from /Game/TwinStickBP/Maps/TwinStickExampleMap.TwinStickExampleMap to /Game/TwinStickBP/Maps/UEDPIE_0_TwinStickExampleMap.TwinStickExampleMap (0.024294s)
[2018.09.27-00.59.22:957][928]LogInit: XAudio2 using 'Haut-parleurs (Realtek High Definition Audio)' : 2 channels at 48 kHz using 32 bits per sample (channel mask 0x3)
[2018.09.27-00.59.23:016][928]LogInit: FAudioDevice initialized.
[2018.09.27-00.59.23:057][928]LogLoad: Game class is 'TwinStickGameMode_C'
[2018.09.27-00.59.23:060][928]LogWorld: Bringing World /Game/TwinStickBP/Maps/UEDPIE_0_TwinStickExampleMap.TwinStickExampleMap up for play (max tick rate 60) at 2018.09.26-20.59.23
[2018.09.27-00.59.23:061][928]LogWorld: Bringing up level for play took: 0.003545
[2018.09.27-00.59.23:076][928]PIE: Play in editor start time for /Game/TwinStickBP/Maps/UEDPIE_0_TwinStickExampleMap 0,009
[2018.09.27-00.59.23:076][928]LogBlueprintUserMessages: Late PlayInEditor Detection: Level '/Game/TwinStickBP/Maps/TwinStickExampleMap.TwinStickExampleMap:PersistentLevel' has LevelScriptBlueprint '/Game/TwinStickBP/Maps/TwinStickExampleMap.TwinStickExampleMap:PersistentLevel.TwinStickExampleMap' with GeneratedClass '/Game/TwinStickBP/Maps/TwinStickExampleMap.TwinStickExampleMap_C' with ClassGeneratedBy '/Game/TwinStickBP/Maps/TwinStickExampleMap.TwinStickExampleMap:PersistentLevel.TwinStickExampleMap'
[2018.09.27-00.59.29:469][204]LogBlueprintUserMessages: Early EndPlayMap Detection: Level '/Game/TwinStickBP/Maps/TwinStickExampleMap.TwinStickExampleMap:PersistentLevel' has LevelScriptBlueprint '/Game/TwinStickBP/Maps/TwinStickExampleMap.TwinStickExampleMap:PersistentLevel.TwinStickExampleMap' with GeneratedClass '/Game/TwinStickBP/Maps/TwinStickExampleMap.TwinStickExampleMap_C' with ClassGeneratedBy '/Game/TwinStickBP/Maps/TwinStickExampleMap.TwinStickExampleMap:PersistentLevel.TwinStickExampleMap'
[2018.09.27-00.59.29:470][204]LogSlate: Updating window title bar state: overlay mode, drag disabled, window buttons hidden, title bar hidden
[2018.09.27-00.59.29:520][204]LogPlayLevel: Display: Shutting down PIE online subsystems
[2018.09.27-00.59.29:520][204]LogBlueprintUserMessages: Late EndPlayMap Detection: Level '/Game/TwinStickBP/Maps/TwinStickExampleMap.TwinStickExampleMap:PersistentLevel' has LevelScriptBlueprint '/Game/TwinStickBP/Maps/TwinStickExampleMap.TwinStickExampleMap:PersistentLevel.TwinStickExampleMap' with GeneratedClass '/Game/TwinStickBP/Maps/TwinStickExampleMap.TwinStickExampleMap_C' with ClassGeneratedBy '/Game/TwinStickBP/Maps/TwinStickExampleMap.TwinStickExampleMap:PersistentLevel.TwinStickExampleMap'
[2018.09.27-00.59.29:557][204]LogSlate: Updating window title bar state: overlay mode, drag disabled, window buttons hidden, title bar hidden
[2018.09.27-00.59.29:606][205]LogPlayLevel: Display: Destroying online subsystem :Context_8
[2018.09.27-00.59.38:369][624]LogEditorViewport: Clicking on Actor (LMB): StaticMeshActor (Floor)
[2018.09.27-00.59.39:737][671]LogSlate: FSceneViewport::OnFocusLost() reason 0
[2018.09.27-00.59.54:742][262]LogTemp: Repeating last play command: Selected Viewport
[2018.09.27-00.59.55:230][262]LogBlueprintUserMessages: Early PlayInEditor Detection: Level '/Game/TwinStickBP/Maps/TwinStickExampleMap.TwinStickExampleMap:PersistentLevel' has LevelScriptBlueprint '/Game/TwinStickBP/Maps/TwinStickExampleMap.TwinStickExampleMap:PersistentLevel.TwinStickExampleMap' with GeneratedClass '/Game/TwinStickBP/Maps/TwinStickExampleMap.TwinStickExampleMap_C' with ClassGeneratedBy '/Game/TwinStickBP/Maps/TwinStickExampleMap.TwinStickExampleMap:PersistentLevel.TwinStickExampleMap'
[2018.09.27-00.59.55:230][262]LogPlayLevel: PlayLevel: No blueprints needed recompiling
[2018.09.27-00.59.55:231][262]PIE: New page: PIE session: TwinStickExampleMap (26 sept. 2018 16:59:55)
[2018.09.27-00.59.55:231][262]LogPlayLevel: Creating play world package: /Game/TwinStickBP/Maps/UEDPIE_0_TwinStickExampleMap
[2018.09.27-00.59.55:245][262]LogPlayLevel: PIE: StaticDuplicateObject took: (0.013825s)
[2018.09.27-00.59.55:247][262]LogAIModule: Creating AISystem for world TwinStickExampleMap
[2018.09.27-00.59.55:248][262]LogPlayLevel: PIE: World Init took: (0.002747s)
[2018.09.27-00.59.55:248][262]LogPlayLevel: PIE: Created PIE world by copying editor world from /Game/TwinStickBP/Maps/TwinStickExampleMap.TwinStickExampleMap to /Game/TwinStickBP/Maps/UEDPIE_0_TwinStickExampleMap.TwinStickExampleMap (0.016945s)
[2018.09.27-00.59.55:327][262]LogInit: XAudio2 using 'Haut-parleurs (Realtek High Definition Audio)' : 2 channels at 48 kHz using 32 bits per sample (channel mask 0x3)
[2018.09.27-00.59.55:401][262]LogInit: FAudioDevice initialized.
[2018.09.27-00.59.55:444][262]LogLoad: Game class is 'TwinStickGameMode_C'
[2018.09.27-00.59.55:449][262]LogWorld: Bringing World /Game/TwinStickBP/Maps/UEDPIE_0_TwinStickExampleMap.TwinStickExampleMap up for play (max tick rate 60) at 2018.09.26-20.59.55
[2018.09.27-00.59.55:449][262]LogWorld: Bringing up level for play took: 0.004321
[2018.09.27-00.59.55:464][262]PIE: Play in editor start time for /Game/TwinStickBP/Maps/UEDPIE_0_TwinStickExampleMap 0,398
[2018.09.27-00.59.55:465][262]LogBlueprintUserMessages: Late PlayInEditor Detection: Level '/Game/TwinStickBP/Maps/TwinStickExampleMap.TwinStickExampleMap:PersistentLevel' has LevelScriptBlueprint '/Game/TwinStickBP/Maps/TwinStickExampleMap.TwinStickExampleMap:PersistentLevel.TwinStickExampleMap' with GeneratedClass '/Game/TwinStickBP/Maps/TwinStickExampleMap.TwinStickExampleMap_C' with ClassGeneratedBy '/Game/TwinStickBP/Maps/TwinStickExampleMap.TwinStickExampleMap:PersistentLevel.TwinStickExampleMap'
[2018.09.27-00.59.58:190][369]LogBlueprintUserMessages: Early EndPlayMap Detection: Level '/Game/TwinStickBP/Maps/TwinStickExampleMap.TwinStickExampleMap:PersistentLevel' has LevelScriptBlueprint '/Game/TwinStickBP/Maps/TwinStickExampleMap.TwinStickExampleMap:PersistentLevel.TwinStickExampleMap' with GeneratedClass '/Game/TwinStickBP/Maps/TwinStickExampleMap.TwinStickExampleMap_C' with ClassGeneratedBy '/Game/TwinStickBP/Maps/TwinStickExampleMap.TwinStickExampleMap:PersistentLevel.TwinStickExampleMap'
[2018.09.27-00.59.58:190][369]LogSlate: Updating window title bar state: overlay mode, drag disabled, window buttons hidden, title bar hidden
[2018.09.27-00.59.58:241][369]LogPlayLevel: Display: Shutting down PIE online subsystems
[2018.09.27-00.59.58:241][369]LogBlueprintUserMessages: Late EndPlayMap Detection: Level '/Game/TwinStickBP/Maps/TwinStickExampleMap.TwinStickExampleMap:PersistentLevel' has LevelScriptBlueprint '/Game/TwinStickBP/Maps/TwinStickExampleMap.TwinStickExampleMap:PersistentLevel.TwinStickExampleMap' with GeneratedClass '/Game/TwinStickBP/Maps/TwinStickExampleMap.TwinStickExampleMap_C' with ClassGeneratedBy '/Game/TwinStickBP/Maps/TwinStickExampleMap.TwinStickExampleMap:PersistentLevel.TwinStickExampleMap'
[2018.09.27-00.59.58:285][369]LogSlate: Updating window title bar state: overlay mode, drag disabled, window buttons hidden, title bar hidden
[2018.09.27-00.59.58:332][370]LogPlayLevel: Display: Destroying online subsystem :Context_9
[2018.09.27-00.59.58:825][393]LogEditorViewport: Clicking on Actor (LMB): StaticMeshActor (Floor)
[2018.09.27-01.00.12:310][935]LogSlate: FSceneViewport::OnFocusLost() reason 0
[2018.09.27-01.01.14:674][375]LogSavePackage: Moving '../../../../../../Users/krakp_000/OneDrive/Bureau/Unreal Projects/GrimShooter/Saved/TwinStickExampleMap_Auto38146191E45F493BE91CF5F8875D430C6.tmp' to '../../../../../../Users/krakp_000/OneDrive/Bureau/Unreal Projects/GrimShooter/Saved/Autosaves/Game/TwinStickBP/Maps/TwinStickExampleMap_Auto3.umap'
[2018.09.27-01.01.14:701][375]LogFileHelpers: Editor autosave (incl. sublevels) for '/Game/TwinStickBP/Maps/TwinStickExampleMap' took 0.481
[2018.09.27-01.01.14:702][375]LogFileHelpers: Editor autosave (incl. sublevels) for all levels took 0.481
[2018.09.27-01.13.22:824][777]LogEditorViewport: Clicking on Actor (LMB): TwinStickPawn_C (TwinStickPawn)
[2018.09.27-01.13.34:205][146]LogEditorViewport: Clicking on Actor (context menu): StaticMeshActor (Floor)
[2018.09.27-01.13.34:904][146]LogSlate: FSceneViewport::OnFocusLost() reason 2
[2018.09.27-01.13.38:689][265]LogMaterial: Display: Missing cached shader map for material Material_4, compiling. 
[2018.09.27-01.13.38:792][266]LogShaderCompilers: Display: Shaders left to compile 5
[2018.09.27-01.13.39:442][266]LogMaterial: Display: Missing cached shader map for material Material_5, compiling. 
[2018.09.27-01.13.39:455][266]LogShaderCompilers: Display: Shaders left to compile 5
[2018.09.27-01.13.39:691][267]LogMaterial: Display: Missing cached shader map for material Material_6, compiling. 
[2018.09.27-01.13.39:705][267]LogShaderCompilers: Display: Shaders left to compile 5
[2018.09.27-01.13.39:753][268]LogMaterial: Display: Missing cached shader map for material Material_7, compiling. 
[2018.09.27-01.13.46:524][420]LogMaterial: Display: Missing cached shader map for material Material_8, compiling. 
[2018.09.27-01.13.55:765][644]LogSlate: FSceneViewport::OnFocusLost() reason 0
[2018.09.27-01.14.02:670][733]Cmd: TRANSACTION UNDO
[2018.09.27-01.14.02:671][733]LogEditorTransaction: Undo Create Actors
[2018.09.27-01.14.04:224][768]LogSlate: FSceneViewport::OnFocusLost() reason 0
[2018.09.27-01.14.09:001][891]Cmd: TRANSACTION UNDO
[2018.09.27-01.14.09:001][891]LogEditorTransaction: Undo Create Actors
[2018.09.27-01.14.13:313][984]LogSlate: FSceneViewport::OnFocusLost() reason 0
[2018.09.27-01.14.15:748][ 30]Cmd: TRANSACTION UNDO
[2018.09.27-01.14.15:750][ 30]LogEditorTransaction: Undo Create Actors
[2018.09.27-01.14.19:572][113]LogSlate: FSceneViewport::OnFocusLost() reason 0
[2018.09.27-01.14.28:726][348]LogSlate: FSceneViewport::OnFocusLost() reason 2
[2018.09.27-01.14.32:092][435]LogSlate: FSceneViewport::OnFocusLost() reason 0
[2018.09.27-01.14.40:055][597]LogMaterial: Display: Missing cached shader map for material Main_North_Mat, compiling. 
[2018.09.27-01.14.43:842][599]LogSlate: FSceneViewport::OnFocusLost() reason 0
[2018.09.27-01.15.03:942][155]LogSlate: FSceneViewport::OnFocusLost() reason 0
[2018.09.27-01.15.11:263][284]LogSlate: Window 'Delete Assets' being destroyed
[2018.09.27-01.15.30:511][629]LogSlate: FSceneViewport::OnFocusLost() reason 0
[2018.09.27-01.15.43:956][ 52]LogSlate: FSceneViewport::OnFocusLost() reason 0
[2018.09.27-01.15.52:592][299]LogSlate: FSceneViewport::OnFocusLost() reason 0
[2018.09.27-01.16.05:401][654]LogSlate: FSceneViewport::OnFocusLost() reason 0
[2018.09.27-01.16.05:637][658]LogTemp: Repeating last play command: Selected Viewport
[2018.09.27-01.16.05:722][658]LogBlueprintUserMessages: Early PlayInEditor Detection: Level '/Game/TwinStickBP/Maps/TwinStickExampleMap.TwinStickExampleMap:PersistentLevel' has LevelScriptBlueprint '/Game/TwinStickBP/Maps/TwinStickExampleMap.TwinStickExampleMap:PersistentLevel.TwinStickExampleMap' with GeneratedClass '/Game/TwinStickBP/Maps/TwinStickExampleMap.TwinStickExampleMap_C' with ClassGeneratedBy '/Game/TwinStickBP/Maps/TwinStickExampleMap.TwinStickExampleMap:PersistentLevel.TwinStickExampleMap'
[2018.09.27-01.16.05:722][658]LogPlayLevel: PlayLevel: No blueprints needed recompiling
[2018.09.27-01.16.05:722][658]PIE: New page: PIE session: TwinStickExampleMap (26 sept. 2018 17:16:05)
[2018.09.27-01.16.05:723][658]LogPlayLevel: Creating play world package: /Game/TwinStickBP/Maps/UEDPIE_0_TwinStickExampleMap
[2018.09.27-01.16.05:744][658]LogPlayLevel: PIE: StaticDuplicateObject took: (0.021771s)
[2018.09.27-01.16.05:747][658]LogAIModule: Creating AISystem for world TwinStickExampleMap
[2018.09.27-01.16.05:748][658]LogPlayLevel: PIE: World Init took: (0.003186s)
[2018.09.27-01.16.05:748][658]LogPlayLevel: PIE: Created PIE world by copying editor world from /Game/TwinStickBP/Maps/TwinStickExampleMap.TwinStickExampleMap to /Game/TwinStickBP/Maps/UEDPIE_0_TwinStickExampleMap.TwinStickExampleMap (0.025902s)
[2018.09.27-01.16.05:880][658]LogInit: XAudio2 using 'Haut-parleurs (Realtek High Definition Audio)' : 2 channels at 48 kHz using 32 bits per sample (channel mask 0x3)
[2018.09.27-01.16.06:018][658]LogInit: FAudioDevice initialized.
[2018.09.27-01.16.06:061][658]LogLoad: Game class is 'TwinStickGameMode_C'
[2018.09.27-01.16.06:067][658]LogWorld: Bringing World /Game/TwinStickBP/Maps/UEDPIE_0_TwinStickExampleMap.TwinStickExampleMap up for play (max tick rate 60) at 2018.09.26-21.16.06
[2018.09.27-01.16.06:067][658]LogWorld: Bringing up level for play took: 0.004065
[2018.09.27-01.16.06:083][658]PIE: Play in editor start time for /Game/TwinStickBP/Maps/UEDPIE_0_TwinStickExampleMap 1,016
[2018.09.27-01.16.06:084][658]LogBlueprintUserMessages: Late PlayInEditor Detection: Level '/Game/TwinStickBP/Maps/TwinStickExampleMap.TwinStickExampleMap:PersistentLevel' has LevelScriptBlueprint '/Game/TwinStickBP/Maps/TwinStickExampleMap.TwinStickExampleMap:PersistentLevel.TwinStickExampleMap' with GeneratedClass '/Game/TwinStickBP/Maps/TwinStickExampleMap.TwinStickExampleMap_C' with ClassGeneratedBy '/Game/TwinStickBP/Maps/TwinStickExampleMap.TwinStickExampleMap:PersistentLevel.TwinStickExampleMap'
[2018.09.27-01.16.14:625][911]LogBlueprintUserMessages: Early EndPlayMap Detection: Level '/Game/TwinStickBP/Maps/TwinStickExampleMap.TwinStickExampleMap:PersistentLevel' has LevelScriptBlueprint '/Game/TwinStickBP/Maps/TwinStickExampleMap.TwinStickExampleMap:PersistentLevel.TwinStickExampleMap' with GeneratedClass '/Game/TwinStickBP/Maps/TwinStickExampleMap.TwinStickExampleMap_C' with ClassGeneratedBy '/Game/TwinStickBP/Maps/TwinStickExampleMap.TwinStickExampleMap:PersistentLevel.TwinStickExampleMap'
[2018.09.27-01.16.14:626][911]LogSlate: Updating window title bar state: overlay mode, drag disabled, window buttons hidden, title bar hidden
[2018.09.27-01.16.14:686][911]LogPlayLevel: Display: Shutting down PIE online subsystems
[2018.09.27-01.16.14:686][911]LogBlueprintUserMessages: Late EndPlayMap Detection: Level '/Game/TwinStickBP/Maps/TwinStickExampleMap.TwinStickExampleMap:PersistentLevel' has LevelScriptBlueprint '/Game/TwinStickBP/Maps/TwinStickExampleMap.TwinStickExampleMap:PersistentLevel.TwinStickExampleMap' with GeneratedClass '/Game/TwinStickBP/Maps/TwinStickExampleMap.TwinStickExampleMap_C' with ClassGeneratedBy '/Game/TwinStickBP/Maps/TwinStickExampleMap.TwinStickExampleMap:PersistentLevel.TwinStickExampleMap'
[2018.09.27-01.16.14:790][911]LogSlate: Updating window title bar state: overlay mode, drag disabled, window buttons hidden, title bar hidden
[2018.09.27-01.16.14:891][912]LogPlayLevel: Display: Destroying online subsystem :Context_10
[2018.09.27-01.16.18:861][ 25]Cmd: TRANSACTION UNDO
[2018.09.27-01.16.18:861][ 25]LogEditorTransaction: Undo Scale Actors
[2018.09.27-01.16.19:804][ 27]LogD3D11RHI: Error: Result failed 
 at D:\Build\++UE4\Sync\Engine\Source\Runtime\Windows\D3D11RHI\Private\D3D11Viewport.cpp:304 
 with error E_INVALIDARG
[2018.09.27-01.16.19:805][ 27]LogWindows: Windows GetLastError: The operation completed successfully. (0)
[2018.09.27-01.16.47:295][ 27]LogShaderCompilers: Display: Shaders left to compile 32
[2018.09.27-01.16.47:295][ 27]LogShaderCompilers: Display: Shaders left to compile 22
[2018.09.27-01.16.47:295][ 27]LogShaderCompilers: Display: Shaders left to compile 12
[2018.09.27-01.16.47:295][ 27]LogWindows: Windows GetLastError: The operation completed successfully. (0)
[2018.09.27-01.16.47:544][ 27]LogWindows: Error: === Critical error: ===
[2018.09.27-01.16.47:544][ 27]LogWindows: Error: 
[2018.09.27-01.16.47:544][ 27]LogWindows: Error: Fatal error: [File:D:\Build\++UE4\Sync\Engine\Source\Runtime\RenderCore\Private\RenderingThread.cpp] [Line: 826] 
[2018.09.27-01.16.47:544][ 27]LogWindows: Error: Rendering thread exception:
[2018.09.27-01.16.47:544][ 27]LogWindows: Error: Fatal error: [File:D:\Build\++UE4\Sync\Engine\Source\Runtime\Windows\D3D11RHI\Private\D3D11Util.cpp] [Line: 251] 
[2018.09.27-01.16.47:544][ 27]LogWindows: Error: Result failed 
[2018.09.27-01.16.47:544][ 27]LogWindows: Error:  at D:\Build\++UE4\Sync\Engine\Source\Runtime\Windows\D3D11RHI\Private\D3D11Viewport.cpp:304 
[2018.09.27-01.16.47:544][ 27]LogWindows: Error:  with error E_INVALIDARG
[2018.09.27-01.16.47:544][ 27]LogWindows: Error: 
[2018.09.27-01.16.47:544][ 27]LogWindows: Error: 
[2018.09.27-01.16.47:545][ 27]LogWindows: Error: [Callstack] 0x00007ffb3d22a388 KERNELBASE.dll!UnknownFunction []
[2018.09.27-01.16.47:545][ 27]LogWindows: Error: [Callstack] 0x00007ffb1ab86850 UE4Editor-ApplicationCore.dll!UnknownFunction []
[2018.09.27-01.16.47:545][ 27]LogWindows: Error: [Callstack] 0x00007ffb03db62ec UE4Editor-Core.dll!UnknownFunction []
[2018.09.27-01.16.47:545][ 27]LogWindows: Error: [Callstack] 0x00007ffb03d451cb UE4Editor-Core.dll!UnknownFunction []
[2018.09.27-01.16.47:545][ 27]LogWindows: Error: [Callstack] 0x00007ffb0242e896 UE4Editor-D3D11RHI.dll!UnknownFunction []
[2018.09.27-01.16.47:545][ 27]LogWindows: Error: [Callstack] 0x00007ffb0240d0aa UE4Editor-D3D11RHI.dll!UnknownFunction []
[2018.09.27-01.16.47:545][ 27]LogWindows: Error: [Callstack] 0x00007ffb0241ab70 UE4Editor-D3D11RHI.dll!UnknownFunction []
[2018.09.27-01.16.47:545][ 27]LogWindows: Error: [Callstack] 0x00007ffb1ac1b106 UE4Editor-RHI.dll!UnknownFunction []
[2018.09.27-01.16.47:545][ 27]LogWindows: Error: [Callstack] 0x00007ffb02251b42 UE4Editor-SlateRHIRenderer.dll!UnknownFunction []
[2018.09.27-01.16.47:545][ 27]LogWindows: Error: [Callstack] 0x00007ffb02257d0a UE4Editor-SlateRHIRenderer.dll!UnknownFunction []
[2018.09.27-01.16.47:545][ 27]LogWindows: Error: [Callstack] 0x00007ffb03bd1f92 UE4Editor-Core.dll!UnknownFunction []
[2018.09.27-01.16.47:545][ 27]LogWindows: Error: [Callstack] 0x00007ffb03bd2456 UE4Editor-Core.dll!UnknownFunction []
[2018.09.27-01.16.47:545][ 27]LogWindows: Error: [Callstack] 0x00007ffb211375f9 UE4Editor-RenderCore.dll!UnknownFunction []
[2018.09.27-01.16.47:545][ 27]LogWindows: Error: [Callstack] 0x00007ffb21138574 UE4Editor-RenderCore.dll!UnknownFunction []
[2018.09.27-01.16.47:545][ 27]LogWindows: Error: [Callstack] 0x00007ffb04016b6c UE4Editor-Core.dll!UnknownFunction []
[2018.09.27-01.16.47:546][ 27]LogWindows: Error: [Callstack] 0x00007ffb040117b7 UE4Editor-Core.dll!UnknownFunction []
[2018.09.27-01.16.47:546][ 27]LogWindows: Error: [Callstack] 0x00007ffb3dc23034 KERNEL32.DLL!UnknownFunction []
[2018.09.27-01.16.47:546][ 27]LogWindows: Error: [Callstack] 0x00007ffb40491461 ntdll.dll!UnknownFunction []
[2018.09.27-01.16.47:546][ 27]LogWindows: Error: 
[2018.09.27-01.16.47:546][ 27]LogWindows: Error: 
[2018.09.27-01.16.47:546][ 27]LogWindows: Error: 
[2018.09.27-01.16.47:546][ 27]LogWindows: Error: 
[2018.09.27-01.16.47:636][ 27]LogExit: Executing StaticShutdownAfterError
[2018.09.27-01.16.49:067][ 27]LogWindows: FPlatformMisc::RequestExit(1)
[2018.09.27-01.16.49:091][ 27]Log file closed, 09/26/18 21:16:49
