Log file open, 09/30/18 09:16:23
LogWindows: Failed to load 'aqProf.dll' (GetLastError=126)
LogWindows: File 'aqProf.dll' does not exist
LogWindows: Failed to load 'VSPerf140.dll' (GetLastError=126)
LogWindows: File 'VSPerf140.dll' does not exist
LogWindows: Failed to load 'VtuneApi.dll' (GetLastError=126)
LogWindows: File 'VtuneApi.dll' does not exist
LogWindows: Failed to load 'VtuneApi32e.dll' (GetLastError=126)
LogWindows: File 'VtuneApi32e.dll' does not exist
LogInit: Display: Running engine for game: GrimShooter
LogPlatformFile: Not using cached read wrapper
LogTaskGraph: Started task graph with 5 named threads and 11 total threads with 3 sets of task threads.
LogStats: Stats thread started at 0.271876
LogD3D11RHI: Loaded GFSDK_Aftermath_Lib.x64.dll
LogICUInternationalization: Display: ICU TimeZone Detection - Raw Offset: -5:00, Platform Override: ''
LogPluginManager: Mounting plugin Paper2D
LogPluginManager: Mounting plugin AISupport
LogPluginManager: Mounting plugin LightPropagationVolume
LogPluginManager: Mounting plugin CLionSourceCodeAccess
LogPluginManager: Mounting plugin CodeLiteSourceCodeAccess
LogPluginManager: Mounting plugin GitSourceControl
LogPluginManager: Mounting plugin KDevelopSourceCodeAccess
LogPluginManager: Mounting plugin NullSourceCodeAccess
LogPluginManager: Mounting plugin PerforceSourceControl
LogPluginManager: Mounting plugin SubversionSourceControl
LogPluginManager: Mounting plugin UObjectPlugin
LogPluginManager: Mounting plugin VisualStudioCodeSourceCodeAccess
LogPluginManager: Mounting plugin VisualStudioSourceCodeAccess
LogPluginManager: Mounting plugin XCodeSourceCodeAccess
LogPluginManager: Mounting plugin AssetManagerEditor
LogPluginManager: Mounting plugin CryptoKeys
LogPluginManager: Mounting plugin DataValidation
LogPluginManager: Mounting plugin FacialAnimation
LogPluginManager: Mounting plugin GameplayTagsEditor
LogPluginManager: Mounting plugin MacGraphicsSwitching
LogPluginManager: Mounting plugin MeshEditor
LogPluginManager: Mounting plugin MobileLauncherProfileWizard
LogPluginManager: Mounting plugin PluginBrowser
LogPluginManager: Mounting plugin SpeedTreeImporter
LogPluginManager: Mounting plugin DatasmithContent
LogPluginManager: Mounting plugin AlembicImporter
LogPluginManager: Mounting plugin AppleImageUtils
LogPluginManager: Mounting plugin AppleVision
LogPluginManager: Mounting plugin BackChannel
LogPluginManager: Mounting plugin CharacterAI
LogPluginManager: Mounting plugin GeometryCache
LogPluginManager: Mounting plugin HTML5Networking
LogPluginManager: Mounting plugin ProxyLODPlugin
LogPluginManager: Mounting plugin MagicLeap
LogPluginManager: Mounting plugin MagicLeapEmulator
LogPluginManager: Mounting plugin MagicLeapMedia
LogPluginManager: Mounting plugin AndroidMedia
LogPluginManager: Mounting plugin AvfMedia
LogPluginManager: Mounting plugin ImgMedia
LogPluginManager: Mounting plugin LinearTimecode
LogPluginManager: Mounting plugin MediaCompositing
LogPluginManager: Mounting plugin MediaPlayerEditor
LogPluginManager: Mounting plugin WmfMedia
LogPluginManager: Mounting plugin TcpMessaging
LogPluginManager: Mounting plugin UdpMessaging
LogPluginManager: Mounting plugin ActorSequence
LogPluginManager: Mounting plugin LevelSequenceEditor
LogPluginManager: Mounting plugin MatineeToLevelSequence
LogPluginManager: Mounting plugin NetcodeUnitTest
LogPluginManager: Mounting plugin NUTUnrealEngine4
LogPluginManager: Mounting plugin OnlineSubsystemGooglePlay
LogPluginManager: Mounting plugin OnlineSubsystemIOS
LogPluginManager: Mounting plugin OnlineSubsystem
LogPluginManager: Mounting plugin OnlineSubsystemNull
LogPluginManager: Mounting plugin OnlineSubsystemUtils
LogPluginManager: Mounting plugin LauncherChunkInstaller
LogPluginManager: Mounting plugin AndroidDeviceProfileSelector
LogPluginManager: Mounting plugin AndroidMoviePlayer
LogPluginManager: Mounting plugin AndroidPermission
LogPluginManager: Mounting plugin AppleMoviePlayer
LogPluginManager: Mounting plugin ArchVisCharacter
LogPluginManager: Mounting plugin AudioCapture
LogPluginManager: Mounting plugin CableComponent
LogPluginManager: Mounting plugin CustomMeshComponent
LogPluginManager: Mounting plugin EditableMesh
LogPluginManager: Mounting plugin ExampleDeviceProfileSelector
LogPluginManager: Mounting plugin GoogleCloudMessaging
LogPluginManager: Mounting plugin ImmediatePhysics
LogPluginManager: Mounting plugin IOSDeviceProfileSelector
LogPluginManager: Mounting plugin LinuxDeviceProfileSelector
LogPluginManager: Mounting plugin LocationServicesBPLibrary
LogPluginManager: Mounting plugin MobilePatchingUtils
LogPluginManager: Mounting plugin OculusVR
LogPluginManager: Plugin shader directory ../../../Engine/Plugins/Runtime/Oculus/OculusVR/Shaders found
LogPluginManager: Mapping shader source directory ../../../Engine/Plugins/Runtime/Oculus/OculusVR/Shaders to virtual directory /Plugin/OculusVR
LogPluginManager: Mounting plugin PhysXVehicles
LogPluginManager: Mounting plugin ProceduralMeshComponent
LogPluginManager: Mounting plugin RuntimePhysXCooking
LogPluginManager: Mounting plugin SteamVR
LogPluginManager: Mounting plugin WindowsMoviePlayer
LogStreaming: Display: Took  1.164s to configure plugins.
LogInit: Using libcurl 7.55.1-DEV
LogInit:  - built for x86_64-pc-win32
LogInit:  - supports SSL with OpenSSL/1.0.2h
LogInit:  - supports HTTP deflate (compression) using libz 1.2.8
LogInit:  - other features:
LogInit:      CURL_VERSION_SSL
LogInit:      CURL_VERSION_LIBZ
LogInit:      CURL_VERSION_IPV6
LogInit:      CURL_VERSION_ASYNCHDNS
LogInit:      CURL_VERSION_LARGEFILE
LogInit:      CURL_VERSION_IDN
LogInit:  CurlRequestOptions (configurable via config and command line):
LogInit:  - bVerifyPeer = false  - Libcurl will NOT verify peer certificate
LogInit:  - bUseHttpProxy = false  - Libcurl will NOT use HTTP proxy
LogInit:  - bDontReuseConnections = false  - Libcurl will reuse connections
LogInit:  - CertBundlePath = nullptr  - Libcurl will use whatever was configured at build time.
LogInit:  - MaxHostConnections = 16  - Libcurl will limit the number of connections to a host
LogInit:  - LocalHostAddr = Default
LogInit:  - BufferSize = 65536
LogInit: WinSock: version 1.1 (2.2), MaxSocks=32767, MaxUdp=65467
LogInit: Build: ++UE4+Release-4.20-CL-4302132
LogInit: Engine Version: 4.20.2-4302132+++UE4+Release-4.20
LogInit: Compatible Engine Version: 4.20.0-4212847+++UE4+Release-4.20
LogInit: Net CL: 4212847
LogInit: OS: Windows 10 (), CPU: Intel(R) Core(TM) i5-5200U CPU @ 2.20GHz, GPU: Intel(R) HD Graphics 5500
LogInit: Compiled (64-bit): Aug 21 2018 02:06:06
LogInit: Compiled with Visual C++: 19.13.26129.00
LogInit: Build Configuration: Development
LogInit: Branch Name: ++UE4+Release-4.20
LogInit: Command Line:  
LogInit: Base Directory: C:/Program Files/Epic Games/UE_4.20/Engine/Binaries/Win64/
LogInit: Installed Engine Build: 1
LogDevObjectVersion: Number of dev versions registered: 20
LogDevObjectVersion:   Dev-Blueprints (B0D832E4-1F89-4F0D-ACCF-7EB736FD4AA2): 10
LogDevObjectVersion:   Dev-Build (E1C64328-A22C-4D53-A36C-8E866417BD8C): 0
LogDevObjectVersion:   Dev-Core (375EC13C-06E4-48FB-B500-84F0262A717E): 2
LogDevObjectVersion:   Dev-Editor (E4B068ED-F494-42E9-A231-DA0B2E46BB41): 24
LogDevObjectVersion:   Dev-Framework (CFFC743F-43B0-4480-9391-14DF171D2073): 34
LogDevObjectVersion:   Dev-Mobile (B02B49B5-BB20-44E9-A304-32B752E40360): 2
LogDevObjectVersion:   Dev-Networking (A4E4105C-59A1-49B5-A7C5-40C4547EDFEE): 0
LogDevObjectVersion:   Dev-Online (39C831C9-5AE6-47DC-9A44-9C173E1C8E7C): 0
LogDevObjectVersion:   Dev-Physics (78F01B33-EBEA-4F98-B9B4-84EACCB95AA2): 0
LogDevObjectVersion:   Dev-Platform (6631380F-2D4D-43E0-8009-CF276956A95A): 0
LogDevObjectVersion:   Dev-Rendering (12F88B9F-8875-4AFC-A67C-D90C383ABD29): 26
LogDevObjectVersion:   Dev-Sequencer (7B5AE74C-D270-4C10-A958-57980B212A5A): 9
LogDevObjectVersion:   Dev-VR (D7296918-1DD6-4BDD-9DE2-64A83CC13884): 2
LogDevObjectVersion:   Dev-LoadTimes (C2A15278-BFE7-4AFE-6C17-90FF531DF755): 1
LogDevObjectVersion:   Private-Geometry (6EACA3D4-40EC-4CC1-B786-8BED09428FC5): 3
LogDevObjectVersion:   Dev-AnimPhys (29E575DD-E0A3-4627-9D10-D276232CDCEA): 17
LogDevObjectVersion:   Dev-ReflectionCapture (6B266CEC-1EC7-4B8F-A30B-E4D90942FC07): 1
LogDevObjectVersion:   Dev-Automation (0DF73D61-A23F-47EA-B727-89E90C41499A): 1
LogDevObjectVersion:   FortniteMain (601D1886-AC64-4F84-AA16-D3DE0DEAC7D6): 12
LogDevObjectVersion:   Dev-Enterprise (9DFFBCD6-494F-0158-E221-12823C92A888): 1
LogStreaming: Display: Took  0.037s to delete old logs.
LogInit: Presizing for max 8388607 objects, including 0 objects not considered by GC, pre-allocating 0 bytes for permanent pool.
LogInit: Object subsystem initialized
[2018.09.30-13.16.29:072][  0]LogInit: Selected Device Profile: [Windows]
[2018.09.30-13.16.29:087][  0]LogInit: Applying CVar settings loaded from the selected device profile: [Windows]
[2018.09.30-13.16.29:156][  0]LogHAL: Display: Platform has ~ 8 GB [8500101120 / 8589934592 / 8], which maps to Default [LargestMinGB=32, LargerMinGB=12, DefaultMinGB=8, SmallerMinGB=6, SmallestMinGB=0)
[2018.09.30-13.16.29:188][  0]LogInit: Setting Device Profile CVar: [[r.Vulkan.UseRealUBs:1]]
[2018.09.30-13.16.29:188][  0]LogInit: Going up to parent DeviceProfile []
[2018.09.30-13.16.29:246][  0]LogInit: Computer: KRAKPC
[2018.09.30-13.16.29:246][  0]LogInit: User: krakp000
[2018.09.30-13.16.29:246][  0]LogInit: CPU Page size=4096, Cores=2
[2018.09.30-13.16.29:246][  0]LogInit: High frequency timer resolution =2.143478 MHz
[2018.09.30-13.16.29:246][  0]LogMemory: Memory total: Physical=7.9GB (8GB approx)
[2018.09.30-13.16.29:252][  0]LogMemory: Platform Memory Stats for Windows
[2018.09.30-13.16.29:253][  0]LogMemory: Process Physical Memory: 100.53 MB used, 100.53 MB peak
[2018.09.30-13.16.29:253][  0]LogMemory: Process Virtual Memory: 84.50 MB used, 84.50 MB peak
[2018.09.30-13.16.29:253][  0]LogMemory: Physical Memory: 3102.77 MB used,  5003.55 MB free, 8106.33 MB total
[2018.09.30-13.16.29:253][  0]LogMemory: Virtual Memory: 4606.95 MB used,  5003.55 MB free, 134217728.00 MB total
[2018.09.30-13.16.31:513][  0]LogInit: Overriding locale with editor locale configuration option (fr).
[2018.09.30-13.16.31:513][  0]LogInit: Overriding language with editor culture configuration option ().
[2018.09.30-13.16.31:513][  0]LogInit: Using OS detected language (en-GB).
[2018.09.30-13.16.31:558][  0]LogTextLocalizationManager: No specific localization for 'en-GB' exists, so the 'en' localization will be used.
[2018.09.30-13.16.32:427][  0]LogStreaming: Display: Took  0.914s to InitEngineTextLocalization.
[2018.09.30-13.16.32:483][  0]LogInit: Setting process to per monitor DPI aware
[2018.09.30-13.16.33:160][  0]LogSlate: New Slate User Created.  User Index 0, Is Virtual User: 0
[2018.09.30-13.16.33:160][  0]LogSlate: Slate User Registered.  User Index 0, Is Virtual User: 0
[2018.09.30-13.16.36:750][  0]LogHMD: Failed to initialize OpenVR with code 110
[2018.09.30-13.16.36:750][  0]LogD3D11RHI: D3D11 adapters:
[2018.09.30-13.16.37:476][  0]LogD3D11RHI:    0. 'NVIDIA GeForce 840M' (Feature Level 11_0)
[2018.09.30-13.16.37:476][  0]LogD3D11RHI:       2010/0/4053 MB DedicatedVideo/DedicatedSystem/SharedSystem, Outputs:2, VendorId:0x10de
[2018.09.30-13.16.37:540][  0]LogD3D11RHI:    1. 'Intel(R) HD Graphics 5500' (Feature Level 11_0)
[2018.09.30-13.16.37:540][  0]LogD3D11RHI:       128/0/4053 MB DedicatedVideo/DedicatedSystem/SharedSystem, Outputs:0, VendorId:0x8086
[2018.09.30-13.16.37:546][  0]LogD3D11RHI:    2. 'Microsoft Basic Render Driver' (Feature Level 11_0)
[2018.09.30-13.16.37:546][  0]LogD3D11RHI:       0/0/4053 MB DedicatedVideo/DedicatedSystem/SharedSystem, Outputs:0, VendorId:0x1414
[2018.09.30-13.16.37:546][  0]LogD3D11RHI: Chosen D3D11 Adapter: 0
[2018.09.30-13.16.37:634][  0]LogD3D11RHI: Creating new Direct3DDevice
[2018.09.30-13.16.37:634][  0]LogD3D11RHI:     GPU DeviceId: 0x1341 (for the marketing name, search the web for "GPU Device Id")
[2018.09.30-13.16.37:654][  0]LogWindows: EnumDisplayDevices:
[2018.09.30-13.16.37:655][  0]LogWindows:    0. 'Intel(R) HD Graphics 5500' (P:1 D:1)
[2018.09.30-13.16.37:655][  0]LogWindows:    1. 'Intel(R) HD Graphics 5500' (P:0 D:1)
[2018.09.30-13.16.37:656][  0]LogWindows:    2. 'Intel(R) HD Graphics 5500' (P:0 D:0)
[2018.09.30-13.16.37:657][  0]LogWindows: DebugString: PrimaryIsNotTheChoosenAdapter PrimaryIsNotTheChoosenAdapter PrimaryIsNotTheChoosenAdapter FoundDriverCount:0 
[2018.09.30-13.16.37:657][  0]LogD3D11RHI:     Adapter Name: NVIDIA GeForce 840M
[2018.09.30-13.16.37:657][  0]LogD3D11RHI:   Driver Version: Unknown (internal:Unknown, unified:Unknown)
[2018.09.30-13.16.37:657][  0]LogD3D11RHI:      Driver Date: Unknown
[2018.09.30-13.16.37:657][  0]LogRHI: Texture pool is 1407 MB (70% of 2010 MB)
[2018.09.30-13.16.37:865][  0]LogD3D11RHI: Async texture creation enabled
[2018.09.30-13.16.38:147][  0]LogD3D11RHI: GPU Timing Frequency: 1000.000000 (Debug: 2 2)
[2018.09.30-13.16.38:249][  0]LogShaderCompilers: Guid format shader working directory is -27 characters bigger than the processId version (../../../../../../Users/krakp_000/OneDrive/Bureau/Unreal Projects/GrimShooter/Intermediate/Shaders/WorkingDirectory/6512/).
[2018.09.30-13.16.38:250][  0]LogShaderCompilers: Cleaned the shader compiler working directory 'C:/Users/krakp_000/AppData/Local/Temp/UnrealShaderWorkingDir/F9EC1A144EA4B402A7D5E582004BEBBE/'.
[2018.09.30-13.16.40:401][  0]LogTemp: Display: Loaded TP AllDesktopTargetPlatform
[2018.09.30-13.16.40:447][  0]LogTemp: Display: Loaded TP MacClientTargetPlatform
[2018.09.30-13.16.40:495][  0]LogTemp: Display: Loaded TP MacNoEditorTargetPlatform
[2018.09.30-13.16.40:530][  0]LogTemp: Display: Loaded TP MacServerTargetPlatform
[2018.09.30-13.16.40:592][  0]LogTemp: Display: Loaded TP MacTargetPlatform
[2018.09.30-13.16.40:649][  0]LogTemp: Display: Loaded TP WindowsClientTargetPlatform
[2018.09.30-13.16.40:702][  0]LogTemp: Display: Loaded TP WindowsNoEditorTargetPlatform
[2018.09.30-13.16.40:743][  0]LogTemp: Display: Loaded TP WindowsServerTargetPlatform
[2018.09.30-13.16.40:781][  0]LogTemp: Display: Loaded TP WindowsTargetPlatform
[2018.09.30-13.16.41:010][  0]LogTemp: Display: Loaded TP AndroidTargetPlatform
[2018.09.30-13.16.41:010][  0]LogTemp: Display: Loaded TP AndroidTargetPlatform
[2018.09.30-13.16.41:010][  0]LogTemp: Display: Loaded TP AndroidTargetPlatform
[2018.09.30-13.16.41:010][  0]LogTemp: Display: Loaded TP AndroidTargetPlatform
[2018.09.30-13.16.41:010][  0]LogTemp: Display: Loaded TP AndroidTargetPlatform
[2018.09.30-13.16.41:010][  0]LogTemp: Display: Loaded TP AndroidTargetPlatform
[2018.09.30-13.16.41:010][  0]LogTemp: Display: Loaded TP AndroidTargetPlatform
[2018.09.30-13.16.41:010][  0]LogTemp: Display: Loaded TP AndroidTargetPlatform
[2018.09.30-13.16.41:010][  0]LogTemp: Display: Loaded TP AndroidTargetPlatform
[2018.09.30-13.16.41:010][  0]LogTemp: Display: Loaded TP AndroidTargetPlatform
[2018.09.30-13.16.41:010][  0]LogTemp: Display: Loaded TP AndroidTargetPlatform
[2018.09.30-13.16.41:010][  0]LogTemp: Display: Loaded TP AndroidTargetPlatform
[2018.09.30-13.16.41:010][  0]LogTemp: Display: Loaded TP AndroidTargetPlatform
[2018.09.30-13.16.41:010][  0]LogTemp: Display: Loaded TP AndroidTargetPlatform
[2018.09.30-13.16.41:010][  0]LogTemp: Display: Loaded TP AndroidTargetPlatform
[2018.09.30-13.16.41:010][  0]LogTemp: Display: Loaded TP AndroidTargetPlatform
[2018.09.30-13.16.41:010][  0]LogTemp: Display: Loaded TP AndroidTargetPlatform
[2018.09.30-13.16.41:010][  0]LogTemp: Display: Loaded TP AndroidTargetPlatform
[2018.09.30-13.16.41:043][  0]LogTemp: Display: Loaded TP HTML5TargetPlatform
[2018.09.30-13.16.41:222][  0]LogTemp: Display: Loaded TP IOSTargetPlatform
[2018.09.30-13.16.41:222][  0]LogTemp: Display: Loaded TP IOSTargetPlatform
[2018.09.30-13.16.41:300][  0]LogTemp: Display: Loaded TP TVOSTargetPlatform
[2018.09.30-13.16.41:300][  0]LogTemp: Display: Loaded TP TVOSTargetPlatform
[2018.09.30-13.16.41:345][  0]LogTemp: Display: Loaded TP LinuxClientTargetPlatform
[2018.09.30-13.16.41:396][  0]LogTemp: Display: Loaded TP LinuxNoEditorTargetPlatform
[2018.09.30-13.16.41:492][  0]LogTemp: Display: Loaded TP LinuxServerTargetPlatform
[2018.09.30-13.16.41:588][  0]LogTemp: Display: Loaded TP LinuxTargetPlatform
[2018.09.30-13.16.41:617][  0]LogTemp: Display: Loaded TP LuminTargetPlatform
[2018.09.30-13.16.41:617][  0]LogTargetPlatformManager: Display: Building Assets For Windows
[2018.09.30-13.16.42:700][  0]LogXGEController: Cleaning working directory: C:/Users/krakp_000/AppData/Local/Temp/UnrealXGEWorkingDir/
[2018.09.30-13.16.42:727][  0]LogXGEController: Cannot use XGE Controller as Incredibuild is not installed on this machine.
[2018.09.30-13.16.42:727][  0]LogShaderCompilers: Cannot use XGE Shader Compiler as Incredibuild is not installed on this machine.
[2018.09.30-13.16.42:727][  0]LogShaderCompilers: Display: Using Local Shader Compiler.
[2018.09.30-13.16.46:850][  0]LogDerivedDataCache: Display: Max Cache Size: 512 MB
[2018.09.30-13.16.47:810][  0]LogDerivedDataCache: Loaded boot cache 0.96s 71MB C:/Users/krakp_000/AppData/Local/UnrealEngine/4.20/DerivedDataCache/Boot.ddc.
[2018.09.30-13.16.47:812][  0]LogDerivedDataCache: Display: Loaded Boot cache: C:/Users/krakp_000/AppData/Local/UnrealEngine/4.20/DerivedDataCache/Boot.ddc
[2018.09.30-13.16.47:812][  0]LogDerivedDataCache: FDerivedDataBackendGraph:  Pak pak cache file ../../../../../../Users/krakp_000/OneDrive/Bureau/Unreal Projects/GrimShooter/DerivedDataCache/DDC.ddp not found, will not use a pak cache.
[2018.09.30-13.16.47:812][  0]LogDerivedDataCache: Unable to find inner node Pak for hierarchical cache Hierarchy.
[2018.09.30-13.16.47:812][  0]LogDerivedDataCache: FDerivedDataBackendGraph:  CompressedPak pak cache file ../../../../../../Users/krakp_000/OneDrive/Bureau/Unreal Projects/GrimShooter/DerivedDataCache/Compressed.ddp not found, will not use a pak cache.
[2018.09.30-13.16.47:812][  0]LogDerivedDataCache: Unable to find inner node CompressedPak for hierarchical cache Hierarchy.
[2018.09.30-13.16.47:912][  0]LogDerivedDataCache: Display: Pak cache opened for reading ../../../Engine/DerivedDataCache/Compressed.ddp.
[2018.09.30-13.16.47:927][  0]LogDerivedDataCache: Using Local data cache path C:/Users/krakp_000/AppData/Local/UnrealEngine/Common/DerivedDataCache: Writable
[2018.09.30-13.16.47:927][  0]LogDerivedDataCache: Shared data cache path not found in *engine.ini, will not use an Shared cache.
[2018.09.30-13.16.47:927][  0]LogDerivedDataCache: Unable to find inner node Shared for hierarchical cache Hierarchy.
[2018.09.30-13.16.48:500][  0]LogMaterial: Verifying Global Shaders for PCD3D_SM5
[2018.09.30-13.16.48:809][  0]LogSlate: Using FreeType 2.6.0
[2018.09.30-13.16.48:876][  0]LogSlate: SlateFontServices - WITH_FREETYPE: 1, WITH_HARFBUZZ: 1
[2018.09.30-13.16.50:432][  0]LogAssetRegistry: FAssetRegistry took 0.0394 seconds to start up
[2018.09.30-13.16.55:739][  0]LogInit: Selected Device Profile: [Windows]
[2018.09.30-13.16.58:636][  0]LogSimplygon: Simplygon DLL not present - disabling.
[2018.09.30-13.16.58:835][  0]LogMeshReduction: Using SimplygonSwarm for distributed automatic mesh merging
[2018.09.30-13.16.58:835][  0]LogMeshReduction: Using ProxyLODMeshReduction for automatic mesh merging
[2018.09.30-13.16.58:857][  0]LogMeshReduction: Using QuadricMeshReduction for automatic static mesh reduction
[2018.09.30-13.16.58:857][  0]LogMeshReduction: No automatic skeletal mesh reduction module available
[2018.09.30-13.16.59:371][  0]LogNetVersion: GrimShooter 1.0.0, NetCL: 4212847, EngineNetVer: 5, GameNetVer: 0 (Checksum: 682848799)
[2018.09.30-13.17.08:826][  0]LogPackageLocalizationCache: Processed 11 localized package path(s) for 2 prioritized culture(s) in 0.541948 seconds
[2018.09.30-13.17.08:879][  0]LogUObjectArray: 38425 objects as part of root set at end of initial load.
[2018.09.30-13.17.08:879][  0]LogUObjectAllocator: 6690872 out of 0 bytes used by permanent object pool.
[2018.09.30-13.17.08:879][  0]LogUObjectArray: CloseDisregardForGC: 0/0 objects in disregard for GC pool
[2018.09.30-13.17.43:058][  0]LogTcpMessaging: Initializing TcpMessaging bridge
[2018.09.30-13.17.43:112][  0]LogUdpMessaging: Initializing bridge on interface 0.0.0.0:0 to multicast group 230.0.0.1:6666.
[2018.09.30-13.17.44:700][  0]SourceControl: Source control is disabled
[2018.09.30-13.17.44:700][  0]SourceControl: Source control is disabled
[2018.09.30-13.17.44:778][  0]SourceControl: Source control is disabled
[2018.09.30-13.17.44:800][  0]SourceControl: Source control is disabled
[2018.09.30-13.17.47:118][  0]LogAndroidPermission: UAndroidPermissionCallbackProxy::GetInstance
[2018.09.30-13.17.47:420][  0]LogOcInput: OculusInput pre-init called
[2018.09.30-13.17.48:375][  0]LogEngine: Initializing Engine...
[2018.09.30-13.17.48:402][  0]LogHMD: Failed to initialize OpenVR with code 110
[2018.09.30-13.17.48:478][  0]LogStats: UGameplayTagsManager::ConstructGameplayTagTree: ImportINI prefixes -  0.000 s
[2018.09.30-13.17.48:479][  0]LogStats: UGameplayTagsManager::ConstructGameplayTagTree: Construct from data asset -  0.000 s
[2018.09.30-13.17.48:479][  0]LogStats: UGameplayTagsManager::ConstructGameplayTagTree: ImportINI -  0.000 s
[2018.09.30-13.17.48:479][  0]LogStats: UGameplayTagsManager::ConstructGameplayTagTree: GameplayTagTreeChangedEvent.Broadcast -  0.000 s
[2018.09.30-13.17.49:526][  0]LogInit: Initializing FReadOnlyCVARCache
[2018.09.30-13.17.50:620][  0]LogAIModule: Creating AISystem for world Untitled
[2018.09.30-13.17.51:473][  0]LogInit: XAudio2 using 'Haut-parleurs (Realtek High Definition Audio)' : 2 channels at 48 kHz using 32 bits per sample (channel mask 0x3)
[2018.09.30-13.17.51:582][  0]LogInit: FAudioDevice initialized.
[2018.09.30-13.17.51:582][  0]LogNetVersion: Set ProjectVersion to 1.0.0.0. Version Checksum will be recalculated on next use.
[2018.09.30-13.17.51:863][  0]LogDerivedDataCache: Saved boot cache 0.28s 71MB C:/Users/krakp_000/AppData/Local/UnrealEngine/4.20/DerivedDataCache/Boot.ddc.
[2018.09.30-13.17.51:904][  0]LogInit: Texture streaming: Enabled
[2018.09.30-13.17.52:185][  0]LogWindowsTextInputMethodSystem: Display: IME system now deactivated.
[2018.09.30-13.17.52:479][  0]LogInit: Transaction tracking system initialized
[2018.09.30-13.17.55:771][  0]BlueprintLog: New page: Editor Load
[2018.09.30-13.18.05:992][  0]LocalizationService: Localization service is disabled
[2018.09.30-13.18.22:830][  0]LogFileCache: Scanning file cache for directory 'C:/Users/krakp_000/OneDrive/Bureau/Unreal Projects/GrimShooter/Content/' took 0.03s
[2018.09.30-13.18.22:831][  0]LogCook: Display: Max memory allowance for cook 16384mb min free memory 0mb
[2018.09.30-13.18.22:831][  0]LogCook: Display: Mobile HDR setting 1
[2018.09.30-13.18.22:965][  0]LogGameplayTags: Display: UGameplayTagsManager::DoneAddingNativeTags. DelegateIsBound: 0
[2018.09.30-13.18.22:966][  0]LogStats: UGameplayTagsManager::ConstructGameplayTagTree: ImportINI prefixes -  0.000 s
[2018.09.30-13.18.22:966][  0]LogStats: UGameplayTagsManager::ConstructGameplayTagTree: Construct from data asset -  0.000 s
[2018.09.30-13.18.22:966][  0]LogStats: UGameplayTagsManager::ConstructGameplayTagTree: ImportINI -  0.000 s
[2018.09.30-13.18.22:966][  0]LogStats: UGameplayTagsManager::ConstructGameplayTagTree: GameplayTagTreeChangedEvent.Broadcast -  0.000 s
[2018.09.30-13.18.34:050][  0]SourceControl: Source control is disabled
[2018.09.30-13.18.34:153][  0]Cmd: MAP LOAD FILE="../../../../../../Users/krakp_000/OneDrive/Bureau/Unreal Projects/GrimShooter/Content/TwinStickBP/Maps/TwinStickExampleMap.umap" TEMPLATE=0 SHOWPROGRESS=1 FEATURELEVEL=3
[2018.09.30-13.18.34:240][  0]LightingResults: New page: Lighting Build
[2018.09.30-13.18.35:166][  0]MapCheck: New page: Map Check
[2018.09.30-13.18.35:166][  0]LightingResults: New page: Lighting Build
[2018.09.30-13.18.43:476][  0]LogAIModule: Creating AISystem for world TwinStickExampleMap
[2018.09.30-13.18.46:623][  0]LogEditorServer: Finished looking for orphan Actors (0.000 secs)
[2018.09.30-13.18.47:768][  0]Cmd: MAP CHECKDEP NOCLEARLOG
[2018.09.30-13.18.48:151][  0]MapCheck: Map check complete: 0 Error(s), 0 Warning(s), took 382,776ms to complete.
[2018.09.30-13.18.48:151][  0]LogFileHelpers: Loading map 'TwinStickExampleMap' took 13.999
[2018.09.30-13.18.54:317][  0]LogSlate: Updating window title bar state: overlay mode, drag disabled, window buttons hidden, title bar hidden
[2018.09.30-13.18.54:548][  0]LogSlate: Updating window title bar state: overlay mode, drag disabled, window buttons hidden, title bar hidden
[2018.09.30-13.18.54:562][  0]LogSlate: Updating window title bar state: overlay mode, drag disabled, window buttons hidden, title bar hidden
[2018.09.30-13.18.54:580][  0]LogSlate: Updating window title bar state: overlay mode, drag disabled, window buttons hidden, title bar hidden
[2018.09.30-13.18.55:689][  0]LogCollectionManager: Loaded 0 collections in 0.006217 seconds
[2018.09.30-13.18.58:726][  0]LogFileCache: Scanning file cache for directory 'C:/Users/krakp_000/OneDrive/Bureau/Unreal Projects/GrimShooter/Saved/Collections/' took 0.01s
[2018.09.30-13.18.58:726][  0]LogFileCache: Scanning file cache for directory 'C:/Users/krakp_000/OneDrive/Bureau/Unreal Projects/GrimShooter/Content/Developers/krakp000/Collections/' took 0.01s
[2018.09.30-13.18.58:726][  0]LogFileCache: Scanning file cache for directory 'C:/Users/krakp_000/OneDrive/Bureau/Unreal Projects/GrimShooter/Content/Collections/' took 0.01s
[2018.09.30-13.18.58:726][  0]LogCollectionManager: Rebuilt the GUID cache for 0 collections in 0.000000 seconds
[2018.09.30-13.18.58:886][  0]LogContentBrowser: Native class hierarchy populated in 0.0696 seconds. Added 2572 classes and 603 folders.
[2018.09.30-13.18.59:134][  0]LogContentBrowser: Native class hierarchy updated for 'WidgetCarousel' in 0.0005 seconds. Added 0 classes and 0 folders.
[2018.09.30-13.19.03:664][  0]LogContentBrowser: Native class hierarchy updated for 'AddContentDialog' in 0.0004 seconds. Added 0 classes and 0 folders.
[2018.09.30-13.19.03:899][  0]LogContentBrowser: Native class hierarchy updated for 'SceneOutliner' in 0.0004 seconds. Added 1 classes and 2 folders.
[2018.09.30-13.19.07:187][  0]LogSlate: Took 0.040917 seconds to synchronously load lazily loaded font '../../../Engine/Content/Slate/Fonts/Roboto-Regular.ttf' (155K)
[2018.09.30-13.19.07:230][  0]LogSlate: Took 0.037984 seconds to synchronously load lazily loaded font '../../../Engine/Content/Slate/Fonts/Roboto-Bold.ttf' (160K)
[2018.09.30-13.19.07:880][  0]LogSlate: Took 0.100951 seconds to synchronously load lazily loaded font '../../../Engine/Content/Editor/Slate/Fonts/FontAwesome.ttf' (139K)
[2018.09.30-13.19.08:600][  0]LogRenderer: Reallocating scene render targets to support 996x456 Format 10 NumSamples 1 (Frame:1).
[2018.09.30-13.19.09:951][  0]LogContentBrowser: Native class hierarchy updated for 'HierarchicalLODOutliner' in 0.0004 seconds. Added 0 classes and 0 folders.
[2018.09.30-13.19.09:951][  0]LogLoad: (Engine Initialization) Total time: 180.55 seconds
[2018.09.30-13.19.09:951][  0]LogLoad: (Engine Initialization) Total Blueprint compile time: 0.00 seconds
[2018.09.30-13.19.10:074][  0]LogContentStreaming: Texture pool size now 1000 MB
[2018.09.30-13.19.11:305][  4]LogAssetRegistry: Asset discovery search completed in 140.8963 seconds
[2018.09.30-13.19.11:308][  4]LogCollectionManager: Rebuilt the object cache for 0 collections in 0.000000 seconds (found 0 objects)
[2018.09.30-13.19.11:308][  4]LogCollectionManager: Fixed up redirectors for 0 collections in 0.000094 seconds (updated 0 objects)
[2018.09.30-13.26.09:393][621]LogEditorViewport: Clicking on Actor (LMB): TwinStickPawn_C (Main Character)
[2018.09.30-13.27.26:575][592]LogSlate: FSceneViewport::OnFocusLost() reason 2
[2018.09.30-13.27.28:075][673]LogSlate: Took 0.050371 seconds to synchronously load lazily loaded font '../../../Engine/Content/Slate/Fonts/Roboto-Light.ttf' (167K)
[2018.09.30-13.27.28:079][673]LogSlate: FSceneViewport::OnFocusLost() reason 2
[2018.09.30-13.27.28:091][673]LogAssetEditorManager: Opening Asset editor for Blueprint /Game/TwinStickBP/Blueprints/TwinStickPawn.TwinStickPawn
[2018.09.30-13.27.30:595][673]LogContentBrowser: Native class hierarchy updated for 'BlueprintGraph' in 0.0011 seconds. Added 116 classes and 0 folders.
[2018.09.30-13.27.33:602][673]LogSlate: Took 0.013760 seconds to synchronously load lazily loaded font '../../../Engine/Content/Slate/Fonts/Roboto-BoldCondensed.ttf' (158K)
[2018.09.30-13.27.34:271][674]LogSlate: Took 0.017389 seconds to synchronously load lazily loaded font '../../../Engine/Content/Slate/Fonts/Roboto-Italic.ttf' (157K)
[2018.09.30-13.27.58:990][601]LogSlate: Window 'TwinStickPawn' being destroyed
[2018.09.30-13.27.58:996][601]LogSlate: Window 'TwinStickPawn' being destroyed
[2018.09.30-13.28.01:158][696]LogSlate: FSceneViewport::OnFocusLost() reason 0
[2018.09.30-13.31.00:143][113]LogFileHelpers: Editor autosave (incl. sublevels) for '/Game/TwinStickBP/Maps/TwinStickExampleMap' took 0.186
[2018.09.30-13.31.00:159][113]OBJ SavePackage: Generating thumbnails for [0] asset(s) in package [/Game/Sounds/Main_Shot_Sound] ([1] browsable assets)...
[2018.09.30-13.31.00:160][113]OBJ SavePackage: Finished generating thumbnails for package [/Game/Sounds/Main_Shot_Sound]
[2018.09.30-13.31.00:376][113]LogSavePackage: Moving '../../../../../../Users/krakp_000/OneDrive/Bureau/Unreal Projects/GrimShooter/Saved/Main_Shot_Sound_Auto17348C4334DACA65CEF4176A1270B1F57.tmp' to '../../../../../../Users/krakp_000/OneDrive/Bureau/Unreal Projects/GrimShooter/Saved/Autosaves/Game/Sounds/Main_Shot_Sound_Auto1.uasset'
[2018.09.30-13.31.00:454][113]LogFileHelpers: Auto-saving content packages took 0.309
[2018.09.30-13.31.59:157][129]LogVSAccessor: Warning: Couldn't goto line number '1' in 'C:/Program Files/Epic Games/UE_4.20/Engine/Source/Runtime/Engine/Classes/Sound/SoundCue.h'
[2018.09.30-13.33.06:098][523]LogSlate: Window 'Delete Assets' being destroyed
[2018.09.30-13.33.54:994][776]LogAssetTools: Warning: Failed to import 'C:\Users\krakp_000\OneDrive\Bureau\Laser Mark II.aup'. Unknown extension 'aup'.
[2018.09.30-13.45.11:004][128]LogFactory: FactoryCreateFile: FileMediaSource with WmfFileMediaSourceFactory (0 0 C:\Users\krakp_000\OneDrive\Bureau\Laser Mark II.mp3)
[2018.09.30-13.45.19:506][367]LogAssetEditorManager: Opening Asset editor for FileMediaSource /Game/Sounds/Laser_Mark_II.Laser_Mark_II
[2018.09.30-13.45.27:533][738]LogSlate: Window 'Laser_Mark_II* - Generic Asset Editor' being destroyed
[2018.09.30-13.45.27:547][738]LogSlate: Window 'Laser_Mark_II* - Generic Asset Editor' being destroyed
[2018.09.30-13.45.47:011][801]LogAssetEditorManager: Opening Asset editor for Blueprint /Game/TwinStickBP/Blueprints/TwinStickPawn.TwinStickPawn
[2018.09.30-13.46.08:285][496]LogAssetEditorManager: Opening Asset editor for SoundWave /Game/TwinStick/Audio/TwinStickFire.TwinStickFire
[2018.09.30-13.47.05:422][548]LogVSAccessor: Warning: Visual Studio is open but could not be queried - it may be blocked by a modal operation
[2018.09.30-13.47.05:899][549]LogVSAccessor: Warning: Visual Studio is open but could not be queried - it may be blocked by a modal operation
[2018.09.30-13.47.06:130][550]LogVSAccessor: Warning: Visual Studio is open but could not be queried - it may be blocked by a modal operation
[2018.09.30-13.47.06:460][551]LogVSAccessor: Warning: Visual Studio is open but could not be queried - it may be blocked by a modal operation
[2018.09.30-13.47.06:796][552]LogVSAccessor: Warning: Visual Studio is open but could not be queried - it may be blocked by a modal operation
[2018.09.30-13.47.22:146][553]LogVSAccessor: Warning: Couldn't goto line number '1' in 'C:/Program Files/Epic Games/UE_4.20/Engine/Source/Runtime/MediaAssets/Public/FileMediaSource.h'
[2018.09.30-13.47.47:878][973]LogSlate: Window 'Delete Assets' being destroyed
[2018.09.30-13.48.09:247][ 66]LogAssetEditorManager: Opening Asset editor for SoundCue /Game/Sounds/Main_Shot.Main_Shot
[2018.09.30-13.48.49:976][181]LogMaterial: Display: Missing cached shader map for material Material_0, compiling. 
[2018.09.30-13.48.50:127][182]LogShaderCompilers: Display: Shaders left to compile 5
[2018.09.30-13.49.16:582][167]LogFactory: FactoryCreateFile: FileMediaSource with WmfFileMediaSourceFactory (0 0 C:\Users\krakp_000\OneDrive\Bureau\Laser Mark II.mp3)
[2018.09.30-13.50.06:069][320]LogSlate: Prevented a slow task dialog from being summoned while a context menu was open
[2018.09.30-13.50.06:069][320]LogAssetEditorManager: Opening Asset editor for FileMediaSource /Game/Sounds/Laser_Mark_II.Laser_Mark_II
[2018.09.30-13.50.16:287][810]LogSlate: Window 'Main_Shot*' being destroyed
[2018.09.30-13.50.16:296][810]LogSlate: Window 'Main_Shot*' being destroyed
[2018.09.30-13.51.09:658][398]LogFileHelpers: Editor autosave (incl. sublevels) for '/Game/TwinStickBP/Maps/TwinStickExampleMap' took 0.086
[2018.09.30-13.51.09:667][398]OBJ SavePackage: Generating thumbnails for [0] asset(s) in package [/Game/Sounds/Main_Shot] ([1] browsable assets)...
[2018.09.30-13.51.09:667][398]OBJ SavePackage: Finished generating thumbnails for package [/Game/Sounds/Main_Shot]
[2018.09.30-13.51.09:684][398]LogSavePackage: Moving '../../../../../../Users/krakp_000/OneDrive/Bureau/Unreal Projects/GrimShooter/Saved/Main_Shot_Auto2744645524F8ABE039FC2A8B2E84B3518.tmp' to '../../../../../../Users/krakp_000/OneDrive/Bureau/Unreal Projects/GrimShooter/Saved/Autosaves/Game/Sounds/Main_Shot_Auto2.uasset'
[2018.09.30-13.51.09:699][398]OBJ SavePackage: Generating thumbnails for [0] asset(s) in package [/Game/Sounds/Laser_Mark_II] ([1] browsable assets)...
[2018.09.30-13.51.09:699][398]OBJ SavePackage: Finished generating thumbnails for package [/Game/Sounds/Laser_Mark_II]
[2018.09.30-13.51.09:719][398]LogSavePackage: Moving '../../../../../../Users/krakp_000/OneDrive/Bureau/Unreal Projects/GrimShooter/Saved/Laser_Mark_II_Auto27EAC45D34D7609EA130057BFFC9BA3D7.tmp' to '../../../../../../Users/krakp_000/OneDrive/Bureau/Unreal Projects/GrimShooter/Saved/Autosaves/Game/Sounds/Laser_Mark_II_Auto2.uasset'
[2018.09.30-13.51.09:728][398]LogFileHelpers: Auto-saving content packages took 0.070
[2018.09.30-13.58.51:956][620]LogContentBrowser: Verbose: The majority of assets in the view are of type: SoundCue
[2018.09.30-13.59.00:952][ 31]LogSlate: Window 'Asset Audit' being destroyed
[2018.09.30-13.59.00:964][ 31]LogSlate: Window 'Asset Audit' being destroyed
[2018.09.30-14.00.11:930][976]LogSlate: Window 'Delete Assets' being destroyed
[2018.09.30-14.00.17:057][142]LogSlate: Window 'Delete Assets' being destroyed
[2018.09.30-14.01.25:000][294]LogFactory: FactoryCreateFile: FileMediaSource with AvfFileMediaSourceFactory (0 0 ../../../../../../Users/krakp_000/OneDrive/Bureau/Laser Mark II.mp3)
[2018.09.30-14.03.01:980][800]LogSlate: Window 'Delete Assets' being destroyed
[2018.09.30-14.03.04:406][885]LogFactory: FactoryCreateFile: SoundWave with ReimportSoundFactory (0 0 C:\Users\krakp_000\OneDrive\Bureau\Laser Mark II.wav)
[2018.09.30-14.03.21:180][115]LogAssetEditorManager: Opening Asset editor for Blueprint /Game/TwinStickBP/Blueprints/TwinStickPawn.TwinStickPawn
[2018.09.30-14.03.41:555][688]LogSlate: Window 'TwinStickPawn*' being destroyed
[2018.09.30-14.03.41:566][688]LogSlate: Window 'TwinStickPawn*' being destroyed
[2018.09.30-14.03.42:973][749]LogEditorViewport: Clicking on Actor (LMB): StaticMeshActor (Wall5)
[2018.09.30-14.03.44:301][781]LogSlate: FSceneViewport::OnFocusLost() reason 0
[2018.09.30-14.03.44:452][790]LogTemp: Repeating last play command: Selected Viewport
[2018.09.30-14.03.44:533][790]LogBlueprintUserMessages: Early PlayInEditor Detection: Level '/Game/TwinStickBP/Maps/TwinStickExampleMap.TwinStickExampleMap:PersistentLevel' has LevelScriptBlueprint '/Game/TwinStickBP/Maps/TwinStickExampleMap.TwinStickExampleMap:PersistentLevel.TwinStickExampleMap' with GeneratedClass '/Game/TwinStickBP/Maps/TwinStickExampleMap.TwinStickExampleMap_C' with ClassGeneratedBy '/Game/TwinStickBP/Maps/TwinStickExampleMap.TwinStickExampleMap:PersistentLevel.TwinStickExampleMap'
[2018.09.30-14.03.44:533][790]BlueprintLog: New page: Pre-Play auto-recompile
[2018.09.30-14.03.44:588][790]LogPlayLevel: [PlayLevel] Compiling TwinStickPawn before play...
[2018.09.30-14.03.45:191][790]LogPlayLevel: PlayLevel: Blueprint regeneration took 659 ms (1 blueprints)
[2018.09.30-14.03.45:310][790]PIE: New page: PIE session: TwinStickExampleMap (30 sept. 2018 06:03:45)
[2018.09.30-14.03.45:314][790]LogPlayLevel: Creating play world package: /Game/TwinStickBP/Maps/UEDPIE_0_TwinStickExampleMap
[2018.09.30-14.03.45:354][790]LogPlayLevel: PIE: StaticDuplicateObject took: (0.039902s)
[2018.09.30-14.03.45:356][790]LogAIModule: Creating AISystem for world TwinStickExampleMap
[2018.09.30-14.03.45:358][790]LogPlayLevel: PIE: World Init took: (0.004115s)
[2018.09.30-14.03.45:370][790]LogPlayLevel: PIE: Created PIE world by copying editor world from /Game/TwinStickBP/Maps/TwinStickExampleMap.TwinStickExampleMap to /Game/TwinStickBP/Maps/UEDPIE_0_TwinStickExampleMap.TwinStickExampleMap (0.056650s)
[2018.09.30-14.03.45:440][790]LogInit: XAudio2 using 'Haut-parleurs (Realtek High Definition Audio)' : 2 channels at 48 kHz using 32 bits per sample (channel mask 0x3)
[2018.09.30-14.03.45:479][790]LogInit: FAudioDevice initialized.
[2018.09.30-14.03.45:554][790]LogLoad: Game class is 'TwinStickGameMode_C'
[2018.09.30-14.03.45:639][790]LogWorld: Bringing World /Game/TwinStickBP/Maps/UEDPIE_0_TwinStickExampleMap.TwinStickExampleMap up for play (max tick rate 60) at 2018.09.30-10.03.45
[2018.09.30-14.03.45:640][790]LogWorld: Bringing up level for play took: 0.003834
[2018.09.30-14.03.45:779][790]LogContentBrowser: Native class hierarchy updated for 'MovieSceneCapture' in 0.0013 seconds. Added 10 classes and 0 folders.
[2018.09.30-14.03.45:794][790]PIE: Play in editor start time for /Game/TwinStickBP/Maps/UEDPIE_0_TwinStickExampleMap 0,815
[2018.09.30-14.03.45:794][790]LogBlueprintUserMessages: Late PlayInEditor Detection: Level '/Game/TwinStickBP/Maps/TwinStickExampleMap.TwinStickExampleMap:PersistentLevel' has LevelScriptBlueprint '/Game/TwinStickBP/Maps/TwinStickExampleMap.TwinStickExampleMap:PersistentLevel.TwinStickExampleMap' with GeneratedClass '/Game/TwinStickBP/Maps/TwinStickExampleMap.TwinStickExampleMap_C' with ClassGeneratedBy '/Game/TwinStickBP/Maps/TwinStickExampleMap.TwinStickExampleMap:PersistentLevel.TwinStickExampleMap'
[2018.09.30-14.03.48:453][912]LogAudioDerivedData: Display: Building compressed audio format OGG hash OGG wave Laser_Mark_II...
[2018.09.30-14.03.48:453][912]LogTemp: Couldn't find amount to resample to.
[2018.09.30-14.03.49:108][912]LogAudioDerivedData: Display: Updated SoundWave->RawPCMDataSize from 0 to 119808 while cooking SoundWave /Game/Sounds/Laser_Mark_II.Laser_Mark_II.
[2018.09.30-14.03.59:716][518]LogBlueprintUserMessages: Early EndPlayMap Detection: Level '/Game/TwinStickBP/Maps/TwinStickExampleMap.TwinStickExampleMap:PersistentLevel' has LevelScriptBlueprint '/Game/TwinStickBP/Maps/TwinStickExampleMap.TwinStickExampleMap:PersistentLevel.TwinStickExampleMap' with GeneratedClass '/Game/TwinStickBP/Maps/TwinStickExampleMap.TwinStickExampleMap_C' with ClassGeneratedBy '/Game/TwinStickBP/Maps/TwinStickExampleMap.TwinStickExampleMap:PersistentLevel.TwinStickExampleMap'
[2018.09.30-14.03.59:716][518]LogSlate: Updating window title bar state: overlay mode, drag disabled, window buttons hidden, title bar hidden
[2018.09.30-14.03.59:763][518]LogPlayLevel: Display: Shutting down PIE online subsystems
[2018.09.30-14.03.59:763][518]LogBlueprintUserMessages: Late EndPlayMap Detection: Level '/Game/TwinStickBP/Maps/TwinStickExampleMap.TwinStickExampleMap:PersistentLevel' has LevelScriptBlueprint '/Game/TwinStickBP/Maps/TwinStickExampleMap.TwinStickExampleMap:PersistentLevel.TwinStickExampleMap' with GeneratedClass '/Game/TwinStickBP/Maps/TwinStickExampleMap.TwinStickExampleMap_C' with ClassGeneratedBy '/Game/TwinStickBP/Maps/TwinStickExampleMap.TwinStickExampleMap:PersistentLevel.TwinStickExampleMap'
[2018.09.30-14.03.59:877][518]LogSlate: Updating window title bar state: overlay mode, drag disabled, window buttons hidden, title bar hidden
[2018.09.30-14.03.59:912][519]LogPlayLevel: Display: Destroying online subsystem :Context_7
[2018.09.30-14.06.10:819][964]LogSlate: FSceneViewport::OnFocusLost() reason 2
[2018.09.30-14.06.16:617][270]Cmd: TRANSACTION UNDO
[2018.09.30-14.06.16:618][270]LogEditorTransaction: Undo Clicking on Actors
[2018.09.30-14.06.18:431][360]Cmd: TRANSACTION UNDO
[2018.09.30-14.06.18:431][360]LogEditorTransaction: Undo Edit Fire Sound
[2018.09.30-14.06.28:400][652]LogSlate: Window 'Delete Assets' being destroyed
[2018.09.30-14.07.17:670][902]LogFactory: FactoryCreateFile: SoundWave with ReimportSoundFactory (0 0 C:\Users\krakp_000\Downloads\Main_Shot_Sound.wav)
[2018.09.30-14.07.21:104][ 39]LogAudioDerivedData: Display: Building compressed audio format OGG hash OGG wave Main_Shot_Sound...
[2018.09.30-14.07.21:104][ 39]LogTemp: Couldn't find amount to resample to.
[2018.09.30-14.07.21:161][ 39]LogAudioDerivedData: Display: Updated SoundWave->RawPCMDataSize from 0 to 175104 while cooking SoundWave /Game/Sounds/Main_Shot_Sound.Main_Shot_Sound.
[2018.09.30-14.07.27:229][391]LogEditorViewport: Clicking on Actor (LMB): TwinStickPawn_C (Main Character)
[2018.09.30-14.07.29:514][521]LogSlate: FSceneViewport::OnFocusLost() reason 2
[2018.09.30-14.07.30:733][587]LogSlate: FSceneViewport::OnFocusLost() reason 2
[2018.09.30-14.07.30:738][587]LogAssetEditorManager: Opening Asset editor for Blueprint /Game/TwinStickBP/Blueprints/TwinStickPawn.TwinStickPawn
[2018.09.30-14.07.50:707][331]LogSlate: Window 'TwinStickPawn*' being destroyed
[2018.09.30-14.07.50:718][331]LogSlate: Window 'TwinStickPawn*' being destroyed
[2018.09.30-14.07.52:359][407]LogSlate: FSceneViewport::OnFocusLost() reason 0
[2018.09.30-14.07.52:420][410]LogTemp: Repeating last play command: Selected Viewport
[2018.09.30-14.07.52:449][410]LogBlueprintUserMessages: Early PlayInEditor Detection: Level '/Game/TwinStickBP/Maps/TwinStickExampleMap.TwinStickExampleMap:PersistentLevel' has LevelScriptBlueprint '/Game/TwinStickBP/Maps/TwinStickExampleMap.TwinStickExampleMap:PersistentLevel.TwinStickExampleMap' with GeneratedClass '/Game/TwinStickBP/Maps/TwinStickExampleMap.TwinStickExampleMap_C' with ClassGeneratedBy '/Game/TwinStickBP/Maps/TwinStickExampleMap.TwinStickExampleMap:PersistentLevel.TwinStickExampleMap'
[2018.09.30-14.07.52:449][410]BlueprintLog: New page: Pre-Play auto-recompile
[2018.09.30-14.07.52:480][410]LogPlayLevel: [PlayLevel] Compiling TwinStickPawn before play...
[2018.09.30-14.07.52:787][410]LogPlayLevel: PlayLevel: Blueprint regeneration took 338 ms (1 blueprints)
[2018.09.30-14.07.52:787][410]PIE: New page: PIE session: TwinStickExampleMap (30 sept. 2018 06:07:52)
[2018.09.30-14.07.52:788][410]LogPlayLevel: Creating play world package: /Game/TwinStickBP/Maps/UEDPIE_0_TwinStickExampleMap
[2018.09.30-14.07.52:796][410]LogPlayLevel: PIE: StaticDuplicateObject took: (0.008399s)
[2018.09.30-14.07.52:797][410]LogAIModule: Creating AISystem for world TwinStickExampleMap
[2018.09.30-14.07.52:798][410]LogPlayLevel: PIE: World Init took: (0.001745s)
[2018.09.30-14.07.52:798][410]LogPlayLevel: PIE: Created PIE world by copying editor world from /Game/TwinStickBP/Maps/TwinStickExampleMap.TwinStickExampleMap to /Game/TwinStickBP/Maps/UEDPIE_0_TwinStickExampleMap.TwinStickExampleMap (0.010524s)
[2018.09.30-14.07.52:902][410]LogInit: XAudio2 using 'Haut-parleurs (Realtek High Definition Audio)' : 2 channels at 48 kHz using 32 bits per sample (channel mask 0x3)
[2018.09.30-14.07.52:936][410]LogInit: FAudioDevice initialized.
[2018.09.30-14.07.53:025][410]LogLoad: Game class is 'TwinStickGameMode_C'
[2018.09.30-14.07.53:029][410]LogWorld: Bringing World /Game/TwinStickBP/Maps/UEDPIE_0_TwinStickExampleMap.TwinStickExampleMap up for play (max tick rate 60) at 2018.09.30-10.07.53
[2018.09.30-14.07.53:029][410]LogWorld: Bringing up level for play took: 0.002457
[2018.09.30-14.07.53:044][410]PIE: Play in editor start time for /Game/TwinStickBP/Maps/UEDPIE_0_TwinStickExampleMap 0,064
[2018.09.30-14.07.53:044][410]LogBlueprintUserMessages: Late PlayInEditor Detection: Level '/Game/TwinStickBP/Maps/TwinStickExampleMap.TwinStickExampleMap:PersistentLevel' has LevelScriptBlueprint '/Game/TwinStickBP/Maps/TwinStickExampleMap.TwinStickExampleMap:PersistentLevel.TwinStickExampleMap' with GeneratedClass '/Game/TwinStickBP/Maps/TwinStickExampleMap.TwinStickExampleMap_C' with ClassGeneratedBy '/Game/TwinStickBP/Maps/TwinStickExampleMap.TwinStickExampleMap:PersistentLevel.TwinStickExampleMap'
[2018.09.30-14.08.31:379][689]LogBlueprintUserMessages: Early EndPlayMap Detection: Level '/Game/TwinStickBP/Maps/TwinStickExampleMap.TwinStickExampleMap:PersistentLevel' has LevelScriptBlueprint '/Game/TwinStickBP/Maps/TwinStickExampleMap.TwinStickExampleMap:PersistentLevel.TwinStickExampleMap' with GeneratedClass '/Game/TwinStickBP/Maps/TwinStickExampleMap.TwinStickExampleMap_C' with ClassGeneratedBy '/Game/TwinStickBP/Maps/TwinStickExampleMap.TwinStickExampleMap:PersistentLevel.TwinStickExampleMap'
[2018.09.30-14.08.31:379][689]LogSlate: Updating window title bar state: overlay mode, drag disabled, window buttons hidden, title bar hidden
[2018.09.30-14.08.31:433][689]LogPlayLevel: Display: Shutting down PIE online subsystems
[2018.09.30-14.08.31:433][689]LogBlueprintUserMessages: Late EndPlayMap Detection: Level '/Game/TwinStickBP/Maps/TwinStickExampleMap.TwinStickExampleMap:PersistentLevel' has LevelScriptBlueprint '/Game/TwinStickBP/Maps/TwinStickExampleMap.TwinStickExampleMap:PersistentLevel.TwinStickExampleMap' with GeneratedClass '/Game/TwinStickBP/Maps/TwinStickExampleMap.TwinStickExampleMap_C' with ClassGeneratedBy '/Game/TwinStickBP/Maps/TwinStickExampleMap.TwinStickExampleMap:PersistentLevel.TwinStickExampleMap'
[2018.09.30-14.08.31:474][689]LogSlate: Updating window title bar state: overlay mode, drag disabled, window buttons hidden, title bar hidden
[2018.09.30-14.08.31:512][690]LogPlayLevel: Display: Destroying online subsystem :Context_9
[2018.09.30-14.08.38:495][104]LogSlate: FSceneViewport::OnFocusLost() reason 0
[2018.09.30-14.08.48:879][693]LogAssetEditorManager: Opening Asset editor for SoundWave /Game/Sounds/Main_Shot_Sound.Main_Shot_Sound
[2018.09.30-14.09.10:954][960]LogSlate: Window 'Main_Shot_Sound* - Generic Asset Editor' being destroyed
[2018.09.30-14.09.10:964][960]LogSlate: Window 'Main_Shot_Sound* - Generic Asset Editor' being destroyed
[2018.09.30-14.09.56:183][235]LogVSAccessor: Warning: Couldn't goto line number '1' in 'C:/Program Files/Epic Games/UE_4.20/Engine/Source/Runtime/Engine/Classes/Sound/SoundWave.h'
[2018.09.30-14.13.57:696][934]LogSavePackage: Moving '../../../../../../Users/krakp_000/OneDrive/Bureau/Unreal Projects/GrimShooter/Saved/TwinStickExampleMap_Auto36BF7993E40FF5985AD8F74819B7F79B9.tmp' to '../../../../../../Users/krakp_000/OneDrive/Bureau/Unreal Projects/GrimShooter/Saved/Autosaves/Game/TwinStickBP/Maps/TwinStickExampleMap_Auto3.umap'
[2018.09.30-14.13.57:716][934]LogFileHelpers: Editor autosave (incl. sublevels) for '/Game/TwinStickBP/Maps/TwinStickExampleMap' took 0.929
[2018.09.30-14.13.57:716][934]LogFileHelpers: Editor autosave (incl. sublevels) for all levels took 0.929
[2018.09.30-14.13.57:732][934]OBJ SavePackage: Generating thumbnails for [1] asset(s) in package [/Game/TwinStickBP/Blueprints/TwinStickPawn] ([1] browsable assets)...
[2018.09.30-14.13.57:928][934]OBJ SavePackage:     Rendered thumbnail for [Blueprint /Game/TwinStickBP/Blueprints/TwinStickPawn.TwinStickPawn]
[2018.09.30-14.13.57:928][934]OBJ SavePackage: Finished generating thumbnails for package [/Game/TwinStickBP/Blueprints/TwinStickPawn]
[2018.09.30-14.13.58:606][934]LogSavePackage: Moving '../../../../../../Users/krakp_000/OneDrive/Bureau/Unreal Projects/GrimShooter/Saved/TwinStickPawn_Auto3EB5FAA504D548E84A4033FB5FEEA93A3.tmp' to '../../../../../../Users/krakp_000/OneDrive/Bureau/Unreal Projects/GrimShooter/Saved/Autosaves/Game/TwinStickBP/Blueprints/TwinStickPawn_Auto3.uasset'
[2018.09.30-14.13.58:650][934]OBJ SavePackage: Generating thumbnails for [1] asset(s) in package [/Game/Sounds/Main_Shot_Sound] ([1] browsable assets)...
[2018.09.30-14.13.58:660][934]OBJ SavePackage:     Rendered thumbnail for [SoundWave /Game/Sounds/Main_Shot_Sound.Main_Shot_Sound]
[2018.09.30-14.13.58:660][934]OBJ SavePackage: Finished generating thumbnails for package [/Game/Sounds/Main_Shot_Sound]
[2018.09.30-14.13.58:680][934]LogSavePackage: Moving '../../../../../../Users/krakp_000/OneDrive/Bureau/Unreal Projects/GrimShooter/Saved/Main_Shot_Sound_Auto333BEE3544916F9C6ACCC1D8CDC1AA3C6.tmp' to '../../../../../../Users/krakp_000/OneDrive/Bureau/Unreal Projects/GrimShooter/Saved/Autosaves/Game/Sounds/Main_Shot_Sound_Auto3.uasset'
[2018.09.30-14.13.58:691][934]LogFileHelpers: Auto-saving content packages took 0.971
[2018.09.30-14.32.06:829][300]LogTemp: Repeating last play command: Selected Viewport
[2018.09.30-14.32.06:860][300]LogBlueprintUserMessages: Early PlayInEditor Detection: Level '/Game/TwinStickBP/Maps/TwinStickExampleMap.TwinStickExampleMap:PersistentLevel' has LevelScriptBlueprint '/Game/TwinStickBP/Maps/TwinStickExampleMap.TwinStickExampleMap:PersistentLevel.TwinStickExampleMap' with GeneratedClass '/Game/TwinStickBP/Maps/TwinStickExampleMap.TwinStickExampleMap_C' with ClassGeneratedBy '/Game/TwinStickBP/Maps/TwinStickExampleMap.TwinStickExampleMap:PersistentLevel.TwinStickExampleMap'
[2018.09.30-14.32.06:860][300]LogPlayLevel: PlayLevel: No blueprints needed recompiling
[2018.09.30-14.32.06:861][300]PIE: New page: PIE session: TwinStickExampleMap (30 sept. 2018 06:32:06)
[2018.09.30-14.32.06:861][300]LogPlayLevel: Creating play world package: /Game/TwinStickBP/Maps/UEDPIE_0_TwinStickExampleMap
[2018.09.30-14.32.06:876][300]LogPlayLevel: PIE: StaticDuplicateObject took: (0.015374s)
[2018.09.30-14.32.06:878][300]LogAIModule: Creating AISystem for world TwinStickExampleMap
[2018.09.30-14.32.06:879][300]LogPlayLevel: PIE: World Init took: (0.002829s)
[2018.09.30-14.32.06:879][300]LogPlayLevel: PIE: Created PIE world by copying editor world from /Game/TwinStickBP/Maps/TwinStickExampleMap.TwinStickExampleMap to /Game/TwinStickBP/Maps/UEDPIE_0_TwinStickExampleMap.TwinStickExampleMap (0.018575s)
[2018.09.30-14.32.06:953][300]LogInit: XAudio2 using 'Haut-parleurs (Realtek High Definition Audio)' : 2 channels at 48 kHz using 32 bits per sample (channel mask 0x3)
[2018.09.30-14.32.06:989][300]LogInit: FAudioDevice initialized.
[2018.09.30-14.32.07:034][300]LogLoad: Game class is 'TwinStickGameMode_C'
[2018.09.30-14.32.07:039][300]LogWorld: Bringing World /Game/TwinStickBP/Maps/UEDPIE_0_TwinStickExampleMap.TwinStickExampleMap up for play (max tick rate 60) at 2018.09.30-10.32.07
[2018.09.30-14.32.07:039][300]LogWorld: Bringing up level for play took: 0.003692
[2018.09.30-14.32.07:056][300]PIE: Play in editor start time for /Game/TwinStickBP/Maps/UEDPIE_0_TwinStickExampleMap 0,076
[2018.09.30-14.32.07:056][300]LogBlueprintUserMessages: Late PlayInEditor Detection: Level '/Game/TwinStickBP/Maps/TwinStickExampleMap.TwinStickExampleMap:PersistentLevel' has LevelScriptBlueprint '/Game/TwinStickBP/Maps/TwinStickExampleMap.TwinStickExampleMap:PersistentLevel.TwinStickExampleMap' with GeneratedClass '/Game/TwinStickBP/Maps/TwinStickExampleMap.TwinStickExampleMap_C' with ClassGeneratedBy '/Game/TwinStickBP/Maps/TwinStickExampleMap.TwinStickExampleMap:PersistentLevel.TwinStickExampleMap'
[2018.09.30-14.32.15:817][750]LogBlueprintUserMessages: Early EndPlayMap Detection: Level '/Game/TwinStickBP/Maps/TwinStickExampleMap.TwinStickExampleMap:PersistentLevel' has LevelScriptBlueprint '/Game/TwinStickBP/Maps/TwinStickExampleMap.TwinStickExampleMap:PersistentLevel.TwinStickExampleMap' with GeneratedClass '/Game/TwinStickBP/Maps/TwinStickExampleMap.TwinStickExampleMap_C' with ClassGeneratedBy '/Game/TwinStickBP/Maps/TwinStickExampleMap.TwinStickExampleMap:PersistentLevel.TwinStickExampleMap'
[2018.09.30-14.32.15:818][750]LogSlate: Updating window title bar state: overlay mode, drag disabled, window buttons hidden, title bar hidden
[2018.09.30-14.32.15:873][750]LogPlayLevel: Display: Shutting down PIE online subsystems
[2018.09.30-14.32.15:873][750]LogBlueprintUserMessages: Late EndPlayMap Detection: Level '/Game/TwinStickBP/Maps/TwinStickExampleMap.TwinStickExampleMap:PersistentLevel' has LevelScriptBlueprint '/Game/TwinStickBP/Maps/TwinStickExampleMap.TwinStickExampleMap:PersistentLevel.TwinStickExampleMap' with GeneratedClass '/Game/TwinStickBP/Maps/TwinStickExampleMap.TwinStickExampleMap_C' with ClassGeneratedBy '/Game/TwinStickBP/Maps/TwinStickExampleMap.TwinStickExampleMap:PersistentLevel.TwinStickExampleMap'
[2018.09.30-14.32.15:930][750]LogSlate: Updating window title bar state: overlay mode, drag disabled, window buttons hidden, title bar hidden
[2018.09.30-14.32.15:970][751]LogPlayLevel: Display: Destroying online subsystem :Context_11
[2018.09.30-14.32.17:726][846]LogSlate: FSceneViewport::OnFocusLost() reason 0
[2018.09.30-14.32.31:487][950]LogSavePackage: Moving '../../../../../../Users/krakp_000/OneDrive/Bureau/Unreal Projects/GrimShooter/Saved/TwinStickExampleMap6D618C9E4DC37008882D3594F849EFB5.tmp' to '../../../../../../Users/krakp_000/OneDrive/Bureau/Unreal Projects/GrimShooter/Content/TwinStickBP/Maps/TwinStickExampleMap.umap'
[2018.09.30-14.32.32:041][950]LogSavePackage: Moving '../../../../../../Users/krakp_000/OneDrive/Bureau/Unreal Projects/GrimShooter/Saved/TwinStickExampleMap_BuiltData19E8FC9B4181BC991F9689AAF14621D5.tmp' to '../../../../../../Users/krakp_000/OneDrive/Bureau/Unreal Projects/GrimShooter/Content/TwinStickBP/Maps/TwinStickExampleMap_BuiltData.uasset'
[2018.09.30-14.45.37:635][485]LogWindowsTextInputMethodSystem: Display: IME system now deactivated.
[2018.09.30-14.45.37:636][485]LogWindowsTextInputMethodSystem: Display: IME system now deactivated.
[2018.09.30-14.48.20:264][168]LogFactory: FactoryCreateFile: PaperSpriteSheet with PaperSpriteSheetReimportFactory (0 1 C:\Users\krakp_000\OneDrive\Bureau\GrimShooter Temporary Files\Main_Bullet.paper2dsprites)
[2018.09.30-14.48.20:265][168]LogPaperSpriteSheetImporter: Warning: Unexpected 'app' named 'https://www.codeandweb.com/texturepacker' while parsing sprite descriptor file 'Main_Bullet'.  Parsing will continue but the format may not be fully supported
[2018.09.30-14.48.20:319][168]LogFactory: FactoryCreateFile: Texture with ReimportTextureFactory (0 0 C:\Users\krakp_000\OneDrive\Bureau\GrimShooter Temporary Files/Main_Bullet.png)
[2018.09.30-14.48.20:370][168]LogTexture: Display: Building textures: Main_Bullet (BGRA8, 18X18)
[2018.09.30-14.48.28:009][398]LogSavePackage: Moving '../../../../../../Users/krakp_000/OneDrive/Bureau/Unreal Projects/GrimShooter/Saved/TwinStickExampleMap7B315499486604C2D7E3C29478A8310F.tmp' to '../../../../../../Users/krakp_000/OneDrive/Bureau/Unreal Projects/GrimShooter/Content/TwinStickBP/Maps/TwinStickExampleMap.umap'
[2018.09.30-14.48.28:666][398]LogSavePackage: Moving '../../../../../../Users/krakp_000/OneDrive/Bureau/Unreal Projects/GrimShooter/Saved/TwinStickExampleMap_BuiltDataDE300248400BC701D114449BDA06D3F4.tmp' to '../../../../../../Users/krakp_000/OneDrive/Bureau/Unreal Projects/GrimShooter/Content/TwinStickBP/Maps/TwinStickExampleMap_BuiltData.uasset'
[2018.09.30-14.49.44:667][725]LogSlate: Window 'Save Content' being destroyed
[2018.09.30-14.49.44:894][725]LogSlate: Window 'GrimShooter - Unreal Editor' being destroyed
[2018.09.30-14.49.45:363][726]Cmd: QUIT_EDITOR
[2018.09.30-14.49.46:383][726]LogWindowsTextInputMethodSystem: Display: IME system now deactivated.
[2018.09.30-14.49.51:017][726]LogExit: Preparing to exit.
[2018.09.30-14.49.53:150][726]LogExit: Editor shut down
[2018.09.30-14.49.53:154][726]LogExit: Transaction tracking system shut down
[2018.09.30-14.49.55:237][726]LogExit: Object subsystem successfully closed.
[2018.09.30-14.49.55:307][726]LogShaderCompilers: Display: Shaders left to compile 0
[2018.09.30-14.49.55:340][726]LogD3D11RHI: Shutdown
[2018.09.30-14.49.55:340][726]LogD3D11RHI: CleanupD3DDevice
[2018.09.30-14.49.55:346][726]LogD3D11RHI: ~FD3D11DynamicRHI
[2018.09.30-14.49.56:024][726]LogModuleManager: Shutting down and abandoning module MovieSceneCapture (614)
[2018.09.30-14.49.56:024][726]LogModuleManager: Shutting down and abandoning module Voice (612)
[2018.09.30-14.49.56:024][726]LogModuleManager: Shutting down and abandoning module BlueprintGraph (610)
[2018.09.30-14.49.56:024][726]LogModuleManager: Shutting down and abandoning module HierarchicalLODOutliner (608)
[2018.09.30-14.49.56:025][726]LogModuleManager: Shutting down and abandoning module SceneOutliner (606)
[2018.09.30-14.49.56:025][726]LogModuleManager: Shutting down and abandoning module AddContentDialog (604)
[2018.09.30-14.49.56:031][726]LogModuleManager: Shutting down and abandoning module WidgetCarousel (603)
[2018.09.30-14.49.56:032][726]LogModuleManager: Shutting down and abandoning module EditorWidgets (600)
[2018.09.30-14.49.56:032][726]LogModuleManager: Shutting down and abandoning module CollectionManager (598)
[2018.09.30-14.49.56:051][726]LogModuleManager: Shutting down and abandoning module StatsViewer (596)
[2018.09.30-14.49.56:051][726]LogModuleManager: Shutting down and abandoning module FoliageEdit (594)
[2018.09.30-14.49.56:051][726]LogModuleManager: Shutting down and abandoning module LandscapeEditor (592)
[2018.09.30-14.49.56:120][726]LogModuleManager: Shutting down and abandoning module MeshPaintMode (590)
[2018.09.30-14.49.56:120][726]LogModuleManager: Shutting down and abandoning module SceneDepthPickerMode (588)
[2018.09.30-14.49.56:120][726]LogModuleManager: Shutting down and abandoning module ActorPickerMode (586)
[2018.09.30-14.49.56:120][726]LogModuleManager: Shutting down and abandoning module GeometryMode (584)
[2018.09.30-14.49.56:120][726]LogModuleManager: Shutting down and abandoning module TextureAlignMode (582)
[2018.09.30-14.49.56:121][726]LogModuleManager: Shutting down and abandoning module BspMode (580)
[2018.09.30-14.49.56:121][726]LogModuleManager: Shutting down and abandoning module PIEPreviewDeviceProfileSelector (578)
[2018.09.30-14.49.56:121][726]LogModuleManager: Shutting down and abandoning module SequenceRecorderSections (576)
[2018.09.30-14.49.56:121][726]LogModuleManager: Shutting down and abandoning module AutomationWorker (574)
[2018.09.30-14.49.56:121][726]LogModuleManager: Shutting down and abandoning module AudioCaptureEditor (572)
[2018.09.30-14.49.56:121][726]LogModuleManager: Shutting down and abandoning module SequenceRecorder (571)
[2018.09.30-14.49.56:121][726]LogModuleManager: Shutting down and abandoning module MatineeToLevelSequence (568)
[2018.09.30-14.49.56:121][726]LogModuleManager: Shutting down and abandoning module LevelSequenceEditor (566)
[2018.09.30-14.49.56:133][726]LogModuleManager: Shutting down and abandoning module PlacementMode (565)
[2018.09.30-14.49.56:133][726]LogModuleManager: Shutting down and abandoning module MaterialEditor (564)
[2018.09.30-14.49.56:154][726]LogModuleManager: Shutting down and abandoning module WmfMediaFactory (560)
[2018.09.30-14.49.56:154][726]LogModuleManager: Shutting down and abandoning module WmfMediaEditor (558)
[2018.09.30-14.49.56:154][726]LogModuleManager: Shutting down and abandoning module MediaPlayerEditor (556)
[2018.09.30-14.49.56:154][726]LogModuleManager: Shutting down and abandoning module OpenExrWrapper (554)
[2018.09.30-14.49.56:154][726]LogModuleManager: Shutting down and abandoning module ImgMediaFactory (552)
[2018.09.30-14.49.56:154][726]LogModuleManager: Shutting down and abandoning module ImgMediaEditor (550)
[2018.09.30-14.49.56:154][726]LogModuleManager: Shutting down and abandoning module AvfMediaFactory (548)
[2018.09.30-14.49.56:154][726]LogModuleManager: Shutting down and abandoning module AvfMediaEditor (546)
[2018.09.30-14.49.56:154][726]LogModuleManager: Shutting down and abandoning module AndroidMediaFactory (544)
[2018.09.30-14.49.56:154][726]LogModuleManager: Shutting down and abandoning module AndroidMediaEditor (542)
[2018.09.30-14.49.56:154][726]LogModuleManager: Shutting down and abandoning module MagicLeapCameraPreviewFactory (540)
[2018.09.30-14.49.56:154][726]LogModuleManager: Shutting down and abandoning module MagicLeapMediaFactory (538)
[2018.09.30-14.49.56:154][726]LogModuleManager: Shutting down and abandoning module MagicLeapMediaEditor (536)
[2018.09.30-14.49.56:154][726]LogModuleManager: Shutting down and abandoning module CharacterAI (534)
[2018.09.30-14.49.56:154][726]LogModuleManager: Shutting down and abandoning module SmartSnapping (532)
[2018.09.30-14.49.56:154][726]LogModuleManager: Shutting down and abandoning module SessionServices (530)
[2018.09.30-14.49.56:154][726]LogModuleManager: Shutting down and abandoning module ViewportSnapping (528)
[2018.09.30-14.49.56:154][726]LogModuleManager: Shutting down and abandoning module ViewportInteraction (526)
[2018.09.30-14.49.56:157][726]LogModuleManager: Shutting down and abandoning module ClothPainter (524)
[2018.09.30-14.49.56:170][726]LogModuleManager: Shutting down and abandoning module SkeletalMeshEditor (523)
[2018.09.30-14.49.56:249][726]LogModuleManager: Shutting down and abandoning module LogVisualizer (520)
[2018.09.30-14.49.56:252][726]LogModuleManager: Shutting down and abandoning module IntroTutorials (518)
[2018.09.30-14.49.56:253][726]LogModuleManager: Shutting down and abandoning module GameProjectGeneration (517)
[2018.09.30-14.49.56:258][726]LogModuleManager: Shutting down and abandoning module LuminPlatformEditor (514)
[2018.09.30-14.49.56:259][726]LogModuleManager: Shutting down and abandoning module IOSPlatformEditor (512)
[2018.09.30-14.49.56:259][726]LogModuleManager: Shutting down and abandoning module HTML5PlatformEditor (510)
[2018.09.30-14.49.56:259][726]LogModuleManager: Shutting down and abandoning module AndroidPlatformEditor (508)
[2018.09.30-14.49.56:259][726]LogModuleManager: Shutting down and abandoning module AndroidDeviceDetection (507)
[2018.09.30-14.49.57:111][726]LogModuleManager: Shutting down and abandoning module WindowsPlatformEditor (504)
[2018.09.30-14.49.57:112][726]LogModuleManager: Shutting down and abandoning module LuminRuntimeSettings (502)
[2018.09.30-14.49.57:112][726]LogModuleManager: Shutting down and abandoning module IOSRuntimeSettings (500)
[2018.09.30-14.49.57:112][726]LogModuleManager: Shutting down and abandoning module AndroidRuntimeSettings (498)
[2018.09.30-14.49.57:112][726]LogModuleManager: Shutting down and abandoning module InputBindingEditor (496)
[2018.09.30-14.49.57:159][726]LogModuleManager: Shutting down and abandoning module MergeActors (494)
[2018.09.30-14.49.57:159][726]LogModuleManager: Shutting down and abandoning module LocalizationDashboard (492)
[2018.09.30-14.49.57:159][726]LogModuleManager: Shutting down and abandoning module LocalizationService (491)
[2018.09.30-14.49.57:159][726]LogModuleManager: Shutting down and abandoning module HardwareTargeting (488)
[2018.09.30-14.49.57:159][726]LogModuleManager: Shutting down and abandoning module DeviceProfileEditor (486)
[2018.09.30-14.49.57:159][726]LogModuleManager: Shutting down and abandoning module UndoHistory (484)
[2018.09.30-14.49.57:160][726]LogModuleManager: Shutting down and abandoning module XmlParser (482)
[2018.09.30-14.49.57:160][726]LogModuleManager: Shutting down and abandoning module Blutility (480)
[2018.09.30-14.49.57:160][726]LogModuleManager: Shutting down and abandoning module ProjectSettingsViewer (478)
[2018.09.30-14.49.57:160][726]LogModuleManager: Shutting down and abandoning module ProjectTargetPlatformEditor (477)
[2018.09.30-14.49.57:160][726]LogModuleManager: Shutting down and abandoning module EditorSettingsViewer (474)
[2018.09.30-14.49.57:161][726]LogModuleManager: Shutting down and abandoning module SettingsEditor (472)
[2018.09.30-14.49.57:161][726]LogModuleManager: Shutting down and abandoning module ProjectLauncher (470)
[2018.09.30-14.49.57:196][726]LogModuleManager: Shutting down and abandoning module SessionFrontend (468)
[2018.09.30-14.49.57:196][726]LogModuleManager: Shutting down and abandoning module ProfilerClient (466)
[2018.09.30-14.49.57:215][726]LogModuleManager: Shutting down and abandoning module DeviceManager (464)
[2018.09.30-14.49.57:215][726]LogModuleManager: Shutting down and abandoning module TargetDeviceServices (463)
[2018.09.30-14.49.57:270][726]LogModuleManager: Shutting down and abandoning module AutomationController (460)
[2018.09.30-14.49.57:270][726]LogModuleManager: Shutting down and abandoning module AutomationWindow (458)
[2018.09.30-14.49.57:293][726]LogModuleManager: Shutting down and abandoning module Layers (456)
[2018.09.30-14.49.57:332][726]LogModuleManager: Shutting down and abandoning module ComponentVisualizers (454)
[2018.09.30-14.49.57:332][726]LogModuleManager: Shutting down and abandoning module DetailCustomizations (452)
[2018.09.30-14.49.57:332][726]LogModuleManager: Shutting down and abandoning module PackagesDialog (450)
[2018.09.30-14.49.57:333][726]LogModuleManager: Shutting down and abandoning module Persona (448)
[2018.09.30-14.49.57:358][726]LogModuleManager: Shutting down and abandoning module AdvancedPreviewScene (447)
[2018.09.30-14.49.57:358][726]LogModuleManager: Shutting down and abandoning module AnimGraph (445)
[2018.09.30-14.49.57:358][726]LogModuleManager: Shutting down and abandoning module Kismet (442)
[2018.09.30-14.49.57:372][726]LogModuleManager: Shutting down and abandoning module GraphEditor (440)
[2018.09.30-14.49.57:372][726]LogModuleManager: Shutting down and abandoning module ClassViewer (438)
[2018.09.30-14.49.57:375][726]LogModuleManager: Shutting down and abandoning module Toolbox (436)
[2018.09.30-14.49.57:375][726]LogModuleManager: Shutting down and abandoning module ModuleUI (434)
[2018.09.30-14.49.57:398][726]LogModuleManager: Shutting down and abandoning module MovieSceneTools (432)
[2018.09.30-14.49.57:399][726]LogModuleManager: Shutting down and abandoning module OutputLog (430)
[2018.09.30-14.49.57:399][726]LogModuleManager: Shutting down and abandoning module GammaUI (428)
[2018.09.30-14.49.57:417][726]LogModuleManager: Shutting down and abandoning module Documentation (426)
[2018.09.30-14.49.57:417][726]LogModuleManager: Shutting down and abandoning module LauncherPlatform (424)
[2018.09.30-14.49.57:417][726]LogModuleManager: Shutting down and abandoning module MovieSceneTracks (422)
[2018.09.30-14.49.57:417][726]LogModuleManager: Shutting down and abandoning module MovieScene (420)
[2018.09.30-14.49.57:417][726]LogModuleManager: Shutting down and abandoning module StreamingPauseRendering (418)
[2018.09.30-14.49.57:417][726]LogModuleManager: Shutting down and abandoning module PortalServices (416)
[2018.09.30-14.49.57:417][726]LogModuleManager: Shutting down and abandoning module PortalRpc (414)
[2018.09.30-14.49.57:417][726]LogModuleManager: Shutting down and abandoning module MessagingRpc (412)
[2018.09.30-14.49.57:417][726]LogModuleManager: Shutting down and abandoning module AIModule (410)
[2018.09.30-14.49.57:417][726]LogModuleManager: Shutting down and abandoning module GameplayDebugger (409)
[2018.09.30-14.49.57:417][726]LogModuleManager: Shutting down and abandoning module AITestSuite (407)
[2018.09.30-14.49.57:417][726]LogModuleManager: Shutting down and abandoning module NavigationSystem (405)
[2018.09.30-14.49.57:417][726]LogModuleManager: Shutting down and abandoning module DesktopPlatform (402)
[2018.09.30-14.49.57:417][726]LogModuleManager: Shutting down and abandoning module ProfilerService (400)
[2018.09.30-14.49.57:528][726]LogModuleManager: Shutting down and abandoning module TaskGraph (398)
[2018.09.30-14.49.57:529][726]LogModuleManager: Shutting down and abandoning module SteamVRController (396)
[2018.09.30-14.49.57:529][726]LogModuleManager: Shutting down and abandoning module ProceduralMeshComponentEditor (394)
[2018.09.30-14.49.57:529][726]LogModuleManager: Shutting down and abandoning module ProceduralMeshComponent (392)
[2018.09.30-14.49.57:532][726]LogModuleManager: Shutting down and abandoning module OculusInput (390)
[2018.09.30-14.49.57:532][726]LogModuleManager: Shutting down and abandoning module MobilePatchingUtils (388)
[2018.09.30-14.49.57:532][726]LogModuleManager: Shutting down and abandoning module EditableMesh (386)
[2018.09.30-14.49.57:532][726]LogModuleManager: Shutting down and abandoning module CustomMeshComponent (384)
[2018.09.30-14.49.57:532][726]LogModuleManager: Shutting down and abandoning module CableComponent (382)
[2018.09.30-14.49.57:532][726]LogModuleManager: Shutting down and abandoning module AudioCapture (380)
[2018.09.30-14.49.57:532][726]LogModuleManager: Shutting down and abandoning module ArchVisCharacter (378)
[2018.09.30-14.49.57:532][726]LogModuleManager: Shutting down and abandoning module AndroidPermission (376)
[2018.09.30-14.49.57:532][726]LogModuleManager: Shutting down and abandoning module NUTUnrealEngine4 (374)
[2018.09.30-14.49.57:532][726]LogModuleManager: Shutting down and abandoning module NetcodeUnitTest (372)
[2018.09.30-14.49.57:561][726]LogModuleManager: Shutting down and abandoning module MediaCompositingEditor (370)
[2018.09.30-14.49.57:562][726]LogModuleManager: Shutting down and abandoning module MediaCompositing (368)
[2018.09.30-14.49.57:562][726]LogModuleManager: Shutting down and abandoning module LinearTimecode (366)
[2018.09.30-14.49.57:562][726]LogModuleManager: Shutting down and abandoning module ImgMedia (364)
[2018.09.30-14.49.57:577][726]LogModuleManager: Shutting down and abandoning module HTML5Networking (362)
[2018.09.30-14.49.57:577][726]LogModuleManager: Shutting down and abandoning module GeometryCacheTracks (360)
[2018.09.30-14.49.57:577][726]LogModuleManager: Shutting down and abandoning module GeometryCacheSequencer (358)
[2018.09.30-14.49.57:577][726]LogModuleManager: Shutting down and abandoning module BackChannel (356)
[2018.09.30-14.49.57:577][726]LogModuleManager: Shutting down and abandoning module AppleVision (354)
[2018.09.30-14.49.57:577][726]LogModuleManager: Shutting down and abandoning module AppleImageUtils (352)
[2018.09.30-14.49.57:577][726]LogModuleManager: Shutting down and abandoning module AlembicImporter (350)
[2018.09.30-14.49.57:577][726]LogModuleManager: Shutting down and abandoning module AlembicLibrary (349)
[2018.09.30-14.49.57:577][726]LogModuleManager: Shutting down and abandoning module GeometryCache (348)
[2018.09.30-14.49.57:577][726]LogModuleManager: Shutting down and abandoning module GeometryCacheEd (347)
[2018.09.30-14.49.57:577][726]LogModuleManager: Shutting down and abandoning module DatasmithContentEditor (342)
[2018.09.30-14.49.57:578][726]LogModuleManager: Shutting down and abandoning module DatasmithContent (340)
[2018.09.30-14.49.57:579][726]LogModuleManager: Shutting down and abandoning module SpeedTreeImporter (338)
[2018.09.30-14.49.57:579][726]LogModuleManager: Shutting down and abandoning module PluginBrowser (336)
[2018.09.30-14.49.57:592][726]LogModuleManager: Shutting down and abandoning module MobileLauncherProfileWizard (334)
[2018.09.30-14.49.57:595][726]LogModuleManager: Shutting down and abandoning module PolygonModeling (332)
[2018.09.30-14.49.57:595][726]LogModuleManager: Shutting down and abandoning module MeshEditor (330)
[2018.09.30-14.49.57:595][726]LogModuleManager: Shutting down and abandoning module CryptoKeysOpenSSL (328)
[2018.09.30-14.49.57:595][726]LogModuleManager: Shutting down and abandoning module CryptoKeys (326)
[2018.09.30-14.49.57:595][726]LogModuleManager: Shutting down and abandoning module VisualStudioSourceCodeAccess (324)
[2018.09.30-14.49.57:595][726]LogModuleManager: Shutting down and abandoning module VisualStudioCodeSourceCodeAccess (322)
[2018.09.30-14.49.57:596][726]LogModuleManager: Shutting down and abandoning module UObjectPlugin (320)
[2018.09.30-14.49.57:596][726]LogModuleManager: Shutting down and abandoning module SubversionSourceControl (318)
[2018.09.30-14.49.57:596][726]LogModuleManager: Shutting down and abandoning module PerforceSourceControl (316)
[2018.09.30-14.49.57:604][726]LogModuleManager: Shutting down and abandoning module GitSourceControl (314)
[2018.09.30-14.49.57:604][726]LogModuleManager: Shutting down and abandoning module SourceControl (313)
[2018.09.30-14.49.57:605][726]LogModuleManager: Shutting down and abandoning module CLionSourceCodeAccess (310)
[2018.09.30-14.49.57:605][726]LogModuleManager: Shutting down and abandoning module LightPropagationVolumeEditor (308)
[2018.09.30-14.49.57:605][726]LogModuleManager: Shutting down and abandoning module PaperTiledImporter (306)
[2018.09.30-14.49.57:605][726]LogModuleManager: Shutting down and abandoning module PaperSpriteSheetImporter (304)
[2018.09.30-14.49.57:605][726]LogModuleManager: Shutting down and abandoning module Paper2DEditor (302)
[2018.09.30-14.49.57:625][726]LogModuleManager: Shutting down and abandoning module MeshPaint (301)
[2018.09.30-14.49.57:625][726]LogModuleManager: Shutting down and abandoning module RuntimePhysXCooking (298)
[2018.09.30-14.49.57:625][726]LogModuleManager: Shutting down and abandoning module PhysXVehiclesEditor (296)
[2018.09.30-14.49.57:625][726]LogModuleManager: Shutting down and abandoning module PhysXVehicles (294)
[2018.09.30-14.49.57:625][726]LogModuleManager: Shutting down and abandoning module OculusEditor (292)
[2018.09.30-14.49.57:625][726]LogModuleManager: Shutting down and abandoning module LocationServicesBPLibrary (290)
[2018.09.30-14.49.57:625][726]LogModuleManager: Shutting down and abandoning module ImmediatePhysicsEditor (288)
[2018.09.30-14.49.57:626][726]LogModuleManager: Shutting down and abandoning module ImmediatePhysics (286)
[2018.09.30-14.49.57:626][726]LogModuleManager: Shutting down and abandoning module ActorSequence (284)
[2018.09.30-14.49.57:626][726]LogModuleManager: Shutting down and abandoning module UdpMessaging (282)
[2018.09.30-14.49.57:727][726]LogModuleManager: Shutting down and abandoning module TcpMessaging (280)
[2018.09.30-14.49.57:828][726]LogModuleManager: Shutting down and abandoning module MagicLeapAudio (278)
[2018.09.30-14.49.57:828][726]LogModuleManager: Shutting down and abandoning module GameplayTagsEditor (276)
[2018.09.30-14.49.57:828][726]LogModuleManager: Shutting down and abandoning module FacialAnimationEditor (274)
[2018.09.30-14.49.57:828][726]LogModuleManager: Shutting down and abandoning module FacialAnimation (272)
[2018.09.30-14.49.57:828][726]LogModuleManager: Shutting down and abandoning module DataValidation (270)
[2018.09.30-14.49.57:828][726]LogModuleManager: Shutting down and abandoning module AssetManagerEditor (268)
[2018.09.30-14.49.57:828][726]LogModuleManager: Shutting down and abandoning module LevelEditor (267)
[2018.09.30-14.49.57:832][726]LogModuleManager: Shutting down and abandoning module PixelInspectorModule (266)
[2018.09.30-14.49.57:832][726]LogModuleManager: Shutting down and abandoning module CommonMenuExtensions (264)
[2018.09.30-14.49.57:833][726]LogModuleManager: Shutting down and abandoning module MainFrame (262)
[2018.09.30-14.49.57:833][726]LogModuleManager: Shutting down and abandoning module HotReload (261)
[2018.09.30-14.49.57:834][726]LogModuleManager: Shutting down and abandoning module ContentBrowser (257)
[2018.09.30-14.49.57:839][726]LogModuleManager: Shutting down and abandoning module TreeMap (255)
[2018.09.30-14.49.57:839][726]LogModuleManager: Shutting down and abandoning module LightPropagationVolumeRuntime (252)
[2018.09.30-14.49.57:839][726]LogModuleManager: Shutting down and abandoning module AISupportModule (250)
[2018.09.30-14.49.57:839][726]LogModuleManager: Shutting down and abandoning module Paper2D (248)
[2018.09.30-14.49.57:839][726]LogModuleManager: Shutting down and abandoning module WindowsMoviePlayer (246)
[2018.09.30-14.49.57:839][726]LogModuleManager: Shutting down and abandoning module WmfMedia (244)
[2018.09.30-14.49.57:856][726]LogModuleManager: Shutting down and abandoning module Media (243)
[2018.09.30-14.49.57:863][726]LogModuleManager: Shutting down and abandoning module PacketHandler (240)
[2018.09.30-14.49.57:864][726]LogModuleManager: Shutting down and abandoning module ClothingSystemEditor (238)
[2018.09.30-14.49.57:864][726]LogModuleManager: Shutting down and abandoning module ClothingSystemRuntime (236)
[2018.09.30-14.49.57:891][726]LogModuleManager: Shutting down and abandoning module MediaAssets (234)
[2018.09.30-14.49.57:891][726]LogModuleManager: Shutting down and abandoning module Overlay (232)
[2018.09.30-14.49.57:891][726]LogModuleManager: Shutting down and abandoning module OverlayEditor (231)
[2018.09.30-14.49.57:891][726]LogModuleManager: Shutting down and abandoning module VREditor (228)
[2018.09.30-14.49.57:903][726]LogModuleManager: Shutting down and abandoning module StringTableEditor (226)
[2018.09.30-14.49.57:921][726]LogModuleManager: Shutting down and abandoning module GameplayTasksEditor (224)
[2018.09.30-14.49.57:921][726]LogModuleManager: Shutting down and abandoning module BehaviorTreeEditor (222)
[2018.09.30-14.49.57:930][726]LogModuleManager: Shutting down and abandoning module FunctionalTesting (220)
[2018.09.30-14.49.57:930][726]LogModuleManager: Shutting down and abandoning module CollisionAnalyzer (218)
[2018.09.30-14.49.57:931][726]LogModuleManager: Shutting down and abandoning module WorkspaceMenuStructure (217)
[2018.09.30-14.49.57:931][726]LogModuleManager: Shutting down and abandoning module UMG (214)
[2018.09.30-14.49.57:942][726]LogModuleManager: Shutting down and abandoning module UMGEditor (213)
[2018.09.30-14.49.57:953][726]LogModuleManager: Shutting down and abandoning module Sequencer (212)
[2018.09.30-14.49.57:966][726]LogModuleManager: Shutting down and abandoning module MessageLog (209)
[2018.09.30-14.49.57:966][726]LogModuleManager: Shutting down and abandoning module SlateReflector (204)
[2018.09.30-14.49.57:999][726]LogModuleManager: Shutting down and abandoning module Slate (202)
[2018.09.30-14.49.57:999][726]LogModuleManager: Shutting down and abandoning module EditorStyle (200)
[2018.09.30-14.49.58:005][726]LogModuleManager: Shutting down and abandoning module MRMesh (198)
[2018.09.30-14.49.58:005][726]LogModuleManager: Shutting down and abandoning module SourceCodeAccess (196)
[2018.09.30-14.49.58:005][726]LogModuleManager: Shutting down and abandoning module HeadMountedDisplay (194)
[2018.09.30-14.49.58:005][726]LogModuleManager: Shutting down and abandoning module XAudio2 (192)
[2018.09.30-14.49.58:005][726]LogModuleManager: Shutting down and abandoning module Networking (190)
[2018.09.30-14.49.58:006][726]LogModuleManager: Shutting down and abandoning module Core (188)
[2018.09.30-14.49.58:006][726]LogModuleManager: Shutting down and abandoning module LevelSequence (186)
[2018.09.30-14.49.58:006][726]LogModuleManager: Shutting down and abandoning module KismetCompiler (184)
[2018.09.30-14.49.58:006][726]LogModuleManager: Shutting down and abandoning module MeshUtilities (182)
[2018.09.30-14.49.58:018][726]LogModuleManager: Shutting down and abandoning module MeshMergeUtilities (181)
[2018.09.30-14.49.58:027][726]LogModuleManager: Shutting down and abandoning module MeshReductionInterface (180)
[2018.09.30-14.49.58:027][726]LogModuleManager: Shutting down and abandoning module SimplygonSwarm (179)
[2018.09.30-14.49.58:038][726]LogModuleManager: Shutting down and abandoning module ProxyLODMeshReduction (177)
[2018.09.30-14.49.58:062][726]LogModuleManager: Shutting down and abandoning module SimplygonMeshReduction (175)
[2018.09.30-14.49.58:062][726]LogModuleManager: Shutting down and abandoning module QuadricMeshReduction (173)
[2018.09.30-14.49.58:074][726]LogModuleManager: Shutting down and abandoning module MaterialBaking (169)
[2018.09.30-14.49.58:074][726]LogModuleManager: Shutting down and abandoning module DirectoryWatcher (165)
[2018.09.30-14.49.58:080][726]LogModuleManager: Shutting down and abandoning module DerivedDataCache (162)
[2018.09.30-14.49.58:172][726]LogDerivedDataCache: Shutdown
[2018.09.30-14.49.58:172][726]LogModuleManager: Shutting down and abandoning module XGEController (160)
[2018.09.30-14.49.58:172][726]LogXGEController: Cleaning working directory: C:/Users/krakp_000/AppData/Local/Temp/UnrealXGEWorkingDir/
[2018.09.30-14.49.58:173][726]LogModuleManager: Shutting down and abandoning module TargetPlatform (158)
[2018.09.30-14.49.58:173][726]LogModuleManager: Shutting down and abandoning module VulkanShaderFormat (157)
[2018.09.30-14.49.58:173][726]LogModuleManager: Shutting down and abandoning module ShaderFormatVectorVM (155)
[2018.09.30-14.49.58:174][726]LogModuleManager: Shutting down and abandoning module ShaderFormatOpenGL (153)
[2018.09.30-14.49.58:186][726]LogModuleManager: Shutting down and abandoning module ShaderFormatD3D (151)
[2018.09.30-14.49.58:187][726]LogModuleManager: Shutting down and abandoning module MetalShaderFormat (149)
[2018.09.30-14.49.58:199][726]LogModuleManager: Shutting down and abandoning module TextureFormatUncompressed (147)
[2018.09.30-14.49.58:199][726]LogModuleManager: Shutting down and abandoning module TextureFormatPVR (145)
[2018.09.30-14.49.58:199][726]LogModuleManager: Shutting down and abandoning module TextureFormatDXT (143)
[2018.09.30-14.49.58:199][726]LogModuleManager: Shutting down and abandoning module TextureFormatIntelISPCTexComp (141)
[2018.09.30-14.49.58:200][726]LogModuleManager: Shutting down and abandoning module TextureFormatASTC (139)
[2018.09.30-14.49.58:200][726]LogModuleManager: Shutting down and abandoning module ImageWrapper (138)
[2018.09.30-14.49.58:200][726]LogModuleManager: Shutting down and abandoning module TextureFormatAndroid (135)
[2018.09.30-14.49.58:200][726]LogModuleManager: Shutting down and abandoning module AudioFormatOpus (133)
[2018.09.30-14.49.58:200][726]LogModuleManager: Shutting down and abandoning module AudioFormatOgg (131)
[2018.09.30-14.49.58:200][726]LogModuleManager: Shutting down and abandoning module AudioFormatADPCM (129)
[2018.09.30-14.49.58:200][726]LogModuleManager: Shutting down and abandoning module LuminTargetPlatform (127)
[2018.09.30-14.49.58:200][726]LogModuleManager: Shutting down and abandoning module LinuxTargetPlatform (125)
[2018.09.30-14.49.58:200][726]LogModuleManager: Shutting down and abandoning module LinuxServerTargetPlatform (123)
[2018.09.30-14.49.58:200][726]LogModuleManager: Shutting down and abandoning module LinuxNoEditorTargetPlatform (121)
[2018.09.30-14.49.58:201][726]LogModuleManager: Shutting down and abandoning module LinuxClientTargetPlatform (119)
[2018.09.30-14.49.58:201][726]LogModuleManager: Shutting down and abandoning module TVOSTargetPlatform (117)
[2018.09.30-14.49.58:222][726]LogModuleManager: Shutting down and abandoning module Messaging (115)
[2018.09.30-14.49.58:222][726]LogModuleManager: Shutting down and abandoning module IOSTargetPlatform (113)
[2018.09.30-14.49.58:236][726]LogModuleManager: Shutting down and abandoning module HTML5TargetPlatform (111)
[2018.09.30-14.49.58:236][726]LogModuleManager: Shutting down and abandoning module AndroidTargetPlatform (109)
[2018.09.30-14.49.58:326][726]LogModuleManager: Shutting down and abandoning module WindowsTargetPlatform (107)
[2018.09.30-14.49.58:326][726]LogModuleManager: Shutting down and abandoning module WindowsServerTargetPlatform (105)
[2018.09.30-14.49.58:326][726]LogModuleManager: Shutting down and abandoning module WindowsNoEditorTargetPlatform (103)
[2018.09.30-14.49.58:326][726]LogModuleManager: Shutting down and abandoning module WindowsClientTargetPlatform (101)
[2018.09.30-14.49.58:326][726]LogModuleManager: Shutting down and abandoning module MacTargetPlatform (99)
[2018.09.30-14.49.58:326][726]LogModuleManager: Shutting down and abandoning module MacServerTargetPlatform (97)
[2018.09.30-14.49.58:326][726]LogModuleManager: Shutting down and abandoning module MacNoEditorTargetPlatform (95)
[2018.09.30-14.49.58:327][726]LogModuleManager: Shutting down and abandoning module MacClientTargetPlatform (93)
[2018.09.30-14.49.58:327][726]LogModuleManager: Shutting down and abandoning module AllDesktopTargetPlatform (91)
[2018.09.30-14.49.58:327][726]LogModuleManager: Shutting down and abandoning module InputCore (88)
[2018.09.30-14.49.58:327][726]LogModuleManager: Shutting down and abandoning module Settings (86)
[2018.09.30-14.49.58:327][726]LogModuleManager: Shutting down and abandoning module PhysXCooking (84)
[2018.09.30-14.49.58:327][726]LogModuleManager: Shutting down and abandoning module SteamVR (82)
[2018.09.30-14.49.58:327][726]LogModuleManager: Shutting down and abandoning module OculusHMD (80)
[2018.09.30-14.49.58:327][726]LogModuleManager: Shutting down and abandoning module ExampleDeviceProfileSelector (78)
[2018.09.30-14.49.58:327][726]LogModuleManager: Shutting down and abandoning module LauncherChunkInstaller (76)
[2018.09.30-14.49.58:327][726]LogModuleManager: Shutting down and abandoning module OnlineBlueprintSupport (74)
[2018.09.30-14.49.58:327][726]LogModuleManager: Shutting down and abandoning module OnlineSubsystem (70)
[2018.09.30-14.49.58:328][726]LogModuleManager: Shutting down and abandoning module XMPP (65)
[2018.09.30-14.49.58:337][726]LogModuleManager: Shutting down and abandoning module WebSockets (64)
[2018.09.30-14.49.58:412][726]LogModuleManager: Shutting down and abandoning module HTTP (61)
[2018.09.30-14.49.58:448][726]LogModuleManager: Shutting down and abandoning module SSL (60)
[2018.09.30-14.49.58:454][726]LogModuleManager: Shutting down and abandoning module MagicLeapEmulator (56)
[2018.09.30-14.49.58:454][726]LogModuleManager: Shutting down and abandoning module MagicLeapPrivileges (54)
[2018.09.30-14.49.58:454][726]LogModuleManager: Shutting down and abandoning module MagicLeapIdentity (52)
[2018.09.30-14.49.58:454][726]LogModuleManager: Shutting down and abandoning module MagicLeapHelperVulkan (50)
[2018.09.30-14.49.58:454][726]LogModuleManager: Shutting down and abandoning module MagicLeapHelperOpenGL (48)
[2018.09.30-14.49.58:455][726]LogModuleManager: Shutting down and abandoning module MagicLeapSecureStorage (46)
[2018.09.30-14.49.58:455][726]LogModuleManager: Shutting down and abandoning module MagicLeapGestures (44)
[2018.09.30-14.49.58:455][726]LogModuleManager: Shutting down and abandoning module MagicLeapEyeTracker (42)
[2018.09.30-14.49.58:455][726]LogModuleManager: Shutting down and abandoning module MagicLeapController (40)
[2018.09.30-14.49.58:456][726]LogSlate: Slate User Destroyed.  User Index 0, Is Virtual User: 0
[2018.09.30-14.49.58:457][726]LogModuleManager: Shutting down and abandoning module MagicLeap (38)
[2018.09.30-14.49.58:457][726]LogModuleManager: Shutting down and abandoning module AnimationModifiers (36)
[2018.09.30-14.49.58:470][726]LogModuleManager: Shutting down and abandoning module PropertyEditor (35)
[2018.09.30-14.49.58:470][726]LogModuleManager: Shutting down and abandoning module AudioEditor (32)
[2018.09.30-14.49.58:470][726]LogModuleManager: Shutting down and abandoning module TextureCompressor (30)
[2018.09.30-14.49.58:494][726]LogModuleManager: Shutting down and abandoning module ShaderCore (28)
[2018.09.30-14.49.58:494][726]LogModuleManager: Shutting down and abandoning module Landscape (26)
[2018.09.30-14.49.58:494][726]LogModuleManager: Shutting down and abandoning module SlateRHIRenderer (24)
[2018.09.30-14.49.58:515][726]LogModuleManager: Shutting down and abandoning module OpenGLDrv (22)
[2018.09.30-14.49.58:548][726]LogModuleManager: Shutting down and abandoning module D3D11RHI (20)
[2018.09.30-14.49.58:548][726]LogModuleManager: Shutting down and abandoning module AnimGraphRuntime (18)
[2018.09.30-14.49.58:548][726]LogModuleManager: Shutting down and abandoning module Renderer (16)
[2018.09.30-14.49.58:548][726]LogModuleManager: Shutting down and abandoning module Engine (14)
[2018.09.30-14.49.58:548][726]LogModuleManager: Shutting down and abandoning module CoreUObject (12)
[2018.09.30-14.49.58:548][726]LogModuleManager: Shutting down and abandoning module NetworkFile (10)
[2018.09.30-14.49.58:591][726]LogModuleManager: Shutting down and abandoning module CookedIterativeFile (8)
[2018.09.30-14.49.58:591][726]LogModuleManager: Shutting down and abandoning module StreamingFile (6)
[2018.09.30-14.49.58:602][726]LogModuleManager: Shutting down and abandoning module SandboxFile (4)
[2018.09.30-14.49.58:602][726]LogModuleManager: Shutting down and abandoning module PakFile (2)
[2018.09.30-14.49.58:634][726]LogExit: Exiting.
[2018.09.30-14.49.58:741][726]Log file closed, 09/30/18 10:49:58
